<!DOCTYPE html>
<html lang="en">

<head>
    <meta charset="UTF-8">
    <meta http-equiv="X-UA-Compatible" content="IE=edge">
    <meta name="viewport" content="width=device-width, initial-scale=1.0">
    <title>Document</title>

    <link href="https://unpkg.com/bootstrap@4.5.0/dist/css/bootstrap.min.css" rel="stylesheet"/>
    <link rel="stylesheet" href="https://unpkg.com/pev2/dist/style.css"/>
    <style>
        .splitpanes__splitter,
        .diagram .plan-diagram,
        .align-items-center,
        .plan-stats,
        .plan-diagram,
        .splitpanes > .splitpanes__pane:first-child {
            display: none !important;
        }

        .splitpanes > .splitpanes__pane:last-child {
            height: 80vh;
            width: 100% !important;
            /*border: black;*/
        }

        #app {
            position: relative;
        }

        .tools {
            position: absolute;
            z-index: 19899;
            bottom: 10px;
            left: 7%;
        }
    </style>
</head>

<body>
<div id="title" style="text-align: center; font-size: 18px;">SQL ID: <font color = mediumseagreen>1b.sql</font></div>
<div id="app">
    <pev2 :plan-source="plan" plan-query="" :key="index"/>
</div>
&nbsp;&nbsp;
<br>
<div class="tools">
    <button id="pre" style="border: 0">
        <img src="./imgs/arrow_left.png" width="15" height="15">
    </button>
    <button id="switch" style="background: #3CB371;color:white;
	            width: 200px;
	            height: 30px;
	            border:0;
	            font-size: 18px;
	            box-sizing: content-box;
                border-radius: 5px;
                margin-left: 10px;">Switch query or MV
    </button>
    <button id="next" style="margin-left: 10px;border: 0">
        <img src="./imgs/arrow_right.png" width="15" height="15">
    </button>
</div>
<script src="https://unpkg.com/vue@3.2.37/dist/vue.global.prod.js"></script>
<script src="https://unpkg.com/pev2/dist/pev2.umd.js"></script>
<script>
    const {createApp} = Vue
    const app = createApp({
        data() {
            return {
                index: 1,
                // 这个就应该是后端给你的数据,你看官网的文档plan和query都是干什么的
                plan: "Finalize Aggregate  (cost=50233.78..50233.79 rows=1 width=68)\n" +
                    "   ->  Gather  (cost=50233.55..50233.76 rows=2 width=68)\n" +
                    "         Workers Planned: 2\n" +
                    "         ->  Partial Aggregate  (cost=49233.55..49233.56 rows=1 width=68)\n" +
                    "               ->  Nested Loop  (cost=33917.48..49233.39 rows=22 width=45)\n" +
                    "                     ->  Parallel Hash Join  (cost=33917.05..49187.63 rows=78 width=32)\n" +
                    "                           Hash Cond: (mi_idx.movie_id = mc.movie_id)\n" +
                    "                           ->  Hash Join  (cost=2.43..15253.60 rows=5089 width=4)\n" +
                    "                                 Hash Cond: (mi_idx.info_type_id = it.id)\n" +
                    "                                 ->  Parallel Seq Scan on movie_info_idx mi_idx  (cost=0.00..13685.15 rows=575015 width=8)\n" +
                    "                                 ->  Hash  (cost=2.41..2.41 rows=1 width=4)\n" +
                    "                                       ->  Seq Scan on info_type it  (cost=0.00..2.41 rows=1 width=4)\n" +
                    "                                             Filter: ((info)::text = 'bottom 10 rank'::text)\n" +
                    "                           ->  Parallel Hash  (cost=33875.24..33875.24 rows=3151 width=28)\n" +
                    "                                 ->  Hash Join  (cost=18.93..33875.24 rows=3151 width=28)\n" +
                    "                                       Hash Cond: (mc.company_type_id = ct.id)\n" +
                    "                                       ->  Parallel Seq Scan on movie_companies mc  (cost=0.00..32379.21 rows=559366 width=32)\n" +
                    "                                             Filter: ((note)::text !~~ '%(as Metro-Goldwyn-Mayer Pictures)%'::text)\n" +
                    "                                       ->  Hash  (cost=18.88..18.88 rows=4 width=4)\n" +
                    "                                             ->  Seq Scan on company_type ct  (cost=0.00..18.88 rows=4 width=4)\n" +
                    "                                                   Filter: ((kind)::text = 'production companies'::text)\n" +
                    "                     ->  Index Scan using title_pkey on title t  (cost=0.43..0.59 rows=1 width=25)\n" +
                    "                           Index Cond: (id = mc.movie_id)\n" +
                    "                           Filter: ((production_year >= 2005) AND (production_year <= 2010))\n",
                query: "SELECT MIN(mc.note) AS production_note,\n" +
                    "       MIN(t.title) AS movie_title,\n" +
                    "       MIN(t.production_year) AS movie_year\n" +
                    "FROM company_type AS ct,\n" +
                    "     info_type AS it,\n" +
                    "     movie_companies AS mc,\n" +
                    "     movie_info_idx AS mi_idx,\n" +
                    "     title AS t\n" +
                    "WHERE ct.kind = 'production companies'\n" +
                    "  AND it.info = 'bottom 10 rank'\n" +
                    "  AND mc.note NOT LIKE '%(as Metro-Goldwyn-Mayer Pictures)%'\n" +
                    "  AND t.production_year BETWEEN 2005 AND 2010\n" +
                    "  AND ct.id = mc.company_type_id\n" +
                    "  AND t.id = mc.movie_id\n" +
                    "  AND t.id = mi_idx.movie_id\n" +
                    "  AND mc.movie_id = mi_idx.movie_id\n" +
                    "  AND it.id = mi_idx.info_type_id;\n"
            }
        },
        methods: {
            // 在这个事件函数里可以做你要处理的逻辑
            next() {
                alert(1)
                window.fetch('url/xx').then(res => res.json()).then(res => {
                    // res 就是数据
                    // vue赋值处理，一旦赋值，页面会自动呈现的
                    this.plan = res.xx
                    this.query = res.query
                })
            },
            pre() {
                alert(2)
                // window.fetch('url_current/xx').then(res => res.json()).then(res => {
                // res 就是数据
                // vue赋值处理，一旦赋值，页面会自动呈现的
                this.plan = "Seq Scan on foo  (cost=0.00..155.00 rows=10000 width=4)"
                this.index++
                // this.query1 = res.query
                // })
            }
        },
        mounted() {
            console.log('页面打开后自动发起请求')
            // ajax请求，假设这里你和后端不存在跨域，可以直接使用浏览器自带的请求来做就好了
            // window.fetch('url_current/xx').then(res => res.json()).then(res => {
            // res 就是数据
            // vue赋值处理，一旦赋值，页面会自动呈现的
            // this.plan = "Seq Scan on foo  (cost=0.00..155.00 rows=10000 width=4)"
            // this.query1 = res.query
            // })
        }
    })
    app.component("pev2", pev2.Plan)
    var ap = app.mount("#app")

    document.getElementById('next').addEventListener('click', function () {
        ap.next()
    })

    document.getElementById('pre').addEventListener('click', function () {
        ap.pre()
    })
</script>
</body>

</html>