{
  "Plan": {
    "Node Type": "Hash Join",
    "Parent Relationship": "Outer",
    "Parallel Aware": false,
    "Join Type": "Inner",
    "Startup Cost": 5935.17,
    "Total Cost": 57665.55,
    "Plan Rows": 2409,
    "Plan Width": 8,
    "Actual Startup Time": 35.638,
    "Actual Total Time": 679.75,
    "Actual Rows": 8790,
    "Actual Loops": 1,
    "Inner Unique": true,
    "Hash Cond": "(mc.company_id = cn.id)",
    "Plans": [
      {
        "Node Type": "Seq Scan",
        "Parent Relationship": "Outer",
        "Parallel Aware": false,
        "Relation Name": "movie_companies",
        "Alias": "mc",
        "Startup Cost": 0.0,
        "Total Cost": 44881.29,
        "Plan Rows": 2609129,
        "Plan Width": 12,
        "Actual Startup Time": 0.028,
        "Actual Total Time": 322.766,
        "Actual Rows": 2609129,
        "Actual Loops": 1
      },
      {
        "Node Type": "Hash",
        "Parent Relationship": "Inner",
        "Parallel Aware": false,
        "Startup Cost": 5932.46,
        "Total Cost": 5932.46,
        "Plan Rows": 217,
        "Plan Width": 4,
        "Actual Startup Time": 35.256,
        "Actual Total Time": 35.256,
        "Actual Rows": 1361,
        "Actual Loops": 1,
        "Hash Buckets": 2048,
        "Original Hash Buckets": 1024,
        "Hash Batches": 1,
        "Original Hash Batches": 1,
        "Peak Memory Usage": 64,
        "Plans": [
          {
            "Node Type": "Seq Scan",
            "Parent Relationship": "Outer",
            "Parallel Aware": false,
            "Relation Name": "company_name",
            "Alias": "cn",
            "Startup Cost": 0.0,
            "Total Cost": 5932.46,
            "Plan Rows": 217,
            "Plan Width": 4,
            "Actual Startup Time": 0.024,
            "Actual Total Time": 34.951,
            "Actual Rows": 1361,
            "Actual Loops": 1,
            "Filter": "((country_code)::text = '[ru]'::text)",
            "Rows Removed by Filter": 233636
          }
        ]
      }
    ]
  }
}