{
  "Plan": {
    "Node Type": "Nested Loop",
    "Parent Relationship": "Outer",
    "Parallel Aware": false,
    "Join Type": "Inner",
    "Startup Cost": 802981.22,
    "Total Cost": 865091.32,
    "Plan Rows": 516,
    "Plan Width": 56,
    "Actual Startup Time": 6759.652,
    "Actual Total Time": 9330.044,
    "Actual Rows": 173567,
    "Actual Loops": 1,
    "Inner Unique": true,
    "Join Filter": "(ci.movie_id = t.id)",
    "Rows Removed by Join Filter": 0,
    "Plans": [
      {
        "Node Type": "Nested Loop",
        "Parent Relationship": "Outer",
        "Parallel Aware": false,
        "Join Type": "Inner",
        "Startup Cost": 802980.79,
        "Total Cost": 864818.37,
        "Plan Rows": 516,
        "Plan Width": 47,
        "Actual Startup Time": 6759.6,
        "Actual Total Time": 8776.966,
        "Actual Rows": 173567,
        "Actual Loops": 1,
        "Inner Unique": true,
        "Plans": [
          {
            "Node Type": "Hash Join",
            "Parent Relationship": "Outer",
            "Parallel Aware": false,
            "Join Type": "Inner",
            "Startup Cost": 802980.37,
            "Total Cost": 864182.97,
            "Plan Rows": 1425,
            "Plan Width": 51,
            "Actual Startup Time": 6759.542,
            "Actual Total Time": 7865.728,
            "Actual Rows": 426400,
            "Actual Loops": 1,
            "Inner Unique": false,
            "Hash Cond": "(mc.movie_id = ci.movie_id)",
            "Plans": [
              {
                "Node Type": "Seq Scan",
                "Parent Relationship": "Outer",
                "Parallel Aware": false,
                "Relation Name": "movie_companies",
                "Alias": "mc",
                "Startup Cost": 0.0,
                "Total Cost": 44881.29,
                "Plan Rows": 2609129,
                "Plan Width": 8,
                "Actual Startup Time": 0.011,
                "Actual Total Time": 320.007,
                "Actual Rows": 2609129,
                "Actual Loops": 1
              },
              {
                "Node Type": "Hash",
                "Parent Relationship": "Inner",
                "Parallel Aware": false,
                "Startup Cost": 802973.74,
                "Total Cost": 802973.74,
                "Plan Rows": 530,
                "Plan Width": 43,
                "Actual Startup Time": 6758.879,
                "Actual Total Time": 6758.882,
                "Actual Rows": 255493,
                "Actual Loops": 1,
                "Hash Buckets": 65536,
                "Original Hash Buckets": 1024,
                "Hash Batches": 8,
                "Original Hash Batches": 1,
                "Peak Memory Usage": 3585,
                "Plans": [
                  {
                    "Node Type": "Nested Loop",
                    "Parent Relationship": "Outer",
                    "Parallel Aware": false,
                    "Join Type": "Inner",
                    "Startup Cost": 19.79,
                    "Total Cost": 802973.74,
                    "Plan Rows": 530,
                    "Plan Width": 43,
                    "Actual Startup Time": 980.108,
                    "Actual Total Time": 6677.113,
                    "Actual Rows": 255493,
                    "Actual Loops": 1,
                    "Inner Unique": true,
                    "Plans": [
                      {
                        "Node Type": "Nested Loop",
                        "Parent Relationship": "Outer",
                        "Parallel Aware": false,
                        "Join Type": "Inner",
                        "Startup Cost": 19.36,
                        "Total Cost": 802242.69,
                        "Plan Rows": 1093,
                        "Plan Width": 31,
                        "Actual Startup Time": 980.075,
                        "Actual Total Time": 5808.31,
                        "Actual Rows": 276005,
                        "Actual Loops": 1,
                        "Inner Unique": true,
                        "Plans": [
                          {
                            "Node Type": "Hash Join",
                            "Parent Relationship": "Outer",
                            "Parallel Aware": false,
                            "Join Type": "Inner",
                            "Startup Cost": 18.93,
                            "Total Cost": 798465.75,
                            "Plan Rows": 4851,
                            "Plan Width": 12,
                            "Actual Startup Time": 980.006,
                            "Actual Total Time": 5122.237,
                            "Actual Rows": 276166,
                            "Actual Loops": 1,
                            "Inner Unique": true,
                            "Hash Cond": "(ci.role_id = rt.id)",
                            "Plans": [
                              {
                                "Node Type": "Seq Scan",
                                "Parent Relationship": "Outer",
                                "Parallel Aware": false,
                                "Relation Name": "cast_info",
                                "Alias": "ci",
                                "Startup Cost": 0.0,
                                "Total Cost": 796172.88,
                                "Plan Rows": 861123,
                                "Plan Width": 16,
                                "Actual Startup Time": 0.019,
                                "Actual Total Time": 4977.231,
                                "Actual Rows": 867477,
                                "Actual Loops": 1,
                                "Filter": "((note)::text = ANY ('{(voice),\"(voice: Japanese version)\",\"(voice) (uncredited)\",\"(voice: English version)\"}'::text[]))",
                                "Rows Removed by Filter": 35376867
                              },
                              {
                                "Node Type": "Hash",
                                "Parent Relationship": "Inner",
                                "Parallel Aware": false,
                                "Startup Cost": 18.88,
                                "Total Cost": 18.88,
                                "Plan Rows": 4,
                                "Plan Width": 4,
                                "Actual Startup Time": 0.016,
                                "Actual Total Time": 0.017,
                                "Actual Rows": 1,
                                "Actual Loops": 1,
                                "Hash Buckets": 1024,
                                "Original Hash Buckets": 1024,
                                "Hash Batches": 1,
                                "Original Hash Batches": 1,
                                "Peak Memory Usage": 9,
                                "Plans": [
                                  {
                                    "Node Type": "Seq Scan",
                                    "Parent Relationship": "Outer",
                                    "Parallel Aware": false,
                                    "Relation Name": "role_type",
                                    "Alias": "rt",
                                    "Startup Cost": 0.0,
                                    "Total Cost": 18.88,
                                    "Plan Rows": 4,
                                    "Plan Width": 4,
                                    "Actual Startup Time": 0.009,
                                    "Actual Total Time": 0.011,
                                    "Actual Rows": 1,
                                    "Actual Loops": 1,
                                    "Filter": "((role)::text = 'actress'::text)",
                                    "Rows Removed by Filter": 11
                                  }
                                ]
                              }
                            ]
                          },
                          {
                            "Node Type": "Index Scan",
                            "Parent Relationship": "Inner",
                            "Parallel Aware": false,
                            "Scan Direction": "Forward",
                            "Index Name": "name_pkey",
                            "Relation Name": "name",
                            "Alias": "n",
                            "Startup Cost": 0.43,
                            "Total Cost": 0.78,
                            "Plan Rows": 1,
                            "Plan Width": 19,
                            "Actual Startup Time": 0.002,
                            "Actual Total Time": 0.002,
                            "Actual Rows": 1,
                            "Actual Loops": 276166,
                            "Index Cond": "(id = ci.person_id)",
                            "Rows Removed by Index Recheck": 0,
                            "Filter": "((gender)::text = 'f'::text)",
                            "Rows Removed by Filter": 0
                          }
                        ]
                      },
                      {
                        "Node Type": "Index Scan",
                        "Parent Relationship": "Inner",
                        "Parallel Aware": false,
                        "Scan Direction": "Forward",
                        "Index Name": "char_name_pkey",
                        "Relation Name": "char_name",
                        "Alias": "chn",
                        "Startup Cost": 0.43,
                        "Total Cost": 0.67,
                        "Plan Rows": 1,
                        "Plan Width": 20,
                        "Actual Startup Time": 0.003,
                        "Actual Total Time": 0.003,
                        "Actual Rows": 1,
                        "Actual Loops": 276005,
                        "Index Cond": "(id = ci.person_role_id)",
                        "Rows Removed by Index Recheck": 0
                      }
                    ]
                  }
                ]
              }
            ]
          },
          {
            "Node Type": "Index Scan",
            "Parent Relationship": "Inner",
            "Parallel Aware": false,
            "Scan Direction": "Forward",
            "Index Name": "company_name_pkey",
            "Relation Name": "company_name",
            "Alias": "cn",
            "Startup Cost": 0.42,
            "Total Cost": 0.45,
            "Plan Rows": 1,
            "Plan Width": 4,
            "Actual Startup Time": 0.002,
            "Actual Total Time": 0.002,
            "Actual Rows": 0,
            "Actual Loops": 426400,
            "Index Cond": "(id = mc.company_id)",
            "Rows Removed by Index Recheck": 0,
            "Filter": "((country_code)::text = '[us]'::text)",
            "Rows Removed by Filter": 1
          }
        ]
      },
      {
        "Node Type": "Index Scan",
        "Parent Relationship": "Inner",
        "Parallel Aware": false,
        "Scan Direction": "Forward",
        "Index Name": "title_pkey",
        "Relation Name": "title",
        "Alias": "t",
        "Startup Cost": 0.43,
        "Total Cost": 0.52,
        "Plan Rows": 1,
        "Plan Width": 21,
        "Actual Startup Time": 0.003,
        "Actual Total Time": 0.003,
        "Actual Rows": 1,
        "Actual Loops": 173567,
        "Index Cond": "(id = mc.movie_id)",
        "Rows Removed by Index Recheck": 0
      }
    ]
  }
}