{
  "Plan": {
    "Node Type": "Nested Loop",
    "Parent Relationship": "Outer",
    "Parallel Aware": false,
    "Join Type": "Inner",
    "Startup Cost": 734813.51,
    "Total Cost": 799659.39,
    "Plan Rows": 1,
    "Plan Width": 64,
    "Actual Startup Time": 4822.437,
    "Actual Total Time": 5118.02,
    "Actual Rows": 40,
    "Actual Loops": 1,
    "Inner Unique": true,
    "Plans": [
      {
        "Node Type": "Nested Loop",
        "Parent Relationship": "Outer",
        "Parallel Aware": false,
        "Join Type": "Inner",
        "Startup Cost": 734813.09,
        "Total Cost": 799658.81,
        "Plan Rows": 1,
        "Plan Width": 68,
        "Actual Startup Time": 4822.422,
        "Actual Total Time": 5117.85,
        "Actual Rows": 40,
        "Actual Loops": 1,
        "Inner Unique": true,
        "Plans": [
          {
            "Node Type": "Hash Join",
            "Parent Relationship": "Outer",
            "Parallel Aware": false,
            "Join Type": "Inner",
            "Startup Cost": 734812.66,
            "Total Cost": 799658.1,
            "Plan Rows": 1,
            "Plan Width": 56,
            "Actual Startup Time": 4630.674,
            "Actual Total Time": 5117.623,
            "Actual Rows": 41,
            "Actual Loops": 1,
            "Inner Unique": false,
            "Hash Cond": "(mc.movie_id = ci.movie_id)",
            "Plans": [
              {
                "Node Type": "Seq Scan",
                "Parent Relationship": "Outer",
                "Parallel Aware": false,
                "Relation Name": "movie_companies",
                "Alias": "mc",
                "Startup Cost": 0.0,
                "Total Cost": 64449.76,
                "Plan Rows": 105512,
                "Plan Width": 8,
                "Actual Startup Time": 0.025,
                "Actual Total Time": 493.077,
                "Actual Rows": 198519,
                "Actual Loops": 1,
                "Filter": "(((note)::text ~~ '%(200%)%'::text) AND (((note)::text ~~ '%(USA)%'::text) OR ((note)::text ~~ '%(worldwide)%'::text)))",
                "Rows Removed by Filter": 2410610
              },
              {
                "Node Type": "Hash",
                "Parent Relationship": "Inner",
                "Parallel Aware": false,
                "Startup Cost": 734812.65,
                "Total Cost": 734812.65,
                "Plan Rows": 1,
                "Plan Width": 60,
                "Actual Startup Time": 4605.649,
                "Actual Total Time": 4605.652,
                "Actual Rows": 65,
                "Actual Loops": 1,
                "Hash Buckets": 1024,
                "Original Hash Buckets": 1024,
                "Hash Batches": 1,
                "Original Hash Batches": 1,
                "Peak Memory Usage": 15,
                "Plans": [
                  {
                    "Node Type": "Nested Loop",
                    "Parent Relationship": "Outer",
                    "Parallel Aware": false,
                    "Join Type": "Inner",
                    "Startup Cost": 711022.91,
                    "Total Cost": 734812.65,
                    "Plan Rows": 1,
                    "Plan Width": 60,
                    "Actual Startup Time": 4400.368,
                    "Actual Total Time": 4605.599,
                    "Actual Rows": 65,
                    "Actual Loops": 1,
                    "Inner Unique": true,
                    "Plans": [
                      {
                        "Node Type": "Hash Join",
                        "Parent Relationship": "Outer",
                        "Parallel Aware": false,
                        "Join Type": "Inner",
                        "Startup Cost": 711022.48,
                        "Total Cost": 734811.95,
                        "Plan Rows": 1,
                        "Plan Width": 39,
                        "Actual Startup Time": 4393.022,
                        "Actual Total Time": 4603.617,
                        "Actual Rows": 265,
                        "Actual Loops": 1,
                        "Inner Unique": false,
                        "Hash Cond": "(an.person_id = n.id)",
                        "Plans": [
                          {
                            "Node Type": "Seq Scan",
                            "Parent Relationship": "Outer",
                            "Parallel Aware": false,
                            "Relation Name": "aka_name",
                            "Alias": "an",
                            "Startup Cost": 0.0,
                            "Total Cost": 20409.43,
                            "Plan Rows": 901343,
                            "Plan Width": 20,
                            "Actual Startup Time": 0.016,
                            "Actual Total Time": 116.361,
                            "Actual Rows": 901343,
                            "Actual Loops": 1
                          },
                          {
                            "Node Type": "Hash",
                            "Parent Relationship": "Inner",
                            "Parallel Aware": false,
                            "Startup Cost": 711022.46,
                            "Total Cost": 711022.46,
                            "Plan Rows": 1,
                            "Plan Width": 31,
                            "Actual Startup Time": 4388.733,
                            "Actual Total Time": 4388.735,
                            "Actual Rows": 453,
                            "Actual Loops": 1,
                            "Hash Buckets": 1024,
                            "Original Hash Buckets": 1024,
                            "Hash Batches": 1,
                            "Original Hash Batches": 1,
                            "Peak Memory Usage": 37,
                            "Plans": [
                              {
                                "Node Type": "Nested Loop",
                                "Parent Relationship": "Outer",
                                "Parallel Aware": false,
                                "Join Type": "Inner",
                                "Startup Cost": 19.36,
                                "Total Cost": 711022.46,
                                "Plan Rows": 1,
                                "Plan Width": 31,
                                "Actual Startup Time": 872.565,
                                "Actual Total Time": 4388.51,
                                "Actual Rows": 453,
                                "Actual Loops": 1,
                                "Inner Unique": true,
                                "Plans": [
                                  {
                                    "Node Type": "Hash Join",
                                    "Parent Relationship": "Outer",
                                    "Parallel Aware": false,
                                    "Join Type": "Inner",
                                    "Startup Cost": 18.93,
                                    "Total Cost": 707553.09,
                                    "Plan Rows": 4144,
                                    "Plan Width": 12,
                                    "Actual Startup Time": 840.899,
                                    "Actual Total Time": 3904.032,
                                    "Actual Rows": 222686,
                                    "Actual Loops": 1,
                                    "Inner Unique": true,
                                    "Hash Cond": "(ci.role_id = rt.id)",
                                    "Plans": [
                                      {
                                        "Node Type": "Seq Scan",
                                        "Parent Relationship": "Outer",
                                        "Parallel Aware": false,
                                        "Relation Name": "cast_info",
                                        "Alias": "ci",
                                        "Startup Cost": 0.0,
                                        "Total Cost": 705591.9,
                                        "Plan Rows": 735518,
                                        "Plan Width": 16,
                                        "Actual Startup Time": 0.018,
                                        "Actual Total Time": 3791.004,
                                        "Actual Rows": 713828,
                                        "Actual Loops": 1,
                                        "Filter": "((note)::text = '(voice)'::text)",
                                        "Rows Removed by Filter": 35530516
                                      },
                                      {
                                        "Node Type": "Hash",
                                        "Parent Relationship": "Inner",
                                        "Parallel Aware": false,
                                        "Startup Cost": 18.88,
                                        "Total Cost": 18.88,
                                        "Plan Rows": 4,
                                        "Plan Width": 4,
                                        "Actual Startup Time": 0.021,
                                        "Actual Total Time": 0.021,
                                        "Actual Rows": 1,
                                        "Actual Loops": 1,
                                        "Hash Buckets": 1024,
                                        "Original Hash Buckets": 1024,
                                        "Hash Batches": 1,
                                        "Original Hash Batches": 1,
                                        "Peak Memory Usage": 9,
                                        "Plans": [
                                          {
                                            "Node Type": "Seq Scan",
                                            "Parent Relationship": "Outer",
                                            "Parallel Aware": false,
                                            "Relation Name": "role_type",
                                            "Alias": "rt",
                                            "Startup Cost": 0.0,
                                            "Total Cost": 18.88,
                                            "Plan Rows": 4,
                                            "Plan Width": 4,
                                            "Actual Startup Time": 0.013,
                                            "Actual Total Time": 0.015,
                                            "Actual Rows": 1,
                                            "Actual Loops": 1,
                                            "Filter": "((role)::text = 'actress'::text)",
                                            "Rows Removed by Filter": 11
                                          }
                                        ]
                                      }
                                    ]
                                  },
                                  {
                                    "Node Type": "Index Scan",
                                    "Parent Relationship": "Inner",
                                    "Parallel Aware": false,
                                    "Scan Direction": "Forward",
                                    "Index Name": "name_pkey",
                                    "Relation Name": "name",
                                    "Alias": "n",
                                    "Startup Cost": 0.43,
                                    "Total Cost": 0.84,
                                    "Plan Rows": 1,
                                    "Plan Width": 19,
                                    "Actual Startup Time": 0.002,
                                    "Actual Total Time": 0.002,
                                    "Actual Rows": 0,
                                    "Actual Loops": 222686,
                                    "Index Cond": "(id = ci.person_id)",
                                    "Rows Removed by Index Recheck": 0,
                                    "Filter": "(((name)::text ~~ '%Angel%'::text) AND ((gender)::text = 'f'::text))",
                                    "Rows Removed by Filter": 1
                                  }
                                ]
                              }
                            ]
                          }
                        ]
                      },
                      {
                        "Node Type": "Index Scan",
                        "Parent Relationship": "Inner",
                        "Parallel Aware": false,
                        "Scan Direction": "Forward",
                        "Index Name": "title_pkey",
                        "Relation Name": "title",
                        "Alias": "t",
                        "Startup Cost": 0.43,
                        "Total Cost": 0.7,
                        "Plan Rows": 1,
                        "Plan Width": 21,
                        "Actual Startup Time": 0.007,
                        "Actual Total Time": 0.007,
                        "Actual Rows": 0,
                        "Actual Loops": 265,
                        "Index Cond": "(id = ci.movie_id)",
                        "Rows Removed by Index Recheck": 0,
                        "Filter": "((production_year >= 2007) AND (production_year <= 2010))",
                        "Rows Removed by Filter": 1
                      }
                    ]
                  }
                ]
              }
            ]
          },
          {
            "Node Type": "Index Scan",
            "Parent Relationship": "Inner",
            "Parallel Aware": false,
            "Scan Direction": "Forward",
            "Index Name": "char_name_pkey",
            "Relation Name": "char_name",
            "Alias": "chn",
            "Startup Cost": 0.43,
            "Total Cost": 0.71,
            "Plan Rows": 1,
            "Plan Width": 20,
            "Actual Startup Time": 0.004,
            "Actual Total Time": 0.004,
            "Actual Rows": 1,
            "Actual Loops": 41,
            "Index Cond": "(id = ci.person_role_id)",
            "Rows Removed by Index Recheck": 0
          }
        ]
      },
      {
        "Node Type": "Index Scan",
        "Parent Relationship": "Inner",
        "Parallel Aware": false,
        "Scan Direction": "Forward",
        "Index Name": "company_name_pkey",
        "Relation Name": "company_name",
        "Alias": "cn",
        "Startup Cost": 0.42,
        "Total Cost": 0.59,
        "Plan Rows": 1,
        "Plan Width": 4,
        "Actual Startup Time": 0.004,
        "Actual Total Time": 0.004,
        "Actual Rows": 1,
        "Actual Loops": 40,
        "Index Cond": "(id = mc.company_id)",
        "Rows Removed by Index Recheck": 0,
        "Filter": "((country_code)::text = '[us]'::text)",
        "Rows Removed by Filter": 0
      }
    ]
  }
}