{
  "Plan": {
    "Node Type": "Nested Loop",
    "Parent Relationship": "Outer",
    "Parallel Aware": false,
    "Join Type": "Inner",
    "Startup Cost": 19.79,
    "Total Cost": 802284.24,
    "Plan Rows": 21,
    "Plan Width": 43,
    "Actual Startup Time": 980.823,
    "Actual Total Time": 5798.58,
    "Actual Rows": 5686,
    "Actual Loops": 1,
    "Inner Unique": true,
    "Plans": [
      {
        "Node Type": "Nested Loop",
        "Parent Relationship": "Outer",
        "Parallel Aware": false,
        "Join Type": "Inner",
        "Startup Cost": 19.36,
        "Total Cost": 802254.81,
        "Plan Rows": 44,
        "Plan Width": 31,
        "Actual Startup Time": 980.778,
        "Actual Total Time": 5762.937,
        "Actual Rows": 6552,
        "Actual Loops": 1,
        "Inner Unique": true,
        "Plans": [
          {
            "Node Type": "Hash Join",
            "Parent Relationship": "Outer",
            "Parallel Aware": false,
            "Join Type": "Inner",
            "Startup Cost": 18.93,
            "Total Cost": 798465.75,
            "Plan Rows": 4851,
            "Plan Width": 12,
            "Actual Startup Time": 977.123,
            "Actual Total Time": 5152.064,
            "Actual Rows": 276166,
            "Actual Loops": 1,
            "Inner Unique": true,
            "Hash Cond": "(ci.role_id = rt.id)",
            "Plans": [
              {
                "Node Type": "Seq Scan",
                "Parent Relationship": "Outer",
                "Parallel Aware": false,
                "Relation Name": "cast_info",
                "Alias": "ci",
                "Startup Cost": 0.0,
                "Total Cost": 796172.88,
                "Plan Rows": 861123,
                "Plan Width": 16,
                "Actual Startup Time": 0.03,
                "Actual Total Time": 5010.943,
                "Actual Rows": 867477,
                "Actual Loops": 1,
                "Filter": "((note)::text = ANY ('{(voice),\"(voice: Japanese version)\",\"(voice) (uncredited)\",\"(voice: English version)\"}'::text[]))",
                "Rows Removed by Filter": 35376867
              },
              {
                "Node Type": "Hash",
                "Parent Relationship": "Inner",
                "Parallel Aware": false,
                "Startup Cost": 18.88,
                "Total Cost": 18.88,
                "Plan Rows": 4,
                "Plan Width": 4,
                "Actual Startup Time": 0.012,
                "Actual Total Time": 0.013,
                "Actual Rows": 1,
                "Actual Loops": 1,
                "Hash Buckets": 1024,
                "Original Hash Buckets": 1024,
                "Hash Batches": 1,
                "Original Hash Batches": 1,
                "Peak Memory Usage": 9,
                "Plans": [
                  {
                    "Node Type": "Seq Scan",
                    "Parent Relationship": "Outer",
                    "Parallel Aware": false,
                    "Relation Name": "role_type",
                    "Alias": "rt",
                    "Startup Cost": 0.0,
                    "Total Cost": 18.88,
                    "Plan Rows": 4,
                    "Plan Width": 4,
                    "Actual Startup Time": 0.005,
                    "Actual Total Time": 0.007,
                    "Actual Rows": 1,
                    "Actual Loops": 1,
                    "Filter": "((role)::text = 'actress'::text)",
                    "Rows Removed by Filter": 11
                  }
                ]
              }
            ]
          },
          {
            "Node Type": "Index Scan",
            "Parent Relationship": "Inner",
            "Parallel Aware": false,
            "Scan Direction": "Forward",
            "Index Name": "name_pkey",
            "Relation Name": "name",
            "Alias": "n",
            "Startup Cost": 0.43,
            "Total Cost": 0.78,
            "Plan Rows": 1,
            "Plan Width": 19,
            "Actual Startup Time": 0.002,
            "Actual Total Time": 0.002,
            "Actual Rows": 0,
            "Actual Loops": 276166,
            "Index Cond": "(id = ci.person_id)",
            "Rows Removed by Index Recheck": 0,
            "Filter": "(((name)::text ~~ '%An%'::text) AND ((gender)::text = 'f'::text))",
            "Rows Removed by Filter": 1
          }
        ]
      },
      {
        "Node Type": "Index Scan",
        "Parent Relationship": "Inner",
        "Parallel Aware": false,
        "Scan Direction": "Forward",
        "Index Name": "char_name_pkey",
        "Relation Name": "char_name",
        "Alias": "chn",
        "Startup Cost": 0.43,
        "Total Cost": 0.67,
        "Plan Rows": 1,
        "Plan Width": 20,
        "Actual Startup Time": 0.005,
        "Actual Total Time": 0.005,
        "Actual Rows": 1,
        "Actual Loops": 6552,
        "Index Cond": "(id = ci.person_role_id)",
        "Rows Removed by Index Recheck": 0
      }
    ]
  }
}