{
  "Plan": {
    "Node Type": "Hash Join",
    "Parent Relationship": "Outer",
    "Parallel Aware": false,
    "Join Type": "Inner",
    "Startup Cost": 342830.37,
    "Total Cost": 1102675.41,
    "Plan Rows": 469444,
    "Plan Width": 37,
    "Actual Startup Time": 4400.666,
    "Actual Total Time": 10284.516,
    "Actual Rows": 10,
    "Actual Loops": 1,
    "Inner Unique": false,
    "Hash Cond": "(ci.movie_id = t.id)",
    "Plans": [
      {
        "Node Type": "Hash Join",
        "Parent Relationship": "Outer",
        "Parallel Aware": false,
        "Join Type": "Inner",
        "Startup Cost": 125533.39,
        "Total Cost": 868331.03,
        "Plan Rows": 696688,
        "Plan Width": 20,
        "Actual Startup Time": 1589.923,
        "Actual Total Time": 7445.063,
        "Actual Rows": 15,
        "Actual Loops": 1,
        "Inner Unique": true,
        "Hash Cond": "(ci.person_role_id = chn.id)",
        "Plans": [
          {
            "Node Type": "Hash Join",
            "Parent Relationship": "Outer",
            "Parallel Aware": false,
            "Join Type": "Inner",
            "Startup Cost": 25.98,
            "Total Cost": 709414.51,
            "Plan Rows": 1437755,
            "Plan Width": 8,
            "Actual Startup Time": 291.528,
            "Actual Total Time": 5307.304,
            "Actual Rows": 1435439,
            "Actual Loops": 1,
            "Inner Unique": true,
            "Hash Cond": "(ci.role_id = rt.id)",
            "Plans": [
              {
                "Node Type": "Seq Scan",
                "Parent Relationship": "Outer",
                "Parallel Aware": false,
                "Relation Name": "cast_info",
                "Alias": "ci",
                "Startup Cost": 0.0,
                "Total Cost": 705591.9,
                "Plan Rows": 1437755,
                "Plan Width": 12,
                "Actual Startup Time": 291.493,
                "Actual Total Time": 4982.903,
                "Actual Rows": 1435439,
                "Actual Loops": 1,
                "Filter": "((note)::text ~~ '%(producer)%'::text)",
                "Rows Removed by Filter": 34808905
              },
              {
                "Node Type": "Hash",
                "Parent Relationship": "Inner",
                "Parallel Aware": false,
                "Startup Cost": 17.1,
                "Total Cost": 17.1,
                "Plan Rows": 710,
                "Plan Width": 4,
                "Actual Startup Time": 0.023,
                "Actual Total Time": 0.024,
                "Actual Rows": 12,
                "Actual Loops": 1,
                "Hash Buckets": 1024,
                "Original Hash Buckets": 1024,
                "Hash Batches": 1,
                "Original Hash Batches": 1,
                "Peak Memory Usage": 9,
                "Plans": [
                  {
                    "Node Type": "Seq Scan",
                    "Parent Relationship": "Outer",
                    "Parallel Aware": false,
                    "Relation Name": "role_type",
                    "Alias": "rt",
                    "Startup Cost": 0.0,
                    "Total Cost": 17.1,
                    "Plan Rows": 710,
                    "Plan Width": 4,
                    "Actual Startup Time": 0.01,
                    "Actual Total Time": 0.012,
                    "Actual Rows": 12,
                    "Actual Loops": 1
                  }
                ]
              }
            ]
          },
          {
            "Node Type": "Hash",
            "Parent Relationship": "Inner",
            "Parallel Aware": false,
            "Startup Cost": 67851.74,
            "Total Cost": 67851.74,
            "Plan Rows": 3140374,
            "Plan Width": 20,
            "Actual Startup Time": 1298.328,
            "Actual Total Time": 1298.329,
            "Actual Rows": 3140339,
            "Actual Loops": 1,
            "Hash Buckets": 65536,
            "Original Hash Buckets": 65536,
            "Hash Batches": 64,
            "Original Hash Batches": 64,
            "Peak Memory Usage": 3098,
            "Plans": [
              {
                "Node Type": "Seq Scan",
                "Parent Relationship": "Outer",
                "Parallel Aware": false,
                "Relation Name": "char_name",
                "Alias": "chn",
                "Startup Cost": 0.0,
                "Total Cost": 67851.74,
                "Plan Rows": 3140374,
                "Plan Width": 20,
                "Actual Startup Time": 0.033,
                "Actual Total Time": 675.519,
                "Actual Rows": 3140339,
                "Actual Loops": 1
              }
            ]
          }
        ]
      },
      {
        "Node Type": "Hash",
        "Parent Relationship": "Inner",
        "Parallel Aware": false,
        "Startup Cost": 204660.38,
        "Total Cost": 204660.38,
        "Plan Rows": 653488,
        "Plan Width": 29,
        "Actual Startup Time": 2810.653,
        "Actual Total Time": 2810.655,
        "Actual Rows": 596250,
        "Actual Loops": 1,
        "Hash Buckets": 65536,
        "Original Hash Buckets": 65536,
        "Hash Batches": 16,
        "Original Hash Batches": 16,
        "Peak Memory Usage": 2873,
        "Plans": [
          {
            "Node Type": "Hash Join",
            "Parent Relationship": "Outer",
            "Parallel Aware": false,
            "Join Type": "Inner",
            "Startup Cost": 107008.94,
            "Total Cost": 204660.38,
            "Plan Rows": 653488,
            "Plan Width": 29,
            "Actual Startup Time": 965.761,
            "Actual Total Time": 2686.577,
            "Actual Rows": 596250,
            "Actual Loops": 1,
            "Inner Unique": true,
            "Hash Cond": "(mc.movie_id = t.id)",
            "Plans": [
              {
                "Node Type": "Hash Join",
                "Parent Relationship": "Outer",
                "Parallel Aware": false,
                "Join Type": "Inner",
                "Startup Cost": 7330.0,
                "Total Cost": 84873.38,
                "Plan Rows": 945549,
                "Plan Width": 8,
                "Actual Startup Time": 52.378,
                "Actual Total Time": 1164.647,
                "Actual Rows": 1153798,
                "Actual Loops": 1,
                "Inner Unique": true,
                "Hash Cond": "(mc.company_id = cn.id)",
                "Plans": [
                  {
                    "Node Type": "Seq Scan",
                    "Parent Relationship": "Outer",
                    "Parallel Aware": false,
                    "Relation Name": "movie_companies",
                    "Alias": "mc",
                    "Startup Cost": 0.0,
                    "Total Cost": 44881.29,
                    "Plan Rows": 2609129,
                    "Plan Width": 12,
                    "Actual Startup Time": 0.02,
                    "Actual Total Time": 463.444,
                    "Actual Rows": 2609129,
                    "Actual Loops": 1
                  },
                  {
                    "Node Type": "Hash",
                    "Parent Relationship": "Inner",
                    "Parallel Aware": false,
                    "Startup Cost": 5932.46,
                    "Total Cost": 5932.46,
                    "Plan Rows": 85163,
                    "Plan Width": 4,
                    "Actual Startup Time": 52.18,
                    "Actual Total Time": 52.18,
                    "Actual Rows": 84843,
                    "Actual Loops": 1,
                    "Hash Buckets": 131072,
                    "Original Hash Buckets": 131072,
                    "Hash Batches": 2,
                    "Original Hash Batches": 2,
                    "Peak Memory Usage": 2525,
                    "Plans": [
                      {
                        "Node Type": "Seq Scan",
                        "Parent Relationship": "Outer",
                        "Parallel Aware": false,
                        "Relation Name": "company_name",
                        "Alias": "cn",
                        "Startup Cost": 0.0,
                        "Total Cost": 5932.46,
                        "Plan Rows": 85163,
                        "Plan Width": 4,
                        "Actual Startup Time": 0.008,
                        "Actual Total Time": 36.968,
                        "Actual Rows": 84843,
                        "Actual Loops": 1,
                        "Filter": "((country_code)::text = '[us]'::text)",
                        "Rows Removed by Filter": 150154
                      }
                    ]
                  }
                ]
              },
              {
                "Node Type": "Hash",
                "Parent Relationship": "Inner",
                "Parallel Aware": false,
                "Startup Cost": 67600.09,
                "Total Cost": 67600.09,
                "Plan Rows": 1747268,
                "Plan Width": 21,
                "Actual Startup Time": 912.785,
                "Actual Total Time": 912.786,
                "Actual Rows": 1749032,
                "Actual Loops": 1,
                "Hash Buckets": 65536,
                "Original Hash Buckets": 65536,
                "Hash Batches": 32,
                "Original Hash Batches": 32,
                "Peak Memory Usage": 3446,
                "Plans": [
                  {
                    "Node Type": "Seq Scan",
                    "Parent Relationship": "Outer",
                    "Parallel Aware": false,
                    "Relation Name": "title",
                    "Alias": "t",
                    "Startup Cost": 0.0,
                    "Total Cost": 67600.09,
                    "Plan Rows": 1747268,
                    "Plan Width": 21,
                    "Actual Startup Time": 0.03,
                    "Actual Total Time": 568.9,
                    "Actual Rows": 1749032,
                    "Actual Loops": 1,
                    "Filter": "(production_year > 1990)",
                    "Rows Removed by Filter": 779280
                  }
                ]
              }
            ]
          }
        ]
      }
    ]
  }
}