{
  "Plan": {
    "Node Type": "Nested Loop",
    "Parent Relationship": "Outer",
    "Parallel Aware": false,
    "Join Type": "Inner",
    "Startup Cost": 2663.95,
    "Total Cost": 133116.62,
    "Plan Rows": 1,
    "Plan Width": 98,
    "Actual Startup Time": 1150.751,
    "Actual Total Time": 137027.484,
    "Actual Rows": 962,
    "Actual Loops": 1,
    "Inner Unique": false,
    "Join Filter": "(mc.movie_id = ml.movie_id)",
    "Rows Removed by Join Filter": 237590710,
    "Plans": [
      {
        "Node Type": "Nested Loop",
        "Parent Relationship": "Outer",
        "Parallel Aware": false,
        "Join Type": "Inner",
        "Startup Cost": 2645.02,
        "Total Cost": 84777.7,
        "Plan Rows": 1,
        "Plan Width": 90,
        "Actual Startup Time": 1001.013,
        "Actual Total Time": 4202.151,
        "Actual Rows": 199,
        "Actual Loops": 1,
        "Inner Unique": false,
        "Join Filter": "(mk.movie_id = ml.movie_id)",
        "Rows Removed by Join Filter": 24409161,
        "Plans": [
          {
            "Node Type": "Hash Join",
            "Parent Relationship": "Outer",
            "Parallel Aware": false,
            "Join Type": "Inner",
            "Startup Cost": 18.89,
            "Total Cost": 561.07,
            "Plan Rows": 42,
            "Plan Width": 86,
            "Actual Startup Time": 0.093,
            "Actual Total Time": 9.494,
            "Actual Rows": 2315,
            "Actual Loops": 1,
            "Inner Unique": true,
            "Hash Cond": "(ml.link_type_id = lt.id)",
            "Plans": [
              {
                "Node Type": "Seq Scan",
                "Parent Relationship": "Outer",
                "Parallel Aware": false,
                "Relation Name": "movie_link",
                "Alias": "ml",
                "Startup Cost": 0.0,
                "Total Cost": 462.97,
                "Plan Rows": 29997,
                "Plan Width": 8,
                "Actual Startup Time": 0.026,
                "Actual Total Time": 4.777,
                "Actual Rows": 29997,
                "Actual Loops": 1
              },
              {
                "Node Type": "Hash",
                "Parent Relationship": "Inner",
                "Parallel Aware": false,
                "Startup Cost": 18.88,
                "Total Cost": 18.88,
                "Plan Rows": 1,
                "Plan Width": 86,
                "Actual Startup Time": 0.037,
                "Actual Total Time": 0.037,
                "Actual Rows": 2,
                "Actual Loops": 1,
                "Hash Buckets": 1024,
                "Original Hash Buckets": 1024,
                "Hash Batches": 1,
                "Original Hash Batches": 1,
                "Peak Memory Usage": 9,
                "Plans": [
                  {
                    "Node Type": "Seq Scan",
                    "Parent Relationship": "Outer",
                    "Parallel Aware": false,
                    "Relation Name": "link_type",
                    "Alias": "lt",
                    "Startup Cost": 0.0,
                    "Total Cost": 18.88,
                    "Plan Rows": 1,
                    "Plan Width": 86,
                    "Actual Startup Time": 0.023,
                    "Actual Total Time": 0.027,
                    "Actual Rows": 2,
                    "Actual Loops": 1,
                    "Filter": "((link)::text ~~ '%follow%'::text)",
                    "Rows Removed by Filter": 16
                  }
                ]
              }
            ]
          },
          {
            "Node Type": "Materialize",
            "Parent Relationship": "Inner",
            "Parallel Aware": false,
            "Startup Cost": 2626.14,
            "Total Cost": 84195.3,
            "Plan Rows": 34,
            "Plan Width": 4,
            "Actual Startup Time": 0.007,
            "Actual Total Time": 0.984,
            "Actual Rows": 10544,
            "Actual Loops": 2315,
            "Plans": [
              {
                "Node Type": "Hash Join",
                "Parent Relationship": "Outer",
                "Parallel Aware": false,
                "Join Type": "Inner",
                "Startup Cost": 2626.14,
                "Total Cost": 84195.13,
                "Plan Rows": 34,
                "Plan Width": 4,
                "Actual Startup Time": 15.802,
                "Actual Total Time": 965.758,
                "Actual Rows": 10544,
                "Actual Loops": 1,
                "Inner Unique": true,
                "Hash Cond": "(mk.keyword_id = k.id)",
                "Plans": [
                  {
                    "Node Type": "Seq Scan",
                    "Parent Relationship": "Outer",
                    "Parallel Aware": false,
                    "Relation Name": "movie_keyword",
                    "Alias": "mk",
                    "Startup Cost": 0.0,
                    "Total Cost": 69693.3,
                    "Plan Rows": 4523930,
                    "Plan Width": 8,
                    "Actual Startup Time": 0.019,
                    "Actual Total Time": 457.997,
                    "Actual Rows": 4523930,
                    "Actual Loops": 1
                  },
                  {
                    "Node Type": "Hash",
                    "Parent Relationship": "Inner",
                    "Parallel Aware": false,
                    "Startup Cost": 2626.12,
                    "Total Cost": 2626.12,
                    "Plan Rows": 1,
                    "Plan Width": 4,
                    "Actual Startup Time": 15.641,
                    "Actual Total Time": 15.642,
                    "Actual Rows": 1,
                    "Actual Loops": 1,
                    "Hash Buckets": 1024,
                    "Original Hash Buckets": 1024,
                    "Hash Batches": 1,
                    "Original Hash Batches": 1,
                    "Peak Memory Usage": 9,
                    "Plans": [
                      {
                        "Node Type": "Seq Scan",
                        "Parent Relationship": "Outer",
                        "Parallel Aware": false,
                        "Relation Name": "keyword",
                        "Alias": "k",
                        "Startup Cost": 0.0,
                        "Total Cost": 2626.12,
                        "Plan Rows": 1,
                        "Plan Width": 4,
                        "Actual Startup Time": 0.916,
                        "Actual Total Time": 15.635,
                        "Actual Rows": 1,
                        "Actual Loops": 1,
                        "Filter": "((keyword)::text = 'sequel'::text)",
                        "Rows Removed by Filter": 134169
                      }
                    ]
                  }
                ]
              }
            ]
          }
        ]
      },
      {
        "Node Type": "Hash Join",
        "Parent Relationship": "Inner",
        "Parallel Aware": false,
        "Join Type": "Inner",
        "Startup Cost": 18.93,
        "Total Cost": 48249.59,
        "Plan Rows": 7146,
        "Plan Width": 8,
        "Actual Startup Time": 143.088,
        "Actual Total Time": 580.509,
        "Actual Rows": 1193928,
        "Actual Loops": 199,
        "Inner Unique": true,
        "Hash Cond": "(mc.company_type_id = ct.id)",
        "Plans": [
          {
            "Node Type": "Seq Scan",
            "Parent Relationship": "Outer",
            "Parallel Aware": false,
            "Relation Name": "movie_companies",
            "Alias": "mc",
            "Startup Cost": 0.0,
            "Total Cost": 44881.29,
            "Plan Rows": 1268385,
            "Plan Width": 12,
            "Actual Startup Time": 0.017,
            "Actual Total Time": 324.608,
            "Actual Rows": 1271989,
            "Actual Loops": 199,
            "Filter": "(note IS NULL)",
            "Rows Removed by Filter": 1337140
          },
          {
            "Node Type": "Hash",
            "Parent Relationship": "Inner",
            "Parallel Aware": false,
            "Startup Cost": 18.88,
            "Total Cost": 18.88,
            "Plan Rows": 4,
            "Plan Width": 4,
            "Actual Startup Time": 0.012,
            "Actual Total Time": 0.012,
            "Actual Rows": 1,
            "Actual Loops": 1,
            "Hash Buckets": 1024,
            "Original Hash Buckets": 1024,
            "Hash Batches": 1,
            "Original Hash Batches": 1,
            "Peak Memory Usage": 9,
            "Plans": [
              {
                "Node Type": "Seq Scan",
                "Parent Relationship": "Outer",
                "Parallel Aware": false,
                "Relation Name": "company_type",
                "Alias": "ct",
                "Startup Cost": 0.0,
                "Total Cost": 18.88,
                "Plan Rows": 4,
                "Plan Width": 4,
                "Actual Startup Time": 0.007,
                "Actual Total Time": 0.009,
                "Actual Rows": 1,
                "Actual Loops": 1,
                "Filter": "((kind)::text = 'production companies'::text)",
                "Rows Removed by Filter": 3
              }
            ]
          }
        ]
      }
    ]
  }
}