{
  "Plan": {
    "Node Type": "Hash Join",
    "Parent Relationship": "Outer",
    "Parallel Aware": false,
    "Join Type": "Inner",
    "Startup Cost": 3631.81,
    "Total Cost": 85273.2,
    "Plan Rows": 31,
    "Plan Width": 12,
    "Actual Startup Time": 33.584,
    "Actual Total Time": 998.068,
    "Actual Rows": 1460,
    "Actual Loops": 1,
    "Inner Unique": false,
    "Hash Cond": "(mk.movie_id = ml.movie_id)",
    "Plans": [
      {
        "Node Type": "Hash Join",
        "Parent Relationship": "Outer",
        "Parallel Aware": false,
        "Join Type": "Inner",
        "Startup Cost": 2793.88,
        "Total Cost": 84362.87,
        "Plan Rows": 101,
        "Plan Width": 4,
        "Actual Startup Time": 23.197,
        "Actual Total Time": 979.349,
        "Actual Rows": 47403,
        "Actual Loops": 1,
        "Inner Unique": true,
        "Hash Cond": "(mk.keyword_id = k.id)",
        "Plans": [
          {
            "Node Type": "Seq Scan",
            "Parent Relationship": "Outer",
            "Parallel Aware": false,
            "Relation Name": "movie_keyword",
            "Alias": "mk",
            "Startup Cost": 0.0,
            "Total Cost": 69693.3,
            "Plan Rows": 4523930,
            "Plan Width": 8,
            "Actual Startup Time": 0.021,
            "Actual Total Time": 457.062,
            "Actual Rows": 4523930,
            "Actual Loops": 1
          },
          {
            "Node Type": "Hash",
            "Parent Relationship": "Inner",
            "Parallel Aware": false,
            "Startup Cost": 2793.84,
            "Total Cost": 2793.84,
            "Plan Rows": 3,
            "Plan Width": 4,
            "Actual Startup Time": 23.07,
            "Actual Total Time": 23.07,
            "Actual Rows": 3,
            "Actual Loops": 1,
            "Hash Buckets": 1024,
            "Original Hash Buckets": 1024,
            "Hash Batches": 1,
            "Original Hash Batches": 1,
            "Peak Memory Usage": 9,
            "Plans": [
              {
                "Node Type": "Seq Scan",
                "Parent Relationship": "Outer",
                "Parallel Aware": false,
                "Relation Name": "keyword",
                "Alias": "k",
                "Startup Cost": 0.0,
                "Total Cost": 2793.84,
                "Plan Rows": 3,
                "Plan Width": 4,
                "Actual Startup Time": 0.896,
                "Actual Total Time": 23.063,
                "Actual Rows": 3,
                "Actual Loops": 1,
                "Filter": "((keyword)::text = ANY ('{sequel,revenge,based-on-novel}'::text[]))",
                "Rows Removed by Filter": 134167
              }
            ]
          }
        ]
      },
      {
        "Node Type": "Hash",
        "Parent Relationship": "Inner",
        "Parallel Aware": false,
        "Startup Cost": 462.97,
        "Total Cost": 462.97,
        "Plan Rows": 29997,
        "Plan Width": 8,
        "Actual Startup Time": 10.346,
        "Actual Total Time": 10.346,
        "Actual Rows": 29997,
        "Actual Loops": 1,
        "Hash Buckets": 32768,
        "Original Hash Buckets": 32768,
        "Hash Batches": 1,
        "Original Hash Batches": 1,
        "Peak Memory Usage": 1428,
        "Plans": [
          {
            "Node Type": "Seq Scan",
            "Parent Relationship": "Outer",
            "Parallel Aware": false,
            "Relation Name": "movie_link",
            "Alias": "ml",
            "Startup Cost": 0.0,
            "Total Cost": 462.97,
            "Plan Rows": 29997,
            "Plan Width": 8,
            "Actual Startup Time": 0.009,
            "Actual Total Time": 5.228,
            "Actual Rows": 29997,
            "Actual Loops": 1
          }
        ]
      }
    ]
  }
}