{
  "Plan": {
    "Node Type": "Nested Loop",
    "Parent Relationship": "Outer",
    "Parallel Aware": false,
    "Join Type": "Inner",
    "Startup Cost": 3632.39,
    "Total Cost": 85293.51,
    "Plan Rows": 28,
    "Plan Width": 29,
    "Actual Startup Time": 33.64,
    "Actual Total Time": 1004.402,
    "Actual Rows": 1460,
    "Actual Loops": 1,
    "Inner Unique": true,
    "Plans": [
      {
        "Node Type": "Nested Loop",
        "Parent Relationship": "Outer",
        "Parallel Aware": false,
        "Join Type": "Inner",
        "Startup Cost": 3632.24,
        "Total Cost": 85288.77,
        "Plan Rows": 28,
        "Plan Width": 33,
        "Actual Startup Time": 33.619,
        "Actual Total Time": 1002.715,
        "Actual Rows": 1460,
        "Actual Loops": 1,
        "Inner Unique": true,
        "Join Filter": "(ml.movie_id = t.id)",
        "Rows Removed by Join Filter": 0,
        "Plans": [
          {
            "Node Type": "Hash Join",
            "Parent Relationship": "Outer",
            "Parallel Aware": false,
            "Join Type": "Inner",
            "Startup Cost": 3631.81,
            "Total Cost": 85273.2,
            "Plan Rows": 31,
            "Plan Width": 12,
            "Actual Startup Time": 33.584,
            "Actual Total Time": 998.068,
            "Actual Rows": 1460,
            "Actual Loops": 1,
            "Inner Unique": false,
            "Hash Cond": "(mk.movie_id = ml.movie_id)",
            "Plans": [
              {
                "Node Type": "Hash Join",
                "Parent Relationship": "Outer",
                "Parallel Aware": false,
                "Join Type": "Inner",
                "Startup Cost": 2793.88,
                "Total Cost": 84362.87,
                "Plan Rows": 101,
                "Plan Width": 4,
                "Actual Startup Time": 23.197,
                "Actual Total Time": 979.349,
                "Actual Rows": 47403,
                "Actual Loops": 1,
                "Inner Unique": true,
                "Hash Cond": "(mk.keyword_id = k.id)",
                "Plans": [
                  {
                    "Node Type": "Seq Scan",
                    "Parent Relationship": "Outer",
                    "Parallel Aware": false,
                    "Relation Name": "movie_keyword",
                    "Alias": "mk",
                    "Startup Cost": 0.0,
                    "Total Cost": 69693.3,
                    "Plan Rows": 4523930,
                    "Plan Width": 8,
                    "Actual Startup Time": 0.021,
                    "Actual Total Time": 457.062,
                    "Actual Rows": 4523930,
                    "Actual Loops": 1
                  },
                  {
                    "Node Type": "Hash",
                    "Parent Relationship": "Inner",
                    "Parallel Aware": false,
                    "Startup Cost": 2793.84,
                    "Total Cost": 2793.84,
                    "Plan Rows": 3,
                    "Plan Width": 4,
                    "Actual Startup Time": 23.07,
                    "Actual Total Time": 23.07,
                    "Actual Rows": 3,
                    "Actual Loops": 1,
                    "Hash Buckets": 1024,
                    "Original Hash Buckets": 1024,
                    "Hash Batches": 1,
                    "Original Hash Batches": 1,
                    "Peak Memory Usage": 9,
                    "Plans": [
                      {
                        "Node Type": "Seq Scan",
                        "Parent Relationship": "Outer",
                        "Parallel Aware": false,
                        "Relation Name": "keyword",
                        "Alias": "k",
                        "Startup Cost": 0.0,
                        "Total Cost": 2793.84,
                        "Plan Rows": 3,
                        "Plan Width": 4,
                        "Actual Startup Time": 0.896,
                        "Actual Total Time": 23.063,
                        "Actual Rows": 3,
                        "Actual Loops": 1,
                        "Filter": "((keyword)::text = ANY ('{sequel,revenge,based-on-novel}'::text[]))",
                        "Rows Removed by Filter": 134167
                      }
                    ]
                  }
                ]
              },
              {
                "Node Type": "Hash",
                "Parent Relationship": "Inner",
                "Parallel Aware": false,
                "Startup Cost": 462.97,
                "Total Cost": 462.97,
                "Plan Rows": 29997,
                "Plan Width": 8,
                "Actual Startup Time": 10.346,
                "Actual Total Time": 10.346,
                "Actual Rows": 29997,
                "Actual Loops": 1,
                "Hash Buckets": 32768,
                "Original Hash Buckets": 32768,
                "Hash Batches": 1,
                "Original Hash Batches": 1,
                "Peak Memory Usage": 1428,
                "Plans": [
                  {
                    "Node Type": "Seq Scan",
                    "Parent Relationship": "Outer",
                    "Parallel Aware": false,
                    "Relation Name": "movie_link",
                    "Alias": "ml",
                    "Startup Cost": 0.0,
                    "Total Cost": 462.97,
                    "Plan Rows": 29997,
                    "Plan Width": 8,
                    "Actual Startup Time": 0.009,
                    "Actual Total Time": 5.228,
                    "Actual Rows": 29997,
                    "Actual Loops": 1
                  }
                ]
              }
            ]
          },
          {
            "Node Type": "Index Scan",
            "Parent Relationship": "Inner",
            "Parallel Aware": false,
            "Scan Direction": "Forward",
            "Index Name": "title_pkey",
            "Relation Name": "title",
            "Alias": "t",
            "Startup Cost": 0.43,
            "Total Cost": 0.49,
            "Plan Rows": 1,
            "Plan Width": 21,
            "Actual Startup Time": 0.003,
            "Actual Total Time": 0.003,
            "Actual Rows": 1,
            "Actual Loops": 1460,
            "Index Cond": "(id = mk.movie_id)",
            "Rows Removed by Index Recheck": 0,
            "Filter": "(production_year > 1950)",
            "Rows Removed by Filter": 0
          }
        ]
      },
      {
        "Node Type": "Index Only Scan",
        "Parent Relationship": "Inner",
        "Parallel Aware": false,
        "Scan Direction": "Forward",
        "Index Name": "link_type_pkey",
        "Relation Name": "link_type",
        "Alias": "lt",
        "Startup Cost": 0.15,
        "Total Cost": 0.17,
        "Plan Rows": 1,
        "Plan Width": 4,
        "Actual Startup Time": 0.001,
        "Actual Total Time": 0.001,
        "Actual Rows": 1,
        "Actual Loops": 1460,
        "Index Cond": "(id = ml.link_type_id)",
        "Rows Removed by Index Recheck": 0,
        "Heap Fetches": 1460
      }
    ]
  }
}