{
  "Plan": {
    "Node Type": "Nested Loop",
    "Parent Relationship": "Outer",
    "Parallel Aware": false,
    "Join Type": "Inner",
    "Startup Cost": 84195.98,
    "Total Cost": 138939.95,
    "Plan Rows": 7,
    "Plan Width": 8,
    "Actual Startup Time": 979.879,
    "Actual Total Time": 2052.487,
    "Actual Rows": 7834,
    "Actual Loops": 1,
    "Inner Unique": true,
    "Plans": [
      {
        "Node Type": "Hash Join",
        "Parent Relationship": "Outer",
        "Parallel Aware": false,
        "Join Type": "Inner",
        "Startup Cost": 84195.56,
        "Total Cost": 138862.81,
        "Plan Rows": 173,
        "Plan Width": 12,
        "Actual Startup Time": 978.751,
        "Actual Total Time": 1704.606,
        "Actual Rows": 148552,
        "Actual Loops": 1,
        "Inner Unique": false,
        "Hash Cond": "(mc.movie_id = mk.movie_id)",
        "Plans": [
          {
            "Node Type": "Seq Scan",
            "Parent Relationship": "Outer",
            "Parallel Aware": false,
            "Relation Name": "movie_companies",
            "Alias": "mc",
            "Startup Cost": 0.0,
            "Total Cost": 44881.29,
            "Plan Rows": 2609129,
            "Plan Width": 8,
            "Actual Startup Time": 0.015,
            "Actual Total Time": 325.629,
            "Actual Rows": 2609129,
            "Actual Loops": 1
          },
          {
            "Node Type": "Hash",
            "Parent Relationship": "Inner",
            "Parallel Aware": false,
            "Startup Cost": 84195.13,
            "Total Cost": 84195.13,
            "Plan Rows": 34,
            "Plan Width": 4,
            "Actual Startup Time": 978.711,
            "Actual Total Time": 978.712,
            "Actual Rows": 41840,
            "Actual Loops": 1,
            "Hash Buckets": 65536,
            "Original Hash Buckets": 1024,
            "Hash Batches": 1,
            "Original Hash Batches": 1,
            "Peak Memory Usage": 1983,
            "Plans": [
              {
                "Node Type": "Hash Join",
                "Parent Relationship": "Outer",
                "Parallel Aware": false,
                "Join Type": "Inner",
                "Startup Cost": 2626.14,
                "Total Cost": 84195.13,
                "Plan Rows": 34,
                "Plan Width": 4,
                "Actual Startup Time": 12.756,
                "Actual Total Time": 971.097,
                "Actual Rows": 41840,
                "Actual Loops": 1,
                "Inner Unique": true,
                "Hash Cond": "(mk.keyword_id = k.id)",
                "Plans": [
                  {
                    "Node Type": "Seq Scan",
                    "Parent Relationship": "Outer",
                    "Parallel Aware": false,
                    "Relation Name": "movie_keyword",
                    "Alias": "mk",
                    "Startup Cost": 0.0,
                    "Total Cost": 69693.3,
                    "Plan Rows": 4523930,
                    "Plan Width": 8,
                    "Actual Startup Time": 0.027,
                    "Actual Total Time": 462.024,
                    "Actual Rows": 4523930,
                    "Actual Loops": 1
                  },
                  {
                    "Node Type": "Hash",
                    "Parent Relationship": "Inner",
                    "Parallel Aware": false,
                    "Startup Cost": 2626.12,
                    "Total Cost": 2626.12,
                    "Plan Rows": 1,
                    "Plan Width": 4,
                    "Actual Startup Time": 12.695,
                    "Actual Total Time": 12.695,
                    "Actual Rows": 1,
                    "Actual Loops": 1,
                    "Hash Buckets": 1024,
                    "Original Hash Buckets": 1024,
                    "Hash Batches": 1,
                    "Original Hash Batches": 1,
                    "Peak Memory Usage": 9,
                    "Plans": [
                      {
                        "Node Type": "Seq Scan",
                        "Parent Relationship": "Outer",
                        "Parallel Aware": false,
                        "Relation Name": "keyword",
                        "Alias": "k",
                        "Startup Cost": 0.0,
                        "Total Cost": 2626.12,
                        "Plan Rows": 1,
                        "Plan Width": 4,
                        "Actual Startup Time": 0.581,
                        "Actual Total Time": 12.691,
                        "Actual Rows": 1,
                        "Actual Loops": 1,
                        "Filter": "((keyword)::text = 'character-name-in-title'::text)",
                        "Rows Removed by Filter": 134169
                      }
                    ]
                  }
                ]
              }
            ]
          }
        ]
      },
      {
        "Node Type": "Index Scan",
        "Parent Relationship": "Inner",
        "Parallel Aware": false,
        "Scan Direction": "Forward",
        "Index Name": "company_name_pkey",
        "Relation Name": "company_name",
        "Alias": "cn",
        "Startup Cost": 0.42,
        "Total Cost": 0.45,
        "Plan Rows": 1,
        "Plan Width": 4,
        "Actual Startup Time": 0.002,
        "Actual Total Time": 0.002,
        "Actual Rows": 0,
        "Actual Loops": 148552,
        "Index Cond": "(id = mc.company_id)",
        "Rows Removed by Index Recheck": 0,
        "Filter": "((country_code)::text = '[de]'::text)",
        "Rows Removed by Filter": 1
      }
    ]
  }
}