{
  "Plan": {
    "Node Type": "Nested Loop",
    "Parent Relationship": "Outer",
    "Parallel Aware": false,
    "Join Type": "Inner",
    "Startup Cost": 84196.41,
    "Total Cost": 138940.45,
    "Plan Rows": 1,
    "Plan Width": 17,
    "Actual Startup Time": 1995.452,
    "Actual Total Time": 1995.454,
    "Actual Rows": 0,
    "Actual Loops": 1,
    "Inner Unique": true,
    "Join Filter": "(mc.movie_id = t.id)",
    "Rows Removed by Join Filter": 0,
    "Plans": [
      {
        "Node Type": "Nested Loop",
        "Parent Relationship": "Outer",
        "Parallel Aware": false,
        "Join Type": "Inner",
        "Startup Cost": 84195.98,
        "Total Cost": 138939.95,
        "Plan Rows": 1,
        "Plan Width": 8,
        "Actual Startup Time": 1995.451,
        "Actual Total Time": 1995.453,
        "Actual Rows": 0,
        "Actual Loops": 1,
        "Inner Unique": true,
        "Plans": [
          {
            "Node Type": "Hash Join",
            "Parent Relationship": "Outer",
            "Parallel Aware": false,
            "Join Type": "Inner",
            "Startup Cost": 84195.56,
            "Total Cost": 138862.81,
            "Plan Rows": 173,
            "Plan Width": 12,
            "Actual Startup Time": 958.869,
            "Actual Total Time": 1646.6,
            "Actual Rows": 148552,
            "Actual Loops": 1,
            "Inner Unique": false,
            "Hash Cond": "(mc.movie_id = mk.movie_id)",
            "Plans": [
              {
                "Node Type": "Seq Scan",
                "Parent Relationship": "Outer",
                "Parallel Aware": false,
                "Relation Name": "movie_companies",
                "Alias": "mc",
                "Startup Cost": 0.0,
                "Total Cost": 44881.29,
                "Plan Rows": 2609129,
                "Plan Width": 8,
                "Actual Startup Time": 0.029,
                "Actual Total Time": 305.81,
                "Actual Rows": 2609129,
                "Actual Loops": 1
              },
              {
                "Node Type": "Hash",
                "Parent Relationship": "Inner",
                "Parallel Aware": false,
                "Startup Cost": 84195.13,
                "Total Cost": 84195.13,
                "Plan Rows": 34,
                "Plan Width": 4,
                "Actual Startup Time": 958.819,
                "Actual Total Time": 958.821,
                "Actual Rows": 41840,
                "Actual Loops": 1,
                "Hash Buckets": 65536,
                "Original Hash Buckets": 1024,
                "Hash Batches": 1,
                "Original Hash Batches": 1,
                "Peak Memory Usage": 1983,
                "Plans": [
                  {
                    "Node Type": "Hash Join",
                    "Parent Relationship": "Outer",
                    "Parallel Aware": false,
                    "Join Type": "Inner",
                    "Startup Cost": 2626.14,
                    "Total Cost": 84195.13,
                    "Plan Rows": 34,
                    "Plan Width": 4,
                    "Actual Startup Time": 13.139,
                    "Actual Total Time": 951.235,
                    "Actual Rows": 41840,
                    "Actual Loops": 1,
                    "Inner Unique": true,
                    "Hash Cond": "(mk.keyword_id = k.id)",
                    "Plans": [
                      {
                        "Node Type": "Seq Scan",
                        "Parent Relationship": "Outer",
                        "Parallel Aware": false,
                        "Relation Name": "movie_keyword",
                        "Alias": "mk",
                        "Startup Cost": 0.0,
                        "Total Cost": 69693.3,
                        "Plan Rows": 4523930,
                        "Plan Width": 8,
                        "Actual Startup Time": 0.017,
                        "Actual Total Time": 441.429,
                        "Actual Rows": 4523930,
                        "Actual Loops": 1
                      },
                      {
                        "Node Type": "Hash",
                        "Parent Relationship": "Inner",
                        "Parallel Aware": false,
                        "Startup Cost": 2626.12,
                        "Total Cost": 2626.12,
                        "Plan Rows": 1,
                        "Plan Width": 4,
                        "Actual Startup Time": 13.091,
                        "Actual Total Time": 13.091,
                        "Actual Rows": 1,
                        "Actual Loops": 1,
                        "Hash Buckets": 1024,
                        "Original Hash Buckets": 1024,
                        "Hash Batches": 1,
                        "Original Hash Batches": 1,
                        "Peak Memory Usage": 9,
                        "Plans": [
                          {
                            "Node Type": "Seq Scan",
                            "Parent Relationship": "Outer",
                            "Parallel Aware": false,
                            "Relation Name": "keyword",
                            "Alias": "k",
                            "Startup Cost": 0.0,
                            "Total Cost": 2626.12,
                            "Plan Rows": 1,
                            "Plan Width": 4,
                            "Actual Startup Time": 0.599,
                            "Actual Total Time": 13.089,
                            "Actual Rows": 1,
                            "Actual Loops": 1,
                            "Filter": "((keyword)::text = 'character-name-in-title'::text)",
                            "Rows Removed by Filter": 134169
                          }
                        ]
                      }
                    ]
                  }
                ]
              }
            ]
          },
          {
            "Node Type": "Index Scan",
            "Parent Relationship": "Inner",
            "Parallel Aware": false,
            "Scan Direction": "Forward",
            "Index Name": "company_name_pkey",
            "Relation Name": "company_name",
            "Alias": "cn",
            "Startup Cost": 0.42,
            "Total Cost": 0.45,
            "Plan Rows": 1,
            "Plan Width": 4,
            "Actual Startup Time": 0.002,
            "Actual Total Time": 0.002,
            "Actual Rows": 0,
            "Actual Loops": 148552,
            "Index Cond": "(id = mc.company_id)",
            "Rows Removed by Index Recheck": 0,
            "Filter": "((country_code)::text = '[sm]'::text)",
            "Rows Removed by Filter": 1
          }
        ]
      },
      {
        "Node Type": "Index Scan",
        "Parent Relationship": "Inner",
        "Parallel Aware": false,
        "Scan Direction": "Forward",
        "Index Name": "title_pkey",
        "Relation Name": "title",
        "Alias": "t",
        "Startup Cost": 0.43,
        "Total Cost": 0.49,
        "Plan Rows": 1,
        "Plan Width": 21,
        "Actual Startup Time": 0.0,
        "Actual Total Time": 0.0,
        "Actual Rows": 0,
        "Actual Loops": 0,
        "Index Cond": "(id = mk.movie_id)",
        "Rows Removed by Index Recheck": 0
      }
    ]
  }
}