{
  "Plan": {
    "Node Type": "Hash Join",
    "Parent Relationship": "Outer",
    "Parallel Aware": false,
    "Join Type": "Inner",
    "Startup Cost": 18.93,
    "Total Cost": 51790.06,
    "Plan Rows": 14699,
    "Plan Width": 8,
    "Actual Startup Time": 35.09,
    "Actual Total Time": 784.965,
    "Actual Rows": 1334883,
    "Actual Loops": 1,
    "Inner Unique": true,
    "Hash Cond": "(mc.company_type_id = ct.id)",
    "Plans": [
      {
        "Node Type": "Seq Scan",
        "Parent Relationship": "Outer",
        "Parallel Aware": false,
        "Relation Name": "movie_companies",
        "Alias": "mc",
        "Startup Cost": 0.0,
        "Total Cost": 44881.29,
        "Plan Rows": 2609129,
        "Plan Width": 12,
        "Actual Startup Time": 0.02,
        "Actual Total Time": 314.694,
        "Actual Rows": 2609129,
        "Actual Loops": 1
      },
      {
        "Node Type": "Hash",
        "Parent Relationship": "Inner",
        "Parallel Aware": false,
        "Startup Cost": 18.88,
        "Total Cost": 18.88,
        "Plan Rows": 4,
        "Plan Width": 4,
        "Actual Startup Time": 0.016,
        "Actual Total Time": 0.016,
        "Actual Rows": 1,
        "Actual Loops": 1,
        "Hash Buckets": 1024,
        "Original Hash Buckets": 1024,
        "Hash Batches": 1,
        "Original Hash Batches": 1,
        "Peak Memory Usage": 9,
        "Plans": [
          {
            "Node Type": "Seq Scan",
            "Parent Relationship": "Outer",
            "Parallel Aware": false,
            "Relation Name": "company_type",
            "Alias": "ct",
            "Startup Cost": 0.0,
            "Total Cost": 18.88,
            "Plan Rows": 4,
            "Plan Width": 4,
            "Actual Startup Time": 0.013,
            "Actual Total Time": 0.014,
            "Actual Rows": 1,
            "Actual Loops": 1,
            "Filter": "((kind)::text = 'production companies'::text)",
            "Rows Removed by Filter": 3
          }
        ]
      }
    ]
  }
}