{
  "Plan": {
    "Node Type": "Hash Join",
    "Parent Relationship": "Outer",
    "Parallel Aware": false,
    "Join Type": "Inner",
    "Startup Cost": 25669.64,
    "Total Cost": 77543.38,
    "Plan Rows": 614,
    "Plan Width": 12,
    "Actual Startup Time": 457.312,
    "Actual Total Time": 1402.586,
    "Actual Rows": 120,
    "Actual Loops": 1,
    "Inner Unique": false,
    "Hash Cond": "(mc.movie_id = mi_idx.movie_id)",
    "Plans": [
      {
        "Node Type": "Hash Join",
        "Parent Relationship": "Outer",
        "Parallel Aware": false,
        "Join Type": "Inner",
        "Startup Cost": 20.74,
        "Total Cost": 51791.88,
        "Plan Rows": 25724,
        "Plan Width": 8,
        "Actual Startup Time": 0.054,
        "Actual Total Time": 872.585,
        "Actual Rows": 2609129,
        "Actual Loops": 1,
        "Inner Unique": true,
        "Hash Cond": "(mc.company_type_id = ct.id)",
        "Plans": [
          {
            "Node Type": "Seq Scan",
            "Parent Relationship": "Outer",
            "Parallel Aware": false,
            "Relation Name": "movie_companies",
            "Alias": "mc",
            "Startup Cost": 0.0,
            "Total Cost": 44881.29,
            "Plan Rows": 2609129,
            "Plan Width": 12,
            "Actual Startup Time": 0.015,
            "Actual Total Time": 286.701,
            "Actual Rows": 2609129,
            "Actual Loops": 1
          },
          {
            "Node Type": "Hash",
            "Parent Relationship": "Inner",
            "Parallel Aware": false,
            "Startup Cost": 20.65,
            "Total Cost": 20.65,
            "Plan Rows": 7,
            "Plan Width": 4,
            "Actual Startup Time": 0.013,
            "Actual Total Time": 0.013,
            "Actual Rows": 2,
            "Actual Loops": 1,
            "Hash Buckets": 1024,
            "Original Hash Buckets": 1024,
            "Hash Batches": 1,
            "Original Hash Batches": 1,
            "Peak Memory Usage": 9,
            "Plans": [
              {
                "Node Type": "Seq Scan",
                "Parent Relationship": "Outer",
                "Parallel Aware": false,
                "Relation Name": "company_type",
                "Alias": "ct",
                "Startup Cost": 0.0,
                "Total Cost": 20.65,
                "Plan Rows": 7,
                "Plan Width": 4,
                "Actual Startup Time": 0.008,
                "Actual Total Time": 0.009,
                "Actual Rows": 2,
                "Actual Loops": 1,
                "Filter": "((kind IS NOT NULL) AND (((kind)::text = 'production companies'::text) OR ((kind)::text = 'distributors'::text)))",
                "Rows Removed by Filter": 2
              }
            ]
          }
        ]
      },
      {
        "Node Type": "Hash",
        "Parent Relationship": "Inner",
        "Parallel Aware": false,
        "Startup Cost": 25496.24,
        "Total Cost": 25496.24,
        "Plan Rows": 12213,
        "Plan Width": 4,
        "Actual Startup Time": 291.011,
        "Actual Total Time": 291.012,
        "Actual Rows": 10,
        "Actual Loops": 1,
        "Hash Buckets": 16384,
        "Original Hash Buckets": 16384,
        "Hash Batches": 1,
        "Original Hash Batches": 1,
        "Peak Memory Usage": 129,
        "Plans": [
          {
            "Node Type": "Hash Join",
            "Parent Relationship": "Outer",
            "Parallel Aware": false,
            "Join Type": "Inner",
            "Startup Cost": 2.43,
            "Total Cost": 25496.24,
            "Plan Rows": 12213,
            "Plan Width": 4,
            "Actual Startup Time": 290.982,
            "Actual Total Time": 290.988,
            "Actual Rows": 10,
            "Actual Loops": 1,
            "Inner Unique": true,
            "Hash Cond": "(mi_idx.info_type_id = it2.id)",
            "Plans": [
              {
                "Node Type": "Seq Scan",
                "Parent Relationship": "Outer",
                "Parallel Aware": false,
                "Relation Name": "movie_info_idx",
                "Alias": "mi_idx",
                "Startup Cost": 0.0,
                "Total Cost": 21735.35,
                "Plan Rows": 1380035,
                "Plan Width": 8,
                "Actual Startup Time": 0.018,
                "Actual Total Time": 139.567,
                "Actual Rows": 1380035,
                "Actual Loops": 1
              },
              {
                "Node Type": "Hash",
                "Parent Relationship": "Inner",
                "Parallel Aware": false,
                "Startup Cost": 2.41,
                "Total Cost": 2.41,
                "Plan Rows": 1,
                "Plan Width": 4,
                "Actual Startup Time": 0.013,
                "Actual Total Time": 0.013,
                "Actual Rows": 1,
                "Actual Loops": 1,
                "Hash Buckets": 1024,
                "Original Hash Buckets": 1024,
                "Hash Batches": 1,
                "Original Hash Batches": 1,
                "Peak Memory Usage": 9,
                "Plans": [
                  {
                    "Node Type": "Seq Scan",
                    "Parent Relationship": "Outer",
                    "Parallel Aware": false,
                    "Relation Name": "info_type",
                    "Alias": "it2",
                    "Startup Cost": 0.0,
                    "Total Cost": 2.41,
                    "Plan Rows": 1,
                    "Plan Width": 4,
                    "Actual Startup Time": 0.012,
                    "Actual Total Time": 0.013,
                    "Actual Rows": 1,
                    "Actual Loops": 1,
                    "Filter": "((info)::text = 'bottom 10 rank'::text)",
                    "Rows Removed by Filter": 112
                  }
                ]
              }
            ]
          }
        ]
      }
    ]
  }
}