{
  "Plan": {
    "Node Type": "Nested Loop",
    "Parent Relationship": "Outer",
    "Parallel Aware": false,
    "Join Type": "Inner",
    "Startup Cost": 0.0,
    "Total Cost": 390510.51,
    "Plan Rows": 3017,
    "Plan Width": 4,
    "Actual Startup Time": 1218.961,
    "Actual Total Time": 3108.238,
    "Actual Rows": 325255,
    "Actual Loops": 1,
    "Inner Unique": false,
    "Join Filter": "(it1.id = mi.info_type_id)",
    "Rows Removed by Join Filter": 2058,
    "Plans": [
      {
        "Node Type": "Seq Scan",
        "Parent Relationship": "Outer",
        "Parallel Aware": false,
        "Relation Name": "info_type",
        "Alias": "it1",
        "Startup Cost": 0.0,
        "Total Cost": 2.41,
        "Plan Rows": 1,
        "Plan Width": 4,
        "Actual Startup Time": 0.012,
        "Actual Total Time": 0.021,
        "Actual Rows": 1,
        "Actual Loops": 1,
        "Filter": "((info)::text = 'genres'::text)",
        "Rows Removed by Filter": 112
      },
      {
        "Node Type": "Seq Scan",
        "Parent Relationship": "Inner",
        "Parallel Aware": false,
        "Relation Name": "movie_info",
        "Alias": "mi",
        "Startup Cost": 0.0,
        "Total Cost": 386247.28,
        "Plan Rows": 340866,
        "Plan Width": 8,
        "Actual Startup Time": 498.676,
        "Actual Total Time": 2989.943,
        "Actual Rows": 327313,
        "Actual Loops": 1,
        "Filter": "((info)::text = ANY ('{Drama,Horror,Western,Family}'::text[]))",
        "Rows Removed by Filter": 14508407
      }
    ]
  }
}