{
  "Plan": {
    "Node Type": "Hash Join",
    "Parent Relationship": "Outer",
    "Parallel Aware": false,
    "Join Type": "Inner",
    "Startup Cost": 25746.02,
    "Total Cost": 77572.76,
    "Plan Rows": 48,
    "Plan Width": 17,
    "Actual Startup Time": 365.861,
    "Actual Total Time": 1447.079,
    "Actual Rows": 154495,
    "Actual Loops": 1,
    "Inner Unique": false,
    "Hash Cond": "(mc.movie_id = mi_idx.movie_id)",
    "Plans": [
      {
        "Node Type": "Hash Join",
        "Parent Relationship": "Outer",
        "Parallel Aware": false,
        "Join Type": "Inner",
        "Startup Cost": 18.93,
        "Total Cost": 51790.06,
        "Plan Rows": 14699,
        "Plan Width": 8,
        "Actual Startup Time": 0.244,
        "Actual Total Time": 750.406,
        "Actual Rows": 1334883,
        "Actual Loops": 1,
        "Inner Unique": true,
        "Hash Cond": "(mc.company_type_id = ct.id)",
        "Plans": [
          {
            "Node Type": "Seq Scan",
            "Parent Relationship": "Outer",
            "Parallel Aware": false,
            "Relation Name": "movie_companies",
            "Alias": "mc",
            "Startup Cost": 0.0,
            "Total Cost": 44881.29,
            "Plan Rows": 2609129,
            "Plan Width": 12,
            "Actual Startup Time": 0.013,
            "Actual Total Time": 288.709,
            "Actual Rows": 2609129,
            "Actual Loops": 1
          },
          {
            "Node Type": "Hash",
            "Parent Relationship": "Inner",
            "Parallel Aware": false,
            "Startup Cost": 18.88,
            "Total Cost": 18.88,
            "Plan Rows": 4,
            "Plan Width": 4,
            "Actual Startup Time": 0.015,
            "Actual Total Time": 0.016,
            "Actual Rows": 1,
            "Actual Loops": 1,
            "Hash Buckets": 1024,
            "Original Hash Buckets": 1024,
            "Hash Batches": 1,
            "Original Hash Batches": 1,
            "Peak Memory Usage": 9,
            "Plans": [
              {
                "Node Type": "Seq Scan",
                "Parent Relationship": "Outer",
                "Parallel Aware": false,
                "Relation Name": "company_type",
                "Alias": "ct",
                "Startup Cost": 0.0,
                "Total Cost": 18.88,
                "Plan Rows": 4,
                "Plan Width": 4,
                "Actual Startup Time": 0.012,
                "Actual Total Time": 0.012,
                "Actual Rows": 1,
                "Actual Loops": 1,
                "Filter": "((kind)::text = 'production companies'::text)",
                "Rows Removed by Filter": 3
              }
            ]
          }
        ]
      },
      {
        "Node Type": "Hash",
        "Parent Relationship": "Inner",
        "Parallel Aware": false,
        "Startup Cost": 25706.05,
        "Total Cost": 25706.05,
        "Plan Rows": 1684,
        "Plan Width": 9,
        "Actual Startup Time": 365.515,
        "Actual Total Time": 365.516,
        "Actual Rows": 121572,
        "Actual Loops": 1,
        "Hash Buckets": 131072,
        "Original Hash Buckets": 2048,
        "Hash Batches": 2,
        "Original Hash Batches": 1,
        "Peak Memory Usage": 3400,
        "Plans": [
          {
            "Node Type": "Hash Join",
            "Parent Relationship": "Outer",
            "Parallel Aware": false,
            "Join Type": "Inner",
            "Startup Cost": 2.43,
            "Total Cost": 25706.05,
            "Plan Rows": 1684,
            "Plan Width": 9,
            "Actual Startup Time": 0.09,
            "Actual Total Time": 337.782,
            "Actual Rows": 121572,
            "Actual Loops": 1,
            "Inner Unique": true,
            "Hash Cond": "(mi_idx.info_type_id = it2.id)",
            "Plans": [
              {
                "Node Type": "Seq Scan",
                "Parent Relationship": "Outer",
                "Parallel Aware": false,
                "Relation Name": "movie_info_idx",
                "Alias": "mi_idx",
                "Startup Cost": 0.0,
                "Total Cost": 25185.44,
                "Plan Rows": 190267,
                "Plan Width": 13,
                "Actual Startup Time": 0.056,
                "Actual Total Time": 302.648,
                "Actual Rows": 193895,
                "Actual Loops": 1,
                "Filter": "((info)::text > '7.0'::text)",
                "Rows Removed by Filter": 1186140
              },
              {
                "Node Type": "Hash",
                "Parent Relationship": "Inner",
                "Parallel Aware": false,
                "Startup Cost": 2.41,
                "Total Cost": 2.41,
                "Plan Rows": 1,
                "Plan Width": 4,
                "Actual Startup Time": 0.028,
                "Actual Total Time": 0.028,
                "Actual Rows": 1,
                "Actual Loops": 1,
                "Hash Buckets": 1024,
                "Original Hash Buckets": 1024,
                "Hash Batches": 1,
                "Original Hash Batches": 1,
                "Peak Memory Usage": 9,
                "Plans": [
                  {
                    "Node Type": "Seq Scan",
                    "Parent Relationship": "Outer",
                    "Parallel Aware": false,
                    "Relation Name": "info_type",
                    "Alias": "it2",
                    "Startup Cost": 0.0,
                    "Total Cost": 2.41,
                    "Plan Rows": 1,
                    "Plan Width": 4,
                    "Actual Startup Time": 0.014,
                    "Actual Total Time": 0.016,
                    "Actual Rows": 1,
                    "Actual Loops": 1,
                    "Filter": "((info)::text = 'rating'::text)",
                    "Rows Removed by Filter": 112
                  }
                ]
              }
            ]
          }
        ]
      }
    ]
  }
}