{
  "Plan": {
    "Node Type": "Nested Loop",
    "Parent Relationship": "Outer",
    "Parallel Aware": false,
    "Join Type": "Inner",
    "Startup Cost": 25746.87,
    "Total Cost": 468431.09,
    "Plan Rows": 1,
    "Plan Width": 41,
    "Actual Startup Time": 3776.724,
    "Actual Total Time": 3606998.327,
    "Actual Rows": 4711,
    "Actual Loops": 1,
    "Inner Unique": false,
    "Join Filter": "(mi.movie_id = t.id)",
    "Rows Removed by Join Filter": 13768689949,
    "Plans": [
      {
        "Node Type": "Nested Loop",
        "Parent Relationship": "Outer",
        "Parallel Aware": false,
        "Join Type": "Inner",
        "Startup Cost": 0.0,
        "Total Cost": 390510.51,
        "Plan Rows": 3017,
        "Plan Width": 4,
        "Actual Startup Time": 1218.961,
        "Actual Total Time": 3108.238,
        "Actual Rows": 325255,
        "Actual Loops": 1,
        "Inner Unique": false,
        "Join Filter": "(it1.id = mi.info_type_id)",
        "Rows Removed by Join Filter": 2058,
        "Plans": [
          {
            "Node Type": "Seq Scan",
            "Parent Relationship": "Outer",
            "Parallel Aware": false,
            "Relation Name": "info_type",
            "Alias": "it1",
            "Startup Cost": 0.0,
            "Total Cost": 2.41,
            "Plan Rows": 1,
            "Plan Width": 4,
            "Actual Startup Time": 0.012,
            "Actual Total Time": 0.021,
            "Actual Rows": 1,
            "Actual Loops": 1,
            "Filter": "((info)::text = 'genres'::text)",
            "Rows Removed by Filter": 112
          },
          {
            "Node Type": "Seq Scan",
            "Parent Relationship": "Inner",
            "Parallel Aware": false,
            "Relation Name": "movie_info",
            "Alias": "mi",
            "Startup Cost": 0.0,
            "Total Cost": 386247.28,
            "Plan Rows": 340866,
            "Plan Width": 8,
            "Actual Startup Time": 498.676,
            "Actual Total Time": 2989.943,
            "Actual Rows": 327313,
            "Actual Loops": 1,
            "Filter": "((info)::text = ANY ('{Drama,Horror,Western,Family}'::text[]))",
            "Rows Removed by Filter": 14508407
          }
        ]
      },
      {
        "Node Type": "Materialize",
        "Parent Relationship": "Inner",
        "Parallel Aware": false,
        "Startup Cost": 25746.87,
        "Total Cost": 77603.81,
        "Plan Rows": 7,
        "Plan Width": 53,
        "Actual Startup Time": 0.003,
        "Actual Total Time": 5.215,
        "Actual Rows": 42332,
        "Actual Loops": 325255,
        "Plans": [
          {
            "Node Type": "Nested Loop",
            "Parent Relationship": "Outer",
            "Parallel Aware": false,
            "Join Type": "Inner",
            "Startup Cost": 25746.87,
            "Total Cost": 77603.78,
            "Plan Rows": 7,
            "Plan Width": 53,
            "Actual Startup Time": 366.726,
            "Actual Total Time": 2362.327,
            "Actual Rows": 42332,
            "Actual Loops": 1,
            "Inner Unique": true,
            "Join Filter": "(mi_idx.movie_id = t.id)",
            "Rows Removed by Join Filter": 0,
            "Plans": [
              {
                "Node Type": "Nested Loop",
                "Parent Relationship": "Outer",
                "Parallel Aware": false,
                "Join Type": "Inner",
                "Startup Cost": 25746.44,
                "Total Cost": 77594.16,
                "Plan Rows": 18,
                "Plan Width": 32,
                "Actual Startup Time": 365.936,
                "Actual Total Time": 1852.621,
                "Actual Rows": 91314,
                "Actual Loops": 1,
                "Inner Unique": true,
                "Plans": [
                  {
                    "Node Type": "Hash Join",
                    "Parent Relationship": "Outer",
                    "Parallel Aware": false,
                    "Join Type": "Inner",
                    "Startup Cost": 25746.02,
                    "Total Cost": 77572.76,
                    "Plan Rows": 48,
                    "Plan Width": 17,
                    "Actual Startup Time": 365.861,
                    "Actual Total Time": 1447.079,
                    "Actual Rows": 154495,
                    "Actual Loops": 1,
                    "Inner Unique": false,
                    "Hash Cond": "(mc.movie_id = mi_idx.movie_id)",
                    "Plans": [
                      {
                        "Node Type": "Hash Join",
                        "Parent Relationship": "Outer",
                        "Parallel Aware": false,
                        "Join Type": "Inner",
                        "Startup Cost": 18.93,
                        "Total Cost": 51790.06,
                        "Plan Rows": 14699,
                        "Plan Width": 8,
                        "Actual Startup Time": 0.244,
                        "Actual Total Time": 750.406,
                        "Actual Rows": 1334883,
                        "Actual Loops": 1,
                        "Inner Unique": true,
                        "Hash Cond": "(mc.company_type_id = ct.id)",
                        "Plans": [
                          {
                            "Node Type": "Seq Scan",
                            "Parent Relationship": "Outer",
                            "Parallel Aware": false,
                            "Relation Name": "movie_companies",
                            "Alias": "mc",
                            "Startup Cost": 0.0,
                            "Total Cost": 44881.29,
                            "Plan Rows": 2609129,
                            "Plan Width": 12,
                            "Actual Startup Time": 0.013,
                            "Actual Total Time": 288.709,
                            "Actual Rows": 2609129,
                            "Actual Loops": 1
                          },
                          {
                            "Node Type": "Hash",
                            "Parent Relationship": "Inner",
                            "Parallel Aware": false,
                            "Startup Cost": 18.88,
                            "Total Cost": 18.88,
                            "Plan Rows": 4,
                            "Plan Width": 4,
                            "Actual Startup Time": 0.015,
                            "Actual Total Time": 0.016,
                            "Actual Rows": 1,
                            "Actual Loops": 1,
                            "Hash Buckets": 1024,
                            "Original Hash Buckets": 1024,
                            "Hash Batches": 1,
                            "Original Hash Batches": 1,
                            "Peak Memory Usage": 9,
                            "Plans": [
                              {
                                "Node Type": "Seq Scan",
                                "Parent Relationship": "Outer",
                                "Parallel Aware": false,
                                "Relation Name": "company_type",
                                "Alias": "ct",
                                "Startup Cost": 0.0,
                                "Total Cost": 18.88,
                                "Plan Rows": 4,
                                "Plan Width": 4,
                                "Actual Startup Time": 0.012,
                                "Actual Total Time": 0.012,
                                "Actual Rows": 1,
                                "Actual Loops": 1,
                                "Filter": "((kind)::text = 'production companies'::text)",
                                "Rows Removed by Filter": 3
                              }
                            ]
                          }
                        ]
                      },
                      {
                        "Node Type": "Hash",
                        "Parent Relationship": "Inner",
                        "Parallel Aware": false,
                        "Startup Cost": 25706.05,
                        "Total Cost": 25706.05,
                        "Plan Rows": 1684,
                        "Plan Width": 9,
                        "Actual Startup Time": 365.515,
                        "Actual Total Time": 365.516,
                        "Actual Rows": 121572,
                        "Actual Loops": 1,
                        "Hash Buckets": 131072,
                        "Original Hash Buckets": 2048,
                        "Hash Batches": 2,
                        "Original Hash Batches": 1,
                        "Peak Memory Usage": 3400,
                        "Plans": [
                          {
                            "Node Type": "Hash Join",
                            "Parent Relationship": "Outer",
                            "Parallel Aware": false,
                            "Join Type": "Inner",
                            "Startup Cost": 2.43,
                            "Total Cost": 25706.05,
                            "Plan Rows": 1684,
                            "Plan Width": 9,
                            "Actual Startup Time": 0.09,
                            "Actual Total Time": 337.782,
                            "Actual Rows": 121572,
                            "Actual Loops": 1,
                            "Inner Unique": true,
                            "Hash Cond": "(mi_idx.info_type_id = it2.id)",
                            "Plans": [
                              {
                                "Node Type": "Seq Scan",
                                "Parent Relationship": "Outer",
                                "Parallel Aware": false,
                                "Relation Name": "movie_info_idx",
                                "Alias": "mi_idx",
                                "Startup Cost": 0.0,
                                "Total Cost": 25185.44,
                                "Plan Rows": 190267,
                                "Plan Width": 13,
                                "Actual Startup Time": 0.056,
                                "Actual Total Time": 302.648,
                                "Actual Rows": 193895,
                                "Actual Loops": 1,
                                "Filter": "((info)::text > '7.0'::text)",
                                "Rows Removed by Filter": 1186140
                              },
                              {
                                "Node Type": "Hash",
                                "Parent Relationship": "Inner",
                                "Parallel Aware": false,
                                "Startup Cost": 2.41,
                                "Total Cost": 2.41,
                                "Plan Rows": 1,
                                "Plan Width": 4,
                                "Actual Startup Time": 0.028,
                                "Actual Total Time": 0.028,
                                "Actual Rows": 1,
                                "Actual Loops": 1,
                                "Hash Buckets": 1024,
                                "Original Hash Buckets": 1024,
                                "Hash Batches": 1,
                                "Original Hash Batches": 1,
                                "Peak Memory Usage": 9,
                                "Plans": [
                                  {
                                    "Node Type": "Seq Scan",
                                    "Parent Relationship": "Outer",
                                    "Parallel Aware": false,
                                    "Relation Name": "info_type",
                                    "Alias": "it2",
                                    "Startup Cost": 0.0,
                                    "Total Cost": 2.41,
                                    "Plan Rows": 1,
                                    "Plan Width": 4,
                                    "Actual Startup Time": 0.014,
                                    "Actual Total Time": 0.016,
                                    "Actual Rows": 1,
                                    "Actual Loops": 1,
                                    "Filter": "((info)::text = 'rating'::text)",
                                    "Rows Removed by Filter": 112
                                  }
                                ]
                              }
                            ]
                          }
                        ]
                      }
                    ]
                  },
                  {
                    "Node Type": "Index Scan",
                    "Parent Relationship": "Inner",
                    "Parallel Aware": false,
                    "Scan Direction": "Forward",
                    "Index Name": "company_name_pkey",
                    "Relation Name": "company_name",
                    "Alias": "cn",
                    "Startup Cost": 0.42,
                    "Total Cost": 0.45,
                    "Plan Rows": 1,
                    "Plan Width": 23,
                    "Actual Startup Time": 0.002,
                    "Actual Total Time": 0.002,
                    "Actual Rows": 1,
                    "Actual Loops": 154495,
                    "Index Cond": "(id = mc.company_id)",
                    "Rows Removed by Index Recheck": 0,
                    "Filter": "((country_code)::text = '[us]'::text)",
                    "Rows Removed by Filter": 0
                  }
                ]
              },
              {
                "Node Type": "Index Scan",
                "Parent Relationship": "Inner",
                "Parallel Aware": false,
                "Scan Direction": "Forward",
                "Index Name": "title_pkey",
                "Relation Name": "title",
                "Alias": "t",
                "Startup Cost": 0.43,
                "Total Cost": 0.52,
                "Plan Rows": 1,
                "Plan Width": 21,
                "Actual Startup Time": 0.005,
                "Actual Total Time": 0.005,
                "Actual Rows": 0,
                "Actual Loops": 91314,
                "Index Cond": "(id = mc.movie_id)",
                "Rows Removed by Index Recheck": 0,
                "Filter": "((production_year >= 2000) AND (production_year <= 2010))",
                "Rows Removed by Filter": 1
              }
            ]
          }
        ]
      }
    ]
  }
}