{
  "Plan": {
    "Node Type": "Hash Join",
    "Parent Relationship": "Inner",
    "Parallel Aware": false,
    "Join Type": "Inner",
    "Startup Cost": 2.43,
    "Total Cost": 352214.64,
    "Plan Rows": 132303,
    "Plan Width": 46,
    "Actual Startup Time": 2149.544,
    "Actual Total Time": 3690.099,
    "Actual Rows": 3036719,
    "Actual Loops": 16470,
    "Inner Unique": true,
    "Hash Cond": "(mi.info_type_id = it2.id)",
    "Plans": [
      {
        "Node Type": "Seq Scan",
        "Parent Relationship": "Outer",
        "Parallel Aware": false,
        "Relation Name": "movie_info",
        "Alias": "mi",
        "Startup Cost": 0.0,
        "Total Cost": 311495.85,
        "Plan Rows": 14950285,
        "Plan Width": 50,
        "Actual Startup Time": 0.011,
        "Actual Total Time": 1647.015,
        "Actual Rows": 14835720,
        "Actual Loops": 16470
      },
      {
        "Node Type": "Hash",
        "Parent Relationship": "Inner",
        "Parallel Aware": false,
        "Startup Cost": 2.41,
        "Total Cost": 2.41,
        "Plan Rows": 1,
        "Plan Width": 4,
        "Actual Startup Time": 0.021,
        "Actual Total Time": 0.021,
        "Actual Rows": 1,
        "Actual Loops": 1,
        "Hash Buckets": 1024,
        "Original Hash Buckets": 1024,
        "Hash Batches": 1,
        "Original Hash Batches": 1,
        "Peak Memory Usage": 9,
        "Plans": [
          {
            "Node Type": "Seq Scan",
            "Parent Relationship": "Outer",
            "Parallel Aware": false,
            "Relation Name": "info_type",
            "Alias": "it2",
            "Startup Cost": 0.0,
            "Total Cost": 2.41,
            "Plan Rows": 1,
            "Plan Width": 4,
            "Actual Startup Time": 0.012,
            "Actual Total Time": 0.019,
            "Actual Rows": 1,
            "Actual Loops": 1,
            "Filter": "((info)::text = 'release dates'::text)",
            "Rows Removed by Filter": 112
          }
        ]
      }
    ]
  }
}