{
  "Plan": {
    "Node Type": "Nested Loop",
    "Parent Relationship": "Outer",
    "Parallel Aware": false,
    "Join Type": "Inner",
    "Startup Cost": 25668.25,
    "Total Cost": 77681.51,
    "Plan Rows": 1,
    "Plan Width": 42,
    "Actual Startup Time": 702.027,
    "Actual Total Time": 4488.727,
    "Actual Rows": 340,
    "Actual Loops": 1,
    "Inner Unique": true,
    "Plans": [
      {
        "Node Type": "Hash Join",
        "Parent Relationship": "Outer",
        "Parallel Aware": false,
        "Join Type": "Inner",
        "Startup Cost": 25667.82,
        "Total Cost": 77497.59,
        "Plan Rows": 351,
        "Plan Width": 17,
        "Actual Startup Time": 472.906,
        "Actual Total Time": 1876.592,
        "Actual Rows": 584222,
        "Actual Loops": 1,
        "Inner Unique": false,
        "Hash Cond": "(mc.movie_id = miidx.movie_id)",
        "Plans": [
          {
            "Node Type": "Hash Join",
            "Parent Relationship": "Outer",
            "Parallel Aware": false,
            "Join Type": "Inner",
            "Startup Cost": 18.93,
            "Total Cost": 51790.06,
            "Plan Rows": 14699,
            "Plan Width": 8,
            "Actual Startup Time": 0.078,
            "Actual Total Time": 753.359,
            "Actual Rows": 1334883,
            "Actual Loops": 1,
            "Inner Unique": true,
            "Hash Cond": "(mc.company_type_id = ct.id)",
            "Plans": [
              {
                "Node Type": "Seq Scan",
                "Parent Relationship": "Outer",
                "Parallel Aware": false,
                "Relation Name": "movie_companies",
                "Alias": "mc",
                "Startup Cost": 0.0,
                "Total Cost": 44881.29,
                "Plan Rows": 2609129,
                "Plan Width": 12,
                "Actual Startup Time": 0.025,
                "Actual Total Time": 290.716,
                "Actual Rows": 2609129,
                "Actual Loops": 1
              },
              {
                "Node Type": "Hash",
                "Parent Relationship": "Inner",
                "Parallel Aware": false,
                "Startup Cost": 18.88,
                "Total Cost": 18.88,
                "Plan Rows": 4,
                "Plan Width": 4,
                "Actual Startup Time": 0.022,
                "Actual Total Time": 0.022,
                "Actual Rows": 1,
                "Actual Loops": 1,
                "Hash Buckets": 1024,
                "Original Hash Buckets": 1024,
                "Hash Batches": 1,
                "Original Hash Batches": 1,
                "Peak Memory Usage": 9,
                "Plans": [
                  {
                    "Node Type": "Seq Scan",
                    "Parent Relationship": "Outer",
                    "Parallel Aware": false,
                    "Relation Name": "company_type",
                    "Alias": "ct",
                    "Startup Cost": 0.0,
                    "Total Cost": 18.88,
                    "Plan Rows": 4,
                    "Plan Width": 4,
                    "Actual Startup Time": 0.017,
                    "Actual Total Time": 0.018,
                    "Actual Rows": 1,
                    "Actual Loops": 1,
                    "Filter": "((kind)::text = 'production companies'::text)",
                    "Rows Removed by Filter": 3
                  }
                ]
              }
            ]
          },
          {
            "Node Type": "Hash",
            "Parent Relationship": "Inner",
            "Parallel Aware": false,
            "Startup Cost": 25496.24,
            "Total Cost": 25496.24,
            "Plan Rows": 12213,
            "Plan Width": 9,
            "Actual Startup Time": 472.533,
            "Actual Total Time": 472.534,
            "Actual Rows": 459925,
            "Actual Loops": 1,
            "Hash Buckets": 131072,
            "Original Hash Buckets": 16384,
            "Hash Batches": 8,
            "Original Hash Batches": 1,
            "Peak Memory Usage": 3275,
            "Plans": [
              {
                "Node Type": "Hash Join",
                "Parent Relationship": "Outer",
                "Parallel Aware": false,
                "Join Type": "Inner",
                "Startup Cost": 2.43,
                "Total Cost": 25496.24,
                "Plan Rows": 12213,
                "Plan Width": 9,
                "Actual Startup Time": 0.044,
                "Actual Total Time": 374.511,
                "Actual Rows": 459925,
                "Actual Loops": 1,
                "Inner Unique": true,
                "Hash Cond": "(miidx.info_type_id = it.id)",
                "Plans": [
                  {
                    "Node Type": "Seq Scan",
                    "Parent Relationship": "Outer",
                    "Parallel Aware": false,
                    "Relation Name": "movie_info_idx",
                    "Alias": "miidx",
                    "Startup Cost": 0.0,
                    "Total Cost": 21735.35,
                    "Plan Rows": 1380035,
                    "Plan Width": 13,
                    "Actual Startup Time": 0.012,
                    "Actual Total Time": 154.149,
                    "Actual Rows": 1380035,
                    "Actual Loops": 1
                  },
                  {
                    "Node Type": "Hash",
                    "Parent Relationship": "Inner",
                    "Parallel Aware": false,
                    "Startup Cost": 2.41,
                    "Total Cost": 2.41,
                    "Plan Rows": 1,
                    "Plan Width": 4,
                    "Actual Startup Time": 0.013,
                    "Actual Total Time": 0.013,
                    "Actual Rows": 1,
                    "Actual Loops": 1,
                    "Hash Buckets": 1024,
                    "Original Hash Buckets": 1024,
                    "Hash Batches": 1,
                    "Original Hash Batches": 1,
                    "Peak Memory Usage": 9,
                    "Plans": [
                      {
                        "Node Type": "Seq Scan",
                        "Parent Relationship": "Outer",
                        "Parallel Aware": false,
                        "Relation Name": "info_type",
                        "Alias": "it",
                        "Startup Cost": 0.0,
                        "Total Cost": 2.41,
                        "Plan Rows": 1,
                        "Plan Width": 4,
                        "Actual Startup Time": 0.011,
                        "Actual Total Time": 0.012,
                        "Actual Rows": 1,
                        "Actual Loops": 1,
                        "Filter": "((info)::text = 'rating'::text)",
                        "Rows Removed by Filter": 112
                      }
                    ]
                  }
                ]
              }
            ]
          }
        ]
      },
      {
        "Node Type": "Index Scan",
        "Parent Relationship": "Inner",
        "Parallel Aware": false,
        "Scan Direction": "Forward",
        "Index Name": "title_pkey",
        "Relation Name": "title",
        "Alias": "t",
        "Startup Cost": 0.43,
        "Total Cost": 0.52,
        "Plan Rows": 1,
        "Plan Width": 25,
        "Actual Startup Time": 0.004,
        "Actual Total Time": 0.004,
        "Actual Rows": 0,
        "Actual Loops": 584222,
        "Index Cond": "(id = mc.movie_id)",
        "Rows Removed by Index Recheck": 0,
        "Filter": "(((title)::text <> ''::text) AND (((title)::text ~~ '%Champion%'::text) OR ((title)::text ~~ '%Loser%'::text)))",
        "Rows Removed by Filter": 1
      }
    ]
  }
}