{
  "Plan": {
    "Node Type": "Nested Loop",
    "Parent Relationship": "Outer",
    "Parallel Aware": false,
    "Join Type": "Inner",
    "Startup Cost": 0.43,
    "Total Cost": 387451.63,
    "Plan Rows": 78,
    "Plan Width": 71,
    "Actual Startup Time": 71.638,
    "Actual Total Time": 1940.897,
    "Actual Rows": 1749,
    "Actual Loops": 1,
    "Inner Unique": true,
    "Plans": [
      {
        "Node Type": "Seq Scan",
        "Parent Relationship": "Outer",
        "Parallel Aware": false,
        "Relation Name": "movie_info",
        "Alias": "mi",
        "Startup Cost": 0.0,
        "Total Cost": 386247.28,
        "Plan Rows": 143,
        "Plan Width": 50,
        "Actual Startup Time": 71.579,
        "Actual Total Time": 1921.166,
        "Actual Rows": 1771,
        "Actual Loops": 1,
        "Filter": "(((note)::text ~~ '%internet%'::text) AND ((info)::text ~~ 'USA:% 200%'::text))",
        "Rows Removed by Filter": 14833949
      },
      {
        "Node Type": "Index Scan",
        "Parent Relationship": "Inner",
        "Parallel Aware": false,
        "Scan Direction": "Forward",
        "Index Name": "title_pkey",
        "Relation Name": "title",
        "Alias": "t",
        "Startup Cost": 0.43,
        "Total Cost": 8.42,
        "Plan Rows": 1,
        "Plan Width": 21,
        "Actual Startup Time": 0.01,
        "Actual Total Time": 0.01,
        "Actual Rows": 1,
        "Actual Loops": 1771,
        "Index Cond": "(id = mi.movie_id)",
        "Rows Removed by Index Recheck": 0,
        "Filter": "(production_year > 2000)",
        "Rows Removed by Filter": 0
      }
    ]
  }
}