{
  "Plan": {
    "Node Type": "Nested Loop",
    "Parent Relationship": "Outer",
    "Parallel Aware": false,
    "Join Type": "Inner",
    "Startup Cost": 398618.3,
    "Total Cost": 547128.38,
    "Plan Rows": 18,
    "Plan Width": 71,
    "Actual Startup Time": 3267.721,
    "Actual Total Time": 15373.451,
    "Actual Rows": 354,
    "Actual Loops": 1,
    "Inner Unique": false,
    "Join Filter": "(t.id = mc.movie_id)",
    "Rows Removed by Join Filter": 63143582,
    "Plans": [
      {
        "Node Type": "Seq Scan",
        "Parent Relationship": "Outer",
        "Parallel Aware": false,
        "Relation Name": "movie_companies",
        "Alias": "mc",
        "Startup Cost": 0.0,
        "Total Cost": 57926.93,
        "Plan Rows": 14508,
        "Plan Width": 12,
        "Actual Startup Time": 21.398,
        "Actual Total Time": 524.849,
        "Actual Rows": 61664,
        "Actual Loops": 1,
        "Filter": "(((note)::text ~~ '%(200%)%'::text) AND ((note)::text ~~ '%(worldwide)%'::text))",
        "Rows Removed by Filter": 2547465
      },
      {
        "Node Type": "Materialize",
        "Parent Relationship": "Inner",
        "Parallel Aware": false,
        "Startup Cost": 398618.3,
        "Total Cost": 485284.33,
        "Plan Rows": 18,
        "Plan Width": 79,
        "Actual Startup Time": 0.034,
        "Actual Total Time": 0.107,
        "Actual Rows": 1024,
        "Actual Loops": 61664,
        "Plans": [
          {
            "Node Type": "Hash Join",
            "Parent Relationship": "Outer",
            "Parallel Aware": false,
            "Join Type": "Inner",
            "Startup Cost": 398618.3,
            "Total Cost": 485284.24,
            "Plan Rows": 18,
            "Plan Width": 79,
            "Actual Startup Time": 2064.216,
            "Actual Total Time": 3002.609,
            "Actual Rows": 1024,
            "Actual Loops": 1,
            "Inner Unique": true,
            "Hash Cond": "(mi.info_type_id = it1.id)",
            "Plans": [
              {
                "Node Type": "Hash Join",
                "Parent Relationship": "Outer",
                "Parallel Aware": false,
                "Join Type": "Inner",
                "Startup Cost": 398615.88,
                "Total Cost": 485275.23,
                "Plan Rows": 2418,
                "Plan Width": 83,
                "Actual Startup Time": 2064.154,
                "Actual Total Time": 3002.282,
                "Actual Rows": 1024,
                "Actual Loops": 1,
                "Inner Unique": false,
                "Hash Cond": "(mk.movie_id = t.id)",
                "Plans": [
                  {
                    "Node Type": "Seq Scan",
                    "Parent Relationship": "Outer",
                    "Parallel Aware": false,
                    "Relation Name": "movie_keyword",
                    "Alias": "mk",
                    "Startup Cost": 0.0,
                    "Total Cost": 69693.3,
                    "Plan Rows": 4523930,
                    "Plan Width": 8,
                    "Actual Startup Time": 0.014,
                    "Actual Total Time": 471.963,
                    "Actual Rows": 4523930,
                    "Actual Loops": 1
                  },
                  {
                    "Node Type": "Hash",
                    "Parent Relationship": "Inner",
                    "Parallel Aware": false,
                    "Startup Cost": 398614.95,
                    "Total Cost": 398614.95,
                    "Plan Rows": 74,
                    "Plan Width": 75,
                    "Actual Startup Time": 2046.569,
                    "Actual Total Time": 2046.616,
                    "Actual Rows": 111,
                    "Actual Loops": 1,
                    "Hash Buckets": 1024,
                    "Original Hash Buckets": 1024,
                    "Hash Batches": 1,
                    "Original Hash Batches": 1,
                    "Peak Memory Usage": 18,
                    "Plans": [
                      {
                        "Node Type": "Hash Join",
                        "Parent Relationship": "Outer",
                        "Parallel Aware": false,
                        "Join Type": "Inner",
                        "Startup Cost": 387452.6,
                        "Total Cost": 398614.95,
                        "Plan Rows": 74,
                        "Plan Width": 75,
                        "Actual Startup Time": 1941.846,
                        "Actual Total Time": 2046.544,
                        "Actual Rows": 111,
                        "Actual Loops": 1,
                        "Inner Unique": false,
                        "Hash Cond": "(at.movie_id = t.id)",
                        "Plans": [
                          {
                            "Node Type": "Seq Scan",
                            "Parent Relationship": "Outer",
                            "Parallel Aware": false,
                            "Relation Name": "aka_title",
                            "Alias": "at",
                            "Startup Cost": 0.0,
                            "Total Cost": 9806.72,
                            "Plan Rows": 361472,
                            "Plan Width": 4,
                            "Actual Startup Time": 0.029,
                            "Actual Total Time": 63.62,
                            "Actual Rows": 361472,
                            "Actual Loops": 1
                          },
                          {
                            "Node Type": "Hash",
                            "Parent Relationship": "Inner",
                            "Parallel Aware": false,
                            "Startup Cost": 387451.63,
                            "Total Cost": 387451.63,
                            "Plan Rows": 78,
                            "Plan Width": 71,
                            "Actual Startup Time": 1941.627,
                            "Actual Total Time": 1941.673,
                            "Actual Rows": 1749,
                            "Actual Loops": 1,
                            "Hash Buckets": 2048,
                            "Original Hash Buckets": 1024,
                            "Hash Batches": 1,
                            "Original Hash Batches": 1,
                            "Peak Memory Usage": 162,
                            "Plans": [
                              {
                                "Node Type": "Nested Loop",
                                "Parent Relationship": "Outer",
                                "Parallel Aware": false,
                                "Join Type": "Inner",
                                "Startup Cost": 0.43,
                                "Total Cost": 387451.63,
                                "Plan Rows": 78,
                                "Plan Width": 71,
                                "Actual Startup Time": 71.638,
                                "Actual Total Time": 1940.897,
                                "Actual Rows": 1749,
                                "Actual Loops": 1,
                                "Inner Unique": true,
                                "Plans": [
                                  {
                                    "Node Type": "Seq Scan",
                                    "Parent Relationship": "Outer",
                                    "Parallel Aware": false,
                                    "Relation Name": "movie_info",
                                    "Alias": "mi",
                                    "Startup Cost": 0.0,
                                    "Total Cost": 386247.28,
                                    "Plan Rows": 143,
                                    "Plan Width": 50,
                                    "Actual Startup Time": 71.579,
                                    "Actual Total Time": 1921.166,
                                    "Actual Rows": 1771,
                                    "Actual Loops": 1,
                                    "Filter": "(((note)::text ~~ '%internet%'::text) AND ((info)::text ~~ 'USA:% 200%'::text))",
                                    "Rows Removed by Filter": 14833949
                                  },
                                  {
                                    "Node Type": "Index Scan",
                                    "Parent Relationship": "Inner",
                                    "Parallel Aware": false,
                                    "Scan Direction": "Forward",
                                    "Index Name": "title_pkey",
                                    "Relation Name": "title",
                                    "Alias": "t",
                                    "Startup Cost": 0.43,
                                    "Total Cost": 8.42,
                                    "Plan Rows": 1,
                                    "Plan Width": 21,
                                    "Actual Startup Time": 0.01,
                                    "Actual Total Time": 0.01,
                                    "Actual Rows": 1,
                                    "Actual Loops": 1771,
                                    "Index Cond": "(id = mi.movie_id)",
                                    "Rows Removed by Index Recheck": 0,
                                    "Filter": "(production_year > 2000)",
                                    "Rows Removed by Filter": 0
                                  }
                                ]
                              }
                            ]
                          }
                        ]
                      }
                    ]
                  }
                ]
              },
              {
                "Node Type": "Hash",
                "Parent Relationship": "Inner",
                "Parallel Aware": false,
                "Startup Cost": 2.41,
                "Total Cost": 2.41,
                "Plan Rows": 1,
                "Plan Width": 4,
                "Actual Startup Time": 0.033,
                "Actual Total Time": 0.033,
                "Actual Rows": 1,
                "Actual Loops": 1,
                "Hash Buckets": 1024,
                "Original Hash Buckets": 1024,
                "Hash Batches": 1,
                "Original Hash Batches": 1,
                "Peak Memory Usage": 9,
                "Plans": [
                  {
                    "Node Type": "Seq Scan",
                    "Parent Relationship": "Outer",
                    "Parallel Aware": false,
                    "Relation Name": "info_type",
                    "Alias": "it1",
                    "Startup Cost": 0.0,
                    "Total Cost": 2.41,
                    "Plan Rows": 1,
                    "Plan Width": 4,
                    "Actual Startup Time": 0.012,
                    "Actual Total Time": 0.019,
                    "Actual Rows": 1,
                    "Actual Loops": 1,
                    "Filter": "((info)::text = 'release dates'::text)",
                    "Rows Removed by Filter": 112
                  }
                ]
              }
            ]
          }
        ]
      }
    ]
  }
}