{
  "Plan": {
    "Node Type": "Nested Loop",
    "Parent Relationship": "Outer",
    "Parallel Aware": false,
    "Join Type": "Inner",
    "Startup Cost": 0.0,
    "Total Cost": 386251.47,
    "Plan Rows": 1,
    "Plan Width": 46,
    "Actual Startup Time": 415.288,
    "Actual Total Time": 1822.636,
    "Actual Rows": 1771,
    "Actual Loops": 1,
    "Inner Unique": false,
    "Join Filter": "(it1.id = mi.info_type_id)",
    "Rows Removed by Join Filter": 0,
    "Plans": [
      {
        "Node Type": "Seq Scan",
        "Parent Relationship": "Outer",
        "Parallel Aware": false,
        "Relation Name": "info_type",
        "Alias": "it1",
        "Startup Cost": 0.0,
        "Total Cost": 2.41,
        "Plan Rows": 1,
        "Plan Width": 4,
        "Actual Startup Time": 0.012,
        "Actual Total Time": 0.022,
        "Actual Rows": 1,
        "Actual Loops": 1,
        "Filter": "((info)::text = 'release dates'::text)",
        "Rows Removed by Filter": 112
      },
      {
        "Node Type": "Seq Scan",
        "Parent Relationship": "Inner",
        "Parallel Aware": false,
        "Relation Name": "movie_info",
        "Alias": "mi",
        "Startup Cost": 0.0,
        "Total Cost": 386247.28,
        "Plan Rows": 143,
        "Plan Width": 50,
        "Actual Startup Time": 415.275,
        "Actual Total Time": 1821.151,
        "Actual Rows": 1771,
        "Actual Loops": 1,
        "Filter": "(((note)::text ~~ '%internet%'::text) AND ((info)::text ~~ 'USA:% 200%'::text))",
        "Rows Removed by Filter": 14833949
      }
    ]
  }
}