{
  "Plan": {
    "Node Type": "Nested Loop",
    "Parent Relationship": "Outer",
    "Parallel Aware": false,
    "Join Type": "Inner",
    "Startup Cost": 0.0,
    "Total Cost": 423627.89,
    "Plan Rows": 2,
    "Plan Width": 46,
    "Actual Startup Time": 448.899,
    "Actual Total Time": 1874.602,
    "Actual Rows": 1783,
    "Actual Loops": 1,
    "Inner Unique": false,
    "Join Filter": "(it1.id = mi.info_type_id)",
    "Rows Removed by Join Filter": 0,
    "Plans": [
      {
        "Node Type": "Seq Scan",
        "Parent Relationship": "Outer",
        "Parallel Aware": false,
        "Relation Name": "info_type",
        "Alias": "it1",
        "Startup Cost": 0.0,
        "Total Cost": 2.41,
        "Plan Rows": 1,
        "Plan Width": 4,
        "Actual Startup Time": 0.011,
        "Actual Total Time": 0.021,
        "Actual Rows": 1,
        "Actual Loops": 1,
        "Filter": "((info)::text = 'release dates'::text)",
        "Rows Removed by Filter": 112
      },
      {
        "Node Type": "Seq Scan",
        "Parent Relationship": "Inner",
        "Parallel Aware": false,
        "Relation Name": "movie_info",
        "Alias": "mi",
        "Startup Cost": 0.0,
        "Total Cost": 423622.99,
        "Plan Rows": 199,
        "Plan Width": 50,
        "Actual Startup Time": 448.886,
        "Actual Total Time": 1874.157,
        "Actual Rows": 1783,
        "Actual Loops": 1,
        "Filter": "((info IS NOT NULL) AND ((note)::text ~~ '%internet%'::text) AND (((info)::text ~~ 'USA:% 199%'::text) OR ((info)::text ~~ 'USA:% 200%'::text)))",
        "Rows Removed by Filter": 14833937
      }
    ]
  }
}