{
  "Plan": {
    "Node Type": "Nested Loop",
    "Parent Relationship": "Outer",
    "Parallel Aware": false,
    "Join Type": "Inner",
    "Startup Cost": 0.0,
    "Total Cost": 64628.24,
    "Plan Rows": 1,
    "Plan Width": 8,
    "Actual Startup Time": 48.769,
    "Actual Total Time": 489.407,
    "Actual Rows": 278,
    "Actual Loops": 1,
    "Inner Unique": false,
    "Join Filter": "(cn.id = mc.company_id)",
    "Rows Removed by Join Filter": 61386,
    "Plans": [
      {
        "Node Type": "Seq Scan",
        "Parent Relationship": "Outer",
        "Parallel Aware": false,
        "Relation Name": "company_name",
        "Alias": "cn",
        "Startup Cost": 0.0,
        "Total Cost": 6519.95,
        "Plan Rows": 1,
        "Plan Width": 4,
        "Actual Startup Time": 4.607,
        "Actual Total Time": 30.622,
        "Actual Rows": 1,
        "Actual Loops": 1,
        "Filter": "(((country_code)::text = '[us]'::text) AND ((name)::text = 'YouTube'::text))",
        "Rows Removed by Filter": 234996
      },
      {
        "Node Type": "Seq Scan",
        "Parent Relationship": "Inner",
        "Parallel Aware": false,
        "Relation Name": "movie_companies",
        "Alias": "mc",
        "Startup Cost": 0.0,
        "Total Cost": 57926.93,
        "Plan Rows": 14508,
        "Plan Width": 12,
        "Actual Startup Time": 0.869,
        "Actual Total Time": 453.569,
        "Actual Rows": 61664,
        "Actual Loops": 1,
        "Filter": "(((note)::text ~~ '%(200%)%'::text) AND ((note)::text ~~ '%(worldwide)%'::text))",
        "Rows Removed by Filter": 2547465
      }
    ]
  }
}