{
  "Plan": {
    "Node Type": "Nested Loop",
    "Parent Relationship": "Inner",
    "Parallel Aware": false,
    "Join Type": "Inner",
    "Startup Cost": 64629.25,
    "Total Cost": 151292.64,
    "Plan Rows": 3,
    "Plan Width": 29,
    "Actual Startup Time": 36.03,
    "Actual Total Time": 937.013,
    "Actual Rows": 431,
    "Actual Loops": 116,
    "Inner Unique": true,
    "Plans": [
      {
        "Node Type": "Nested Loop",
        "Parent Relationship": "Outer",
        "Parallel Aware": false,
        "Join Type": "Inner",
        "Startup Cost": 64628.83,
        "Total Cost": 151291.32,
        "Plan Rows": 3,
        "Plan Width": 33,
        "Actual Startup Time": 36.021,
        "Actual Total Time": 935.299,
        "Actual Rows": 431,
        "Actual Loops": 116,
        "Inner Unique": true,
        "Plans": [
          {
            "Node Type": "Nested Loop",
            "Parent Relationship": "Outer",
            "Parallel Aware": false,
            "Join Type": "Inner",
            "Startup Cost": 64628.68,
            "Total Cost": 151290.81,
            "Plan Rows": 3,
            "Plan Width": 37,
            "Actual Startup Time": 36.014,
            "Actual Total Time": 934.672,
            "Actual Rows": 431,
            "Actual Loops": 116,
            "Inner Unique": true,
            "Plans": [
              {
                "Node Type": "Hash Join",
                "Parent Relationship": "Outer",
                "Parallel Aware": false,
                "Join Type": "Inner",
                "Startup Cost": 64628.25,
                "Total Cost": 151286.38,
                "Plan Rows": 9,
                "Plan Width": 16,
                "Actual Startup Time": 35.993,
                "Actual Total Time": 933.007,
                "Actual Rows": 498,
                "Actual Loops": 116,
                "Inner Unique": false,
                "Hash Cond": "(mk.movie_id = mc.movie_id)",
                "Plans": [
                  {
                    "Node Type": "Seq Scan",
                    "Parent Relationship": "Outer",
                    "Parallel Aware": false,
                    "Relation Name": "movie_keyword",
                    "Alias": "mk",
                    "Startup Cost": 0.0,
                    "Total Cost": 69693.3,
                    "Plan Rows": 4523930,
                    "Plan Width": 8,
                    "Actual Startup Time": 0.005,
                    "Actual Total Time": 441.347,
                    "Actual Rows": 4523930,
                    "Actual Loops": 116
                  },
                  {
                    "Node Type": "Hash",
                    "Parent Relationship": "Inner",
                    "Parallel Aware": false,
                    "Startup Cost": 64628.24,
                    "Total Cost": 64628.24,
                    "Plan Rows": 1,
                    "Plan Width": 8,
                    "Actual Startup Time": 489.523,
                    "Actual Total Time": 489.525,
                    "Actual Rows": 278,
                    "Actual Loops": 1,
                    "Hash Buckets": 1024,
                    "Original Hash Buckets": 1024,
                    "Hash Batches": 1,
                    "Original Hash Batches": 1,
                    "Peak Memory Usage": 19,
                    "Plans": [
                      {
                        "Node Type": "Nested Loop",
                        "Parent Relationship": "Outer",
                        "Parallel Aware": false,
                        "Join Type": "Inner",
                        "Startup Cost": 0.0,
                        "Total Cost": 64628.24,
                        "Plan Rows": 1,
                        "Plan Width": 8,
                        "Actual Startup Time": 48.769,
                        "Actual Total Time": 489.407,
                        "Actual Rows": 278,
                        "Actual Loops": 1,
                        "Inner Unique": false,
                        "Join Filter": "(cn.id = mc.company_id)",
                        "Rows Removed by Join Filter": 61386,
                        "Plans": [
                          {
                            "Node Type": "Seq Scan",
                            "Parent Relationship": "Outer",
                            "Parallel Aware": false,
                            "Relation Name": "company_name",
                            "Alias": "cn",
                            "Startup Cost": 0.0,
                            "Total Cost": 6519.95,
                            "Plan Rows": 1,
                            "Plan Width": 4,
                            "Actual Startup Time": 4.607,
                            "Actual Total Time": 30.622,
                            "Actual Rows": 1,
                            "Actual Loops": 1,
                            "Filter": "(((country_code)::text = '[us]'::text) AND ((name)::text = 'YouTube'::text))",
                            "Rows Removed by Filter": 234996
                          },
                          {
                            "Node Type": "Seq Scan",
                            "Parent Relationship": "Inner",
                            "Parallel Aware": false,
                            "Relation Name": "movie_companies",
                            "Alias": "mc",
                            "Startup Cost": 0.0,
                            "Total Cost": 57926.93,
                            "Plan Rows": 14508,
                            "Plan Width": 12,
                            "Actual Startup Time": 0.869,
                            "Actual Total Time": 453.569,
                            "Actual Rows": 61664,
                            "Actual Loops": 1,
                            "Filter": "(((note)::text ~~ '%(200%)%'::text) AND ((note)::text ~~ '%(worldwide)%'::text))",
                            "Rows Removed by Filter": 2547465
                          }
                        ]
                      }
                    ]
                  }
                ]
              },
              {
                "Node Type": "Index Scan",
                "Parent Relationship": "Inner",
                "Parallel Aware": false,
                "Scan Direction": "Forward",
                "Index Name": "title_pkey",
                "Relation Name": "title",
                "Alias": "t",
                "Startup Cost": 0.43,
                "Total Cost": 0.49,
                "Plan Rows": 1,
                "Plan Width": 21,
                "Actual Startup Time": 0.003,
                "Actual Total Time": 0.003,
                "Actual Rows": 1,
                "Actual Loops": 57768,
                "Index Cond": "(id = mk.movie_id)",
                "Rows Removed by Index Recheck": 0,
                "Filter": "((production_year >= 2005) AND (production_year <= 2010))",
                "Rows Removed by Filter": 0
              }
            ]
          },
          {
            "Node Type": "Index Only Scan",
            "Parent Relationship": "Inner",
            "Parallel Aware": false,
            "Scan Direction": "Forward",
            "Index Name": "company_type_pkey",
            "Relation Name": "company_type",
            "Alias": "ct",
            "Startup Cost": 0.15,
            "Total Cost": 0.17,
            "Plan Rows": 1,
            "Plan Width": 4,
            "Actual Startup Time": 0.001,
            "Actual Total Time": 0.001,
            "Actual Rows": 1,
            "Actual Loops": 49996,
            "Index Cond": "(id = mc.company_type_id)",
            "Rows Removed by Index Recheck": 0,
            "Heap Fetches": 49996
          }
        ]
      },
      {
        "Node Type": "Index Only Scan",
        "Parent Relationship": "Inner",
        "Parallel Aware": false,
        "Scan Direction": "Forward",
        "Index Name": "keyword_pkey",
        "Relation Name": "keyword",
        "Alias": "k",
        "Startup Cost": 0.42,
        "Total Cost": 0.44,
        "Plan Rows": 1,
        "Plan Width": 4,
        "Actual Startup Time": 0.003,
        "Actual Total Time": 0.003,
        "Actual Rows": 1,
        "Actual Loops": 49996,
        "Index Cond": "(id = mk.keyword_id)",
        "Rows Removed by Index Recheck": 0,
        "Heap Fetches": 49996
      }
    ]
  }
}