{
  "Plan": {
    "Node Type": "Nested Loop",
    "Parent Relationship": "Outer",
    "Parallel Aware": false,
    "Join Type": "Inner",
    "Startup Cost": 435242.46,
    "Total Cost": 489911.67,
    "Plan Rows": 3,
    "Plan Width": 58,
    "Actual Startup Time": 1977.835,
    "Actual Total Time": 2527.132,
    "Actual Rows": 284,
    "Actual Loops": 1,
    "Inner Unique": true,
    "Plans": [
      {
        "Node Type": "Hash Join",
        "Parent Relationship": "Outer",
        "Parallel Aware": false,
        "Join Type": "Inner",
        "Startup Cost": 435242.04,
        "Total Cost": 489907.66,
        "Plan Rows": 9,
        "Plan Width": 62,
        "Actual Startup Time": 1976.886,
        "Actual Total Time": 2524.892,
        "Actual Rows": 400,
        "Actual Loops": 1,
        "Inner Unique": false,
        "Hash Cond": "(mc.movie_id = at.movie_id)",
        "Plans": [
          {
            "Node Type": "Seq Scan",
            "Parent Relationship": "Outer",
            "Parallel Aware": false,
            "Relation Name": "movie_companies",
            "Alias": "mc",
            "Startup Cost": 0.0,
            "Total Cost": 44881.29,
            "Plan Rows": 2609129,
            "Plan Width": 12,
            "Actual Startup Time": 0.014,
            "Actual Total Time": 271.332,
            "Actual Rows": 2609129,
            "Actual Loops": 1
          },
          {
            "Node Type": "Hash",
            "Parent Relationship": "Inner",
            "Parallel Aware": false,
            "Startup Cost": 435242.01,
            "Total Cost": 435242.01,
            "Plan Rows": 2,
            "Plan Width": 50,
            "Actual Startup Time": 1972.733,
            "Actual Total Time": 1972.735,
            "Actual Rows": 120,
            "Actual Loops": 1,
            "Hash Buckets": 1024,
            "Original Hash Buckets": 1024,
            "Hash Batches": 1,
            "Original Hash Batches": 1,
            "Peak Memory Usage": 16,
            "Plans": [
              {
                "Node Type": "Hash Join",
                "Parent Relationship": "Outer",
                "Parallel Aware": false,
                "Join Type": "Inner",
                "Startup Cost": 423627.91,
                "Total Cost": 435242.01,
                "Plan Rows": 2,
                "Plan Width": 50,
                "Actual Startup Time": 1875.73,
                "Actual Total Time": 1972.68,
                "Actual Rows": 120,
                "Actual Loops": 1,
                "Inner Unique": false,
                "Hash Cond": "(at.movie_id = mi.movie_id)",
                "Plans": [
                  {
                    "Node Type": "Seq Scan",
                    "Parent Relationship": "Outer",
                    "Parallel Aware": false,
                    "Relation Name": "aka_title",
                    "Alias": "at",
                    "Startup Cost": 0.0,
                    "Total Cost": 9806.72,
                    "Plan Rows": 361472,
                    "Plan Width": 4,
                    "Actual Startup Time": 0.01,
                    "Actual Total Time": 56.289,
                    "Actual Rows": 361472,
                    "Actual Loops": 1
                  },
                  {
                    "Node Type": "Hash",
                    "Parent Relationship": "Inner",
                    "Parallel Aware": false,
                    "Startup Cost": 423627.89,
                    "Total Cost": 423627.89,
                    "Plan Rows": 2,
                    "Plan Width": 46,
                    "Actual Startup Time": 1875.215,
                    "Actual Total Time": 1875.216,
                    "Actual Rows": 1783,
                    "Actual Loops": 1,
                    "Hash Buckets": 2048,
                    "Original Hash Buckets": 1024,
                    "Hash Batches": 1,
                    "Original Hash Batches": 1,
                    "Peak Memory Usage": 115,
                    "Plans": [
                      {
                        "Node Type": "Nested Loop",
                        "Parent Relationship": "Outer",
                        "Parallel Aware": false,
                        "Join Type": "Inner",
                        "Startup Cost": 0.0,
                        "Total Cost": 423627.89,
                        "Plan Rows": 2,
                        "Plan Width": 46,
                        "Actual Startup Time": 448.899,
                        "Actual Total Time": 1874.602,
                        "Actual Rows": 1783,
                        "Actual Loops": 1,
                        "Inner Unique": false,
                        "Join Filter": "(it1.id = mi.info_type_id)",
                        "Rows Removed by Join Filter": 0,
                        "Plans": [
                          {
                            "Node Type": "Seq Scan",
                            "Parent Relationship": "Outer",
                            "Parallel Aware": false,
                            "Relation Name": "info_type",
                            "Alias": "it1",
                            "Startup Cost": 0.0,
                            "Total Cost": 2.41,
                            "Plan Rows": 1,
                            "Plan Width": 4,
                            "Actual Startup Time": 0.011,
                            "Actual Total Time": 0.021,
                            "Actual Rows": 1,
                            "Actual Loops": 1,
                            "Filter": "((info)::text = 'release dates'::text)",
                            "Rows Removed by Filter": 112
                          },
                          {
                            "Node Type": "Seq Scan",
                            "Parent Relationship": "Inner",
                            "Parallel Aware": false,
                            "Relation Name": "movie_info",
                            "Alias": "mi",
                            "Startup Cost": 0.0,
                            "Total Cost": 423622.99,
                            "Plan Rows": 199,
                            "Plan Width": 50,
                            "Actual Startup Time": 448.886,
                            "Actual Total Time": 1874.157,
                            "Actual Rows": 1783,
                            "Actual Loops": 1,
                            "Filter": "((info IS NOT NULL) AND ((note)::text ~~ '%internet%'::text) AND (((info)::text ~~ 'USA:% 199%'::text) OR ((info)::text ~~ 'USA:% 200%'::text)))",
                            "Rows Removed by Filter": 14833937
                          }
                        ]
                      }
                    ]
                  }
                ]
              }
            ]
          }
        ]
      },
      {
        "Node Type": "Index Scan",
        "Parent Relationship": "Inner",
        "Parallel Aware": false,
        "Scan Direction": "Forward",
        "Index Name": "company_name_pkey",
        "Relation Name": "company_name",
        "Alias": "cn",
        "Startup Cost": 0.42,
        "Total Cost": 0.45,
        "Plan Rows": 1,
        "Plan Width": 4,
        "Actual Startup Time": 0.005,
        "Actual Total Time": 0.005,
        "Actual Rows": 1,
        "Actual Loops": 400,
        "Index Cond": "(id = mc.company_id)",
        "Rows Removed by Index Recheck": 0,
        "Filter": "((country_code)::text = '[us]'::text)",
        "Rows Removed by Filter": 0
      }
    ]
  }
}