{
  "Plan": {
    "Node Type": "Nested Loop",
    "Parent Relationship": "Outer",
    "Parallel Aware": false,
    "Join Type": "Inner",
    "Startup Cost": 2626.72,
    "Total Cost": 433676.28,
    "Plan Rows": 1,
    "Plan Width": 17,
    "Actual Startup Time": 2054.036,
    "Actual Total Time": 2922.591,
    "Actual Rows": 5,
    "Actual Loops": 1,
    "Inner Unique": false,
    "Join Filter": "(t.id = mi.movie_id)",
    "Rows Removed by Join Filter": 926230,
    "Plans": [
      {
        "Node Type": "Seq Scan",
        "Parent Relationship": "Outer",
        "Parallel Aware": false,
        "Relation Name": "movie_info",
        "Alias": "mi",
        "Startup Cost": 0.0,
        "Total Cost": 348871.56,
        "Plan Rows": 387,
        "Plan Width": 4,
        "Actual Startup Time": 813.493,
        "Actual Total Time": 1743.369,
        "Actual Rows": 2287,
        "Actual Loops": 1,
        "Filter": "((info)::text = 'Bulgaria'::text)",
        "Rows Removed by Filter": 14833433
      },
      {
        "Node Type": "Materialize",
        "Parent Relationship": "Inner",
        "Parallel Aware": false,
        "Startup Cost": 2626.72,
        "Total Cost": 84410.15,
        "Plan Rows": 68,
        "Plan Width": 25,
        "Actual Startup Time": 0.025,
        "Actual Total Time": 0.471,
        "Actual Rows": 405,
        "Actual Loops": 2287,
        "Plans": [
          {
            "Node Type": "Nested Loop",
            "Parent Relationship": "Outer",
            "Parallel Aware": false,
            "Join Type": "Inner",
            "Startup Cost": 2626.72,
            "Total Cost": 84409.81,
            "Plan Rows": 68,
            "Plan Width": 25,
            "Actual Startup Time": 57.489,
            "Actual Total Time": 1026.246,
            "Actual Rows": 405,
            "Actual Loops": 1,
            "Inner Unique": true,
            "Plans": [
              {
                "Node Type": "Hash Join",
                "Parent Relationship": "Outer",
                "Parallel Aware": false,
                "Join Type": "Inner",
                "Startup Cost": 2626.29,
                "Total Cost": 84195.28,
                "Plan Rows": 438,
                "Plan Width": 4,
                "Actual Startup Time": 25.199,
                "Actual Total Time": 985.38,
                "Actual Rows": 12951,
                "Actual Loops": 1,
                "Inner Unique": true,
                "Hash Cond": "(mk.keyword_id = k.id)",
                "Plans": [
                  {
                    "Node Type": "Seq Scan",
                    "Parent Relationship": "Outer",
                    "Parallel Aware": false,
                    "Relation Name": "movie_keyword",
                    "Alias": "mk",
                    "Startup Cost": 0.0,
                    "Total Cost": 69693.3,
                    "Plan Rows": 4523930,
                    "Plan Width": 8,
                    "Actual Startup Time": 0.02,
                    "Actual Total Time": 467.551,
                    "Actual Rows": 4523930,
                    "Actual Loops": 1
                  },
                  {
                    "Node Type": "Hash",
                    "Parent Relationship": "Inner",
                    "Parallel Aware": false,
                    "Startup Cost": 2626.12,
                    "Total Cost": 2626.12,
                    "Plan Rows": 13,
                    "Plan Width": 4,
                    "Actual Startup Time": 24.611,
                    "Actual Total Time": 24.612,
                    "Actual Rows": 30,
                    "Actual Loops": 1,
                    "Hash Buckets": 1024,
                    "Original Hash Buckets": 1024,
                    "Hash Batches": 1,
                    "Original Hash Batches": 1,
                    "Peak Memory Usage": 10,
                    "Plans": [
                      {
                        "Node Type": "Seq Scan",
                        "Parent Relationship": "Outer",
                        "Parallel Aware": false,
                        "Relation Name": "keyword",
                        "Alias": "k",
                        "Startup Cost": 0.0,
                        "Total Cost": 2626.12,
                        "Plan Rows": 13,
                        "Plan Width": 4,
                        "Actual Startup Time": 1.323,
                        "Actual Total Time": 24.597,
                        "Actual Rows": 30,
                        "Actual Loops": 1,
                        "Filter": "((keyword)::text ~~ '%sequel%'::text)",
                        "Rows Removed by Filter": 134140
                      }
                    ]
                  }
                ]
              },
              {
                "Node Type": "Index Scan",
                "Parent Relationship": "Inner",
                "Parallel Aware": false,
                "Scan Direction": "Forward",
                "Index Name": "title_pkey",
                "Relation Name": "title",
                "Alias": "t",
                "Startup Cost": 0.43,
                "Total Cost": 0.49,
                "Plan Rows": 1,
                "Plan Width": 21,
                "Actual Startup Time": 0.003,
                "Actual Total Time": 0.003,
                "Actual Rows": 0,
                "Actual Loops": 12951,
                "Index Cond": "(id = mk.movie_id)",
                "Rows Removed by Index Recheck": 0,
                "Filter": "(production_year > 2010)",
                "Rows Removed by Filter": 1
              }
            ]
          }
        ]
      }
    ]
  }
}