{
  "Plan": {
    "Node Type": "Hash Join",
    "Parent Relationship": "Outer",
    "Parallel Aware": false,
    "Join Type": "Inner",
    "Startup Cost": 349297.6,
    "Total Cost": 360459.89,
    "Plan Rows": 32,
    "Plan Width": 50,
    "Actual Startup Time": 1861.307,
    "Actual Total Time": 1970.271,
    "Actual Rows": 584,
    "Actual Loops": 1,
    "Inner Unique": false,
    "Hash Cond": "(at.movie_id = t.id)",
    "Plans": [
      {
        "Node Type": "Seq Scan",
        "Parent Relationship": "Outer",
        "Parallel Aware": false,
        "Relation Name": "aka_title",
        "Alias": "at",
        "Startup Cost": 0.0,
        "Total Cost": 9806.72,
        "Plan Rows": 361472,
        "Plan Width": 25,
        "Actual Startup Time": 0.008,
        "Actual Total Time": 65.629,
        "Actual Rows": 361472,
        "Actual Loops": 1
      },
      {
        "Node Type": "Hash",
        "Parent Relationship": "Inner",
        "Parallel Aware": false,
        "Startup Cost": 349297.18,
        "Total Cost": 349297.18,
        "Plan Rows": 34,
        "Plan Width": 25,
        "Actual Startup Time": 1861.236,
        "Actual Total Time": 1861.238,
        "Actual Rows": 10662,
        "Actual Loops": 1,
        "Hash Buckets": 16384,
        "Original Hash Buckets": 1024,
        "Hash Batches": 1,
        "Original Hash Batches": 1,
        "Peak Memory Usage": 755,
        "Plans": [
          {
            "Node Type": "Nested Loop",
            "Parent Relationship": "Outer",
            "Parallel Aware": false,
            "Join Type": "Inner",
            "Startup Cost": 0.43,
            "Total Cost": 349297.18,
            "Plan Rows": 34,
            "Plan Width": 25,
            "Actual Startup Time": 417.118,
            "Actual Total Time": 1858.011,
            "Actual Rows": 10662,
            "Actual Loops": 1,
            "Inner Unique": true,
            "Plans": [
              {
                "Node Type": "Nested Loop",
                "Parent Relationship": "Outer",
                "Parallel Aware": false,
                "Join Type": "Inner",
                "Startup Cost": 0.0,
                "Total Cost": 348943.36,
                "Plan Rows": 49,
                "Plan Width": 4,
                "Actual Startup Time": 417.059,
                "Actual Total Time": 1768.368,
                "Actual Rows": 10679,
                "Actual Loops": 1,
                "Inner Unique": false,
                "Join Filter": "(it1.id = mi.info_type_id)",
                "Rows Removed by Join Filter": 131,
                "Plans": [
                  {
                    "Node Type": "Seq Scan",
                    "Parent Relationship": "Outer",
                    "Parallel Aware": false,
                    "Relation Name": "info_type",
                    "Alias": "it1",
                    "Startup Cost": 0.0,
                    "Total Cost": 2.41,
                    "Plan Rows": 1,
                    "Plan Width": 4,
                    "Actual Startup Time": 0.008,
                    "Actual Total Time": 0.017,
                    "Actual Rows": 1,
                    "Actual Loops": 1,
                    "Filter": "((info)::text = 'release dates'::text)",
                    "Rows Removed by Filter": 112
                  },
                  {
                    "Node Type": "Seq Scan",
                    "Parent Relationship": "Inner",
                    "Parallel Aware": false,
                    "Relation Name": "movie_info",
                    "Alias": "mi",
                    "Startup Cost": 0.0,
                    "Total Cost": 348871.56,
                    "Plan Rows": 5551,
                    "Plan Width": 8,
                    "Actual Startup Time": 27.101,
                    "Actual Total Time": 1766.569,
                    "Actual Rows": 10810,
                    "Actual Loops": 1,
                    "Filter": "((note)::text ~~ '%internet%'::text)",
                    "Rows Removed by Filter": 14824910
                  }
                ]
              },
              {
                "Node Type": "Index Scan",
                "Parent Relationship": "Inner",
                "Parallel Aware": false,
                "Scan Direction": "Forward",
                "Index Name": "title_pkey",
                "Relation Name": "title",
                "Alias": "t",
                "Startup Cost": 0.43,
                "Total Cost": 7.22,
                "Plan Rows": 1,
                "Plan Width": 21,
                "Actual Startup Time": 0.008,
                "Actual Total Time": 0.008,
                "Actual Rows": 1,
                "Actual Loops": 10679,
                "Index Cond": "(id = mi.movie_id)",
                "Rows Removed by Index Recheck": 0,
                "Filter": "(production_year > 1990)",
                "Rows Removed by Filter": 0
              }
            ]
          }
        ]
      }
    ]
  }
}