{
  "Plan": {
    "Node Type": "Nested Loop",
    "Parent Relationship": "Outer",
    "Parallel Aware": false,
    "Join Type": "Inner",
    "Startup Cost": 0.0,
    "Total Cost": 348943.36,
    "Plan Rows": 49,
    "Plan Width": 4,
    "Actual Startup Time": 417.059,
    "Actual Total Time": 1768.368,
    "Actual Rows": 10679,
    "Actual Loops": 1,
    "Inner Unique": false,
    "Join Filter": "(it1.id = mi.info_type_id)",
    "Rows Removed by Join Filter": 131,
    "Plans": [
      {
        "Node Type": "Seq Scan",
        "Parent Relationship": "Outer",
        "Parallel Aware": false,
        "Relation Name": "info_type",
        "Alias": "it1",
        "Startup Cost": 0.0,
        "Total Cost": 2.41,
        "Plan Rows": 1,
        "Plan Width": 4,
        "Actual Startup Time": 0.008,
        "Actual Total Time": 0.017,
        "Actual Rows": 1,
        "Actual Loops": 1,
        "Filter": "((info)::text = 'release dates'::text)",
        "Rows Removed by Filter": 112
      },
      {
        "Node Type": "Seq Scan",
        "Parent Relationship": "Inner",
        "Parallel Aware": false,
        "Relation Name": "movie_info",
        "Alias": "mi",
        "Startup Cost": 0.0,
        "Total Cost": 348871.56,
        "Plan Rows": 5551,
        "Plan Width": 8,
        "Actual Startup Time": 27.101,
        "Actual Total Time": 1766.569,
        "Actual Rows": 10810,
        "Actual Loops": 1,
        "Filter": "((note)::text ~~ '%internet%'::text)",
        "Rows Removed by Filter": 14824910
      }
    ]
  }
}