{
  "Plan": {
    "Node Type": "Nested Loop",
    "Parent Relationship": "Outer",
    "Parallel Aware": false,
    "Join Type": "Inner",
    "Startup Cost": 415210.31,
    "Total Cost": 502720.65,
    "Plan Rows": 1941,
    "Plan Width": 38,
    "Actual Startup Time": 2569.195,
    "Actual Total Time": 3534.512,
    "Actual Rows": 11347,
    "Actual Loops": 1,
    "Inner Unique": true,
    "Plans": [
      {
        "Node Type": "Hash Join",
        "Parent Relationship": "Outer",
        "Parallel Aware": false,
        "Join Type": "Inner",
        "Startup Cost": 415209.89,
        "Total Cost": 501868.99,
        "Plan Rows": 1941,
        "Plan Width": 42,
        "Actual Startup Time": 2569.142,
        "Actual Total Time": 3508.204,
        "Actual Rows": 11347,
        "Actual Loops": 1,
        "Inner Unique": false,
        "Hash Cond": "(mk.movie_id = t.id)",
        "Plans": [
          {
            "Node Type": "Seq Scan",
            "Parent Relationship": "Outer",
            "Parallel Aware": false,
            "Relation Name": "movie_keyword",
            "Alias": "mk",
            "Startup Cost": 0.0,
            "Total Cost": 69693.3,
            "Plan Rows": 4523930,
            "Plan Width": 8,
            "Actual Startup Time": 0.021,
            "Actual Total Time": 451.341,
            "Actual Rows": 4523930,
            "Actual Loops": 1
          },
          {
            "Node Type": "Hash",
            "Parent Relationship": "Inner",
            "Parallel Aware": false,
            "Startup Cost": 415209.15,
            "Total Cost": 415209.15,
            "Plan Rows": 59,
            "Plan Width": 54,
            "Actual Startup Time": 2561.815,
            "Actual Total Time": 2561.826,
            "Actual Rows": 875,
            "Actual Loops": 1,
            "Hash Buckets": 1024,
            "Original Hash Buckets": 1024,
            "Hash Batches": 1,
            "Original Hash Batches": 1,
            "Peak Memory Usage": 90,
            "Plans": [
              {
                "Node Type": "Nested Loop",
                "Parent Relationship": "Outer",
                "Parallel Aware": false,
                "Join Type": "Inner",
                "Startup Cost": 360460.86,
                "Total Cost": 415209.15,
                "Plan Rows": 59,
                "Plan Width": 54,
                "Actual Startup Time": 1975.899,
                "Actual Total Time": 2561.311,
                "Actual Rows": 875,
                "Actual Loops": 1,
                "Inner Unique": true,
                "Plans": [
                  {
                    "Node Type": "Nested Loop",
                    "Parent Relationship": "Outer",
                    "Parallel Aware": false,
                    "Join Type": "Inner",
                    "Startup Cost": 360460.71,
                    "Total Cost": 415199.27,
                    "Plan Rows": 59,
                    "Plan Width": 58,
                    "Actual Startup Time": 1975.851,
                    "Actual Total Time": 2559.938,
                    "Actual Rows": 875,
                    "Actual Loops": 1,
                    "Inner Unique": true,
                    "Plans": [
                      {
                        "Node Type": "Hash Join",
                        "Parent Relationship": "Outer",
                        "Parallel Aware": false,
                        "Join Type": "Inner",
                        "Startup Cost": 360460.29,
                        "Total Cost": 415126.14,
                        "Plan Rows": 164,
                        "Plan Width": 62,
                        "Actual Startup Time": 1970.822,
                        "Actual Total Time": 2550.959,
                        "Actual Rows": 2099,
                        "Actual Loops": 1,
                        "Inner Unique": false,
                        "Hash Cond": "(mc.movie_id = t.id)",
                        "Plans": [
                          {
                            "Node Type": "Seq Scan",
                            "Parent Relationship": "Outer",
                            "Parallel Aware": false,
                            "Relation Name": "movie_companies",
                            "Alias": "mc",
                            "Startup Cost": 0.0,
                            "Total Cost": 44881.29,
                            "Plan Rows": 2609129,
                            "Plan Width": 12,
                            "Actual Startup Time": 0.016,
                            "Actual Total Time": 288.508,
                            "Actual Rows": 2609129,
                            "Actual Loops": 1
                          },
                          {
                            "Node Type": "Hash",
                            "Parent Relationship": "Inner",
                            "Parallel Aware": false,
                            "Startup Cost": 360459.89,
                            "Total Cost": 360459.89,
                            "Plan Rows": 32,
                            "Plan Width": 50,
                            "Actual Startup Time": 1970.472,
                            "Actual Total Time": 1970.474,
                            "Actual Rows": 584,
                            "Actual Loops": 1,
                            "Hash Buckets": 1024,
                            "Original Hash Buckets": 1024,
                            "Hash Batches": 1,
                            "Original Hash Batches": 1,
                            "Peak Memory Usage": 60,
                            "Plans": [
                              {
                                "Node Type": "Hash Join",
                                "Parent Relationship": "Outer",
                                "Parallel Aware": false,
                                "Join Type": "Inner",
                                "Startup Cost": 349297.6,
                                "Total Cost": 360459.89,
                                "Plan Rows": 32,
                                "Plan Width": 50,
                                "Actual Startup Time": 1861.307,
                                "Actual Total Time": 1970.271,
                                "Actual Rows": 584,
                                "Actual Loops": 1,
                                "Inner Unique": false,
                                "Hash Cond": "(at.movie_id = t.id)",
                                "Plans": [
                                  {
                                    "Node Type": "Seq Scan",
                                    "Parent Relationship": "Outer",
                                    "Parallel Aware": false,
                                    "Relation Name": "aka_title",
                                    "Alias": "at",
                                    "Startup Cost": 0.0,
                                    "Total Cost": 9806.72,
                                    "Plan Rows": 361472,
                                    "Plan Width": 25,
                                    "Actual Startup Time": 0.008,
                                    "Actual Total Time": 65.629,
                                    "Actual Rows": 361472,
                                    "Actual Loops": 1
                                  },
                                  {
                                    "Node Type": "Hash",
                                    "Parent Relationship": "Inner",
                                    "Parallel Aware": false,
                                    "Startup Cost": 349297.18,
                                    "Total Cost": 349297.18,
                                    "Plan Rows": 34,
                                    "Plan Width": 25,
                                    "Actual Startup Time": 1861.236,
                                    "Actual Total Time": 1861.238,
                                    "Actual Rows": 10662,
                                    "Actual Loops": 1,
                                    "Hash Buckets": 16384,
                                    "Original Hash Buckets": 1024,
                                    "Hash Batches": 1,
                                    "Original Hash Batches": 1,
                                    "Peak Memory Usage": 755,
                                    "Plans": [
                                      {
                                        "Node Type": "Nested Loop",
                                        "Parent Relationship": "Outer",
                                        "Parallel Aware": false,
                                        "Join Type": "Inner",
                                        "Startup Cost": 0.43,
                                        "Total Cost": 349297.18,
                                        "Plan Rows": 34,
                                        "Plan Width": 25,
                                        "Actual Startup Time": 417.118,
                                        "Actual Total Time": 1858.011,
                                        "Actual Rows": 10662,
                                        "Actual Loops": 1,
                                        "Inner Unique": true,
                                        "Plans": [
                                          {
                                            "Node Type": "Nested Loop",
                                            "Parent Relationship": "Outer",
                                            "Parallel Aware": false,
                                            "Join Type": "Inner",
                                            "Startup Cost": 0.0,
                                            "Total Cost": 348943.36,
                                            "Plan Rows": 49,
                                            "Plan Width": 4,
                                            "Actual Startup Time": 417.059,
                                            "Actual Total Time": 1768.368,
                                            "Actual Rows": 10679,
                                            "Actual Loops": 1,
                                            "Inner Unique": false,
                                            "Join Filter": "(it1.id = mi.info_type_id)",
                                            "Rows Removed by Join Filter": 131,
                                            "Plans": [
                                              {
                                                "Node Type": "Seq Scan",
                                                "Parent Relationship": "Outer",
                                                "Parallel Aware": false,
                                                "Relation Name": "info_type",
                                                "Alias": "it1",
                                                "Startup Cost": 0.0,
                                                "Total Cost": 2.41,
                                                "Plan Rows": 1,
                                                "Plan Width": 4,
                                                "Actual Startup Time": 0.008,
                                                "Actual Total Time": 0.017,
                                                "Actual Rows": 1,
                                                "Actual Loops": 1,
                                                "Filter": "((info)::text = 'release dates'::text)",
                                                "Rows Removed by Filter": 112
                                              },
                                              {
                                                "Node Type": "Seq Scan",
                                                "Parent Relationship": "Inner",
                                                "Parallel Aware": false,
                                                "Relation Name": "movie_info",
                                                "Alias": "mi",
                                                "Startup Cost": 0.0,
                                                "Total Cost": 348871.56,
                                                "Plan Rows": 5551,
                                                "Plan Width": 8,
                                                "Actual Startup Time": 27.101,
                                                "Actual Total Time": 1766.569,
                                                "Actual Rows": 10810,
                                                "Actual Loops": 1,
                                                "Filter": "((note)::text ~~ '%internet%'::text)",
                                                "Rows Removed by Filter": 14824910
                                              }
                                            ]
                                          },
                                          {
                                            "Node Type": "Index Scan",
                                            "Parent Relationship": "Inner",
                                            "Parallel Aware": false,
                                            "Scan Direction": "Forward",
                                            "Index Name": "title_pkey",
                                            "Relation Name": "title",
                                            "Alias": "t",
                                            "Startup Cost": 0.43,
                                            "Total Cost": 7.22,
                                            "Plan Rows": 1,
                                            "Plan Width": 21,
                                            "Actual Startup Time": 0.008,
                                            "Actual Total Time": 0.008,
                                            "Actual Rows": 1,
                                            "Actual Loops": 10679,
                                            "Index Cond": "(id = mi.movie_id)",
                                            "Rows Removed by Index Recheck": 0,
                                            "Filter": "(production_year > 1990)",
                                            "Rows Removed by Filter": 0
                                          }
                                        ]
                                      }
                                    ]
                                  }
                                ]
                              }
                            ]
                          }
                        ]
                      },
                      {
                        "Node Type": "Index Scan",
                        "Parent Relationship": "Inner",
                        "Parallel Aware": false,
                        "Scan Direction": "Forward",
                        "Index Name": "company_name_pkey",
                        "Relation Name": "company_name",
                        "Alias": "cn",
                        "Startup Cost": 0.42,
                        "Total Cost": 0.45,
                        "Plan Rows": 1,
                        "Plan Width": 4,
                        "Actual Startup Time": 0.004,
                        "Actual Total Time": 0.004,
                        "Actual Rows": 0,
                        "Actual Loops": 2099,
                        "Index Cond": "(id = mc.company_id)",
                        "Rows Removed by Index Recheck": 0,
                        "Filter": "((country_code)::text = '[us]'::text)",
                        "Rows Removed by Filter": 1
                      }
                    ]
                  },
                  {
                    "Node Type": "Index Only Scan",
                    "Parent Relationship": "Inner",
                    "Parallel Aware": false,
                    "Scan Direction": "Forward",
                    "Index Name": "company_type_pkey",
                    "Relation Name": "company_type",
                    "Alias": "ct",
                    "Startup Cost": 0.15,
                    "Total Cost": 0.17,
                    "Plan Rows": 1,
                    "Plan Width": 4,
                    "Actual Startup Time": 0.001,
                    "Actual Total Time": 0.001,
                    "Actual Rows": 1,
                    "Actual Loops": 875,
                    "Index Cond": "(id = mc.company_type_id)",
                    "Rows Removed by Index Recheck": 0,
                    "Heap Fetches": 875
                  }
                ]
              }
            ]
          }
        ]
      },
      {
        "Node Type": "Index Only Scan",
        "Parent Relationship": "Inner",
        "Parallel Aware": false,
        "Scan Direction": "Forward",
        "Index Name": "keyword_pkey",
        "Relation Name": "keyword",
        "Alias": "k",
        "Startup Cost": 0.42,
        "Total Cost": 0.44,
        "Plan Rows": 1,
        "Plan Width": 4,
        "Actual Startup Time": 0.002,
        "Actual Total Time": 0.002,
        "Actual Rows": 1,
        "Actual Loops": 11347,
        "Index Cond": "(id = mk.keyword_id)",
        "Rows Removed by Index Recheck": 0,
        "Heap Fetches": 11347
      }
    ]
  }
}