{
  "Plan": {
    "Node Type": "Hash Join",
    "Parent Relationship": "Outer",
    "Parallel Aware": false,
    "Join Type": "Inner",
    "Startup Cost": 138880.16,
    "Total Cost": 889787.34,
    "Plan Rows": 3389,
    "Plan Width": 8,
    "Actual Startup Time": 1981.308,
    "Actual Total Time": 16829.715,
    "Actual Rows": 7796926,
    "Actual Loops": 1,
    "Inner Unique": false,
    "Hash Cond": "(ci.movie_id = t.id)",
    "Plans": [
      {
        "Node Type": "Seq Scan",
        "Parent Relationship": "Outer",
        "Parallel Aware": false,
        "Relation Name": "cast_info",
        "Alias": "ci",
        "Startup Cost": 0.0,
        "Total Cost": 615010.92,
        "Plan Rows": 36232392,
        "Plan Width": 8,
        "Actual Startup Time": 0.022,
        "Actual Total Time": 4563.471,
        "Actual Rows": 36244344,
        "Actual Loops": 1
      },
      {
        "Node Type": "Hash",
        "Parent Relationship": "Inner",
        "Parallel Aware": false,
        "Startup Cost": 138878.0,
        "Total Cost": 138878.0,
        "Plan Rows": 173,
        "Plan Width": 16,
        "Actual Startup Time": 1981.094,
        "Actual Total Time": 1981.098,
        "Actual Rows": 148552,
        "Actual Loops": 1,
        "Hash Buckets": 131072,
        "Original Hash Buckets": 1024,
        "Hash Batches": 4,
        "Original Hash Batches": 1,
        "Peak Memory Usage": 3073,
        "Plans": [
          {
            "Node Type": "Hash Join",
            "Parent Relationship": "Outer",
            "Parallel Aware": false,
            "Join Type": "Inner",
            "Startup Cost": 84212.12,
            "Total Cost": 138878.0,
            "Plan Rows": 173,
            "Plan Width": 16,
            "Actual Startup Time": 1260.254,
            "Actual Total Time": 1948.166,
            "Actual Rows": 148552,
            "Actual Loops": 1,
            "Inner Unique": false,
            "Hash Cond": "(mc.movie_id = t.id)",
            "Plans": [
              {
                "Node Type": "Seq Scan",
                "Parent Relationship": "Outer",
                "Parallel Aware": false,
                "Relation Name": "movie_companies",
                "Alias": "mc",
                "Startup Cost": 0.0,
                "Total Cost": 44881.29,
                "Plan Rows": 2609129,
                "Plan Width": 8,
                "Actual Startup Time": 0.022,
                "Actual Total Time": 299.085,
                "Actual Rows": 2609129,
                "Actual Loops": 1
              },
              {
                "Node Type": "Hash",
                "Parent Relationship": "Inner",
                "Parallel Aware": false,
                "Startup Cost": 84211.7,
                "Total Cost": 84211.7,
                "Plan Rows": 34,
                "Plan Width": 8,
                "Actual Startup Time": 1260.107,
                "Actual Total Time": 1260.11,
                "Actual Rows": 41840,
                "Actual Loops": 1,
                "Hash Buckets": 65536,
                "Original Hash Buckets": 1024,
                "Hash Batches": 1,
                "Original Hash Batches": 1,
                "Peak Memory Usage": 2147,
                "Plans": [
                  {
                    "Node Type": "Nested Loop",
                    "Parent Relationship": "Outer",
                    "Parallel Aware": false,
                    "Join Type": "Inner",
                    "Startup Cost": 2626.57,
                    "Total Cost": 84211.7,
                    "Plan Rows": 34,
                    "Plan Width": 8,
                    "Actual Startup Time": 16.291,
                    "Actual Total Time": 1249.945,
                    "Actual Rows": 41840,
                    "Actual Loops": 1,
                    "Inner Unique": true,
                    "Plans": [
                      {
                        "Node Type": "Hash Join",
                        "Parent Relationship": "Outer",
                        "Parallel Aware": false,
                        "Join Type": "Inner",
                        "Startup Cost": 2626.14,
                        "Total Cost": 84195.13,
                        "Plan Rows": 34,
                        "Plan Width": 4,
                        "Actual Startup Time": 16.236,
                        "Actual Total Time": 994.863,
                        "Actual Rows": 41840,
                        "Actual Loops": 1,
                        "Inner Unique": true,
                        "Hash Cond": "(mk.keyword_id = k.id)",
                        "Plans": [
                          {
                            "Node Type": "Seq Scan",
                            "Parent Relationship": "Outer",
                            "Parallel Aware": false,
                            "Relation Name": "movie_keyword",
                            "Alias": "mk",
                            "Startup Cost": 0.0,
                            "Total Cost": 69693.3,
                            "Plan Rows": 4523930,
                            "Plan Width": 8,
                            "Actual Startup Time": 0.013,
                            "Actual Total Time": 480.59,
                            "Actual Rows": 4523930,
                            "Actual Loops": 1
                          },
                          {
                            "Node Type": "Hash",
                            "Parent Relationship": "Inner",
                            "Parallel Aware": false,
                            "Startup Cost": 2626.12,
                            "Total Cost": 2626.12,
                            "Plan Rows": 1,
                            "Plan Width": 4,
                            "Actual Startup Time": 16.154,
                            "Actual Total Time": 16.154,
                            "Actual Rows": 1,
                            "Actual Loops": 1,
                            "Hash Buckets": 1024,
                            "Original Hash Buckets": 1024,
                            "Hash Batches": 1,
                            "Original Hash Batches": 1,
                            "Peak Memory Usage": 9,
                            "Plans": [
                              {
                                "Node Type": "Seq Scan",
                                "Parent Relationship": "Outer",
                                "Parallel Aware": false,
                                "Relation Name": "keyword",
                                "Alias": "k",
                                "Startup Cost": 0.0,
                                "Total Cost": 2626.12,
                                "Plan Rows": 1,
                                "Plan Width": 4,
                                "Actual Startup Time": 0.698,
                                "Actual Total Time": 16.146,
                                "Actual Rows": 1,
                                "Actual Loops": 1,
                                "Filter": "((keyword)::text = 'character-name-in-title'::text)",
                                "Rows Removed by Filter": 134169
                              }
                            ]
                          }
                        ]
                      },
                      {
                        "Node Type": "Index Only Scan",
                        "Parent Relationship": "Inner",
                        "Parallel Aware": false,
                        "Scan Direction": "Forward",
                        "Index Name": "title_pkey",
                        "Relation Name": "title",
                        "Alias": "t",
                        "Startup Cost": 0.43,
                        "Total Cost": 0.49,
                        "Plan Rows": 1,
                        "Plan Width": 4,
                        "Actual Startup Time": 0.006,
                        "Actual Total Time": 0.006,
                        "Actual Rows": 1,
                        "Actual Loops": 41840,
                        "Index Cond": "(id = mk.movie_id)",
                        "Rows Removed by Index Recheck": 0,
                        "Heap Fetches": 41840
                      }
                    ]
                  }
                ]
              }
            ]
          }
        ]
      }
    ]
  }
}