{
  "Plan": {
    "Node Type": "Hash Join",
    "Parent Relationship": "Outer",
    "Parallel Aware": false,
    "Join Type": "Inner",
    "Startup Cost": 2.43,
    "Total Cost": 25496.24,
    "Plan Rows": 12213,
    "Plan Width": 9,
    "Actual Startup Time": 0.081,
    "Actual Total Time": 372.232,
    "Actual Rows": 459925,
    "Actual Loops": 1,
    "Inner Unique": true,
    "Hash Cond": "(mi_idx.info_type_id = it2.id)",
    "Plans": [
      {
        "Node Type": "Seq Scan",
        "Parent Relationship": "Outer",
        "Parallel Aware": false,
        "Relation Name": "movie_info_idx",
        "Alias": "mi_idx",
        "Startup Cost": 0.0,
        "Total Cost": 21735.35,
        "Plan Rows": 1380035,
        "Plan Width": 13,
        "Actual Startup Time": 0.046,
        "Actual Total Time": 152.977,
        "Actual Rows": 1380035,
        "Actual Loops": 1
      },
      {
        "Node Type": "Hash",
        "Parent Relationship": "Inner",
        "Parallel Aware": false,
        "Startup Cost": 2.41,
        "Total Cost": 2.41,
        "Plan Rows": 1,
        "Plan Width": 4,
        "Actual Startup Time": 0.025,
        "Actual Total Time": 0.026,
        "Actual Rows": 1,
        "Actual Loops": 1,
        "Hash Buckets": 1024,
        "Original Hash Buckets": 1024,
        "Hash Batches": 1,
        "Original Hash Batches": 1,
        "Peak Memory Usage": 9,
        "Plans": [
          {
            "Node Type": "Seq Scan",
            "Parent Relationship": "Outer",
            "Parallel Aware": false,
            "Relation Name": "info_type",
            "Alias": "it2",
            "Startup Cost": 0.0,
            "Total Cost": 2.41,
            "Plan Rows": 1,
            "Plan Width": 4,
            "Actual Startup Time": 0.018,
            "Actual Total Time": 0.02,
            "Actual Rows": 1,
            "Actual Loops": 1,
            "Filter": "((info)::text = 'votes'::text)",
            "Rows Removed by Filter": 112
          }
        ]
      }
    ]
  }
}