{
  "Plan": {
    "Node Type": "Nested Loop",
    "Parent Relationship": "Outer",
    "Parallel Aware": false,
    "Join Type": "Inner",
    "Startup Cost": 451865.55,
    "Total Cost": 1297753.26,
    "Plan Rows": 25,
    "Plan Width": 64,
    "Actual Startup Time": 6270.952,
    "Actual Total Time": 10311.121,
    "Actual Rows": 28073,
    "Actual Loops": 1,
    "Inner Unique": true,
    "Plans": [
      {
        "Node Type": "Hash Join",
        "Parent Relationship": "Outer",
        "Parallel Aware": false,
        "Join Type": "Inner",
        "Startup Cost": 451865.12,
        "Total Cost": 1297708.31,
        "Plan Rows": 59,
        "Plan Width": 68,
        "Actual Startup Time": 5299.614,
        "Actual Total Time": 9949.241,
        "Actual Rows": 54155,
        "Actual Loops": 1,
        "Inner Unique": false,
        "Hash Cond": "(ci.movie_id = t.id)",
        "Plans": [
          {
            "Node Type": "Seq Scan",
            "Parent Relationship": "Outer",
            "Parallel Aware": false,
            "Relation Name": "cast_info",
            "Alias": "ci",
            "Startup Cost": 0.0,
            "Total Cost": 841463.37,
            "Plan Rows": 1167891,
            "Plan Width": 8,
            "Actual Startup Time": 85.661,
            "Actual Total Time": 5281.825,
            "Actual Rows": 1244716,
            "Actual Loops": 1,
            "Filter": "((note)::text = ANY ('{(writer),\"(head writer)\",\"(written by)\",(story),\"(story editor)\"}'::text[]))",
            "Rows Removed by Filter": 34999628
          },
          {
            "Node Type": "Hash",
            "Parent Relationship": "Inner",
            "Parallel Aware": false,
            "Startup Cost": 451864.51,
            "Total Cost": 451864.51,
            "Plan Rows": 49,
            "Plan Width": 76,
            "Actual Startup Time": 4331.384,
            "Actual Total Time": 4331.409,
            "Actual Rows": 102516,
            "Actual Loops": 1,
            "Hash Buckets": 65536,
            "Original Hash Buckets": 1024,
            "Hash Batches": 4,
            "Original Hash Batches": 1,
            "Peak Memory Usage": 3585,
            "Plans": [
              {
                "Node Type": "Nested Loop",
                "Parent Relationship": "Outer",
                "Parallel Aware": false,
                "Join Type": "Inner",
                "Startup Cost": 25649.33,
                "Total Cost": 451864.51,
                "Plan Rows": 49,
                "Plan Width": 76,
                "Actual Startup Time": 470.362,
                "Actual Total Time": 4296.569,
                "Actual Rows": 102516,
                "Actual Loops": 1,
                "Inner Unique": true,
                "Join Filter": "(mi.movie_id = t.id)",
                "Rows Removed by Join Filter": 0,
                "Plans": [
                  {
                    "Node Type": "Hash Join",
                    "Parent Relationship": "Outer",
                    "Parallel Aware": false,
                    "Join Type": "Inner",
                    "Startup Cost": 25648.9,
                    "Total Cost": 451835.58,
                    "Plan Rows": 49,
                    "Plan Width": 55,
                    "Actual Startup Time": 470.307,
                    "Actual Total Time": 3807.862,
                    "Actual Rows": 102516,
                    "Actual Loops": 1,
                    "Inner Unique": false,
                    "Hash Cond": "(mi.movie_id = mi_idx.movie_id)",
                    "Plans": [
                      {
                        "Node Type": "Nested Loop",
                        "Parent Relationship": "Outer",
                        "Parallel Aware": false,
                        "Join Type": "Inner",
                        "Startup Cost": 0.0,
                        "Total Cost": 426179.41,
                        "Plan Rows": 1808,
                        "Plan Width": 46,
                        "Actual Startup Time": 0.031,
                        "Actual Total Time": 3207.1,
                        "Actual Rows": 186594,
                        "Actual Loops": 1,
                        "Inner Unique": false,
                        "Join Filter": "(it1.id = mi.info_type_id)",
                        "Rows Removed by Join Filter": 2377,
                        "Plans": [
                          {
                            "Node Type": "Seq Scan",
                            "Parent Relationship": "Outer",
                            "Parallel Aware": false,
                            "Relation Name": "info_type",
                            "Alias": "it1",
                            "Startup Cost": 0.0,
                            "Total Cost": 2.41,
                            "Plan Rows": 1,
                            "Plan Width": 4,
                            "Actual Startup Time": 0.014,
                            "Actual Total Time": 0.023,
                            "Actual Rows": 1,
                            "Actual Loops": 1,
                            "Filter": "((info)::text = 'genres'::text)",
                            "Rows Removed by Filter": 112
                          },
                          {
                            "Node Type": "Seq Scan",
                            "Parent Relationship": "Inner",
                            "Parallel Aware": false,
                            "Relation Name": "movie_info",
                            "Alias": "mi",
                            "Startup Cost": 0.0,
                            "Total Cost": 423622.99,
                            "Plan Rows": 204321,
                            "Plan Width": 50,
                            "Actual Startup Time": 0.013,
                            "Actual Total Time": 3177.158,
                            "Actual Rows": 188971,
                            "Actual Loops": 1,
                            "Filter": "((info)::text = ANY ('{Horror,Action,Sci-Fi,Thriller,Crime,War}'::text[]))",
                            "Rows Removed by Filter": 14646749
                          }
                        ]
                      },
                      {
                        "Node Type": "Hash",
                        "Parent Relationship": "Inner",
                        "Parallel Aware": false,
                        "Startup Cost": 25496.24,
                        "Total Cost": 25496.24,
                        "Plan Rows": 12213,
                        "Plan Width": 9,
                        "Actual Startup Time": 470.132,
                        "Actual Total Time": 470.133,
                        "Actual Rows": 459925,
                        "Actual Loops": 1,
                        "Hash Buckets": 131072,
                        "Original Hash Buckets": 16384,
                        "Hash Batches": 8,
                        "Original Hash Batches": 1,
                        "Peak Memory Usage": 3285,
                        "Plans": [
                          {
                            "Node Type": "Hash Join",
                            "Parent Relationship": "Outer",
                            "Parallel Aware": false,
                            "Join Type": "Inner",
                            "Startup Cost": 2.43,
                            "Total Cost": 25496.24,
                            "Plan Rows": 12213,
                            "Plan Width": 9,
                            "Actual Startup Time": 0.061,
                            "Actual Total Time": 370.997,
                            "Actual Rows": 459925,
                            "Actual Loops": 1,
                            "Inner Unique": true,
                            "Hash Cond": "(mi_idx.info_type_id = it2.id)",
                            "Plans": [
                              {
                                "Node Type": "Seq Scan",
                                "Parent Relationship": "Outer",
                                "Parallel Aware": false,
                                "Relation Name": "movie_info_idx",
                                "Alias": "mi_idx",
                                "Startup Cost": 0.0,
                                "Total Cost": 21735.35,
                                "Plan Rows": 1380035,
                                "Plan Width": 13,
                                "Actual Startup Time": 0.029,
                                "Actual Total Time": 150.873,
                                "Actual Rows": 1380035,
                                "Actual Loops": 1
                              },
                              {
                                "Node Type": "Hash",
                                "Parent Relationship": "Inner",
                                "Parallel Aware": false,
                                "Startup Cost": 2.41,
                                "Total Cost": 2.41,
                                "Plan Rows": 1,
                                "Plan Width": 4,
                                "Actual Startup Time": 0.018,
                                "Actual Total Time": 0.018,
                                "Actual Rows": 1,
                                "Actual Loops": 1,
                                "Hash Buckets": 1024,
                                "Original Hash Buckets": 1024,
                                "Hash Batches": 1,
                                "Original Hash Batches": 1,
                                "Peak Memory Usage": 9,
                                "Plans": [
                                  {
                                    "Node Type": "Seq Scan",
                                    "Parent Relationship": "Outer",
                                    "Parallel Aware": false,
                                    "Relation Name": "info_type",
                                    "Alias": "it2",
                                    "Startup Cost": 0.0,
                                    "Total Cost": 2.41,
                                    "Plan Rows": 1,
                                    "Plan Width": 4,
                                    "Actual Startup Time": 0.012,
                                    "Actual Total Time": 0.014,
                                    "Actual Rows": 1,
                                    "Actual Loops": 1,
                                    "Filter": "((info)::text = 'votes'::text)",
                                    "Rows Removed by Filter": 112
                                  }
                                ]
                              }
                            ]
                          }
                        ]
                      }
                    ]
                  },
                  {
                    "Node Type": "Index Scan",
                    "Parent Relationship": "Inner",
                    "Parallel Aware": false,
                    "Scan Direction": "Forward",
                    "Index Name": "title_pkey",
                    "Relation Name": "title",
                    "Alias": "t",
                    "Startup Cost": 0.43,
                    "Total Cost": 0.58,
                    "Plan Rows": 1,
                    "Plan Width": 21,
                    "Actual Startup Time": 0.004,
                    "Actual Total Time": 0.004,
                    "Actual Rows": 1,
                    "Actual Loops": 102516,
                    "Index Cond": "(id = mi_idx.movie_id)",
                    "Rows Removed by Index Recheck": 0
                  }
                ]
              }
            ]
          }
        ]
      },
      {
        "Node Type": "Index Scan",
        "Parent Relationship": "Inner",
        "Parallel Aware": false,
        "Scan Direction": "Forward",
        "Index Name": "name_pkey",
        "Relation Name": "name",
        "Alias": "n",
        "Startup Cost": 0.43,
        "Total Cost": 0.76,
        "Plan Rows": 1,
        "Plan Width": 4,
        "Actual Startup Time": 0.006,
        "Actual Total Time": 0.006,
        "Actual Rows": 1,
        "Actual Loops": 54155,
        "Index Cond": "(id = ci.person_id)",
        "Rows Removed by Index Recheck": 0,
        "Filter": "((gender)::text = 'm'::text)",
        "Rows Removed by Filter": 0
      }
    ]
  }
}