{
  "Plan": {
    "Node Type": "Hash Join",
    "Parent Relationship": "Inner",
    "Parallel Aware": false,
    "Join Type": "Inner",
    "Startup Cost": 2.43,
    "Total Cost": 387514.01,
    "Plan Rows": 4108,
    "Plan Width": 4,
    "Actual Startup Time": 776.525,
    "Actual Total Time": 2891.52,
    "Actual Rows": 451039,
    "Actual Loops": 82,
    "Inner Unique": true,
    "Hash Cond": "(mi.info_type_id = it.id)",
    "Plans": [
      {
        "Node Type": "Seq Scan",
        "Parent Relationship": "Outer",
        "Parallel Aware": false,
        "Relation Name": "movie_info",
        "Alias": "mi",
        "Startup Cost": 0.0,
        "Total Cost": 386247.28,
        "Plan Rows": 464230,
        "Plan Width": 8,
        "Actual Startup Time": 343.406,
        "Actual Total Time": 2797.636,
        "Actual Rows": 451104,
        "Actual Loops": 82,
        "Filter": "((info IS NOT NULL) AND (((info)::text ~~ 'Japan:%200%'::text) OR ((info)::text ~~ 'USA:%200%'::text)))",
        "Rows Removed by Filter": 14384616
      },
      {
        "Node Type": "Hash",
        "Parent Relationship": "Inner",
        "Parallel Aware": false,
        "Startup Cost": 2.41,
        "Total Cost": 2.41,
        "Plan Rows": 1,
        "Plan Width": 4,
        "Actual Startup Time": 0.023,
        "Actual Total Time": 0.024,
        "Actual Rows": 1,
        "Actual Loops": 1,
        "Hash Buckets": 1024,
        "Original Hash Buckets": 1024,
        "Hash Batches": 1,
        "Original Hash Batches": 1,
        "Peak Memory Usage": 9,
        "Plans": [
          {
            "Node Type": "Seq Scan",
            "Parent Relationship": "Outer",
            "Parallel Aware": false,
            "Relation Name": "info_type",
            "Alias": "it",
            "Startup Cost": 0.0,
            "Total Cost": 2.41,
            "Plan Rows": 1,
            "Plan Width": 4,
            "Actual Startup Time": 0.014,
            "Actual Total Time": 0.021,
            "Actual Rows": 1,
            "Actual Loops": 1,
            "Filter": "((info)::text = 'release dates'::text)",
            "Rows Removed by Filter": 112
          }
        ]
      }
    ]
  }
}