{
  "Plan": {
    "Node Type": "Hash Join",
    "Parent Relationship": "Outer",
    "Parallel Aware": false,
    "Join Type": "Inner",
    "Startup Cost": 887018.3,
    "Total Cost": 1239727.66,
    "Plan Rows": 495,
    "Plan Width": 36,
    "Actual Startup Time": 11414.536,
    "Actual Total Time": 15942.635,
    "Actual Rows": 6023690,
    "Actual Loops": 1,
    "Inner Unique": false,
    "Hash Cond": "(mi.movie_id = t.id)",
    "Plans": [
      {
        "Node Type": "Hash Join",
        "Parent Relationship": "Outer",
        "Parallel Aware": false,
        "Join Type": "Inner",
        "Startup Cost": 2.43,
        "Total Cost": 352214.64,
        "Plan Rows": 132303,
        "Plan Width": 4,
        "Actual Startup Time": 997.211,
        "Actual Total Time": 3712.42,
        "Actual Rows": 3036719,
        "Actual Loops": 1,
        "Inner Unique": true,
        "Hash Cond": "(mi.info_type_id = it.id)",
        "Plans": [
          {
            "Node Type": "Seq Scan",
            "Parent Relationship": "Outer",
            "Parallel Aware": false,
            "Relation Name": "movie_info",
            "Alias": "mi",
            "Startup Cost": 0.0,
            "Total Cost": 311495.85,
            "Plan Rows": 14950285,
            "Plan Width": 8,
            "Actual Startup Time": 0.021,
            "Actual Total Time": 1727.18,
            "Actual Rows": 14835720,
            "Actual Loops": 1
          },
          {
            "Node Type": "Hash",
            "Parent Relationship": "Inner",
            "Parallel Aware": false,
            "Startup Cost": 2.41,
            "Total Cost": 2.41,
            "Plan Rows": 1,
            "Plan Width": 4,
            "Actual Startup Time": 0.022,
            "Actual Total Time": 0.023,
            "Actual Rows": 1,
            "Actual Loops": 1,
            "Hash Buckets": 1024,
            "Original Hash Buckets": 1024,
            "Hash Batches": 1,
            "Original Hash Batches": 1,
            "Peak Memory Usage": 9,
            "Plans": [
              {
                "Node Type": "Seq Scan",
                "Parent Relationship": "Outer",
                "Parallel Aware": false,
                "Relation Name": "info_type",
                "Alias": "it",
                "Startup Cost": 0.0,
                "Total Cost": 2.41,
                "Plan Rows": 1,
                "Plan Width": 4,
                "Actual Startup Time": 0.008,
                "Actual Total Time": 0.015,
                "Actual Rows": 1,
                "Actual Loops": 1,
                "Filter": "((info)::text = 'release dates'::text)",
                "Rows Removed by Filter": 112
              }
            ]
          }
        ]
      },
      {
        "Node Type": "Hash",
        "Parent Relationship": "Inner",
        "Parallel Aware": false,
        "Startup Cost": 886991.88,
        "Total Cost": 886991.88,
        "Plan Rows": 1920,
        "Plan Width": 48,
        "Actual Startup Time": 10416.425,
        "Actual Total Time": 10416.43,
        "Actual Rows": 549214,
        "Actual Loops": 1,
        "Hash Buckets": 65536,
        "Original Hash Buckets": 2048,
        "Hash Batches": 2,
        "Original Hash Batches": 1,
        "Peak Memory Usage": 24103,
        "Plans": [
          {
            "Node Type": "Hash Join",
            "Parent Relationship": "Outer",
            "Parallel Aware": false,
            "Join Type": "Inner",
            "Startup Cost": 832318.98,
            "Total Cost": 886991.88,
            "Plan Rows": 1920,
            "Plan Width": 48,
            "Actual Startup Time": 9170.313,
            "Actual Total Time": 10272.818,
            "Actual Rows": 549214,
            "Actual Loops": 1,
            "Inner Unique": false,
            "Hash Cond": "(mc.movie_id = t.id)",
            "Plans": [
              {
                "Node Type": "Seq Scan",
                "Parent Relationship": "Outer",
                "Parallel Aware": false,
                "Relation Name": "movie_companies",
                "Alias": "mc",
                "Startup Cost": 0.0,
                "Total Cost": 44881.29,
                "Plan Rows": 2609129,
                "Plan Width": 8,
                "Actual Startup Time": 0.027,
                "Actual Total Time": 331.04,
                "Actual Rows": 2609129,
                "Actual Loops": 1
              },
              {
                "Node Type": "Hash",
                "Parent Relationship": "Inner",
                "Parallel Aware": false,
                "Startup Cost": 832310.06,
                "Total Cost": 832310.06,
                "Plan Rows": 714,
                "Plan Width": 40,
                "Actual Startup Time": 9169.996,
                "Actual Total Time": 9170.001,
                "Actual Rows": 290297,
                "Actual Loops": 1,
                "Hash Buckets": 65536,
                "Original Hash Buckets": 1024,
                "Hash Batches": 8,
                "Original Hash Batches": 1,
                "Peak Memory Usage": 3585,
                "Plans": [
                  {
                    "Node Type": "Hash Join",
                    "Parent Relationship": "Outer",
                    "Parallel Aware": false,
                    "Join Type": "Inner",
                    "Startup Cost": 808519.96,
                    "Total Cost": 832310.06,
                    "Plan Rows": 714,
                    "Plan Width": 40,
                    "Actual Startup Time": 8651.232,
                    "Actual Total Time": 9097.543,
                    "Actual Rows": 290297,
                    "Actual Loops": 1,
                    "Inner Unique": false,
                    "Hash Cond": "(an.person_id = n.id)",
                    "Plans": [
                      {
                        "Node Type": "Seq Scan",
                        "Parent Relationship": "Outer",
                        "Parallel Aware": false,
                        "Relation Name": "aka_name",
                        "Alias": "an",
                        "Startup Cost": 0.0,
                        "Total Cost": 20409.43,
                        "Plan Rows": 901343,
                        "Plan Width": 4,
                        "Actual Startup Time": 0.014,
                        "Actual Total Time": 119.375,
                        "Actual Rows": 901343,
                        "Actual Loops": 1
                      },
                      {
                        "Node Type": "Hash",
                        "Parent Relationship": "Inner",
                        "Parallel Aware": false,
                        "Startup Cost": 808516.35,
                        "Total Cost": 808516.35,
                        "Plan Rows": 289,
                        "Plan Width": 48,
                        "Actual Startup Time": 8650.402,
                        "Actual Total Time": 8650.406,
                        "Actual Rows": 159307,
                        "Actual Loops": 1,
                        "Hash Buckets": 65536,
                        "Original Hash Buckets": 1024,
                        "Hash Batches": 8,
                        "Original Hash Batches": 1,
                        "Peak Memory Usage": 3917,
                        "Plans": [
                          {
                            "Node Type": "Nested Loop",
                            "Parent Relationship": "Outer",
                            "Parallel Aware": false,
                            "Join Type": "Inner",
                            "Startup Cost": 20.21,
                            "Total Cost": 808516.35,
                            "Plan Rows": 289,
                            "Plan Width": 48,
                            "Actual Startup Time": 252.654,
                            "Actual Total Time": 8590.458,
                            "Actual Rows": 159307,
                            "Actual Loops": 1,
                            "Inner Unique": true,
                            "Plans": [
                              {
                                "Node Type": "Nested Loop",
                                "Parent Relationship": "Outer",
                                "Parallel Aware": false,
                                "Join Type": "Inner",
                                "Startup Cost": 19.79,
                                "Total Cost": 807757.75,
                                "Plan Rows": 530,
                                "Plan Width": 27,
                                "Actual Startup Time": 252.181,
                                "Actual Total Time": 6922.427,
                                "Actual Rows": 255493,
                                "Actual Loops": 1,
                                "Inner Unique": true,
                                "Plans": [
                                  {
                                    "Node Type": "Nested Loop",
                                    "Parent Relationship": "Outer",
                                    "Parallel Aware": false,
                                    "Join Type": "Inner",
                                    "Startup Cost": 19.36,
                                    "Total Cost": 806158.6,
                                    "Plan Rows": 1093,
                                    "Plan Width": 31,
                                    "Actual Startup Time": 252.127,
                                    "Actual Total Time": 5925.51,
                                    "Actual Rows": 276005,
                                    "Actual Loops": 1,
                                    "Inner Unique": true,
                                    "Plans": [
                                      {
                                        "Node Type": "Hash Join",
                                        "Parent Relationship": "Outer",
                                        "Parallel Aware": false,
                                        "Join Type": "Inner",
                                        "Startup Cost": 18.93,
                                        "Total Cost": 798465.75,
                                        "Plan Rows": 4851,
                                        "Plan Width": 12,
                                        "Actual Startup Time": 252.064,
                                        "Actual Total Time": 5180.04,
                                        "Actual Rows": 276166,
                                        "Actual Loops": 1,
                                        "Inner Unique": true,
                                        "Hash Cond": "(ci.role_id = rt.id)",
                                        "Plans": [
                                          {
                                            "Node Type": "Seq Scan",
                                            "Parent Relationship": "Outer",
                                            "Parallel Aware": false,
                                            "Relation Name": "cast_info",
                                            "Alias": "ci",
                                            "Startup Cost": 0.0,
                                            "Total Cost": 796172.88,
                                            "Plan Rows": 861123,
                                            "Plan Width": 16,
                                            "Actual Startup Time": 0.027,
                                            "Actual Total Time": 5031.382,
                                            "Actual Rows": 867477,
                                            "Actual Loops": 1,
                                            "Filter": "((note)::text = ANY ('{(voice),\"(voice: Japanese version)\",\"(voice) (uncredited)\",\"(voice: English version)\"}'::text[]))",
                                            "Rows Removed by Filter": 35376867
                                          },
                                          {
                                            "Node Type": "Hash",
                                            "Parent Relationship": "Inner",
                                            "Parallel Aware": false,
                                            "Startup Cost": 18.88,
                                            "Total Cost": 18.88,
                                            "Plan Rows": 4,
                                            "Plan Width": 4,
                                            "Actual Startup Time": 0.023,
                                            "Actual Total Time": 0.024,
                                            "Actual Rows": 1,
                                            "Actual Loops": 1,
                                            "Hash Buckets": 1024,
                                            "Original Hash Buckets": 1024,
                                            "Hash Batches": 1,
                                            "Original Hash Batches": 1,
                                            "Peak Memory Usage": 9,
                                            "Plans": [
                                              {
                                                "Node Type": "Seq Scan",
                                                "Parent Relationship": "Outer",
                                                "Parallel Aware": false,
                                                "Relation Name": "role_type",
                                                "Alias": "rt",
                                                "Startup Cost": 0.0,
                                                "Total Cost": 18.88,
                                                "Plan Rows": 4,
                                                "Plan Width": 4,
                                                "Actual Startup Time": 0.016,
                                                "Actual Total Time": 0.018,
                                                "Actual Rows": 1,
                                                "Actual Loops": 1,
                                                "Filter": "((role)::text = 'actress'::text)",
                                                "Rows Removed by Filter": 11
                                              }
                                            ]
                                          }
                                        ]
                                      },
                                      {
                                        "Node Type": "Index Scan",
                                        "Parent Relationship": "Inner",
                                        "Parallel Aware": false,
                                        "Scan Direction": "Forward",
                                        "Index Name": "name_pkey",
                                        "Relation Name": "name",
                                        "Alias": "n",
                                        "Startup Cost": 0.43,
                                        "Total Cost": 1.59,
                                        "Plan Rows": 1,
                                        "Plan Width": 19,
                                        "Actual Startup Time": 0.002,
                                        "Actual Total Time": 0.002,
                                        "Actual Rows": 1,
                                        "Actual Loops": 276166,
                                        "Index Cond": "(id = ci.person_id)",
                                        "Rows Removed by Index Recheck": 0,
                                        "Filter": "((gender)::text = 'f'::text)",
                                        "Rows Removed by Filter": 0
                                      }
                                    ]
                                  },
                                  {
                                    "Node Type": "Index Only Scan",
                                    "Parent Relationship": "Inner",
                                    "Parallel Aware": false,
                                    "Scan Direction": "Forward",
                                    "Index Name": "char_name_pkey",
                                    "Relation Name": "char_name",
                                    "Alias": "chn",
                                    "Startup Cost": 0.43,
                                    "Total Cost": 1.46,
                                    "Plan Rows": 1,
                                    "Plan Width": 4,
                                    "Actual Startup Time": 0.003,
                                    "Actual Total Time": 0.003,
                                    "Actual Rows": 1,
                                    "Actual Loops": 276005,
                                    "Index Cond": "(id = ci.person_role_id)",
                                    "Rows Removed by Index Recheck": 0,
                                    "Heap Fetches": 255493
                                  }
                                ]
                              },
                              {
                                "Node Type": "Index Scan",
                                "Parent Relationship": "Inner",
                                "Parallel Aware": false,
                                "Scan Direction": "Forward",
                                "Index Name": "title_pkey",
                                "Relation Name": "title",
                                "Alias": "t",
                                "Startup Cost": 0.43,
                                "Total Cost": 1.43,
                                "Plan Rows": 1,
                                "Plan Width": 21,
                                "Actual Startup Time": 0.006,
                                "Actual Total Time": 0.006,
                                "Actual Rows": 1,
                                "Actual Loops": 255493,
                                "Index Cond": "(id = ci.movie_id)",
                                "Rows Removed by Index Recheck": 0,
                                "Filter": "(production_year > 2000)",
                                "Rows Removed by Filter": 0
                              }
                            ]
                          }
                        ]
                      }
                    ]
                  }
                ]
              }
            ]
          }
        ]
      }
    ]
  }
}