{
  "Plan": {
    "Node Type": "Nested Loop",
    "Parent Relationship": "Inner",
    "Parallel Aware": false,
    "Join Type": "Inner",
    "Startup Cost": 714299.98,
    "Total Cost": 738090.51,
    "Plan Rows": 1,
    "Plan Width": 19,
    "Actual Startup Time": 1093.611,
    "Actual Total Time": 1302.601,
    "Actual Rows": 237,
    "Actual Loops": 4,
    "Inner Unique": true,
    "Plans": [
      {
        "Node Type": "Hash Join",
        "Parent Relationship": "Outer",
        "Parallel Aware": false,
        "Join Type": "Inner",
        "Startup Cost": 714299.55,
        "Total Cost": 738089.02,
        "Plan Rows": 1,
        "Plan Width": 23,
        "Actual Startup Time": 1093.573,
        "Actual Total Time": 1301.527,
        "Actual Rows": 265,
        "Actual Loops": 4,
        "Inner Unique": false,
        "Hash Cond": "(an.person_id = n.id)",
        "Plans": [
          {
            "Node Type": "Seq Scan",
            "Parent Relationship": "Outer",
            "Parallel Aware": false,
            "Relation Name": "aka_name",
            "Alias": "an",
            "Startup Cost": 0.0,
            "Total Cost": 20409.43,
            "Plan Rows": 901343,
            "Plan Width": 4,
            "Actual Startup Time": 0.01,
            "Actual Total Time": 113.354,
            "Actual Rows": 901343,
            "Actual Loops": 4
          },
          {
            "Node Type": "Hash",
            "Parent Relationship": "Inner",
            "Parallel Aware": false,
            "Startup Cost": 714299.53,
            "Total Cost": 714299.53,
            "Plan Rows": 1,
            "Plan Width": 31,
            "Actual Startup Time": 4357.164,
            "Actual Total Time": 4357.166,
            "Actual Rows": 453,
            "Actual Loops": 1,
            "Hash Buckets": 1024,
            "Original Hash Buckets": 1024,
            "Hash Batches": 1,
            "Original Hash Batches": 1,
            "Peak Memory Usage": 37,
            "Plans": [
              {
                "Node Type": "Nested Loop",
                "Parent Relationship": "Outer",
                "Parallel Aware": false,
                "Join Type": "Inner",
                "Startup Cost": 19.36,
                "Total Cost": 714299.53,
                "Plan Rows": 1,
                "Plan Width": 31,
                "Actual Startup Time": 244.191,
                "Actual Total Time": 4356.946,
                "Actual Rows": 453,
                "Actual Loops": 1,
                "Inner Unique": true,
                "Plans": [
                  {
                    "Node Type": "Hash Join",
                    "Parent Relationship": "Outer",
                    "Parallel Aware": false,
                    "Join Type": "Inner",
                    "Startup Cost": 18.93,
                    "Total Cost": 707553.09,
                    "Plan Rows": 4144,
                    "Plan Width": 12,
                    "Actual Startup Time": 212.375,
                    "Actual Total Time": 3821.757,
                    "Actual Rows": 222686,
                    "Actual Loops": 1,
                    "Inner Unique": true,
                    "Hash Cond": "(ci.role_id = rt.id)",
                    "Plans": [
                      {
                        "Node Type": "Seq Scan",
                        "Parent Relationship": "Outer",
                        "Parallel Aware": false,
                        "Relation Name": "cast_info",
                        "Alias": "ci",
                        "Startup Cost": 0.0,
                        "Total Cost": 705591.9,
                        "Plan Rows": 735518,
                        "Plan Width": 16,
                        "Actual Startup Time": 0.023,
                        "Actual Total Time": 3708.137,
                        "Actual Rows": 713828,
                        "Actual Loops": 1,
                        "Filter": "((note)::text = '(voice)'::text)",
                        "Rows Removed by Filter": 35530516
                      },
                      {
                        "Node Type": "Hash",
                        "Parent Relationship": "Inner",
                        "Parallel Aware": false,
                        "Startup Cost": 18.88,
                        "Total Cost": 18.88,
                        "Plan Rows": 4,
                        "Plan Width": 4,
                        "Actual Startup Time": 0.022,
                        "Actual Total Time": 0.022,
                        "Actual Rows": 1,
                        "Actual Loops": 1,
                        "Hash Buckets": 1024,
                        "Original Hash Buckets": 1024,
                        "Hash Batches": 1,
                        "Original Hash Batches": 1,
                        "Peak Memory Usage": 9,
                        "Plans": [
                          {
                            "Node Type": "Seq Scan",
                            "Parent Relationship": "Outer",
                            "Parallel Aware": false,
                            "Relation Name": "role_type",
                            "Alias": "rt",
                            "Startup Cost": 0.0,
                            "Total Cost": 18.88,
                            "Plan Rows": 4,
                            "Plan Width": 4,
                            "Actual Startup Time": 0.011,
                            "Actual Total Time": 0.013,
                            "Actual Rows": 1,
                            "Actual Loops": 1,
                            "Filter": "((role)::text = 'actress'::text)",
                            "Rows Removed by Filter": 11
                          }
                        ]
                      }
                    ]
                  },
                  {
                    "Node Type": "Index Scan",
                    "Parent Relationship": "Inner",
                    "Parallel Aware": false,
                    "Scan Direction": "Forward",
                    "Index Name": "name_pkey",
                    "Relation Name": "name",
                    "Alias": "n",
                    "Startup Cost": 0.43,
                    "Total Cost": 1.63,
                    "Plan Rows": 1,
                    "Plan Width": 19,
                    "Actual Startup Time": 0.002,
                    "Actual Total Time": 0.002,
                    "Actual Rows": 0,
                    "Actual Loops": 222686,
                    "Index Cond": "(id = ci.person_id)",
                    "Rows Removed by Index Recheck": 0,
                    "Filter": "(((name)::text ~~ '%Angel%'::text) AND ((gender)::text = 'f'::text))",
                    "Rows Removed by Filter": 1
                  }
                ]
              }
            ]
          }
        ]
      },
      {
        "Node Type": "Index Only Scan",
        "Parent Relationship": "Inner",
        "Parallel Aware": false,
        "Scan Direction": "Forward",
        "Index Name": "char_name_pkey",
        "Relation Name": "char_name",
        "Alias": "chn",
        "Startup Cost": 0.43,
        "Total Cost": 1.49,
        "Plan Rows": 1,
        "Plan Width": 4,
        "Actual Startup Time": 0.003,
        "Actual Total Time": 0.003,
        "Actual Rows": 1,
        "Actual Loops": 1060,
        "Index Cond": "(id = ci.person_role_id)",
        "Rows Removed by Index Recheck": 0,
        "Heap Fetches": 948
      }
    ]
  }
}