{
  "Plan": {
    "Node Type": "Nested Loop",
    "Parent Relationship": "Outer",
    "Parallel Aware": false,
    "Join Type": "Inner",
    "Startup Cost": 2664.37,
    "Total Cost": 483489.91,
    "Plan Rows": 1,
    "Plan Width": 117,
    "Actual Startup Time": 10471.955,
    "Actual Total Time": 1066796.156,
    "Actual Rows": 308,
    "Actual Loops": 1,
    "Inner Unique": false,
    "Join Filter": "(ml.movie_id = mi.movie_id)",
    "Rows Removed by Join Filter": 46856410,
    "Plans": [
      {
        "Node Type": "Nested Loop",
        "Parent Relationship": "Outer",
        "Parallel Aware": false,
        "Join Type": "Inner",
        "Startup Cost": 2664.37,
        "Total Cost": 133117.08,
        "Plan Rows": 1,
        "Plan Width": 113,
        "Actual Startup Time": 10454.251,
        "Actual Total Time": 136404.993,
        "Actual Rows": 402,
        "Actual Loops": 1,
        "Inner Unique": true,
        "Plans": [
          {
            "Node Type": "Nested Loop",
            "Parent Relationship": "Outer",
            "Parallel Aware": false,
            "Join Type": "Inner",
            "Startup Cost": 2663.95,
            "Total Cost": 133116.62,
            "Plan Rows": 1,
            "Plan Width": 98,
            "Actual Startup Time": 1297.574,
            "Actual Total Time": 136388.126,
            "Actual Rows": 962,
            "Actual Loops": 1,
            "Inner Unique": false,
            "Join Filter": "(mc.movie_id = ml.movie_id)",
            "Rows Removed by Join Filter": 237590710,
            "Plans": [
              {
                "Node Type": "Nested Loop",
                "Parent Relationship": "Outer",
                "Parallel Aware": false,
                "Join Type": "Inner",
                "Startup Cost": 2645.02,
                "Total Cost": 84777.7,
                "Plan Rows": 1,
                "Plan Width": 90,
                "Actual Startup Time": 998.331,
                "Actual Total Time": 4237.521,
                "Actual Rows": 199,
                "Actual Loops": 1,
                "Inner Unique": false,
                "Join Filter": "(mk.movie_id = ml.movie_id)",
                "Rows Removed by Join Filter": 24409161,
                "Plans": [
                  {
                    "Node Type": "Hash Join",
                    "Parent Relationship": "Outer",
                    "Parallel Aware": false,
                    "Join Type": "Inner",
                    "Startup Cost": 18.89,
                    "Total Cost": 561.07,
                    "Plan Rows": 42,
                    "Plan Width": 86,
                    "Actual Startup Time": 0.061,
                    "Actual Total Time": 8.649,
                    "Actual Rows": 2315,
                    "Actual Loops": 1,
                    "Inner Unique": true,
                    "Hash Cond": "(ml.link_type_id = lt.id)",
                    "Plans": [
                      {
                        "Node Type": "Seq Scan",
                        "Parent Relationship": "Outer",
                        "Parallel Aware": false,
                        "Relation Name": "movie_link",
                        "Alias": "ml",
                        "Startup Cost": 0.0,
                        "Total Cost": 462.97,
                        "Plan Rows": 29997,
                        "Plan Width": 8,
                        "Actual Startup Time": 0.01,
                        "Actual Total Time": 3.984,
                        "Actual Rows": 29997,
                        "Actual Loops": 1
                      },
                      {
                        "Node Type": "Hash",
                        "Parent Relationship": "Inner",
                        "Parallel Aware": false,
                        "Startup Cost": 18.88,
                        "Total Cost": 18.88,
                        "Plan Rows": 1,
                        "Plan Width": 86,
                        "Actual Startup Time": 0.02,
                        "Actual Total Time": 0.021,
                        "Actual Rows": 2,
                        "Actual Loops": 1,
                        "Hash Buckets": 1024,
                        "Original Hash Buckets": 1024,
                        "Hash Batches": 1,
                        "Original Hash Batches": 1,
                        "Peak Memory Usage": 9,
                        "Plans": [
                          {
                            "Node Type": "Seq Scan",
                            "Parent Relationship": "Outer",
                            "Parallel Aware": false,
                            "Relation Name": "link_type",
                            "Alias": "lt",
                            "Startup Cost": 0.0,
                            "Total Cost": 18.88,
                            "Plan Rows": 1,
                            "Plan Width": 86,
                            "Actual Startup Time": 0.008,
                            "Actual Total Time": 0.012,
                            "Actual Rows": 2,
                            "Actual Loops": 1,
                            "Filter": "((link)::text ~~ '%follow%'::text)",
                            "Rows Removed by Filter": 16
                          }
                        ]
                      }
                    ]
                  },
                  {
                    "Node Type": "Materialize",
                    "Parent Relationship": "Inner",
                    "Parallel Aware": false,
                    "Startup Cost": 2626.14,
                    "Total Cost": 84195.3,
                    "Plan Rows": 34,
                    "Plan Width": 4,
                    "Actual Startup Time": 0.005,
                    "Actual Total Time": 0.985,
                    "Actual Rows": 10544,
                    "Actual Loops": 2315,
                    "Plans": [
                      {
                        "Node Type": "Hash Join",
                        "Parent Relationship": "Outer",
                        "Parallel Aware": false,
                        "Join Type": "Inner",
                        "Startup Cost": 2626.14,
                        "Total Cost": 84195.13,
                        "Plan Rows": 34,
                        "Plan Width": 4,
                        "Actual Startup Time": 12.248,
                        "Actual Total Time": 961.019,
                        "Actual Rows": 10544,
                        "Actual Loops": 1,
                        "Inner Unique": true,
                        "Hash Cond": "(mk.keyword_id = k.id)",
                        "Plans": [
                          {
                            "Node Type": "Seq Scan",
                            "Parent Relationship": "Outer",
                            "Parallel Aware": false,
                            "Relation Name": "movie_keyword",
                            "Alias": "mk",
                            "Startup Cost": 0.0,
                            "Total Cost": 69693.3,
                            "Plan Rows": 4523930,
                            "Plan Width": 8,
                            "Actual Startup Time": 0.012,
                            "Actual Total Time": 456.143,
                            "Actual Rows": 4523930,
                            "Actual Loops": 1
                          },
                          {
                            "Node Type": "Hash",
                            "Parent Relationship": "Inner",
                            "Parallel Aware": false,
                            "Startup Cost": 2626.12,
                            "Total Cost": 2626.12,
                            "Plan Rows": 1,
                            "Plan Width": 4,
                            "Actual Startup Time": 12.009,
                            "Actual Total Time": 12.009,
                            "Actual Rows": 1,
                            "Actual Loops": 1,
                            "Hash Buckets": 1024,
                            "Original Hash Buckets": 1024,
                            "Hash Batches": 1,
                            "Original Hash Batches": 1,
                            "Peak Memory Usage": 9,
                            "Plans": [
                              {
                                "Node Type": "Seq Scan",
                                "Parent Relationship": "Outer",
                                "Parallel Aware": false,
                                "Relation Name": "keyword",
                                "Alias": "k",
                                "Startup Cost": 0.0,
                                "Total Cost": 2626.12,
                                "Plan Rows": 1,
                                "Plan Width": 4,
                                "Actual Startup Time": 0.71,
                                "Actual Total Time": 12.003,
                                "Actual Rows": 1,
                                "Actual Loops": 1,
                                "Filter": "((keyword)::text = 'sequel'::text)",
                                "Rows Removed by Filter": 134169
                              }
                            ]
                          }
                        ]
                      }
                    ]
                  }
                ]
              },
              {
                "Node Type": "Hash Join",
                "Parent Relationship": "Inner",
                "Parallel Aware": false,
                "Join Type": "Inner",
                "Startup Cost": 18.93,
                "Total Cost": 48249.59,
                "Plan Rows": 7146,
                "Plan Width": 8,
                "Actual Startup Time": 0.015,
                "Actual Total Time": 577.289,
                "Actual Rows": 1193928,
                "Actual Loops": 199,
                "Inner Unique": true,
                "Hash Cond": "(mc.company_type_id = ct.id)",
                "Plans": [
                  {
                    "Node Type": "Seq Scan",
                    "Parent Relationship": "Outer",
                    "Parallel Aware": false,
                    "Relation Name": "movie_companies",
                    "Alias": "mc",
                    "Startup Cost": 0.0,
                    "Total Cost": 44881.29,
                    "Plan Rows": 1268385,
                    "Plan Width": 12,
                    "Actual Startup Time": 0.013,
                    "Actual Total Time": 322.831,
                    "Actual Rows": 1271989,
                    "Actual Loops": 199,
                    "Filter": "(note IS NULL)",
                    "Rows Removed by Filter": 1337140
                  },
                  {
                    "Node Type": "Hash",
                    "Parent Relationship": "Inner",
                    "Parallel Aware": false,
                    "Startup Cost": 18.88,
                    "Total Cost": 18.88,
                    "Plan Rows": 4,
                    "Plan Width": 4,
                    "Actual Startup Time": 0.038,
                    "Actual Total Time": 0.038,
                    "Actual Rows": 1,
                    "Actual Loops": 1,
                    "Hash Buckets": 1024,
                    "Original Hash Buckets": 1024,
                    "Hash Batches": 1,
                    "Original Hash Batches": 1,
                    "Peak Memory Usage": 9,
                    "Plans": [
                      {
                        "Node Type": "Seq Scan",
                        "Parent Relationship": "Outer",
                        "Parallel Aware": false,
                        "Relation Name": "company_type",
                        "Alias": "ct",
                        "Startup Cost": 0.0,
                        "Total Cost": 18.88,
                        "Plan Rows": 4,
                        "Plan Width": 4,
                        "Actual Startup Time": 0.03,
                        "Actual Total Time": 0.031,
                        "Actual Rows": 1,
                        "Actual Loops": 1,
                        "Filter": "((kind)::text = 'production companies'::text)",
                        "Rows Removed by Filter": 3
                      }
                    ]
                  }
                ]
              }
            ]
          },
          {
            "Node Type": "Index Scan",
            "Parent Relationship": "Inner",
            "Parallel Aware": false,
            "Scan Direction": "Forward",
            "Index Name": "company_name_pkey",
            "Relation Name": "company_name",
            "Alias": "cn",
            "Startup Cost": 0.42,
            "Total Cost": 0.46,
            "Plan Rows": 1,
            "Plan Width": 23,
            "Actual Startup Time": 0.014,
            "Actual Total Time": 0.014,
            "Actual Rows": 0,
            "Actual Loops": 962,
            "Index Cond": "(id = mc.company_id)",
            "Rows Removed by Index Recheck": 0,
            "Filter": "(((country_code)::text <> '[pl]'::text) AND (((name)::text ~~ '%Film%'::text) OR ((name)::text ~~ '%Warner%'::text)))",
            "Rows Removed by Filter": 1
          }
        ]
      },
      {
        "Node Type": "Seq Scan",
        "Parent Relationship": "Inner",
        "Parallel Aware": false,
        "Relation Name": "movie_info",
        "Alias": "mi",
        "Startup Cost": 0.0,
        "Total Cost": 348871.56,
        "Plan Rows": 120101,
        "Plan Width": 4,
        "Actual Startup Time": 16.295,
        "Actual Total Time": 2304.99,
        "Actual Rows": 116559,
        "Actual Loops": 402,
        "Filter": "((info)::text = ANY ('{Germany,German}'::text[]))",
        "Rows Removed by Filter": 14719161
      }
    ]
  }
}