{
  "Plan": {
    "Node Type": "Nested Loop",
    "Parent Relationship": "Outer",
    "Parallel Aware": false,
    "Join Type": "Inner",
    "Startup Cost": 0.0,
    "Total Cost": 25266.51,
    "Plan Rows": 56,
    "Plan Width": 9,
    "Actual Startup Time": 0.388,
    "Actual Total Time": 286.507,
    "Actual Rows": 305,
    "Actual Loops": 1,
    "Inner Unique": false,
    "Join Filter": "(it.id = mi_idx.info_type_id)",
    "Rows Removed by Join Filter": 8076,
    "Plans": [
      {
        "Node Type": "Seq Scan",
        "Parent Relationship": "Outer",
        "Parallel Aware": false,
        "Relation Name": "info_type",
        "Alias": "it",
        "Startup Cost": 0.0,
        "Total Cost": 2.41,
        "Plan Rows": 1,
        "Plan Width": 4,
        "Actual Startup Time": 0.016,
        "Actual Total Time": 0.018,
        "Actual Rows": 1,
        "Actual Loops": 1,
        "Filter": "((info)::text = 'rating'::text)",
        "Rows Removed by Filter": 112
      },
      {
        "Node Type": "Seq Scan",
        "Parent Relationship": "Inner",
        "Parallel Aware": false,
        "Relation Name": "movie_info_idx",
        "Alias": "mi_idx",
        "Startup Cost": 0.0,
        "Total Cost": 25185.44,
        "Plan Rows": 6293,
        "Plan Width": 13,
        "Actual Startup Time": 0.079,
        "Actual Total Time": 285.727,
        "Actual Rows": 8381,
        "Actual Loops": 1,
        "Filter": "((info)::text > '9.0'::text)",
        "Rows Removed by Filter": 1371654
      }
    ]
  }
}