{
  "Plan": {
    "Node Type": "Hash Join",
    "Parent Relationship": "Outer",
    "Parallel Aware": false,
    "Join Type": "Inner",
    "Startup Cost": 561.59,
    "Total Cost": 488617.55,
    "Plan Rows": 114,
    "Plan Width": 90,
    "Actual Startup Time": 33.965,
    "Actual Total Time": 3740.758,
    "Actual Rows": 3865,
    "Actual Loops": 1,
    "Inner Unique": false,
    "Hash Cond": "(mi.movie_id = ml.movie_id)",
    "Plans": [
      {
        "Node Type": "Seq Scan",
        "Parent Relationship": "Outer",
        "Parallel Aware": false,
        "Relation Name": "movie_info",
        "Alias": "mi",
        "Startup Cost": 0.0,
        "Total Cost": 479686.56,
        "Plan Rows": 956373,
        "Plan Width": 4,
        "Actual Startup Time": 26.913,
        "Actual Total Time": 3636.5,
        "Actual Rows": 936223,
        "Actual Loops": 1,
        "Filter": "((info)::text = ANY ('{Sweden,Norway,Germany,Denmark,Swedish,Denish,Norwegian,German,English}'::text[]))",
        "Rows Removed by Filter": 13899497
      },
      {
        "Node Type": "Hash",
        "Parent Relationship": "Inner",
        "Parallel Aware": false,
        "Startup Cost": 561.07,
        "Total Cost": 561.07,
        "Plan Rows": 42,
        "Plan Width": 86,
        "Actual Startup Time": 6.959,
        "Actual Total Time": 6.96,
        "Actual Rows": 2315,
        "Actual Loops": 1,
        "Hash Buckets": 4096,
        "Original Hash Buckets": 1024,
        "Hash Batches": 1,
        "Original Hash Batches": 1,
        "Peak Memory Usage": 136,
        "Plans": [
          {
            "Node Type": "Hash Join",
            "Parent Relationship": "Outer",
            "Parallel Aware": false,
            "Join Type": "Inner",
            "Startup Cost": 18.89,
            "Total Cost": 561.07,
            "Plan Rows": 42,
            "Plan Width": 86,
            "Actual Startup Time": 0.046,
            "Actual Total Time": 6.505,
            "Actual Rows": 2315,
            "Actual Loops": 1,
            "Inner Unique": true,
            "Hash Cond": "(ml.link_type_id = lt.id)",
            "Plans": [
              {
                "Node Type": "Seq Scan",
                "Parent Relationship": "Outer",
                "Parallel Aware": false,
                "Relation Name": "movie_link",
                "Alias": "ml",
                "Startup Cost": 0.0,
                "Total Cost": 462.97,
                "Plan Rows": 29997,
                "Plan Width": 8,
                "Actual Startup Time": 0.01,
                "Actual Total Time": 2.834,
                "Actual Rows": 29997,
                "Actual Loops": 1
              },
              {
                "Node Type": "Hash",
                "Parent Relationship": "Inner",
                "Parallel Aware": false,
                "Startup Cost": 18.88,
                "Total Cost": 18.88,
                "Plan Rows": 1,
                "Plan Width": 86,
                "Actual Startup Time": 0.014,
                "Actual Total Time": 0.014,
                "Actual Rows": 2,
                "Actual Loops": 1,
                "Hash Buckets": 1024,
                "Original Hash Buckets": 1024,
                "Hash Batches": 1,
                "Original Hash Batches": 1,
                "Peak Memory Usage": 9,
                "Plans": [
                  {
                    "Node Type": "Seq Scan",
                    "Parent Relationship": "Outer",
                    "Parallel Aware": false,
                    "Relation Name": "link_type",
                    "Alias": "lt",
                    "Startup Cost": 0.0,
                    "Total Cost": 18.88,
                    "Plan Rows": 1,
                    "Plan Width": 86,
                    "Actual Startup Time": 0.007,
                    "Actual Total Time": 0.01,
                    "Actual Rows": 2,
                    "Actual Loops": 1,
                    "Filter": "((link)::text ~~ '%follow%'::text)",
                    "Rows Removed by Filter": 16
                  }
                ]
              }
            ]
          }
        ]
      }
    ]
  }
}