{
  "Plan": {
    "Node Type": "Nested Loop",
    "Parent Relationship": "Outer",
    "Parallel Aware": false,
    "Join Type": "Inner",
    "Startup Cost": 3188.16,
    "Total Cost": 572871.41,
    "Plan Rows": 1,
    "Plan Width": 115,
    "Actual Startup Time": 1016.842,
    "Actual Total Time": 10192.267,
    "Actual Rows": 746,
    "Actual Loops": 1,
    "Inner Unique": true,
    "Join Filter": "(ml.movie_id = t.id)",
    "Rows Removed by Join Filter": 0,
    "Plans": [
      {
        "Node Type": "Nested Loop",
        "Parent Relationship": "Outer",
        "Parallel Aware": false,
        "Join Type": "Inner",
        "Startup Cost": 3187.73,
        "Total Cost": 572870.91,
        "Plan Rows": 1,
        "Plan Width": 94,
        "Actual Startup Time": 1016.769,
        "Actual Total Time": 10175.082,
        "Actual Rows": 746,
        "Actual Loops": 1,
        "Inner Unique": false,
        "Join Filter": "(mk.movie_id = ml.movie_id)",
        "Rows Removed by Join Filter": 40751814,
        "Plans": [
          {
            "Node Type": "Hash Join",
            "Parent Relationship": "Outer",
            "Parallel Aware": false,
            "Join Type": "Inner",
            "Startup Cost": 561.59,
            "Total Cost": 488617.55,
            "Plan Rows": 114,
            "Plan Width": 90,
            "Actual Startup Time": 33.965,
            "Actual Total Time": 3740.758,
            "Actual Rows": 3865,
            "Actual Loops": 1,
            "Inner Unique": false,
            "Hash Cond": "(mi.movie_id = ml.movie_id)",
            "Plans": [
              {
                "Node Type": "Seq Scan",
                "Parent Relationship": "Outer",
                "Parallel Aware": false,
                "Relation Name": "movie_info",
                "Alias": "mi",
                "Startup Cost": 0.0,
                "Total Cost": 479686.56,
                "Plan Rows": 956373,
                "Plan Width": 4,
                "Actual Startup Time": 26.913,
                "Actual Total Time": 3636.5,
                "Actual Rows": 936223,
                "Actual Loops": 1,
                "Filter": "((info)::text = ANY ('{Sweden,Norway,Germany,Denmark,Swedish,Denish,Norwegian,German,English}'::text[]))",
                "Rows Removed by Filter": 13899497
              },
              {
                "Node Type": "Hash",
                "Parent Relationship": "Inner",
                "Parallel Aware": false,
                "Startup Cost": 561.07,
                "Total Cost": 561.07,
                "Plan Rows": 42,
                "Plan Width": 86,
                "Actual Startup Time": 6.959,
                "Actual Total Time": 6.96,
                "Actual Rows": 2315,
                "Actual Loops": 1,
                "Hash Buckets": 4096,
                "Original Hash Buckets": 1024,
                "Hash Batches": 1,
                "Original Hash Batches": 1,
                "Peak Memory Usage": 136,
                "Plans": [
                  {
                    "Node Type": "Hash Join",
                    "Parent Relationship": "Outer",
                    "Parallel Aware": false,
                    "Join Type": "Inner",
                    "Startup Cost": 18.89,
                    "Total Cost": 561.07,
                    "Plan Rows": 42,
                    "Plan Width": 86,
                    "Actual Startup Time": 0.046,
                    "Actual Total Time": 6.505,
                    "Actual Rows": 2315,
                    "Actual Loops": 1,
                    "Inner Unique": true,
                    "Hash Cond": "(ml.link_type_id = lt.id)",
                    "Plans": [
                      {
                        "Node Type": "Seq Scan",
                        "Parent Relationship": "Outer",
                        "Parallel Aware": false,
                        "Relation Name": "movie_link",
                        "Alias": "ml",
                        "Startup Cost": 0.0,
                        "Total Cost": 462.97,
                        "Plan Rows": 29997,
                        "Plan Width": 8,
                        "Actual Startup Time": 0.01,
                        "Actual Total Time": 2.834,
                        "Actual Rows": 29997,
                        "Actual Loops": 1
                      },
                      {
                        "Node Type": "Hash",
                        "Parent Relationship": "Inner",
                        "Parallel Aware": false,
                        "Startup Cost": 18.88,
                        "Total Cost": 18.88,
                        "Plan Rows": 1,
                        "Plan Width": 86,
                        "Actual Startup Time": 0.014,
                        "Actual Total Time": 0.014,
                        "Actual Rows": 2,
                        "Actual Loops": 1,
                        "Hash Buckets": 1024,
                        "Original Hash Buckets": 1024,
                        "Hash Batches": 1,
                        "Original Hash Batches": 1,
                        "Peak Memory Usage": 9,
                        "Plans": [
                          {
                            "Node Type": "Seq Scan",
                            "Parent Relationship": "Outer",
                            "Parallel Aware": false,
                            "Relation Name": "link_type",
                            "Alias": "lt",
                            "Startup Cost": 0.0,
                            "Total Cost": 18.88,
                            "Plan Rows": 1,
                            "Plan Width": 86,
                            "Actual Startup Time": 0.007,
                            "Actual Total Time": 0.01,
                            "Actual Rows": 2,
                            "Actual Loops": 1,
                            "Filter": "((link)::text ~~ '%follow%'::text)",
                            "Rows Removed by Filter": 16
                          }
                        ]
                      }
                    ]
                  }
                ]
              }
            ]
          },
          {
            "Node Type": "Materialize",
            "Parent Relationship": "Inner",
            "Parallel Aware": false,
            "Startup Cost": 2626.14,
            "Total Cost": 84195.3,
            "Plan Rows": 34,
            "Plan Width": 4,
            "Actual Startup Time": 0.003,
            "Actual Total Time": 0.827,
            "Actual Rows": 10544,
            "Actual Loops": 3865,
            "Plans": [
              {
                "Node Type": "Hash Join",
                "Parent Relationship": "Outer",
                "Parallel Aware": false,
                "Join Type": "Inner",
                "Startup Cost": 2626.14,
                "Total Cost": 84195.13,
                "Plan Rows": 34,
                "Plan Width": 4,
                "Actual Startup Time": 12.124,
                "Actual Total Time": 960.392,
                "Actual Rows": 10544,
                "Actual Loops": 1,
                "Inner Unique": true,
                "Hash Cond": "(mk.keyword_id = k.id)",
                "Plans": [
                  {
                    "Node Type": "Seq Scan",
                    "Parent Relationship": "Outer",
                    "Parallel Aware": false,
                    "Relation Name": "movie_keyword",
                    "Alias": "mk",
                    "Startup Cost": 0.0,
                    "Total Cost": 69693.3,
                    "Plan Rows": 4523930,
                    "Plan Width": 8,
                    "Actual Startup Time": 0.01,
                    "Actual Total Time": 455.857,
                    "Actual Rows": 4523930,
                    "Actual Loops": 1
                  },
                  {
                    "Node Type": "Hash",
                    "Parent Relationship": "Inner",
                    "Parallel Aware": false,
                    "Startup Cost": 2626.12,
                    "Total Cost": 2626.12,
                    "Plan Rows": 1,
                    "Plan Width": 4,
                    "Actual Startup Time": 11.887,
                    "Actual Total Time": 11.887,
                    "Actual Rows": 1,
                    "Actual Loops": 1,
                    "Hash Buckets": 1024,
                    "Original Hash Buckets": 1024,
                    "Hash Batches": 1,
                    "Original Hash Batches": 1,
                    "Peak Memory Usage": 9,
                    "Plans": [
                      {
                        "Node Type": "Seq Scan",
                        "Parent Relationship": "Outer",
                        "Parallel Aware": false,
                        "Relation Name": "keyword",
                        "Alias": "k",
                        "Startup Cost": 0.0,
                        "Total Cost": 2626.12,
                        "Plan Rows": 1,
                        "Plan Width": 4,
                        "Actual Startup Time": 0.677,
                        "Actual Total Time": 11.88,
                        "Actual Rows": 1,
                        "Actual Loops": 1,
                        "Filter": "((keyword)::text = 'sequel'::text)",
                        "Rows Removed by Filter": 134169
                      }
                    ]
                  }
                ]
              }
            ]
          }
        ]
      },
      {
        "Node Type": "Index Scan",
        "Parent Relationship": "Inner",
        "Parallel Aware": false,
        "Scan Direction": "Forward",
        "Index Name": "title_pkey",
        "Relation Name": "title",
        "Alias": "t",
        "Startup Cost": 0.43,
        "Total Cost": 0.49,
        "Plan Rows": 1,
        "Plan Width": 21,
        "Actual Startup Time": 0.018,
        "Actual Total Time": 0.018,
        "Actual Rows": 1,
        "Actual Loops": 746,
        "Index Cond": "(id = mk.movie_id)",
        "Rows Removed by Index Recheck": 0,
        "Filter": "((production_year >= 1950) AND (production_year <= 2010))",
        "Rows Removed by Filter": 0
      }
    ]
  }
}