{
  "Plan": {
    "Node Type": "Hash Join",
    "Parent Relationship": "Inner",
    "Parallel Aware": false,
    "Join Type": "Inner",
    "Startup Cost": 2467.01,
    "Total Cost": 57171.29,
    "Plan Rows": 3875,
    "Plan Width": 16,
    "Actual Startup Time": 0.03,
    "Actual Total Time": 754.956,
    "Actual Rows": 227682,
    "Actual Loops": 1771,
    "Inner Unique": false,
    "Hash Cond": "(mc.movie_id = cc.movie_id)",
    "Plans": [
      {
        "Node Type": "Seq Scan",
        "Parent Relationship": "Outer",
        "Parallel Aware": false,
        "Relation Name": "movie_companies",
        "Alias": "mc",
        "Startup Cost": 0.0,
        "Total Cost": 44881.29,
        "Plan Rows": 2609129,
        "Plan Width": 12,
        "Actual Startup Time": 0.005,
        "Actual Total Time": 300.685,
        "Actual Rows": 2609129,
        "Actual Loops": 1771
      },
      {
        "Node Type": "Hash",
        "Parent Relationship": "Inner",
        "Parallel Aware": false,
        "Startup Cost": 2457.5,
        "Total Cost": 2457.5,
        "Plan Rows": 761,
        "Plan Width": 4,
        "Actual Startup Time": 35.357,
        "Actual Total Time": 35.359,
        "Actual Rows": 24592,
        "Actual Loops": 1,
        "Hash Buckets": 32768,
        "Original Hash Buckets": 1024,
        "Hash Batches": 1,
        "Original Hash Batches": 1,
        "Peak Memory Usage": 1121,
        "Plans": [
          {
            "Node Type": "Hash Join",
            "Parent Relationship": "Outer",
            "Parallel Aware": false,
            "Join Type": "Inner",
            "Startup Cost": 18.93,
            "Total Cost": 2457.5,
            "Plan Rows": 761,
            "Plan Width": 4,
            "Actual Startup Time": 0.03,
            "Actual Total Time": 31.282,
            "Actual Rows": 24592,
            "Actual Loops": 1,
            "Inner Unique": true,
            "Hash Cond": "(cc.status_id = cct1.id)",
            "Plans": [
              {
                "Node Type": "Seq Scan",
                "Parent Relationship": "Outer",
                "Parallel Aware": false,
                "Relation Name": "complete_cast",
                "Alias": "cc",
                "Startup Cost": 0.0,
                "Total Cost": 2081.86,
                "Plan Rows": 135086,
                "Plan Width": 8,
                "Actual Startup Time": 0.011,
                "Actual Total Time": 13.155,
                "Actual Rows": 135086,
                "Actual Loops": 1
              },
              {
                "Node Type": "Hash",
                "Parent Relationship": "Inner",
                "Parallel Aware": false,
                "Startup Cost": 18.88,
                "Total Cost": 18.88,
                "Plan Rows": 4,
                "Plan Width": 4,
                "Actual Startup Time": 0.015,
                "Actual Total Time": 0.015,
                "Actual Rows": 1,
                "Actual Loops": 1,
                "Hash Buckets": 1024,
                "Original Hash Buckets": 1024,
                "Hash Batches": 1,
                "Original Hash Batches": 1,
                "Peak Memory Usage": 9,
                "Plans": [
                  {
                    "Node Type": "Seq Scan",
                    "Parent Relationship": "Outer",
                    "Parallel Aware": false,
                    "Relation Name": "comp_cast_type",
                    "Alias": "cct1",
                    "Startup Cost": 0.0,
                    "Total Cost": 18.88,
                    "Plan Rows": 4,
                    "Plan Width": 4,
                    "Actual Startup Time": 0.003,
                    "Actual Total Time": 0.004,
                    "Actual Rows": 1,
                    "Actual Loops": 1,
                    "Filter": "((kind)::text = 'complete+verified'::text)",
                    "Rows Removed by Filter": 3
                  }
                ]
              }
            ]
          }
        ]
      }
    ]
  }
}