{
  "Plan": {
    "Node Type": "Nested Loop",
    "Parent Relationship": "Outer",
    "Parallel Aware": false,
    "Join Type": "Inner",
    "Startup Cost": 2626.72,
    "Total Cost": 109733.58,
    "Plan Rows": 1,
    "Plan Width": 22,
    "Actual Startup Time": 536.588,
    "Actual Total Time": 1324.965,
    "Actual Rows": 6,
    "Actual Loops": 1,
    "Inner Unique": false,
    "Join Filter": "(mi_idx.movie_id = t.id)",
    "Rows Removed by Join Filter": 123519,
    "Plans": [
      {
        "Node Type": "Nested Loop",
        "Parent Relationship": "Outer",
        "Parallel Aware": false,
        "Join Type": "Inner",
        "Startup Cost": 2626.72,
        "Total Cost": 84409.81,
        "Plan Rows": 68,
        "Plan Width": 25,
        "Actual Startup Time": 57.33,
        "Actual Total Time": 1017.399,
        "Actual Rows": 405,
        "Actual Loops": 1,
        "Inner Unique": true,
        "Plans": [
          {
            "Node Type": "Hash Join",
            "Parent Relationship": "Outer",
            "Parallel Aware": false,
            "Join Type": "Inner",
            "Startup Cost": 2626.29,
            "Total Cost": 84195.28,
            "Plan Rows": 438,
            "Plan Width": 4,
            "Actual Startup Time": 25.653,
            "Actual Total Time": 975.552,
            "Actual Rows": 12951,
            "Actual Loops": 1,
            "Inner Unique": true,
            "Hash Cond": "(mk.keyword_id = k.id)",
            "Plans": [
              {
                "Node Type": "Seq Scan",
                "Parent Relationship": "Outer",
                "Parallel Aware": false,
                "Relation Name": "movie_keyword",
                "Alias": "mk",
                "Startup Cost": 0.0,
                "Total Cost": 69693.3,
                "Plan Rows": 4523930,
                "Plan Width": 8,
                "Actual Startup Time": 0.032,
                "Actual Total Time": 455.134,
                "Actual Rows": 4523930,
                "Actual Loops": 1
              },
              {
                "Node Type": "Hash",
                "Parent Relationship": "Inner",
                "Parallel Aware": false,
                "Startup Cost": 2626.12,
                "Total Cost": 2626.12,
                "Plan Rows": 13,
                "Plan Width": 4,
                "Actual Startup Time": 25.147,
                "Actual Total Time": 25.147,
                "Actual Rows": 30,
                "Actual Loops": 1,
                "Hash Buckets": 1024,
                "Original Hash Buckets": 1024,
                "Hash Batches": 1,
                "Original Hash Batches": 1,
                "Peak Memory Usage": 10,
                "Plans": [
                  {
                    "Node Type": "Seq Scan",
                    "Parent Relationship": "Outer",
                    "Parallel Aware": false,
                    "Relation Name": "keyword",
                    "Alias": "k",
                    "Startup Cost": 0.0,
                    "Total Cost": 2626.12,
                    "Plan Rows": 13,
                    "Plan Width": 4,
                    "Actual Startup Time": 1.363,
                    "Actual Total Time": 25.132,
                    "Actual Rows": 30,
                    "Actual Loops": 1,
                    "Filter": "((keyword)::text ~~ '%sequel%'::text)",
                    "Rows Removed by Filter": 134140
                  }
                ]
              }
            ]
          },
          {
            "Node Type": "Index Scan",
            "Parent Relationship": "Inner",
            "Parallel Aware": false,
            "Scan Direction": "Forward",
            "Index Name": "title_pkey",
            "Relation Name": "title",
            "Alias": "t",
            "Startup Cost": 0.43,
            "Total Cost": 0.49,
            "Plan Rows": 1,
            "Plan Width": 21,
            "Actual Startup Time": 0.003,
            "Actual Total Time": 0.003,
            "Actual Rows": 0,
            "Actual Loops": 12951,
            "Index Cond": "(id = mk.movie_id)",
            "Rows Removed by Index Recheck": 0,
            "Filter": "(production_year > 2010)",
            "Rows Removed by Filter": 1
          }
        ]
      },
      {
        "Node Type": "Materialize",
        "Parent Relationship": "Inner",
        "Parallel Aware": false,
        "Startup Cost": 0.0,
        "Total Cost": 25266.79,
        "Plan Rows": 56,
        "Plan Width": 9,
        "Actual Startup Time": 0.001,
        "Actual Total Time": 0.726,
        "Actual Rows": 305,
        "Actual Loops": 405,
        "Plans": [
          {
            "Node Type": "Nested Loop",
            "Parent Relationship": "Outer",
            "Parallel Aware": false,
            "Join Type": "Inner",
            "Startup Cost": 0.0,
            "Total Cost": 25266.51,
            "Plan Rows": 56,
            "Plan Width": 9,
            "Actual Startup Time": 0.388,
            "Actual Total Time": 286.507,
            "Actual Rows": 305,
            "Actual Loops": 1,
            "Inner Unique": false,
            "Join Filter": "(it.id = mi_idx.info_type_id)",
            "Rows Removed by Join Filter": 8076,
            "Plans": [
              {
                "Node Type": "Seq Scan",
                "Parent Relationship": "Outer",
                "Parallel Aware": false,
                "Relation Name": "info_type",
                "Alias": "it",
                "Startup Cost": 0.0,
                "Total Cost": 2.41,
                "Plan Rows": 1,
                "Plan Width": 4,
                "Actual Startup Time": 0.016,
                "Actual Total Time": 0.018,
                "Actual Rows": 1,
                "Actual Loops": 1,
                "Filter": "((info)::text = 'rating'::text)",
                "Rows Removed by Filter": 112
              },
              {
                "Node Type": "Seq Scan",
                "Parent Relationship": "Inner",
                "Parallel Aware": false,
                "Relation Name": "movie_info_idx",
                "Alias": "mi_idx",
                "Startup Cost": 0.0,
                "Total Cost": 25185.44,
                "Plan Rows": 6293,
                "Plan Width": 13,
                "Actual Startup Time": 0.079,
                "Actual Total Time": 285.727,
                "Actual Rows": 8381,
                "Actual Loops": 1,
                "Filter": "((info)::text > '9.0'::text)",
                "Rows Removed by Filter": 1371654
              }
            ]
          }
        ]
      }
    ]
  }
}