{
  "Plan": {
    "Node Type": "Hash Join",
    "Parent Relationship": "Outer",
    "Parallel Aware": false,
    "Join Type": "Inner",
    "Startup Cost": 910275.85,
    "Total Cost": 1297677.38,
    "Plan Rows": 2,
    "Plan Width": 65,
    "Actual Startup Time": 6608.818,
    "Actual Total Time": 9377.941,
    "Actual Rows": 12691,
    "Actual Loops": 1,
    "Inner Unique": false,
    "Hash Cond": "(mi.movie_id = t.id)",
    "Plans": [
      {
        "Node Type": "Seq Scan",
        "Parent Relationship": "Outer",
        "Parallel Aware": false,
        "Relation Name": "movie_info",
        "Alias": "mi",
        "Startup Cost": 0.0,
        "Total Cost": 386247.28,
        "Plan Rows": 307795,
        "Plan Width": 8,
        "Actual Startup Time": 0.016,
        "Actual Total Time": 2738.825,
        "Actual Rows": 301247,
        "Actual Loops": 1,
        "Filter": "((info IS NOT NULL) AND (((info)::text ~~ 'Japan:%201%'::text) OR ((info)::text ~~ 'USA:%201%'::text)))",
        "Rows Removed by Filter": 14534473
      },
      {
        "Node Type": "Hash",
        "Parent Relationship": "Inner",
        "Parallel Aware": false,
        "Startup Cost": 910275.64,
        "Total Cost": 910275.64,
        "Plan Rows": 17,
        "Plan Width": 57,
        "Actual Startup Time": 6598.549,
        "Actual Total Time": 6598.553,
        "Actual Rows": 7289,
        "Actual Loops": 1,
        "Hash Buckets": 8192,
        "Original Hash Buckets": 1024,
        "Hash Batches": 1,
        "Original Hash Batches": 1,
        "Peak Memory Usage": 744,
        "Plans": [
          {
            "Node Type": "Nested Loop",
            "Parent Relationship": "Outer",
            "Parallel Aware": false,
            "Join Type": "Inner",
            "Startup Cost": 885921.92,
            "Total Cost": 910275.64,
            "Plan Rows": 17,
            "Plan Width": 57,
            "Actual Startup Time": 5953.253,
            "Actual Total Time": 6596.091,
            "Actual Rows": 7289,
            "Actual Loops": 1,
            "Inner Unique": true,
            "Join Filter": "(ci.movie_id = t.id)",
            "Rows Removed by Join Filter": 0,
            "Plans": [
              {
                "Node Type": "Nested Loop",
                "Parent Relationship": "Outer",
                "Parallel Aware": false,
                "Join Type": "Inner",
                "Startup Cost": 885921.49,
                "Total Cost": 910101.15,
                "Plan Rows": 108,
                "Plan Width": 36,
                "Actual Startup Time": 5952.937,
                "Actual Total Time": 6443.099,
                "Actual Rows": 68285,
                "Actual Loops": 1,
                "Inner Unique": true,
                "Plans": [
                  {
                    "Node Type": "Hash Join",
                    "Parent Relationship": "Outer",
                    "Parallel Aware": false,
                    "Join Type": "Inner",
                    "Startup Cost": 885921.06,
                    "Total Cost": 909712.75,
                    "Plan Rows": 223,
                    "Plan Width": 24,
                    "Actual Startup Time": 5952.893,
                    "Actual Total Time": 6228.314,
                    "Actual Rows": 71465,
                    "Actual Loops": 1,
                    "Inner Unique": false,
                    "Hash Cond": "(an.person_id = ci.person_id)",
                    "Plans": [
                      {
                        "Node Type": "Seq Scan",
                        "Parent Relationship": "Outer",
                        "Parallel Aware": false,
                        "Relation Name": "aka_name",
                        "Alias": "an",
                        "Startup Cost": 0.0,
                        "Total Cost": 20409.43,
                        "Plan Rows": 901343,
                        "Plan Width": 4,
                        "Actual Startup Time": 0.02,
                        "Actual Total Time": 141.361,
                        "Actual Rows": 901343,
                        "Actual Loops": 1
                      },
                      {
                        "Node Type": "Hash",
                        "Parent Relationship": "Inner",
                        "Parallel Aware": false,
                        "Startup Cost": 885919.93,
                        "Total Cost": 885919.93,
                        "Plan Rows": 90,
                        "Plan Width": 20,
                        "Actual Startup Time": 5952.684,
                        "Actual Total Time": 5952.687,
                        "Actual Rows": 32840,
                        "Actual Loops": 1,
                        "Hash Buckets": 65536,
                        "Original Hash Buckets": 1024,
                        "Hash Batches": 1,
                        "Original Hash Batches": 1,
                        "Peak Memory Usage": 2172,
                        "Plans": [
                          {
                            "Node Type": "Hash Join",
                            "Parent Relationship": "Outer",
                            "Parallel Aware": false,
                            "Join Type": "Inner",
                            "Startup Cost": 84364.13,
                            "Total Cost": 885919.93,
                            "Plan Rows": 90,
                            "Plan Width": 20,
                            "Actual Startup Time": 957.449,
                            "Actual Total Time": 5944.39,
                            "Actual Rows": 32840,
                            "Actual Loops": 1,
                            "Inner Unique": false,
                            "Hash Cond": "(ci.movie_id = mk.movie_id)",
                            "Plans": [
                              {
                                "Node Type": "Seq Scan",
                                "Parent Relationship": "Outer",
                                "Parallel Aware": false,
                                "Relation Name": "cast_info",
                                "Alias": "ci",
                                "Startup Cost": 0.0,
                                "Total Cost": 796172.88,
                                "Plan Rows": 861123,
                                "Plan Width": 16,
                                "Actual Startup Time": 0.022,
                                "Actual Total Time": 4864.764,
                                "Actual Rows": 867477,
                                "Actual Loops": 1,
                                "Filter": "((note)::text = ANY ('{(voice),\"(voice: Japanese version)\",\"(voice) (uncredited)\",\"(voice: English version)\"}'::text[]))",
                                "Rows Removed by Filter": 35376867
                              },
                              {
                                "Node Type": "Hash",
                                "Parent Relationship": "Inner",
                                "Parallel Aware": false,
                                "Startup Cost": 84362.87,
                                "Total Cost": 84362.87,
                                "Plan Rows": 101,
                                "Plan Width": 4,
                                "Actual Startup Time": 957.381,
                                "Actual Total Time": 957.383,
                                "Actual Rows": 9696,
                                "Actual Loops": 1,
                                "Hash Buckets": 16384,
                                "Original Hash Buckets": 1024,
                                "Hash Batches": 1,
                                "Original Hash Batches": 1,
                                "Peak Memory Usage": 469,
                                "Plans": [
                                  {
                                    "Node Type": "Hash Join",
                                    "Parent Relationship": "Outer",
                                    "Parallel Aware": false,
                                    "Join Type": "Inner",
                                    "Startup Cost": 2793.88,
                                    "Total Cost": 84362.87,
                                    "Plan Rows": 101,
                                    "Plan Width": 4,
                                    "Actual Startup Time": 20.505,
                                    "Actual Total Time": 955.376,
                                    "Actual Rows": 9696,
                                    "Actual Loops": 1,
                                    "Inner Unique": true,
                                    "Hash Cond": "(mk.keyword_id = k.id)",
                                    "Plans": [
                                      {
                                        "Node Type": "Seq Scan",
                                        "Parent Relationship": "Outer",
                                        "Parallel Aware": false,
                                        "Relation Name": "movie_keyword",
                                        "Alias": "mk",
                                        "Startup Cost": 0.0,
                                        "Total Cost": 69693.3,
                                        "Plan Rows": 4523930,
                                        "Plan Width": 8,
                                        "Actual Startup Time": 0.01,
                                        "Actual Total Time": 441.981,
                                        "Actual Rows": 4523930,
                                        "Actual Loops": 1
                                      },
                                      {
                                        "Node Type": "Hash",
                                        "Parent Relationship": "Inner",
                                        "Parallel Aware": false,
                                        "Startup Cost": 2793.84,
                                        "Total Cost": 2793.84,
                                        "Plan Rows": 3,
                                        "Plan Width": 4,
                                        "Actual Startup Time": 20.367,
                                        "Actual Total Time": 20.367,
                                        "Actual Rows": 3,
                                        "Actual Loops": 1,
                                        "Hash Buckets": 1024,
                                        "Original Hash Buckets": 1024,
                                        "Hash Batches": 1,
                                        "Original Hash Batches": 1,
                                        "Peak Memory Usage": 9,
                                        "Plans": [
                                          {
                                            "Node Type": "Seq Scan",
                                            "Parent Relationship": "Outer",
                                            "Parallel Aware": false,
                                            "Relation Name": "keyword",
                                            "Alias": "k",
                                            "Startup Cost": 0.0,
                                            "Total Cost": 2793.84,
                                            "Plan Rows": 3,
                                            "Plan Width": 4,
                                            "Actual Startup Time": 0.015,
                                            "Actual Total Time": 20.361,
                                            "Actual Rows": 3,
                                            "Actual Loops": 1,
                                            "Filter": "((keyword)::text = ANY ('{hero,martial-arts,hand-to-hand-combat}'::text[]))",
                                            "Rows Removed by Filter": 134167
                                          }
                                        ]
                                      }
                                    ]
                                  }
                                ]
                              }
                            ]
                          }
                        ]
                      }
                    ]
                  },
                  {
                    "Node Type": "Index Scan",
                    "Parent Relationship": "Inner",
                    "Parallel Aware": false,
                    "Scan Direction": "Forward",
                    "Index Name": "char_name_pkey",
                    "Relation Name": "char_name",
                    "Alias": "chn",
                    "Startup Cost": 0.43,
                    "Total Cost": 1.74,
                    "Plan Rows": 1,
                    "Plan Width": 20,
                    "Actual Startup Time": 0.003,
                    "Actual Total Time": 0.003,
                    "Actual Rows": 1,
                    "Actual Loops": 71465,
                    "Index Cond": "(id = ci.person_role_id)",
                    "Rows Removed by Index Recheck": 0
                  }
                ]
              },
              {
                "Node Type": "Index Scan",
                "Parent Relationship": "Inner",
                "Parallel Aware": false,
                "Scan Direction": "Forward",
                "Index Name": "title_pkey",
                "Relation Name": "title",
                "Alias": "t",
                "Startup Cost": 0.43,
                "Total Cost": 1.6,
                "Plan Rows": 1,
                "Plan Width": 21,
                "Actual Startup Time": 0.002,
                "Actual Total Time": 0.002,
                "Actual Rows": 0,
                "Actual Loops": 68285,
                "Index Cond": "(id = mk.movie_id)",
                "Rows Removed by Index Recheck": 0,
                "Filter": "(production_year > 2010)",
                "Rows Removed by Filter": 1
              }
            ]
          }
        ]
      }
    ]
  }
}