{
  "Plan": {
    "Node Type": "Hash Join",
    "Parent Relationship": "Outer",
    "Parallel Aware": false,
    "Join Type": "Inner",
    "Startup Cost": 2793.88,
    "Total Cost": 84362.87,
    "Plan Rows": 101,
    "Plan Width": 4,
    "Actual Startup Time": 20.505,
    "Actual Total Time": 955.376,
    "Actual Rows": 9696,
    "Actual Loops": 1,
    "Inner Unique": true,
    "Hash Cond": "(mk.keyword_id = k.id)",
    "Plans": [
      {
        "Node Type": "Seq Scan",
        "Parent Relationship": "Outer",
        "Parallel Aware": false,
        "Relation Name": "movie_keyword",
        "Alias": "mk",
        "Startup Cost": 0.0,
        "Total Cost": 69693.3,
        "Plan Rows": 4523930,
        "Plan Width": 8,
        "Actual Startup Time": 0.01,
        "Actual Total Time": 441.981,
        "Actual Rows": 4523930,
        "Actual Loops": 1
      },
      {
        "Node Type": "Hash",
        "Parent Relationship": "Inner",
        "Parallel Aware": false,
        "Startup Cost": 2793.84,
        "Total Cost": 2793.84,
        "Plan Rows": 3,
        "Plan Width": 4,
        "Actual Startup Time": 20.367,
        "Actual Total Time": 20.367,
        "Actual Rows": 3,
        "Actual Loops": 1,
        "Hash Buckets": 1024,
        "Original Hash Buckets": 1024,
        "Hash Batches": 1,
        "Original Hash Batches": 1,
        "Peak Memory Usage": 9,
        "Plans": [
          {
            "Node Type": "Seq Scan",
            "Parent Relationship": "Outer",
            "Parallel Aware": false,
            "Relation Name": "keyword",
            "Alias": "k",
            "Startup Cost": 0.0,
            "Total Cost": 2793.84,
            "Plan Rows": 3,
            "Plan Width": 4,
            "Actual Startup Time": 0.015,
            "Actual Total Time": 20.361,
            "Actual Rows": 3,
            "Actual Loops": 1,
            "Filter": "((keyword)::text = ANY ('{hero,martial-arts,hand-to-hand-combat}'::text[]))",
            "Rows Removed by Filter": 134167
          }
        ]
      }
    ]
  }
}