{
  "Plan": {
    "Node Type": "Hash Join",
    "Parent Relationship": "Outer",
    "Parallel Aware": false,
    "Join Type": "Inner",
    "Startup Cost": 885921.06,
    "Total Cost": 909712.75,
    "Plan Rows": 223,
    "Plan Width": 24,
    "Actual Startup Time": 5952.893,
    "Actual Total Time": 6228.314,
    "Actual Rows": 71465,
    "Actual Loops": 1,
    "Inner Unique": false,
    "Hash Cond": "(an.person_id = ci.person_id)",
    "Plans": [
      {
        "Node Type": "Seq Scan",
        "Parent Relationship": "Outer",
        "Parallel Aware": false,
        "Relation Name": "aka_name",
        "Alias": "an",
        "Startup Cost": 0.0,
        "Total Cost": 20409.43,
        "Plan Rows": 901343,
        "Plan Width": 4,
        "Actual Startup Time": 0.02,
        "Actual Total Time": 141.361,
        "Actual Rows": 901343,
        "Actual Loops": 1
      },
      {
        "Node Type": "Hash",
        "Parent Relationship": "Inner",
        "Parallel Aware": false,
        "Startup Cost": 885919.93,
        "Total Cost": 885919.93,
        "Plan Rows": 90,
        "Plan Width": 20,
        "Actual Startup Time": 5952.684,
        "Actual Total Time": 5952.687,
        "Actual Rows": 32840,
        "Actual Loops": 1,
        "Hash Buckets": 65536,
        "Original Hash Buckets": 1024,
        "Hash Batches": 1,
        "Original Hash Batches": 1,
        "Peak Memory Usage": 2172,
        "Plans": [
          {
            "Node Type": "Hash Join",
            "Parent Relationship": "Outer",
            "Parallel Aware": false,
            "Join Type": "Inner",
            "Startup Cost": 84364.13,
            "Total Cost": 885919.93,
            "Plan Rows": 90,
            "Plan Width": 20,
            "Actual Startup Time": 957.449,
            "Actual Total Time": 5944.39,
            "Actual Rows": 32840,
            "Actual Loops": 1,
            "Inner Unique": false,
            "Hash Cond": "(ci.movie_id = mk.movie_id)",
            "Plans": [
              {
                "Node Type": "Seq Scan",
                "Parent Relationship": "Outer",
                "Parallel Aware": false,
                "Relation Name": "cast_info",
                "Alias": "ci",
                "Startup Cost": 0.0,
                "Total Cost": 796172.88,
                "Plan Rows": 861123,
                "Plan Width": 16,
                "Actual Startup Time": 0.022,
                "Actual Total Time": 4864.764,
                "Actual Rows": 867477,
                "Actual Loops": 1,
                "Filter": "((note)::text = ANY ('{(voice),\"(voice: Japanese version)\",\"(voice) (uncredited)\",\"(voice: English version)\"}'::text[]))",
                "Rows Removed by Filter": 35376867
              },
              {
                "Node Type": "Hash",
                "Parent Relationship": "Inner",
                "Parallel Aware": false,
                "Startup Cost": 84362.87,
                "Total Cost": 84362.87,
                "Plan Rows": 101,
                "Plan Width": 4,
                "Actual Startup Time": 957.381,
                "Actual Total Time": 957.383,
                "Actual Rows": 9696,
                "Actual Loops": 1,
                "Hash Buckets": 16384,
                "Original Hash Buckets": 1024,
                "Hash Batches": 1,
                "Original Hash Batches": 1,
                "Peak Memory Usage": 469,
                "Plans": [
                  {
                    "Node Type": "Hash Join",
                    "Parent Relationship": "Outer",
                    "Parallel Aware": false,
                    "Join Type": "Inner",
                    "Startup Cost": 2793.88,
                    "Total Cost": 84362.87,
                    "Plan Rows": 101,
                    "Plan Width": 4,
                    "Actual Startup Time": 20.505,
                    "Actual Total Time": 955.376,
                    "Actual Rows": 9696,
                    "Actual Loops": 1,
                    "Inner Unique": true,
                    "Hash Cond": "(mk.keyword_id = k.id)",
                    "Plans": [
                      {
                        "Node Type": "Seq Scan",
                        "Parent Relationship": "Outer",
                        "Parallel Aware": false,
                        "Relation Name": "movie_keyword",
                        "Alias": "mk",
                        "Startup Cost": 0.0,
                        "Total Cost": 69693.3,
                        "Plan Rows": 4523930,
                        "Plan Width": 8,
                        "Actual Startup Time": 0.01,
                        "Actual Total Time": 441.981,
                        "Actual Rows": 4523930,
                        "Actual Loops": 1
                      },
                      {
                        "Node Type": "Hash",
                        "Parent Relationship": "Inner",
                        "Parallel Aware": false,
                        "Startup Cost": 2793.84,
                        "Total Cost": 2793.84,
                        "Plan Rows": 3,
                        "Plan Width": 4,
                        "Actual Startup Time": 20.367,
                        "Actual Total Time": 20.367,
                        "Actual Rows": 3,
                        "Actual Loops": 1,
                        "Hash Buckets": 1024,
                        "Original Hash Buckets": 1024,
                        "Hash Batches": 1,
                        "Original Hash Batches": 1,
                        "Peak Memory Usage": 9,
                        "Plans": [
                          {
                            "Node Type": "Seq Scan",
                            "Parent Relationship": "Outer",
                            "Parallel Aware": false,
                            "Relation Name": "keyword",
                            "Alias": "k",
                            "Startup Cost": 0.0,
                            "Total Cost": 2793.84,
                            "Plan Rows": 3,
                            "Plan Width": 4,
                            "Actual Startup Time": 0.015,
                            "Actual Total Time": 20.361,
                            "Actual Rows": 3,
                            "Actual Loops": 1,
                            "Filter": "((keyword)::text = ANY ('{hero,martial-arts,hand-to-hand-combat}'::text[]))",
                            "Rows Removed by Filter": 134167
                          }
                        ]
                      }
                    ]
                  }
                ]
              }
            ]
          }
        ]
      }
    ]
  }
}