{
  "Plan": {
    "Node Type": "Hash Join",
    "Parent Relationship": "Outer",
    "Parallel Aware": false,
    "Join Type": "Inner",
    "Startup Cost": 886089.88,
    "Total Cost": 912135.67,
    "Plan Rows": 297,
    "Plan Width": 24,
    "Actual Startup Time": 6378.637,
    "Actual Total Time": 6667.311,
    "Actual Rows": 71465,
    "Actual Loops": 1,
    "Inner Unique": false,
    "Hash Cond": "(an.person_id = ci.person_id)",
    "Plans": [
      {
        "Node Type": "Seq Scan",
        "Parent Relationship": "Outer",
        "Parallel Aware": false,
        "Relation Name": "aka_name",
        "Alias": "an",
        "Startup Cost": 0.0,
        "Total Cost": 20409.43,
        "Plan Rows": 901343,
        "Plan Width": 4,
        "Actual Startup Time": 0.014,
        "Actual Total Time": 146.592,
        "Actual Rows": 901343,
        "Actual Loops": 1
      },
      {
        "Node Type": "Hash",
        "Parent Relationship": "Inner",
        "Parallel Aware": false,
        "Startup Cost": 886088.38,
        "Total Cost": 886088.38,
        "Plan Rows": 120,
        "Plan Width": 20,
        "Actual Startup Time": 6378.416,
        "Actual Total Time": 6378.418,
        "Actual Rows": 32840,
        "Actual Loops": 1,
        "Hash Buckets": 65536,
        "Original Hash Buckets": 1024,
        "Hash Batches": 1,
        "Original Hash Batches": 1,
        "Peak Memory Usage": 2172,
        "Plans": [
          {
            "Node Type": "Hash Join",
            "Parent Relationship": "Outer",
            "Parallel Aware": false,
            "Join Type": "Inner",
            "Startup Cost": 84532.28,
            "Total Cost": 886088.38,
            "Plan Rows": 120,
            "Plan Width": 20,
            "Actual Startup Time": 973.885,
            "Actual Total Time": 6370.145,
            "Actual Rows": 32840,
            "Actual Loops": 1,
            "Inner Unique": false,
            "Hash Cond": "(ci.movie_id = mk.movie_id)",
            "Plans": [
              {
                "Node Type": "Seq Scan",
                "Parent Relationship": "Outer",
                "Parallel Aware": false,
                "Relation Name": "cast_info",
                "Alias": "ci",
                "Startup Cost": 0.0,
                "Total Cost": 796172.88,
                "Plan Rows": 861123,
                "Plan Width": 16,
                "Actual Startup Time": 0.02,
                "Actual Total Time": 5274.228,
                "Actual Rows": 867477,
                "Actual Loops": 1,
                "Filter": "((note)::text = ANY ('{(voice),\"(voice: Japanese version)\",\"(voice) (uncredited)\",\"(voice: English version)\"}'::text[]))",
                "Rows Removed by Filter": 35376867
              },
              {
                "Node Type": "Hash",
                "Parent Relationship": "Inner",
                "Parallel Aware": false,
                "Startup Cost": 84530.59,
                "Total Cost": 84530.59,
                "Plan Rows": 135,
                "Plan Width": 4,
                "Actual Startup Time": 973.802,
                "Actual Total Time": 973.804,
                "Actual Rows": 9696,
                "Actual Loops": 1,
                "Hash Buckets": 16384,
                "Original Hash Buckets": 1024,
                "Hash Batches": 1,
                "Original Hash Batches": 1,
                "Peak Memory Usage": 469,
                "Plans": [
                  {
                    "Node Type": "Hash Join",
                    "Parent Relationship": "Outer",
                    "Parallel Aware": false,
                    "Join Type": "Inner",
                    "Startup Cost": 2961.6,
                    "Total Cost": 84530.59,
                    "Plan Rows": 135,
                    "Plan Width": 4,
                    "Actual Startup Time": 24.525,
                    "Actual Total Time": 971.815,
                    "Actual Rows": 9696,
                    "Actual Loops": 1,
                    "Inner Unique": true,
                    "Hash Cond": "(mk.keyword_id = k.id)",
                    "Plans": [
                      {
                        "Node Type": "Seq Scan",
                        "Parent Relationship": "Outer",
                        "Parallel Aware": false,
                        "Relation Name": "movie_keyword",
                        "Alias": "mk",
                        "Startup Cost": 0.0,
                        "Total Cost": 69693.3,
                        "Plan Rows": 4523930,
                        "Plan Width": 8,
                        "Actual Startup Time": 0.014,
                        "Actual Total Time": 454.468,
                        "Actual Rows": 4523930,
                        "Actual Loops": 1
                      },
                      {
                        "Node Type": "Hash",
                        "Parent Relationship": "Inner",
                        "Parallel Aware": false,
                        "Startup Cost": 2961.55,
                        "Total Cost": 2961.55,
                        "Plan Rows": 4,
                        "Plan Width": 4,
                        "Actual Startup Time": 24.367,
                        "Actual Total Time": 24.367,
                        "Actual Rows": 3,
                        "Actual Loops": 1,
                        "Hash Buckets": 1024,
                        "Original Hash Buckets": 1024,
                        "Hash Batches": 1,
                        "Original Hash Batches": 1,
                        "Peak Memory Usage": 9,
                        "Plans": [
                          {
                            "Node Type": "Seq Scan",
                            "Parent Relationship": "Outer",
                            "Parallel Aware": false,
                            "Relation Name": "keyword",
                            "Alias": "k",
                            "Startup Cost": 0.0,
                            "Total Cost": 2961.55,
                            "Plan Rows": 4,
                            "Plan Width": 4,
                            "Actual Startup Time": 0.018,
                            "Actual Total Time": 24.363,
                            "Actual Rows": 3,
                            "Actual Loops": 1,
                            "Filter": "((keyword)::text = ANY ('{hero,martial-arts,hand-to-hand-combat,computer-animated-movie}'::text[]))",
                            "Rows Removed by Filter": 134167
                          }
                        ]
                      }
                    ]
                  }
                ]
              }
            ]
          }
        ]
      }
    ]
  }
}