{
  "Plan": {
    "Node Type": "Hash Join",
    "Parent Relationship": "Outer",
    "Parallel Aware": false,
    "Join Type": "Inner",
    "Startup Cost": 3129.33,
    "Total Cost": 84698.32,
    "Plan Rows": 169,
    "Plan Width": 4,
    "Actual Startup Time": 24.265,
    "Actual Total Time": 988.995,
    "Actual Rows": 62096,
    "Actual Loops": 1,
    "Inner Unique": true,
    "Hash Cond": "(mk.keyword_id = k.id)",
    "Plans": [
      {
        "Node Type": "Seq Scan",
        "Parent Relationship": "Outer",
        "Parallel Aware": false,
        "Relation Name": "movie_keyword",
        "Alias": "mk",
        "Startup Cost": 0.0,
        "Total Cost": 69693.3,
        "Plan Rows": 4523930,
        "Plan Width": 8,
        "Actual Startup Time": 0.027,
        "Actual Total Time": 463.386,
        "Actual Rows": 4523930,
        "Actual Loops": 1
      },
      {
        "Node Type": "Hash",
        "Parent Relationship": "Inner",
        "Parallel Aware": false,
        "Startup Cost": 3129.26,
        "Total Cost": 3129.26,
        "Plan Rows": 5,
        "Plan Width": 4,
        "Actual Startup Time": 24.199,
        "Actual Total Time": 24.199,
        "Actual Rows": 5,
        "Actual Loops": 1,
        "Hash Buckets": 1024,
        "Original Hash Buckets": 1024,
        "Hash Batches": 1,
        "Original Hash Batches": 1,
        "Peak Memory Usage": 9,
        "Plans": [
          {
            "Node Type": "Seq Scan",
            "Parent Relationship": "Outer",
            "Parallel Aware": false,
            "Relation Name": "keyword",
            "Alias": "k",
            "Startup Cost": 0.0,
            "Total Cost": 3129.26,
            "Plan Rows": 5,
            "Plan Width": 4,
            "Actual Startup Time": 0.677,
            "Actual Total Time": 24.194,
            "Actual Rows": 5,
            "Actual Loops": 1,
            "Filter": "((keyword)::text = ANY ('{murder,blood,gore,death,female-nudity}'::text[]))",
            "Rows Removed by Filter": 134165
          }
        ]
      }
    ]
  }
}