{
  "Plan": {
    "Node Type": "Nested Loop",
    "Parent Relationship": "Outer",
    "Parallel Aware": false,
    "Join Type": "Inner",
    "Startup Cost": 30254.77,
    "Total Cost": 111828.57,
    "Plan Rows": 5,
    "Plan Width": 22,
    "Actual Startup Time": 635.644,
    "Actual Total Time": 1673.293,
    "Actual Rows": 4700,
    "Actual Loops": 1,
    "Inner Unique": true,
    "Join Filter": "(mi_idx.movie_id = t.id)",
    "Rows Removed by Join Filter": 0,
    "Plans": [
      {
        "Node Type": "Hash Join",
        "Parent Relationship": "Outer",
        "Parallel Aware": false,
        "Join Type": "Inner",
        "Startup Cost": 30254.34,
        "Total Cost": 111825.05,
        "Plan Rows": 7,
        "Plan Width": 13,
        "Actual Startup Time": 635.596,
        "Actual Total Time": 1644.276,
        "Actual Rows": 8092,
        "Actual Loops": 1,
        "Inner Unique": false,
        "Hash Cond": "(mk.movie_id = mi_idx.movie_id)",
        "Plans": [
          {
            "Node Type": "Hash Join",
            "Parent Relationship": "Outer",
            "Parallel Aware": false,
            "Join Type": "Inner",
            "Startup Cost": 2626.29,
            "Total Cost": 84195.28,
            "Plan Rows": 438,
            "Plan Width": 4,
            "Actual Startup Time": 25.532,
            "Actual Total Time": 991.056,
            "Actual Rows": 12951,
            "Actual Loops": 1,
            "Inner Unique": true,
            "Hash Cond": "(mk.keyword_id = k.id)",
            "Plans": [
              {
                "Node Type": "Seq Scan",
                "Parent Relationship": "Outer",
                "Parallel Aware": false,
                "Relation Name": "movie_keyword",
                "Alias": "mk",
                "Startup Cost": 0.0,
                "Total Cost": 69693.3,
                "Plan Rows": 4523930,
                "Plan Width": 8,
                "Actual Startup Time": 0.038,
                "Actual Total Time": 471.468,
                "Actual Rows": 4523930,
                "Actual Loops": 1
              },
              {
                "Node Type": "Hash",
                "Parent Relationship": "Inner",
                "Parallel Aware": false,
                "Startup Cost": 2626.12,
                "Total Cost": 2626.12,
                "Plan Rows": 13,
                "Plan Width": 4,
                "Actual Startup Time": 25.0,
                "Actual Total Time": 25.0,
                "Actual Rows": 30,
                "Actual Loops": 1,
                "Hash Buckets": 1024,
                "Original Hash Buckets": 1024,
                "Hash Batches": 1,
                "Original Hash Batches": 1,
                "Peak Memory Usage": 10,
                "Plans": [
                  {
                    "Node Type": "Seq Scan",
                    "Parent Relationship": "Outer",
                    "Parallel Aware": false,
                    "Relation Name": "keyword",
                    "Alias": "k",
                    "Startup Cost": 0.0,
                    "Total Cost": 2626.12,
                    "Plan Rows": 13,
                    "Plan Width": 4,
                    "Actual Startup Time": 1.331,
                    "Actual Total Time": 24.982,
                    "Actual Rows": 30,
                    "Actual Loops": 1,
                    "Filter": "((keyword)::text ~~ '%sequel%'::text)",
                    "Rows Removed by Filter": 134140
                  }
                ]
              }
            ]
          },
          {
            "Node Type": "Hash",
            "Parent Relationship": "Inner",
            "Parallel Aware": false,
            "Startup Cost": 27532.8,
            "Total Cost": 27532.8,
            "Plan Rows": 7620,
            "Plan Width": 9,
            "Actual Startup Time": 595.313,
            "Actual Total Time": 595.314,
            "Actual Rows": 448969,
            "Actual Loops": 1,
            "Hash Buckets": 131072,
            "Original Hash Buckets": 8192,
            "Hash Batches": 8,
            "Original Hash Batches": 1,
            "Peak Memory Usage": 3221,
            "Plans": [
              {
                "Node Type": "Hash Join",
                "Parent Relationship": "Outer",
                "Parallel Aware": false,
                "Join Type": "Inner",
                "Startup Cost": 2.43,
                "Total Cost": 27532.8,
                "Plan Rows": 7620,
                "Plan Width": 9,
                "Actual Startup Time": 0.048,
                "Actual Total Time": 496.117,
                "Actual Rows": 448969,
                "Actual Loops": 1,
                "Inner Unique": true,
                "Hash Cond": "(mi_idx.info_type_id = it.id)",
                "Plans": [
                  {
                    "Node Type": "Seq Scan",
                    "Parent Relationship": "Outer",
                    "Parallel Aware": false,
                    "Relation Name": "movie_info_idx",
                    "Alias": "mi_idx",
                    "Startup Cost": 0.0,
                    "Total Cost": 25185.44,
                    "Plan Rows": 861017,
                    "Plan Width": 13,
                    "Actual Startup Time": 0.017,
                    "Actual Total Time": 352.275,
                    "Actual Rows": 861456,
                    "Actual Loops": 1,
                    "Filter": "((info)::text > '2.0'::text)",
                    "Rows Removed by Filter": 518579
                  },
                  {
                    "Node Type": "Hash",
                    "Parent Relationship": "Inner",
                    "Parallel Aware": false,
                    "Startup Cost": 2.41,
                    "Total Cost": 2.41,
                    "Plan Rows": 1,
                    "Plan Width": 4,
                    "Actual Startup Time": 0.027,
                    "Actual Total Time": 0.027,
                    "Actual Rows": 1,
                    "Actual Loops": 1,
                    "Hash Buckets": 1024,
                    "Original Hash Buckets": 1024,
                    "Hash Batches": 1,
                    "Original Hash Batches": 1,
                    "Peak Memory Usage": 9,
                    "Plans": [
                      {
                        "Node Type": "Seq Scan",
                        "Parent Relationship": "Outer",
                        "Parallel Aware": false,
                        "Relation Name": "info_type",
                        "Alias": "it",
                        "Startup Cost": 0.0,
                        "Total Cost": 2.41,
                        "Plan Rows": 1,
                        "Plan Width": 4,
                        "Actual Startup Time": 0.014,
                        "Actual Total Time": 0.015,
                        "Actual Rows": 1,
                        "Actual Loops": 1,
                        "Filter": "((info)::text = 'rating'::text)",
                        "Rows Removed by Filter": 112
                      }
                    ]
                  }
                ]
              }
            ]
          }
        ]
      },
      {
        "Node Type": "Index Scan",
        "Parent Relationship": "Inner",
        "Parallel Aware": false,
        "Scan Direction": "Forward",
        "Index Name": "title_pkey",
        "Relation Name": "title",
        "Alias": "t",
        "Startup Cost": 0.43,
        "Total Cost": 0.49,
        "Plan Rows": 1,
        "Plan Width": 21,
        "Actual Startup Time": 0.003,
        "Actual Total Time": 0.003,
        "Actual Rows": 1,
        "Actual Loops": 8092,
        "Index Cond": "(id = mk.movie_id)",
        "Rows Removed by Index Recheck": 0,
        "Filter": "(production_year > 1990)",
        "Rows Removed by Filter": 0
      }
    ]
  }
}