{
  "Plan": {
    "Node Type": "Hash Join",
    "Parent Relationship": "Outer",
    "Parallel Aware": false,
    "Join Type": "Inner",
    "Startup Cost": 1302980.88,
    "Total Cost": 1357646.41,
    "Plan Rows": 1,
    "Plan Width": 49,
    "Actual Startup Time": 818223.702,
    "Actual Total Time": 818570.04,
    "Actual Rows": 14450,
    "Actual Loops": 1,
    "Inner Unique": false,
    "Hash Cond": "(mc.movie_id = t.id)",
    "Plans": [
      {
        "Node Type": "Seq Scan",
        "Parent Relationship": "Outer",
        "Parallel Aware": false,
        "Relation Name": "movie_companies",
        "Alias": "mc",
        "Startup Cost": 0.0,
        "Total Cost": 44881.29,
        "Plan Rows": 2609129,
        "Plan Width": 8,
        "Actual Startup Time": 0.015,
        "Actual Total Time": 268.433,
        "Actual Rows": 2609129,
        "Actual Loops": 1
      },
      {
        "Node Type": "Hash",
        "Parent Relationship": "Inner",
        "Parallel Aware": false,
        "Startup Cost": 1302980.87,
        "Total Cost": 1302980.87,
        "Plan Rows": 1,
        "Plan Width": 61,
        "Actual Startup Time": 818012.588,
        "Actual Total Time": 818012.594,
        "Actual Rows": 674,
        "Actual Loops": 1,
        "Hash Buckets": 1024,
        "Original Hash Buckets": 1024,
        "Hash Batches": 1,
        "Original Hash Batches": 1,
        "Peak Memory Usage": 67,
        "Plans": [
          {
            "Node Type": "Nested Loop",
            "Parent Relationship": "Outer",
            "Parallel Aware": false,
            "Join Type": "Inner",
            "Startup Cost": 886090.88,
            "Total Cost": 1302980.87,
            "Plan Rows": 1,
            "Plan Width": 61,
            "Actual Startup Time": 9159.335,
            "Actual Total Time": 818011.5,
            "Actual Rows": 674,
            "Actual Loops": 1,
            "Inner Unique": true,
            "Plans": [
              {
                "Node Type": "Nested Loop",
                "Parent Relationship": "Outer",
                "Parallel Aware": false,
                "Join Type": "Inner",
                "Startup Cost": 886090.74,
                "Total Cost": 1302980.69,
                "Plan Rows": 1,
                "Plan Width": 65,
                "Actual Startup Time": 9159.315,
                "Actual Total Time": 818006.734,
                "Actual Rows": 674,
                "Actual Loops": 1,
                "Inner Unique": false,
                "Join Filter": "(t.id = mi.movie_id)",
                "Rows Removed by Join Filter": 88565944,
                "Plans": [
                  {
                    "Node Type": "Nested Loop",
                    "Parent Relationship": "Outer",
                    "Parallel Aware": false,
                    "Join Type": "Inner",
                    "Startup Cost": 886090.74,
                    "Total Cost": 912885.97,
                    "Plan Rows": 1,
                    "Plan Width": 57,
                    "Actual Startup Time": 6412.769,
                    "Actual Total Time": 7002.714,
                    "Actual Rows": 294,
                    "Actual Loops": 1,
                    "Inner Unique": true,
                    "Join Filter": "(ci.movie_id = t.id)",
                    "Rows Removed by Join Filter": 0,
                    "Plans": [
                      {
                        "Node Type": "Nested Loop",
                        "Parent Relationship": "Outer",
                        "Parallel Aware": false,
                        "Join Type": "Inner",
                        "Startup Cost": 886090.31,
                        "Total Cost": 912652.96,
                        "Plan Rows": 144,
                        "Plan Width": 36,
                        "Actual Startup Time": 6378.776,
                        "Actual Total Time": 6841.216,
                        "Actual Rows": 68285,
                        "Actual Loops": 1,
                        "Inner Unique": true,
                        "Plans": [
                          {
                            "Node Type": "Hash Join",
                            "Parent Relationship": "Outer",
                            "Parallel Aware": false,
                            "Join Type": "Inner",
                            "Startup Cost": 886089.88,
                            "Total Cost": 912135.67,
                            "Plan Rows": 297,
                            "Plan Width": 24,
                            "Actual Startup Time": 6378.637,
                            "Actual Total Time": 6667.311,
                            "Actual Rows": 71465,
                            "Actual Loops": 1,
                            "Inner Unique": false,
                            "Hash Cond": "(an.person_id = ci.person_id)",
                            "Plans": [
                              {
                                "Node Type": "Seq Scan",
                                "Parent Relationship": "Outer",
                                "Parallel Aware": false,
                                "Relation Name": "aka_name",
                                "Alias": "an",
                                "Startup Cost": 0.0,
                                "Total Cost": 20409.43,
                                "Plan Rows": 901343,
                                "Plan Width": 4,
                                "Actual Startup Time": 0.014,
                                "Actual Total Time": 146.592,
                                "Actual Rows": 901343,
                                "Actual Loops": 1
                              },
                              {
                                "Node Type": "Hash",
                                "Parent Relationship": "Inner",
                                "Parallel Aware": false,
                                "Startup Cost": 886088.38,
                                "Total Cost": 886088.38,
                                "Plan Rows": 120,
                                "Plan Width": 20,
                                "Actual Startup Time": 6378.416,
                                "Actual Total Time": 6378.418,
                                "Actual Rows": 32840,
                                "Actual Loops": 1,
                                "Hash Buckets": 65536,
                                "Original Hash Buckets": 1024,
                                "Hash Batches": 1,
                                "Original Hash Batches": 1,
                                "Peak Memory Usage": 2172,
                                "Plans": [
                                  {
                                    "Node Type": "Hash Join",
                                    "Parent Relationship": "Outer",
                                    "Parallel Aware": false,
                                    "Join Type": "Inner",
                                    "Startup Cost": 84532.28,
                                    "Total Cost": 886088.38,
                                    "Plan Rows": 120,
                                    "Plan Width": 20,
                                    "Actual Startup Time": 973.885,
                                    "Actual Total Time": 6370.145,
                                    "Actual Rows": 32840,
                                    "Actual Loops": 1,
                                    "Inner Unique": false,
                                    "Hash Cond": "(ci.movie_id = mk.movie_id)",
                                    "Plans": [
                                      {
                                        "Node Type": "Seq Scan",
                                        "Parent Relationship": "Outer",
                                        "Parallel Aware": false,
                                        "Relation Name": "cast_info",
                                        "Alias": "ci",
                                        "Startup Cost": 0.0,
                                        "Total Cost": 796172.88,
                                        "Plan Rows": 861123,
                                        "Plan Width": 16,
                                        "Actual Startup Time": 0.02,
                                        "Actual Total Time": 5274.228,
                                        "Actual Rows": 867477,
                                        "Actual Loops": 1,
                                        "Filter": "((note)::text = ANY ('{(voice),\"(voice: Japanese version)\",\"(voice) (uncredited)\",\"(voice: English version)\"}'::text[]))",
                                        "Rows Removed by Filter": 35376867
                                      },
                                      {
                                        "Node Type": "Hash",
                                        "Parent Relationship": "Inner",
                                        "Parallel Aware": false,
                                        "Startup Cost": 84530.59,
                                        "Total Cost": 84530.59,
                                        "Plan Rows": 135,
                                        "Plan Width": 4,
                                        "Actual Startup Time": 973.802,
                                        "Actual Total Time": 973.804,
                                        "Actual Rows": 9696,
                                        "Actual Loops": 1,
                                        "Hash Buckets": 16384,
                                        "Original Hash Buckets": 1024,
                                        "Hash Batches": 1,
                                        "Original Hash Batches": 1,
                                        "Peak Memory Usage": 469,
                                        "Plans": [
                                          {
                                            "Node Type": "Hash Join",
                                            "Parent Relationship": "Outer",
                                            "Parallel Aware": false,
                                            "Join Type": "Inner",
                                            "Startup Cost": 2961.6,
                                            "Total Cost": 84530.59,
                                            "Plan Rows": 135,
                                            "Plan Width": 4,
                                            "Actual Startup Time": 24.525,
                                            "Actual Total Time": 971.815,
                                            "Actual Rows": 9696,
                                            "Actual Loops": 1,
                                            "Inner Unique": true,
                                            "Hash Cond": "(mk.keyword_id = k.id)",
                                            "Plans": [
                                              {
                                                "Node Type": "Seq Scan",
                                                "Parent Relationship": "Outer",
                                                "Parallel Aware": false,
                                                "Relation Name": "movie_keyword",
                                                "Alias": "mk",
                                                "Startup Cost": 0.0,
                                                "Total Cost": 69693.3,
                                                "Plan Rows": 4523930,
                                                "Plan Width": 8,
                                                "Actual Startup Time": 0.014,
                                                "Actual Total Time": 454.468,
                                                "Actual Rows": 4523930,
                                                "Actual Loops": 1
                                              },
                                              {
                                                "Node Type": "Hash",
                                                "Parent Relationship": "Inner",
                                                "Parallel Aware": false,
                                                "Startup Cost": 2961.55,
                                                "Total Cost": 2961.55,
                                                "Plan Rows": 4,
                                                "Plan Width": 4,
                                                "Actual Startup Time": 24.367,
                                                "Actual Total Time": 24.367,
                                                "Actual Rows": 3,
                                                "Actual Loops": 1,
                                                "Hash Buckets": 1024,
                                                "Original Hash Buckets": 1024,
                                                "Hash Batches": 1,
                                                "Original Hash Batches": 1,
                                                "Peak Memory Usage": 9,
                                                "Plans": [
                                                  {
                                                    "Node Type": "Seq Scan",
                                                    "Parent Relationship": "Outer",
                                                    "Parallel Aware": false,
                                                    "Relation Name": "keyword",
                                                    "Alias": "k",
                                                    "Startup Cost": 0.0,
                                                    "Total Cost": 2961.55,
                                                    "Plan Rows": 4,
                                                    "Plan Width": 4,
                                                    "Actual Startup Time": 0.018,
                                                    "Actual Total Time": 24.363,
                                                    "Actual Rows": 3,
                                                    "Actual Loops": 1,
                                                    "Filter": "((keyword)::text = ANY ('{hero,martial-arts,hand-to-hand-combat,computer-animated-movie}'::text[]))",
                                                    "Rows Removed by Filter": 134167
                                                  }
                                                ]
                                              }
                                            ]
                                          }
                                        ]
                                      }
                                    ]
                                  }
                                ]
                              }
                            ]
                          },
                          {
                            "Node Type": "Index Scan",
                            "Parent Relationship": "Inner",
                            "Parallel Aware": false,
                            "Scan Direction": "Forward",
                            "Index Name": "char_name_pkey",
                            "Relation Name": "char_name",
                            "Alias": "chn",
                            "Startup Cost": 0.43,
                            "Total Cost": 1.74,
                            "Plan Rows": 1,
                            "Plan Width": 20,
                            "Actual Startup Time": 0.002,
                            "Actual Total Time": 0.002,
                            "Actual Rows": 1,
                            "Actual Loops": 71465,
                            "Index Cond": "(id = ci.person_role_id)",
                            "Rows Removed by Index Recheck": 0
                          }
                        ]
                      },
                      {
                        "Node Type": "Index Scan",
                        "Parent Relationship": "Inner",
                        "Parallel Aware": false,
                        "Scan Direction": "Forward",
                        "Index Name": "title_pkey",
                        "Relation Name": "title",
                        "Alias": "t",
                        "Startup Cost": 0.43,
                        "Total Cost": 1.61,
                        "Plan Rows": 1,
                        "Plan Width": 21,
                        "Actual Startup Time": 0.002,
                        "Actual Total Time": 0.002,
                        "Actual Rows": 0,
                        "Actual Loops": 68285,
                        "Index Cond": "(id = mk.movie_id)",
                        "Rows Removed by Index Recheck": 0,
                        "Filter": "((production_year > 2010) AND ((title)::text ~~ 'Kung Fu Panda%'::text))",
                        "Rows Removed by Filter": 1
                      }
                    ]
                  },
                  {
                    "Node Type": "Seq Scan",
                    "Parent Relationship": "Inner",
                    "Parallel Aware": false,
                    "Relation Name": "movie_info",
                    "Alias": "mi",
                    "Startup Cost": 0.0,
                    "Total Cost": 386247.28,
                    "Plan Rows": 307795,
                    "Plan Width": 8,
                    "Actual Startup Time": 0.009,
                    "Actual Total Time": 2734.041,
                    "Actual Rows": 301247,
                    "Actual Loops": 294,
                    "Filter": "((info IS NOT NULL) AND (((info)::text ~~ 'Japan:%201%'::text) OR ((info)::text ~~ 'USA:%201%'::text)))",
                    "Rows Removed by Filter": 14534473
                  }
                ]
              },
              {
                "Node Type": "Index Scan",
                "Parent Relationship": "Inner",
                "Parallel Aware": false,
                "Scan Direction": "Forward",
                "Index Name": "info_type_pkey",
                "Relation Name": "info_type",
                "Alias": "it",
                "Startup Cost": 0.14,
                "Total Cost": 0.16,
                "Plan Rows": 1,
                "Plan Width": 4,
                "Actual Startup Time": 0.005,
                "Actual Total Time": 0.005,
                "Actual Rows": 1,
                "Actual Loops": 674,
                "Index Cond": "(id = mi.info_type_id)",
                "Rows Removed by Index Recheck": 0,
                "Filter": "((info)::text = 'release dates'::text)",
                "Rows Removed by Filter": 0
              }
            ]
          }
        ]
      }
    ]
  }
}