{
  "Plan": {
    "Node Type": "Nested Loop",
    "Parent Relationship": "Outer",
    "Parallel Aware": false,
    "Join Type": "Inner",
    "Startup Cost": 3132.18,
    "Total Cost": 459709.88,
    "Plan Rows": 1,
    "Plan Width": 84,
    "Actual Startup Time": 185.342,
    "Actual Total Time": 20042.412,
    "Actual Rows": 9,
    "Actual Loops": 1,
    "Inner Unique": false,
    "Join Filter": "(t.id = mi.movie_id)",
    "Rows Removed by Join Filter": 277200,
    "Plans": [
      {
        "Node Type": "Nested Loop",
        "Parent Relationship": "Outer",
        "Parallel Aware": false,
        "Join Type": "Inner",
        "Startup Cost": 3132.18,
        "Total Cost": 110489.48,
        "Plan Rows": 1,
        "Plan Width": 34,
        "Actual Startup Time": 149.194,
        "Actual Total Time": 4807.252,
        "Actual Rows": 9,
        "Actual Loops": 1,
        "Inner Unique": false,
        "Join Filter": "(mi_idx.movie_id = t.id)",
        "Rows Removed by Join Filter": 4139316,
        "Plans": [
          {
            "Node Type": "Nested Loop",
            "Parent Relationship": "Outer",
            "Parallel Aware": false,
            "Join Type": "Inner",
            "Startup Cost": 3129.76,
            "Total Cost": 84840.59,
            "Plan Rows": 1,
            "Plan Width": 25,
            "Actual Startup Time": 95.812,
            "Actual Total Time": 1253.807,
            "Actual Rows": 9,
            "Actual Loops": 1,
            "Inner Unique": true,
            "Plans": [
              {
                "Node Type": "Hash Join",
                "Parent Relationship": "Outer",
                "Parallel Aware": false,
                "Join Type": "Inner",
                "Startup Cost": 3129.33,
                "Total Cost": 84698.32,
                "Plan Rows": 169,
                "Plan Width": 4,
                "Actual Startup Time": 24.265,
                "Actual Total Time": 988.995,
                "Actual Rows": 62096,
                "Actual Loops": 1,
                "Inner Unique": true,
                "Hash Cond": "(mk.keyword_id = k.id)",
                "Plans": [
                  {
                    "Node Type": "Seq Scan",
                    "Parent Relationship": "Outer",
                    "Parallel Aware": false,
                    "Relation Name": "movie_keyword",
                    "Alias": "mk",
                    "Startup Cost": 0.0,
                    "Total Cost": 69693.3,
                    "Plan Rows": 4523930,
                    "Plan Width": 8,
                    "Actual Startup Time": 0.027,
                    "Actual Total Time": 463.386,
                    "Actual Rows": 4523930,
                    "Actual Loops": 1
                  },
                  {
                    "Node Type": "Hash",
                    "Parent Relationship": "Inner",
                    "Parallel Aware": false,
                    "Startup Cost": 3129.26,
                    "Total Cost": 3129.26,
                    "Plan Rows": 5,
                    "Plan Width": 4,
                    "Actual Startup Time": 24.199,
                    "Actual Total Time": 24.199,
                    "Actual Rows": 5,
                    "Actual Loops": 1,
                    "Hash Buckets": 1024,
                    "Original Hash Buckets": 1024,
                    "Hash Batches": 1,
                    "Original Hash Batches": 1,
                    "Peak Memory Usage": 9,
                    "Plans": [
                      {
                        "Node Type": "Seq Scan",
                        "Parent Relationship": "Outer",
                        "Parallel Aware": false,
                        "Relation Name": "keyword",
                        "Alias": "k",
                        "Startup Cost": 0.0,
                        "Total Cost": 3129.26,
                        "Plan Rows": 5,
                        "Plan Width": 4,
                        "Actual Startup Time": 0.677,
                        "Actual Total Time": 24.194,
                        "Actual Rows": 5,
                        "Actual Loops": 1,
                        "Filter": "((keyword)::text = ANY ('{murder,blood,gore,death,female-nudity}'::text[]))",
                        "Rows Removed by Filter": 134165
                      }
                    ]
                  }
                ]
              },
              {
                "Node Type": "Index Scan",
                "Parent Relationship": "Inner",
                "Parallel Aware": false,
                "Scan Direction": "Forward",
                "Index Name": "title_pkey",
                "Relation Name": "title",
                "Alias": "t",
                "Startup Cost": 0.43,
                "Total Cost": 0.84,
                "Plan Rows": 1,
                "Plan Width": 21,
                "Actual Startup Time": 0.004,
                "Actual Total Time": 0.004,
                "Actual Rows": 0,
                "Actual Loops": 62096,
                "Index Cond": "(id = mk.movie_id)",
                "Rows Removed by Index Recheck": 0,
                "Filter": "((production_year > 2010) AND ((title)::text ~~ 'Vampire%'::text))",
                "Rows Removed by Filter": 1
              }
            ]
          },
          {
            "Node Type": "Hash Join",
            "Parent Relationship": "Inner",
            "Parallel Aware": false,
            "Join Type": "Inner",
            "Startup Cost": 2.43,
            "Total Cost": 25496.24,
            "Plan Rows": 12213,
            "Plan Width": 9,
            "Actual Startup Time": 0.014,
            "Actual Total Time": 356.375,
            "Actual Rows": 459925,
            "Actual Loops": 9,
            "Inner Unique": true,
            "Hash Cond": "(mi_idx.info_type_id = it2.id)",
            "Plans": [
              {
                "Node Type": "Seq Scan",
                "Parent Relationship": "Outer",
                "Parallel Aware": false,
                "Relation Name": "movie_info_idx",
                "Alias": "mi_idx",
                "Startup Cost": 0.0,
                "Total Cost": 21735.35,
                "Plan Rows": 1380035,
                "Plan Width": 13,
                "Actual Startup Time": 0.007,
                "Actual Total Time": 140.007,
                "Actual Rows": 1380035,
                "Actual Loops": 9
              },
              {
                "Node Type": "Hash",
                "Parent Relationship": "Inner",
                "Parallel Aware": false,
                "Startup Cost": 2.41,
                "Total Cost": 2.41,
                "Plan Rows": 1,
                "Plan Width": 4,
                "Actual Startup Time": 0.018,
                "Actual Total Time": 0.018,
                "Actual Rows": 1,
                "Actual Loops": 1,
                "Hash Buckets": 1024,
                "Original Hash Buckets": 1024,
                "Hash Batches": 1,
                "Original Hash Batches": 1,
                "Peak Memory Usage": 9,
                "Plans": [
                  {
                    "Node Type": "Seq Scan",
                    "Parent Relationship": "Outer",
                    "Parallel Aware": false,
                    "Relation Name": "info_type",
                    "Alias": "it2",
                    "Startup Cost": 0.0,
                    "Total Cost": 2.41,
                    "Plan Rows": 1,
                    "Plan Width": 4,
                    "Actual Startup Time": 0.015,
                    "Actual Total Time": 0.016,
                    "Actual Rows": 1,
                    "Actual Loops": 1,
                    "Filter": "((info)::text = 'votes'::text)",
                    "Rows Removed by Filter": 112
                  }
                ]
              }
            ]
          }
        ]
      },
      {
        "Node Type": "Seq Scan",
        "Parent Relationship": "Inner",
        "Parallel Aware": false,
        "Relation Name": "movie_info",
        "Alias": "mi",
        "Startup Cost": 0.0,
        "Total Cost": 348871.56,
        "Plan Rows": 27907,
        "Plan Width": 50,
        "Actual Startup Time": 0.006,
        "Actual Total Time": 1690.29,
        "Actual Rows": 30801,
        "Actual Loops": 9,
        "Filter": "((info)::text = 'Horror'::text)",
        "Rows Removed by Filter": 14804919
      }
    ]
  }
}