{
  "Plan": {
    "Node Type": "Hash Join",
    "Parent Relationship": "Outer",
    "Parallel Aware": false,
    "Join Type": "Inner",
    "Startup Cost": 3967.95,
    "Total Cost": 85536.94,
    "Plan Rows": 337,
    "Plan Width": 4,
    "Actual Startup Time": 32.373,
    "Actual Total Time": 988.93,
    "Actual Rows": 24091,
    "Actual Loops": 1,
    "Inner Unique": true,
    "Hash Cond": "(mk.keyword_id = k.id)",
    "Plans": [
      {
        "Node Type": "Seq Scan",
        "Parent Relationship": "Outer",
        "Parallel Aware": false,
        "Relation Name": "movie_keyword",
        "Alias": "mk",
        "Startup Cost": 0.0,
        "Total Cost": 69693.3,
        "Plan Rows": 4523930,
        "Plan Width": 8,
        "Actual Startup Time": 0.014,
        "Actual Total Time": 460.919,
        "Actual Rows": 4523930,
        "Actual Loops": 1
      },
      {
        "Node Type": "Hash",
        "Parent Relationship": "Inner",
        "Parallel Aware": false,
        "Startup Cost": 3967.82,
        "Total Cost": 3967.82,
        "Plan Rows": 10,
        "Plan Width": 4,
        "Actual Startup Time": 32.346,
        "Actual Total Time": 32.347,
        "Actual Rows": 10,
        "Actual Loops": 1,
        "Hash Buckets": 1024,
        "Original Hash Buckets": 1024,
        "Hash Batches": 1,
        "Original Hash Batches": 1,
        "Peak Memory Usage": 9,
        "Plans": [
          {
            "Node Type": "Seq Scan",
            "Parent Relationship": "Outer",
            "Parallel Aware": false,
            "Relation Name": "keyword",
            "Alias": "k",
            "Startup Cost": 0.0,
            "Total Cost": 3967.82,
            "Plan Rows": 10,
            "Plan Width": 4,
            "Actual Startup Time": 0.111,
            "Actual Total Time": 32.34,
            "Actual Rows": 10,
            "Actual Loops": 1,
            "Filter": "((keyword)::text = ANY ('{superhero,marvel-comics,based-on-comic,tv-special,fight,violence,magnet,web,claw,laser}'::text[]))",
            "Rows Removed by Filter": 134160
          }
        ]
      }
    ]
  }
}