{
  "Plan": {
    "Node Type": "Hash Join",
    "Parent Relationship": "Outer",
    "Parallel Aware": false,
    "Join Type": "Inner",
    "Startup Cost": 84532.28,
    "Total Cost": 87122.58,
    "Plan Rows": 187,
    "Plan Width": 16,
    "Actual Startup Time": 974.071,
    "Actual Total Time": 1007.712,
    "Actual Rows": 3974,
    "Actual Loops": 1,
    "Inner Unique": false,
    "Hash Cond": "(cc.movie_id = mk.movie_id)",
    "Plans": [
      {
        "Node Type": "Seq Scan",
        "Parent Relationship": "Outer",
        "Parallel Aware": false,
        "Relation Name": "complete_cast",
        "Alias": "cc",
        "Startup Cost": 0.0,
        "Total Cost": 2081.86,
        "Plan Rows": 135086,
        "Plan Width": 12,
        "Actual Startup Time": 0.015,
        "Actual Total Time": 17.302,
        "Actual Rows": 135086,
        "Actual Loops": 1
      },
      {
        "Node Type": "Hash",
        "Parent Relationship": "Inner",
        "Parallel Aware": false,
        "Startup Cost": 84530.59,
        "Total Cost": 84530.59,
        "Plan Rows": 135,
        "Plan Width": 4,
        "Actual Startup Time": 974.046,
        "Actual Total Time": 974.049,
        "Actual Rows": 9984,
        "Actual Loops": 1,
        "Hash Buckets": 16384,
        "Original Hash Buckets": 1024,
        "Hash Batches": 1,
        "Original Hash Batches": 1,
        "Peak Memory Usage": 479,
        "Plans": [
          {
            "Node Type": "Hash Join",
            "Parent Relationship": "Outer",
            "Parallel Aware": false,
            "Join Type": "Inner",
            "Startup Cost": 2961.6,
            "Total Cost": 84530.59,
            "Plan Rows": 135,
            "Plan Width": 4,
            "Actual Startup Time": 25.558,
            "Actual Total Time": 972.041,
            "Actual Rows": 9984,
            "Actual Loops": 1,
            "Inner Unique": true,
            "Hash Cond": "(mk.keyword_id = k.id)",
            "Plans": [
              {
                "Node Type": "Seq Scan",
                "Parent Relationship": "Outer",
                "Parallel Aware": false,
                "Relation Name": "movie_keyword",
                "Alias": "mk",
                "Startup Cost": 0.0,
                "Total Cost": 69693.3,
                "Plan Rows": 4523930,
                "Plan Width": 8,
                "Actual Startup Time": 0.012,
                "Actual Total Time": 454.074,
                "Actual Rows": 4523930,
                "Actual Loops": 1
              },
              {
                "Node Type": "Hash",
                "Parent Relationship": "Inner",
                "Parallel Aware": false,
                "Startup Cost": 2961.55,
                "Total Cost": 2961.55,
                "Plan Rows": 4,
                "Plan Width": 4,
                "Actual Startup Time": 25.425,
                "Actual Total Time": 25.426,
                "Actual Rows": 4,
                "Actual Loops": 1,
                "Hash Buckets": 1024,
                "Original Hash Buckets": 1024,
                "Hash Batches": 1,
                "Original Hash Batches": 1,
                "Peak Memory Usage": 9,
                "Plans": [
                  {
                    "Node Type": "Seq Scan",
                    "Parent Relationship": "Outer",
                    "Parallel Aware": false,
                    "Relation Name": "keyword",
                    "Alias": "k",
                    "Startup Cost": 0.0,
                    "Total Cost": 2961.55,
                    "Plan Rows": 4,
                    "Plan Width": 4,
                    "Actual Startup Time": 0.092,
                    "Actual Total Time": 25.415,
                    "Actual Rows": 4,
                    "Actual Loops": 1,
                    "Filter": "((keyword)::text = ANY ('{superhero,marvel-comics,based-on-comic,fight}'::text[]))",
                    "Rows Removed by Filter": 134166
                  }
                ]
              }
            ]
          }
        ]
      }
    ]
  }
}