{
  "Plan": {
    "Node Type": "Nested Loop",
    "Parent Relationship": "Outer",
    "Parallel Aware": false,
    "Join Type": "Inner",
    "Startup Cost": 779276.19,
    "Total Cost": 865949.07,
    "Plan Rows": 1,
    "Plan Width": 46,
    "Actual Startup Time": 23742.591,
    "Actual Total Time": 41033.511,
    "Actual Rows": 6777,
    "Actual Loops": 1,
    "Inner Unique": true,
    "Join Filter": "(mk.movie_id = t.id)",
    "Rows Removed by Join Filter": 0,
    "Plans": [
      {
        "Node Type": "Nested Loop",
        "Parent Relationship": "Outer",
        "Parallel Aware": false,
        "Join Type": "Inner",
        "Startup Cost": 779275.76,
        "Total Cost": 865948.6,
        "Plan Rows": 1,
        "Plan Width": 41,
        "Actual Startup Time": 23717.128,
        "Actual Total Time": 40925.445,
        "Actual Rows": 30401,
        "Actual Loops": 1,
        "Inner Unique": true,
        "Plans": [
          {
            "Node Type": "Hash Join",
            "Parent Relationship": "Outer",
            "Parallel Aware": false,
            "Join Type": "Inner",
            "Startup Cost": 779275.34,
            "Total Cost": 865933.71,
            "Plan Rows": 33,
            "Plan Width": 45,
            "Actual Startup Time": 23716.023,
            "Actual Total Time": 26697.874,
            "Actual Rows": 7034463,
            "Actual Loops": 1,
            "Inner Unique": false,
            "Hash Cond": "(mk.movie_id = ci.movie_id)",
            "Plans": [
              {
                "Node Type": "Seq Scan",
                "Parent Relationship": "Outer",
                "Parallel Aware": false,
                "Relation Name": "movie_keyword",
                "Alias": "mk",
                "Startup Cost": 0.0,
                "Total Cost": 69693.3,
                "Plan Rows": 4523930,
                "Plan Width": 8,
                "Actual Startup Time": 0.032,
                "Actual Total Time": 551.38,
                "Actual Rows": 4523930,
                "Actual Loops": 1
              },
              {
                "Node Type": "Hash",
                "Parent Relationship": "Inner",
                "Parallel Aware": false,
                "Startup Cost": 779275.25,
                "Total Cost": 779275.25,
                "Plan Rows": 7,
                "Plan Width": 37,
                "Actual Startup Time": 23715.731,
                "Actual Total Time": 23715.736,
                "Actual Rows": 165974,
                "Actual Loops": 1,
                "Hash Buckets": 65536,
                "Original Hash Buckets": 1024,
                "Hash Batches": 4,
                "Original Hash Batches": 1,
                "Peak Memory Usage": 3585,
                "Plans": [
                  {
                    "Node Type": "Nested Loop",
                    "Parent Relationship": "Outer",
                    "Parallel Aware": false,
                    "Join Type": "Inner",
                    "Startup Cost": 28303.06,
                    "Total Cost": 779275.25,
                    "Plan Rows": 7,
                    "Plan Width": 37,
                    "Actual Startup Time": 5740.685,
                    "Actual Total Time": 23651.474,
                    "Actual Rows": 165974,
                    "Actual Loops": 1,
                    "Inner Unique": true,
                    "Plans": [
                      {
                        "Node Type": "Nested Loop",
                        "Parent Relationship": "Outer",
                        "Parallel Aware": false,
                        "Join Type": "Inner",
                        "Startup Cost": 28302.63,
                        "Total Cost": 779272.07,
                        "Plan Rows": 7,
                        "Plan Width": 41,
                        "Actual Startup Time": 5740.531,
                        "Actual Total Time": 22801.255,
                        "Actual Rows": 165974,
                        "Actual Loops": 1,
                        "Inner Unique": true,
                        "Plans": [
                          {
                            "Node Type": "Hash Join",
                            "Parent Relationship": "Outer",
                            "Parallel Aware": false,
                            "Join Type": "Inner",
                            "Startup Cost": 28302.2,
                            "Total Cost": 779186.46,
                            "Plan Rows": 187,
                            "Plan Width": 29,
                            "Actual Startup Time": 629.379,
                            "Actual Total Time": 14413.196,
                            "Actual Rows": 4271695,
                            "Actual Loops": 1,
                            "Inner Unique": false,
                            "Hash Cond": "(ci.movie_id = cc.movie_id)",
                            "Plans": [
                              {
                                "Node Type": "Seq Scan",
                                "Parent Relationship": "Outer",
                                "Parallel Aware": false,
                                "Relation Name": "cast_info",
                                "Alias": "ci",
                                "Startup Cost": 0.0,
                                "Total Cost": 615010.92,
                                "Plan Rows": 36232392,
                                "Plan Width": 12,
                                "Actual Startup Time": 0.013,
                                "Actual Total Time": 4467.715,
                                "Actual Rows": 36244344,
                                "Actual Loops": 1
                              },
                              {
                                "Node Type": "Hash",
                                "Parent Relationship": "Inner",
                                "Parallel Aware": false,
                                "Startup Cost": 28302.14,
                                "Total Cost": 28302.14,
                                "Plan Rows": 5,
                                "Plan Width": 17,
                                "Actual Startup Time": 629.301,
                                "Actual Total Time": 629.304,
                                "Actual Rows": 95399,
                                "Actual Loops": 1,
                                "Hash Buckets": 131072,
                                "Original Hash Buckets": 1024,
                                "Hash Batches": 2,
                                "Original Hash Batches": 1,
                                "Peak Memory Usage": 3265,
                                "Plans": [
                                  {
                                    "Node Type": "Hash Join",
                                    "Parent Relationship": "Outer",
                                    "Parallel Aware": false,
                                    "Join Type": "Inner",
                                    "Startup Cost": 25667.79,
                                    "Total Cost": 28302.14,
                                    "Plan Rows": 5,
                                    "Plan Width": 17,
                                    "Actual Startup Time": 472.0,
                                    "Actual Total Time": 608.129,
                                    "Actual Rows": 95399,
                                    "Actual Loops": 1,
                                    "Inner Unique": true,
                                    "Hash Cond": "(cc.status_id = cct2.id)",
                                    "Plans": [
                                      {
                                        "Node Type": "Hash Join",
                                        "Parent Relationship": "Outer",
                                        "Parallel Aware": false,
                                        "Join Type": "Inner",
                                        "Startup Cost": 25648.9,
                                        "Total Cost": 28273.66,
                                        "Plan Rows": 3633,
                                        "Plan Width": 21,
                                        "Actual Startup Time": 471.98,
                                        "Actual Total Time": 586.453,
                                        "Actual Rows": 95399,
                                        "Actual Loops": 1,
                                        "Inner Unique": false,
                                        "Hash Cond": "(cc.movie_id = mi_idx.movie_id)",
                                        "Plans": [
                                          {
                                            "Node Type": "Seq Scan",
                                            "Parent Relationship": "Outer",
                                            "Parallel Aware": false,
                                            "Relation Name": "complete_cast",
                                            "Alias": "cc",
                                            "Startup Cost": 0.0,
                                            "Total Cost": 2081.86,
                                            "Plan Rows": 135086,
                                            "Plan Width": 12,
                                            "Actual Startup Time": 0.008,
                                            "Actual Total Time": 14.338,
                                            "Actual Rows": 135086,
                                            "Actual Loops": 1
                                          },
                                          {
                                            "Node Type": "Hash",
                                            "Parent Relationship": "Inner",
                                            "Parallel Aware": false,
                                            "Startup Cost": 25496.24,
                                            "Total Cost": 25496.24,
                                            "Plan Rows": 12213,
                                            "Plan Width": 9,
                                            "Actual Startup Time": 471.858,
                                            "Actual Total Time": 471.859,
                                            "Actual Rows": 459925,
                                            "Actual Loops": 1,
                                            "Hash Buckets": 131072,
                                            "Original Hash Buckets": 16384,
                                            "Hash Batches": 8,
                                            "Original Hash Batches": 1,
                                            "Peak Memory Usage": 3275,
                                            "Plans": [
                                              {
                                                "Node Type": "Hash Join",
                                                "Parent Relationship": "Outer",
                                                "Parallel Aware": false,
                                                "Join Type": "Inner",
                                                "Startup Cost": 2.43,
                                                "Total Cost": 25496.24,
                                                "Plan Rows": 12213,
                                                "Plan Width": 9,
                                                "Actual Startup Time": 0.04,
                                                "Actual Total Time": 374.032,
                                                "Actual Rows": 459925,
                                                "Actual Loops": 1,
                                                "Inner Unique": true,
                                                "Hash Cond": "(mi_idx.info_type_id = it2.id)",
                                                "Plans": [
                                                  {
                                                    "Node Type": "Seq Scan",
                                                    "Parent Relationship": "Outer",
                                                    "Parallel Aware": false,
                                                    "Relation Name": "movie_info_idx",
                                                    "Alias": "mi_idx",
                                                    "Startup Cost": 0.0,
                                                    "Total Cost": 21735.35,
                                                    "Plan Rows": 1380035,
                                                    "Plan Width": 13,
                                                    "Actual Startup Time": 0.015,
                                                    "Actual Total Time": 153.714,
                                                    "Actual Rows": 1380035,
                                                    "Actual Loops": 1
                                                  },
                                                  {
                                                    "Node Type": "Hash",
                                                    "Parent Relationship": "Inner",
                                                    "Parallel Aware": false,
                                                    "Startup Cost": 2.41,
                                                    "Total Cost": 2.41,
                                                    "Plan Rows": 1,
                                                    "Plan Width": 4,
                                                    "Actual Startup Time": 0.016,
                                                    "Actual Total Time": 0.017,
                                                    "Actual Rows": 1,
                                                    "Actual Loops": 1,
                                                    "Hash Buckets": 1024,
                                                    "Original Hash Buckets": 1024,
                                                    "Hash Batches": 1,
                                                    "Original Hash Batches": 1,
                                                    "Peak Memory Usage": 9,
                                                    "Plans": [
                                                      {
                                                        "Node Type": "Seq Scan",
                                                        "Parent Relationship": "Outer",
                                                        "Parallel Aware": false,
                                                        "Relation Name": "info_type",
                                                        "Alias": "it2",
                                                        "Startup Cost": 0.0,
                                                        "Total Cost": 2.41,
                                                        "Plan Rows": 1,
                                                        "Plan Width": 4,
                                                        "Actual Startup Time": 0.015,
                                                        "Actual Total Time": 0.016,
                                                        "Actual Rows": 1,
                                                        "Actual Loops": 1,
                                                        "Filter": "((info)::text = 'rating'::text)",
                                                        "Rows Removed by Filter": 112
                                                      }
                                                    ]
                                                  }
                                                ]
                                              }
                                            ]
                                          }
                                        ]
                                      },
                                      {
                                        "Node Type": "Hash",
                                        "Parent Relationship": "Inner",
                                        "Parallel Aware": false,
                                        "Startup Cost": 18.88,
                                        "Total Cost": 18.88,
                                        "Plan Rows": 1,
                                        "Plan Width": 4,
                                        "Actual Startup Time": 0.012,
                                        "Actual Total Time": 0.012,
                                        "Actual Rows": 2,
                                        "Actual Loops": 1,
                                        "Hash Buckets": 1024,
                                        "Original Hash Buckets": 1024,
                                        "Hash Batches": 1,
                                        "Original Hash Batches": 1,
                                        "Peak Memory Usage": 9,
                                        "Plans": [
                                          {
                                            "Node Type": "Seq Scan",
                                            "Parent Relationship": "Outer",
                                            "Parallel Aware": false,
                                            "Relation Name": "comp_cast_type",
                                            "Alias": "cct2",
                                            "Startup Cost": 0.0,
                                            "Total Cost": 18.88,
                                            "Plan Rows": 1,
                                            "Plan Width": 4,
                                            "Actual Startup Time": 0.007,
                                            "Actual Total Time": 0.009,
                                            "Actual Rows": 2,
                                            "Actual Loops": 1,
                                            "Filter": "((kind)::text ~~ '%complete%'::text)",
                                            "Rows Removed by Filter": 2
                                          }
                                        ]
                                      }
                                    ]
                                  }
                                ]
                              }
                            ]
                          },
                          {
                            "Node Type": "Index Scan",
                            "Parent Relationship": "Inner",
                            "Parallel Aware": false,
                            "Scan Direction": "Forward",
                            "Index Name": "char_name_pkey",
                            "Relation Name": "char_name",
                            "Alias": "chn",
                            "Startup Cost": 0.43,
                            "Total Cost": 0.46,
                            "Plan Rows": 1,
                            "Plan Width": 20,
                            "Actual Startup Time": 0.002,
                            "Actual Total Time": 0.002,
                            "Actual Rows": 0,
                            "Actual Loops": 4271695,
                            "Index Cond": "(id = ci.person_role_id)",
                            "Rows Removed by Index Recheck": 0,
                            "Filter": "((name IS NOT NULL) AND (((name)::text ~~ '%man%'::text) OR ((name)::text ~~ '%Man%'::text)))",
                            "Rows Removed by Filter": 0
                          }
                        ]
                      },
                      {
                        "Node Type": "Index Only Scan",
                        "Parent Relationship": "Inner",
                        "Parallel Aware": false,
                        "Scan Direction": "Forward",
                        "Index Name": "name_pkey",
                        "Relation Name": "name",
                        "Alias": "n",
                        "Startup Cost": 0.43,
                        "Total Cost": 0.46,
                        "Plan Rows": 1,
                        "Plan Width": 4,
                        "Actual Startup Time": 0.005,
                        "Actual Total Time": 0.005,
                        "Actual Rows": 1,
                        "Actual Loops": 165974,
                        "Index Cond": "(id = ci.person_id)",
                        "Rows Removed by Index Recheck": 0,
                        "Heap Fetches": 165974
                      }
                    ]
                  }
                ]
              }
            ]
          },
          {
            "Node Type": "Index Scan",
            "Parent Relationship": "Inner",
            "Parallel Aware": false,
            "Scan Direction": "Forward",
            "Index Name": "keyword_pkey",
            "Relation Name": "keyword",
            "Alias": "k",
            "Startup Cost": 0.42,
            "Total Cost": 0.45,
            "Plan Rows": 1,
            "Plan Width": 4,
            "Actual Startup Time": 0.002,
            "Actual Total Time": 0.002,
            "Actual Rows": 0,
            "Actual Loops": 7034463,
            "Index Cond": "(id = mk.keyword_id)",
            "Rows Removed by Index Recheck": 0,
            "Filter": "((keyword)::text = ANY ('{superhero,marvel-comics,based-on-comic,tv-special,fight,violence,magnet,web,claw,laser}'::text[]))",
            "Rows Removed by Filter": 1
          }
        ]
      },
      {
        "Node Type": "Index Scan",
        "Parent Relationship": "Inner",
        "Parallel Aware": false,
        "Scan Direction": "Forward",
        "Index Name": "title_pkey",
        "Relation Name": "title",
        "Alias": "t",
        "Startup Cost": 0.43,
        "Total Cost": 0.45,
        "Plan Rows": 1,
        "Plan Width": 25,
        "Actual Startup Time": 0.003,
        "Actual Total Time": 0.003,
        "Actual Rows": 0,
        "Actual Loops": 30401,
        "Index Cond": "(id = ci.movie_id)",
        "Rows Removed by Index Recheck": 0,
        "Filter": "(production_year > 2000)",
        "Rows Removed by Filter": 1
      }
    ]
  }
}