{
  "Plan": {
    "Node Type": "Nested Loop",
    "Parent Relationship": "Outer",
    "Parallel Aware": false,
    "Join Type": "Inner",
    "Startup Cost": 58115.41,
    "Total Cost": 519677.46,
    "Plan Rows": 2,
    "Plan Width": 17,
    "Actual Startup Time": 1515.366,
    "Actual Total Time": 1515.368,
    "Actual Rows": 0,
    "Actual Loops": 1,
    "Inner Unique": true,
    "Plans": [
      {
        "Node Type": "Nested Loop",
        "Parent Relationship": "Outer",
        "Parallel Aware": false,
        "Join Type": "Inner",
        "Startup Cost": 58115.27,
        "Total Cost": 519677.14,
        "Plan Rows": 2,
        "Plan Width": 21,
        "Actual Startup Time": 1515.365,
        "Actual Total Time": 1515.367,
        "Actual Rows": 0,
        "Actual Loops": 1,
        "Inner Unique": true,
        "Plans": [
          {
            "Node Type": "Hash Join",
            "Parent Relationship": "Outer",
            "Parallel Aware": false,
            "Join Type": "Inner",
            "Startup Cost": 58114.84,
            "Total Cost": 519668.81,
            "Plan Rows": 5,
            "Plan Width": 12,
            "Actual Startup Time": 1515.365,
            "Actual Total Time": 1515.366,
            "Actual Rows": 0,
            "Actual Loops": 1,
            "Inner Unique": false,
            "Hash Cond": "(mi.movie_id = mc.movie_id)",
            "Plans": [
              {
                "Node Type": "Seq Scan",
                "Parent Relationship": "Outer",
                "Parallel Aware": false,
                "Relation Name": "movie_info",
                "Alias": "mi",
                "Startup Cost": 0.0,
                "Total Cost": 460998.7,
                "Plan Rows": 148061,
                "Plan Width": 8,
                "Actual Startup Time": 1049.195,
                "Actual Total Time": 1049.195,
                "Actual Rows": 1,
                "Actual Loops": 1,
                "Filter": "((info)::text = ANY ('{Sweden,Norway,Germany,Denmark,Swedish,Denish,Norwegian,German}'::text[]))",
                "Rows Removed by Filter": 3304799
              },
              {
                "Node Type": "Hash",
                "Parent Relationship": "Inner",
                "Parallel Aware": false,
                "Startup Cost": 58114.64,
                "Total Cost": 58114.64,
                "Plan Rows": 16,
                "Plan Width": 4,
                "Actual Startup Time": 466.084,
                "Actual Total Time": 466.085,
                "Actual Rows": 0,
                "Actual Loops": 1,
                "Hash Buckets": 1024,
                "Original Hash Buckets": 1024,
                "Hash Batches": 1,
                "Original Hash Batches": 1,
                "Peak Memory Usage": 8,
                "Plans": [
                  {
                    "Node Type": "Nested Loop",
                    "Parent Relationship": "Outer",
                    "Parallel Aware": false,
                    "Join Type": "Inner",
                    "Startup Cost": 0.0,
                    "Total Cost": 58114.64,
                    "Plan Rows": 16,
                    "Plan Width": 4,
                    "Actual Startup Time": 466.083,
                    "Actual Total Time": 466.084,
                    "Actual Rows": 0,
                    "Actual Loops": 1,
                    "Inner Unique": true,
                    "Join Filter": "(ct.id = mc.company_type_id)",
                    "Rows Removed by Join Filter": 24025,
                    "Plans": [
                      {
                        "Node Type": "Seq Scan",
                        "Parent Relationship": "Outer",
                        "Parallel Aware": false,
                        "Relation Name": "movie_companies",
                        "Alias": "mc",
                        "Startup Cost": 0.0,
                        "Total Cost": 57926.93,
                        "Plan Rows": 2816,
                        "Plan Width": 8,
                        "Actual Startup Time": 0.041,
                        "Actual Total Time": 458.155,
                        "Actual Rows": 24025,
                        "Actual Loops": 1,
                        "Filter": "(((note)::text ~~ '%(theatrical)%'::text) AND ((note)::text ~~ '%(France)%'::text))",
                        "Rows Removed by Filter": 2585104
                      },
                      {
                        "Node Type": "Materialize",
                        "Parent Relationship": "Inner",
                        "Parallel Aware": false,
                        "Startup Cost": 0.0,
                        "Total Cost": 18.89,
                        "Plan Rows": 4,
                        "Plan Width": 4,
                        "Actual Startup Time": 0.0,
                        "Actual Total Time": 0.0,
                        "Actual Rows": 1,
                        "Actual Loops": 24025,
                        "Plans": [
                          {
                            "Node Type": "Seq Scan",
                            "Parent Relationship": "Outer",
                            "Parallel Aware": false,
                            "Relation Name": "company_type",
                            "Alias": "ct",
                            "Startup Cost": 0.0,
                            "Total Cost": 18.88,
                            "Plan Rows": 4,
                            "Plan Width": 4,
                            "Actual Startup Time": 0.025,
                            "Actual Total Time": 0.026,
                            "Actual Rows": 1,
                            "Actual Loops": 1,
                            "Filter": "((kind)::text = 'production companies'::text)",
                            "Rows Removed by Filter": 3
                          }
                        ]
                      }
                    ]
                  }
                ]
              }
            ]
          },
          {
            "Node Type": "Index Scan",
            "Parent Relationship": "Inner",
            "Parallel Aware": false,
            "Scan Direction": "Forward",
            "Index Name": "title_pkey",
            "Relation Name": "title",
            "Alias": "t",
            "Startup Cost": 0.43,
            "Total Cost": 1.67,
            "Plan Rows": 1,
            "Plan Width": 21,
            "Actual Startup Time": 0.0,
            "Actual Total Time": 0.0,
            "Actual Rows": 0,
            "Actual Loops": 0,
            "Index Cond": "(id = mi.movie_id)",
            "Rows Removed by Index Recheck": 0,
            "Filter": "(production_year > 2005)",
            "Rows Removed by Filter": 0
          }
        ]
      },
      {
        "Node Type": "Index Only Scan",
        "Parent Relationship": "Inner",
        "Parallel Aware": false,
        "Scan Direction": "Forward",
        "Index Name": "info_type_pkey",
        "Relation Name": "info_type",
        "Alias": "it",
        "Startup Cost": 0.14,
        "Total Cost": 0.16,
        "Plan Rows": 1,
        "Plan Width": 4,
        "Actual Startup Time": 0.0,
        "Actual Total Time": 0.0,
        "Actual Rows": 0,
        "Actual Loops": 0,
        "Index Cond": "(id = mi.info_type_id)",
        "Rows Removed by Index Recheck": 0,
        "Heap Fetches": 0
      }
    ]
  }
}