{
  "Plan": {
    "Node Type": "Nested Loop",
    "Parent Relationship": "Outer",
    "Parallel Aware": false,
    "Join Type": "Inner",
    "Startup Cost": 456343.77,
    "Total Cost": 583257.32,
    "Plan Rows": 3,
    "Plan Width": 64,
    "Actual Startup Time": 8269.877,
    "Actual Total Time": 131297.597,
    "Actual Rows": 417,
    "Actual Loops": 1,
    "Inner Unique": true,
    "Plans": [
      {
        "Node Type": "Nested Loop",
        "Parent Relationship": "Outer",
        "Parallel Aware": false,
        "Join Type": "Inner",
        "Startup Cost": 456343.34,
        "Total Cost": 583252.89,
        "Plan Rows": 9,
        "Plan Width": 43,
        "Actual Startup Time": 8269.807,
        "Actual Total Time": 131295.407,
        "Actual Rows": 417,
        "Actual Loops": 1,
        "Inner Unique": false,
        "Join Filter": "(mc.movie_id = mk.movie_id)",
        "Rows Removed by Join Filter": 679148473,
        "Plans": [
          {
            "Node Type": "Merge Join",
            "Parent Relationship": "Outer",
            "Parallel Aware": false,
            "Join Type": "Inner",
            "Startup Cost": 456343.34,
            "Total Cost": 457010.47,
            "Plan Rows": 1,
            "Plan Width": 35,
            "Actual Startup Time": 3881.178,
            "Actual Total Time": 3883.361,
            "Actual Rows": 151,
            "Actual Loops": 1,
            "Inner Unique": false,
            "Merge Cond": "(mi.movie_id = mc.movie_id)",
            "Plans": [
              {
                "Node Type": "Sort",
                "Parent Relationship": "Outer",
                "Parallel Aware": false,
                "Startup Cost": 399434.37,
                "Total Cost": 399767.98,
                "Plan Rows": 133445,
                "Plan Width": 4,
                "Actual Startup Time": 2829.355,
                "Actual Total Time": 2830.217,
                "Actual Rows": 3599,
                "Actual Loops": 1,
                "Sort Key": [
                  "mi.movie_id"
                ],
                "Sort Method": "external merge",
                "Sort Space Used": 1856,
                "Sort Space Type": "Disk",
                "Plans": [
                  {
                    "Node Type": "Seq Scan",
                    "Parent Relationship": "Outer",
                    "Parallel Aware": false,
                    "Relation Name": "movie_info",
                    "Alias": "mi",
                    "Startup Cost": 0.0,
                    "Total Cost": 386247.28,
                    "Plan Rows": 133445,
                    "Plan Width": 4,
                    "Actual Startup Time": 69.351,
                    "Actual Total Time": 2776.176,
                    "Actual Rows": 134239,
                    "Actual Loops": 1,
                    "Filter": "((info)::text = ANY ('{Sweden,Germany,Swedish,German}'::text[]))",
                    "Rows Removed by Filter": 14701481
                  }
                ]
              },
              {
                "Node Type": "Sort",
                "Parent Relationship": "Inner",
                "Parallel Aware": false,
                "Startup Cost": 56908.97,
                "Total Cost": 56908.98,
                "Plan Rows": 2,
                "Plan Width": 31,
                "Actual Startup Time": 1051.628,
                "Actual Total Time": 1052.288,
                "Actual Rows": 330,
                "Actual Loops": 1,
                "Sort Key": [
                  "cc.movie_id"
                ],
                "Sort Method": "quicksort",
                "Sort Space Used": 2561,
                "Sort Space Type": "Memory",
                "Plans": [
                  {
                    "Node Type": "Nested Loop",
                    "Parent Relationship": "Outer",
                    "Parallel Aware": false,
                    "Join Type": "Inner",
                    "Startup Cost": 2486.36,
                    "Total Cost": 56908.96,
                    "Plan Rows": 2,
                    "Plan Width": 31,
                    "Actual Startup Time": 67.639,
                    "Actual Total Time": 1044.321,
                    "Actual Rows": 21828,
                    "Actual Loops": 1,
                    "Inner Unique": true,
                    "Plans": [
                      {
                        "Node Type": "Hash Join",
                        "Parent Relationship": "Outer",
                        "Parallel Aware": false,
                        "Join Type": "Inner",
                        "Startup Cost": 2485.94,
                        "Total Cost": 56903.93,
                        "Plan Rows": 11,
                        "Plan Width": 16,
                        "Actual Startup Time": 67.592,
                        "Actual Total Time": 736.612,
                        "Actual Rows": 113460,
                        "Actual Loops": 1,
                        "Inner Unique": true,
                        "Hash Cond": "(mc.company_type_id = ct.id)",
                        "Plans": [
                          {
                            "Node Type": "Hash Join",
                            "Parent Relationship": "Outer",
                            "Parallel Aware": false,
                            "Join Type": "Inner",
                            "Startup Cost": 2467.01,
                            "Total Cost": 56880.03,
                            "Plan Rows": 1884,
                            "Plan Width": 20,
                            "Actual Startup Time": 67.454,
                            "Actual Total Time": 710.128,
                            "Actual Rows": 125186,
                            "Actual Loops": 1,
                            "Inner Unique": false,
                            "Hash Cond": "(mc.movie_id = cc.movie_id)",
                            "Plans": [
                              {
                                "Node Type": "Seq Scan",
                                "Parent Relationship": "Outer",
                                "Parallel Aware": false,
                                "Relation Name": "movie_companies",
                                "Alias": "mc",
                                "Startup Cost": 0.0,
                                "Total Cost": 44881.29,
                                "Plan Rows": 1268385,
                                "Plan Width": 12,
                                "Actual Startup Time": 0.014,
                                "Actual Total Time": 363.061,
                                "Actual Rows": 1271989,
                                "Actual Loops": 1,
                                "Filter": "(note IS NULL)",
                                "Rows Removed by Filter": 1337140
                              },
                              {
                                "Node Type": "Hash",
                                "Parent Relationship": "Inner",
                                "Parallel Aware": false,
                                "Startup Cost": 2457.5,
                                "Total Cost": 2457.5,
                                "Plan Rows": 761,
                                "Plan Width": 8,
                                "Actual Startup Time": 67.369,
                                "Actual Total Time": 67.37,
                                "Actual Rows": 110494,
                                "Actual Loops": 1,
                                "Hash Buckets": 131072,
                                "Original Hash Buckets": 1024,
                                "Hash Batches": 2,
                                "Original Hash Batches": 1,
                                "Peak Memory Usage": 3172,
                                "Plans": [
                                  {
                                    "Node Type": "Hash Join",
                                    "Parent Relationship": "Outer",
                                    "Parallel Aware": false,
                                    "Join Type": "Inner",
                                    "Startup Cost": 18.93,
                                    "Total Cost": 2457.5,
                                    "Plan Rows": 761,
                                    "Plan Width": 8,
                                    "Actual Startup Time": 0.033,
                                    "Actual Total Time": 45.173,
                                    "Actual Rows": 110494,
                                    "Actual Loops": 1,
                                    "Inner Unique": true,
                                    "Hash Cond": "(cc.status_id = cct2.id)",
                                    "Plans": [
                                      {
                                        "Node Type": "Seq Scan",
                                        "Parent Relationship": "Outer",
                                        "Parallel Aware": false,
                                        "Relation Name": "complete_cast",
                                        "Alias": "cc",
                                        "Startup Cost": 0.0,
                                        "Total Cost": 2081.86,
                                        "Plan Rows": 135086,
                                        "Plan Width": 12,
                                        "Actual Startup Time": 0.013,
                                        "Actual Total Time": 16.227,
                                        "Actual Rows": 135086,
                                        "Actual Loops": 1
                                      },
                                      {
                                        "Node Type": "Hash",
                                        "Parent Relationship": "Inner",
                                        "Parallel Aware": false,
                                        "Startup Cost": 18.88,
                                        "Total Cost": 18.88,
                                        "Plan Rows": 4,
                                        "Plan Width": 4,
                                        "Actual Startup Time": 0.009,
                                        "Actual Total Time": 0.01,
                                        "Actual Rows": 1,
                                        "Actual Loops": 1,
                                        "Hash Buckets": 1024,
                                        "Original Hash Buckets": 1024,
                                        "Hash Batches": 1,
                                        "Original Hash Batches": 1,
                                        "Peak Memory Usage": 9,
                                        "Plans": [
                                          {
                                            "Node Type": "Seq Scan",
                                            "Parent Relationship": "Outer",
                                            "Parallel Aware": false,
                                            "Relation Name": "comp_cast_type",
                                            "Alias": "cct2",
                                            "Startup Cost": 0.0,
                                            "Total Cost": 18.88,
                                            "Plan Rows": 4,
                                            "Plan Width": 4,
                                            "Actual Startup Time": 0.008,
                                            "Actual Total Time": 0.008,
                                            "Actual Rows": 1,
                                            "Actual Loops": 1,
                                            "Filter": "((kind)::text = 'complete'::text)",
                                            "Rows Removed by Filter": 3
                                          }
                                        ]
                                      }
                                    ]
                                  }
                                ]
                              }
                            ]
                          },
                          {
                            "Node Type": "Hash",
                            "Parent Relationship": "Inner",
                            "Parallel Aware": false,
                            "Startup Cost": 18.88,
                            "Total Cost": 18.88,
                            "Plan Rows": 4,
                            "Plan Width": 4,
                            "Actual Startup Time": 0.043,
                            "Actual Total Time": 0.043,
                            "Actual Rows": 1,
                            "Actual Loops": 1,
                            "Hash Buckets": 1024,
                            "Original Hash Buckets": 1024,
                            "Hash Batches": 1,
                            "Original Hash Batches": 1,
                            "Peak Memory Usage": 9,
                            "Plans": [
                              {
                                "Node Type": "Seq Scan",
                                "Parent Relationship": "Outer",
                                "Parallel Aware": false,
                                "Relation Name": "company_type",
                                "Alias": "ct",
                                "Startup Cost": 0.0,
                                "Total Cost": 18.88,
                                "Plan Rows": 4,
                                "Plan Width": 4,
                                "Actual Startup Time": 0.037,
                                "Actual Total Time": 0.038,
                                "Actual Rows": 1,
                                "Actual Loops": 1,
                                "Filter": "((kind)::text = 'production companies'::text)",
                                "Rows Removed by Filter": 3
                              }
                            ]
                          }
                        ]
                      },
                      {
                        "Node Type": "Index Scan",
                        "Parent Relationship": "Inner",
                        "Parallel Aware": false,
                        "Scan Direction": "Forward",
                        "Index Name": "company_name_pkey",
                        "Relation Name": "company_name",
                        "Alias": "cn",
                        "Startup Cost": 0.42,
                        "Total Cost": 0.46,
                        "Plan Rows": 1,
                        "Plan Width": 23,
                        "Actual Startup Time": 0.002,
                        "Actual Total Time": 0.002,
                        "Actual Rows": 0,
                        "Actual Loops": 113460,
                        "Index Cond": "(id = mc.company_id)",
                        "Rows Removed by Index Recheck": 0,
                        "Filter": "(((country_code)::text <> '[pl]'::text) AND (((name)::text ~~ '%Film%'::text) OR ((name)::text ~~ '%Warner%'::text)))",
                        "Rows Removed by Filter": 1
                      }
                    ]
                  }
                ]
              }
            ]
          },
          {
            "Node Type": "Seq Scan",
            "Parent Relationship": "Inner",
            "Parallel Aware": false,
            "Relation Name": "movie_keyword",
            "Alias": "mk",
            "Startup Cost": 0.0,
            "Total Cost": 69693.3,
            "Plan Rows": 4523930,
            "Plan Width": 8,
            "Actual Startup Time": 0.007,
            "Actual Total Time": 423.035,
            "Actual Rows": 4497675,
            "Actual Loops": 151
          }
        ]
      },
      {
        "Node Type": "Index Scan",
        "Parent Relationship": "Inner",
        "Parallel Aware": false,
        "Scan Direction": "Forward",
        "Index Name": "title_pkey",
        "Relation Name": "title",
        "Alias": "t",
        "Startup Cost": 0.43,
        "Total Cost": 0.49,
        "Plan Rows": 1,
        "Plan Width": 21,
        "Actual Startup Time": 0.004,
        "Actual Total Time": 0.004,
        "Actual Rows": 1,
        "Actual Loops": 417,
        "Index Cond": "(id = mk.movie_id)",
        "Rows Removed by Index Recheck": 0,
        "Filter": "((production_year >= 1950) AND (production_year <= 2000))",
        "Rows Removed by Filter": 0
      }
    ]
  }
}