{
  "Plan": {
    "Node Type": "Nested Loop",
    "Parent Relationship": "Outer",
    "Parallel Aware": false,
    "Join Type": "Inner",
    "Startup Cost": 100100.35,
    "Total Cost": 161508.27,
    "Plan Rows": 1,
    "Plan Width": 35,
    "Actual Startup Time": 2523.26,
    "Actual Total Time": 18174.178,
    "Actual Rows": 18,
    "Actual Loops": 1,
    "Inner Unique": true,
    "Plans": [
      {
        "Node Type": "Nested Loop",
        "Parent Relationship": "Outer",
        "Parallel Aware": false,
        "Join Type": "Inner",
        "Startup Cost": 100100.2,
        "Total Cost": 161508.09,
        "Plan Rows": 1,
        "Plan Width": 39,
        "Actual Startup Time": 2523.244,
        "Actual Total Time": 18173.965,
        "Actual Rows": 19,
        "Actual Loops": 1,
        "Inner Unique": true,
        "Plans": [
          {
            "Node Type": "Nested Loop",
            "Parent Relationship": "Outer",
            "Parallel Aware": false,
            "Join Type": "Inner",
            "Startup Cost": 100099.78,
            "Total Cost": 161507.17,
            "Plan Rows": 2,
            "Plan Width": 24,
            "Actual Startup Time": 1242.06,
            "Actual Total Time": 18172.392,
            "Actual Rows": 85,
            "Actual Loops": 1,
            "Inner Unique": false,
            "Join Filter": "(mk.movie_id = mc.movie_id)",
            "Rows Removed by Join Filter": 51289446,
            "Plans": [
              {
                "Node Type": "Nested Loop",
                "Parent Relationship": "Outer",
                "Parallel Aware": false,
                "Join Type": "Inner",
                "Startup Cost": 100099.78,
                "Total Cost": 100771.07,
                "Plan Rows": 1,
                "Plan Width": 12,
                "Actual Startup Time": 1049.349,
                "Actual Total Time": 1055.746,
                "Actual Rows": 41,
                "Actual Loops": 1,
                "Inner Unique": true,
                "Plans": [
                  {
                    "Node Type": "Merge Join",
                    "Parent Relationship": "Outer",
                    "Parallel Aware": false,
                    "Join Type": "Inner",
                    "Startup Cost": 100099.63,
                    "Total Cost": 100763.06,
                    "Plan Rows": 47,
                    "Plan Width": 16,
                    "Actual Startup Time": 1049.312,
                    "Actual Total Time": 1054.969,
                    "Actual Rows": 41,
                    "Actual Loops": 1,
                    "Inner Unique": false,
                    "Merge Cond": "(cc.movie_id = mk.movie_id)",
                    "Plans": [
                      {
                        "Node Type": "Sort",
                        "Parent Relationship": "Outer",
                        "Parallel Aware": false,
                        "Startup Cost": 15903.56,
                        "Total Cost": 16241.28,
                        "Plan Rows": 135086,
                        "Plan Width": 12,
                        "Actual Startup Time": 85.917,
                        "Actual Total Time": 89.298,
                        "Actual Rows": 23161,
                        "Actual Loops": 1,
                        "Sort Key": [
                          "cc.movie_id"
                        ],
                        "Sort Method": "external merge",
                        "Sort Space Used": 2912,
                        "Sort Space Type": "Disk",
                        "Plans": [
                          {
                            "Node Type": "Seq Scan",
                            "Parent Relationship": "Outer",
                            "Parallel Aware": false,
                            "Relation Name": "complete_cast",
                            "Alias": "cc",
                            "Startup Cost": 0.0,
                            "Total Cost": 2081.86,
                            "Plan Rows": 135086,
                            "Plan Width": 12,
                            "Actual Startup Time": 0.015,
                            "Actual Total Time": 20.034,
                            "Actual Rows": 135086,
                            "Actual Loops": 1
                          }
                        ]
                      },
                      {
                        "Node Type": "Sort",
                        "Parent Relationship": "Inner",
                        "Parallel Aware": false,
                        "Startup Cost": 84196.0,
                        "Total Cost": 84196.08,
                        "Plan Rows": 34,
                        "Plan Width": 4,
                        "Actual Startup Time": 963.251,
                        "Actual Total Time": 963.467,
                        "Actual Rows": 133,
                        "Actual Loops": 1,
                        "Sort Key": [
                          "mk.movie_id"
                        ],
                        "Sort Method": "quicksort",
                        "Sort Space Used": 879,
                        "Sort Space Type": "Memory",
                        "Plans": [
                          {
                            "Node Type": "Hash Join",
                            "Parent Relationship": "Outer",
                            "Parallel Aware": false,
                            "Join Type": "Inner",
                            "Startup Cost": 2626.14,
                            "Total Cost": 84195.13,
                            "Plan Rows": 34,
                            "Plan Width": 4,
                            "Actual Startup Time": 12.871,
                            "Actual Total Time": 960.366,
                            "Actual Rows": 10544,
                            "Actual Loops": 1,
                            "Inner Unique": true,
                            "Hash Cond": "(mk.keyword_id = k.id)",
                            "Plans": [
                              {
                                "Node Type": "Seq Scan",
                                "Parent Relationship": "Outer",
                                "Parallel Aware": false,
                                "Relation Name": "movie_keyword",
                                "Alias": "mk",
                                "Startup Cost": 0.0,
                                "Total Cost": 69693.3,
                                "Plan Rows": 4523930,
                                "Plan Width": 8,
                                "Actual Startup Time": 0.019,
                                "Actual Total Time": 456.118,
                                "Actual Rows": 4523930,
                                "Actual Loops": 1
                              },
                              {
                                "Node Type": "Hash",
                                "Parent Relationship": "Inner",
                                "Parallel Aware": false,
                                "Startup Cost": 2626.12,
                                "Total Cost": 2626.12,
                                "Plan Rows": 1,
                                "Plan Width": 4,
                                "Actual Startup Time": 12.406,
                                "Actual Total Time": 12.407,
                                "Actual Rows": 1,
                                "Actual Loops": 1,
                                "Hash Buckets": 1024,
                                "Original Hash Buckets": 1024,
                                "Hash Batches": 1,
                                "Original Hash Batches": 1,
                                "Peak Memory Usage": 9,
                                "Plans": [
                                  {
                                    "Node Type": "Seq Scan",
                                    "Parent Relationship": "Outer",
                                    "Parallel Aware": false,
                                    "Relation Name": "keyword",
                                    "Alias": "k",
                                    "Startup Cost": 0.0,
                                    "Total Cost": 2626.12,
                                    "Plan Rows": 1,
                                    "Plan Width": 4,
                                    "Actual Startup Time": 0.669,
                                    "Actual Total Time": 12.398,
                                    "Actual Rows": 1,
                                    "Actual Loops": 1,
                                    "Filter": "((keyword)::text = 'sequel'::text)",
                                    "Rows Removed by Filter": 134169
                                  }
                                ]
                              }
                            ]
                          }
                        ]
                      }
                    ]
                  },
                  {
                    "Node Type": "Index Scan",
                    "Parent Relationship": "Inner",
                    "Parallel Aware": false,
                    "Scan Direction": "Forward",
                    "Index Name": "comp_cast_type_pkey",
                    "Relation Name": "comp_cast_type",
                    "Alias": "cct2",
                    "Startup Cost": 0.15,
                    "Total Cost": 0.17,
                    "Plan Rows": 1,
                    "Plan Width": 4,
                    "Actual Startup Time": 0.013,
                    "Actual Total Time": 0.013,
                    "Actual Rows": 1,
                    "Actual Loops": 41,
                    "Index Cond": "(id = cc.status_id)",
                    "Rows Removed by Index Recheck": 0,
                    "Filter": "((kind)::text ~~ 'complete%'::text)",
                    "Rows Removed by Filter": 0
                  }
                ]
              },
              {
                "Node Type": "Seq Scan",
                "Parent Relationship": "Inner",
                "Parallel Aware": false,
                "Relation Name": "movie_companies",
                "Alias": "mc",
                "Startup Cost": 0.0,
                "Total Cost": 44881.29,
                "Plan Rows": 1268385,
                "Plan Width": 12,
                "Actual Startup Time": 0.013,
                "Actual Total Time": 322.504,
                "Actual Rows": 1250964,
                "Actual Loops": 41,
                "Filter": "(note IS NULL)",
                "Rows Removed by Filter": 1334665
              }
            ]
          },
          {
            "Node Type": "Index Scan",
            "Parent Relationship": "Inner",
            "Parallel Aware": false,
            "Scan Direction": "Forward",
            "Index Name": "company_name_pkey",
            "Relation Name": "company_name",
            "Alias": "cn",
            "Startup Cost": 0.42,
            "Total Cost": 0.46,
            "Plan Rows": 1,
            "Plan Width": 23,
            "Actual Startup Time": 0.015,
            "Actual Total Time": 0.015,
            "Actual Rows": 0,
            "Actual Loops": 85,
            "Index Cond": "(id = mc.company_id)",
            "Rows Removed by Index Recheck": 0,
            "Filter": "(((country_code)::text <> '[pl]'::text) AND (((name)::text ~~ '%Film%'::text) OR ((name)::text ~~ '%Warner%'::text)))",
            "Rows Removed by Filter": 1
          }
        ]
      },
      {
        "Node Type": "Index Scan",
        "Parent Relationship": "Inner",
        "Parallel Aware": false,
        "Scan Direction": "Forward",
        "Index Name": "company_type_pkey",
        "Relation Name": "company_type",
        "Alias": "ct",
        "Startup Cost": 0.15,
        "Total Cost": 0.17,
        "Plan Rows": 1,
        "Plan Width": 4,
        "Actual Startup Time": 0.005,
        "Actual Total Time": 0.005,
        "Actual Rows": 1,
        "Actual Loops": 19,
        "Index Cond": "(id = mc.company_type_id)",
        "Rows Removed by Index Recheck": 0,
        "Filter": "((kind)::text = 'production companies'::text)",
        "Rows Removed by Filter": 0
      }
    ]
  }
}