{
  "Plan": {
    "Node Type": "Nested Loop",
    "Parent Relationship": "Outer",
    "Parallel Aware": false,
    "Join Type": "Inner",
    "Startup Cost": 474386.05,
    "Total Cost": 524024.19,
    "Plan Rows": 1,
    "Plan Width": 25,
    "Actual Startup Time": 3980.029,
    "Actual Total Time": 4226.992,
    "Actual Rows": 532,
    "Actual Loops": 1,
    "Inner Unique": true,
    "Plans": [
      {
        "Node Type": "Hash Join",
        "Parent Relationship": "Outer",
        "Parallel Aware": false,
        "Join Type": "Inner",
        "Startup Cost": 474385.9,
        "Total Cost": 524023.67,
        "Plan Rows": 3,
        "Plan Width": 29,
        "Actual Startup Time": 3979.98,
        "Actual Total Time": 4226.316,
        "Actual Rows": 532,
        "Actual Loops": 1,
        "Inner Unique": false,
        "Hash Cond": "(mc.movie_id = ml.movie_id)",
        "Plans": [
          {
            "Node Type": "Seq Scan",
            "Parent Relationship": "Outer",
            "Parallel Aware": false,
            "Relation Name": "movie_companies",
            "Alias": "mc",
            "Startup Cost": 0.0,
            "Total Cost": 44881.29,
            "Plan Rows": 1268385,
            "Plan Width": 12,
            "Actual Startup Time": 0.027,
            "Actual Total Time": 328.027,
            "Actual Rows": 1271989,
            "Actual Loops": 1,
            "Filter": "(note IS NULL)",
            "Rows Removed by Filter": 1337140
          },
          {
            "Node Type": "Hash",
            "Parent Relationship": "Inner",
            "Parallel Aware": false,
            "Startup Cost": 474385.89,
            "Total Cost": 474385.89,
            "Plan Rows": 1,
            "Plan Width": 41,
            "Actual Startup Time": 3782.951,
            "Actual Total Time": 3782.963,
            "Actual Rows": 95,
            "Actual Loops": 1,
            "Hash Buckets": 1024,
            "Original Hash Buckets": 1024,
            "Hash Batches": 1,
            "Original Hash Batches": 1,
            "Peak Memory Usage": 15,
            "Plans": [
              {
                "Node Type": "Nested Loop",
                "Parent Relationship": "Outer",
                "Parallel Aware": false,
                "Join Type": "Inner",
                "Startup Cost": 87623.71,
                "Total Cost": 474385.89,
                "Plan Rows": 1,
                "Plan Width": 41,
                "Actual Startup Time": 1070.89,
                "Actual Total Time": 3782.927,
                "Actual Rows": 95,
                "Actual Loops": 1,
                "Inner Unique": true,
                "Plans": [
                  {
                    "Node Type": "Nested Loop",
                    "Parent Relationship": "Outer",
                    "Parallel Aware": false,
                    "Join Type": "Inner",
                    "Startup Cost": 87623.56,
                    "Total Cost": 474385.71,
                    "Plan Rows": 1,
                    "Plan Width": 45,
                    "Actual Startup Time": 1070.866,
                    "Actual Total Time": 3782.731,
                    "Actual Rows": 152,
                    "Actual Loops": 1,
                    "Inner Unique": true,
                    "Plans": [
                      {
                        "Node Type": "Nested Loop",
                        "Parent Relationship": "Outer",
                        "Parallel Aware": false,
                        "Join Type": "Inner",
                        "Startup Cost": 87623.41,
                        "Total Cost": 474385.54,
                        "Plan Rows": 1,
                        "Plan Width": 49,
                        "Actual Startup Time": 1070.829,
                        "Actual Total Time": 3782.505,
                        "Actual Rows": 152,
                        "Actual Loops": 1,
                        "Inner Unique": true,
                        "Join Filter": "(ml.movie_id = t.id)",
                        "Rows Removed by Join Filter": 0,
                        "Plans": [
                          {
                            "Node Type": "Hash Join",
                            "Parent Relationship": "Outer",
                            "Parallel Aware": false,
                            "Join Type": "Inner",
                            "Startup Cost": 87622.98,
                            "Total Cost": 474383.03,
                            "Plan Rows": 5,
                            "Plan Width": 28,
                            "Actual Startup Time": 1064.808,
                            "Actual Total Time": 3781.92,
                            "Actual Rows": 211,
                            "Actual Loops": 1,
                            "Inner Unique": false,
                            "Hash Cond": "(mk.movie_id = ml.movie_id)",
                            "Plans": [
                              {
                                "Node Type": "Hash Join",
                                "Parent Relationship": "Outer",
                                "Parallel Aware": false,
                                "Join Type": "Inner",
                                "Startup Cost": 86785.05,
                                "Total Cost": 473532.91,
                                "Plan Rows": 17,
                                "Plan Width": 20,
                                "Actual Startup Time": 1054.394,
                                "Actual Total Time": 3770.727,
                                "Actual Rows": 809,
                                "Actual Loops": 1,
                                "Inner Unique": false,
                                "Hash Cond": "(mi.movie_id = mk.movie_id)",
                                "Plans": [
                                  {
                                    "Node Type": "Seq Scan",
                                    "Parent Relationship": "Outer",
                                    "Parallel Aware": false,
                                    "Relation Name": "movie_info",
                                    "Alias": "mi",
                                    "Startup Cost": 0.0,
                                    "Total Cost": 386247.28,
                                    "Plan Rows": 133445,
                                    "Plan Width": 4,
                                    "Actual Startup Time": 68.166,
                                    "Actual Total Time": 2768.483,
                                    "Actual Rows": 134239,
                                    "Actual Loops": 1,
                                    "Filter": "((info)::text = ANY ('{Sweden,Germany,Swedish,German}'::text[]))",
                                    "Rows Removed by Filter": 14701481
                                  },
                                  {
                                    "Node Type": "Hash",
                                    "Parent Relationship": "Inner",
                                    "Parallel Aware": false,
                                    "Startup Cost": 86784.46,
                                    "Total Cost": 86784.46,
                                    "Plan Rows": 47,
                                    "Plan Width": 16,
                                    "Actual Startup Time": 984.814,
                                    "Actual Total Time": 984.818,
                                    "Actual Rows": 3266,
                                    "Actual Loops": 1,
                                    "Hash Buckets": 4096,
                                    "Original Hash Buckets": 1024,
                                    "Hash Batches": 1,
                                    "Original Hash Batches": 1,
                                    "Peak Memory Usage": 186,
                                    "Plans": [
                                      {
                                        "Node Type": "Hash Join",
                                        "Parent Relationship": "Outer",
                                        "Parallel Aware": false,
                                        "Join Type": "Inner",
                                        "Startup Cost": 84195.56,
                                        "Total Cost": 86784.46,
                                        "Plan Rows": 47,
                                        "Plan Width": 16,
                                        "Actual Startup Time": 953.445,
                                        "Actual Total Time": 984.158,
                                        "Actual Rows": 3266,
                                        "Actual Loops": 1,
                                        "Inner Unique": false,
                                        "Hash Cond": "(cc.movie_id = mk.movie_id)",
                                        "Plans": [
                                          {
                                            "Node Type": "Seq Scan",
                                            "Parent Relationship": "Outer",
                                            "Parallel Aware": false,
                                            "Relation Name": "complete_cast",
                                            "Alias": "cc",
                                            "Startup Cost": 0.0,
                                            "Total Cost": 2081.86,
                                            "Plan Rows": 135086,
                                            "Plan Width": 12,
                                            "Actual Startup Time": 0.015,
                                            "Actual Total Time": 13.49,
                                            "Actual Rows": 135086,
                                            "Actual Loops": 1
                                          },
                                          {
                                            "Node Type": "Hash",
                                            "Parent Relationship": "Inner",
                                            "Parallel Aware": false,
                                            "Startup Cost": 84195.13,
                                            "Total Cost": 84195.13,
                                            "Plan Rows": 34,
                                            "Plan Width": 4,
                                            "Actual Startup Time": 953.389,
                                            "Actual Total Time": 953.391,
                                            "Actual Rows": 10544,
                                            "Actual Loops": 1,
                                            "Hash Buckets": 16384,
                                            "Original Hash Buckets": 1024,
                                            "Hash Batches": 1,
                                            "Original Hash Batches": 1,
                                            "Peak Memory Usage": 499,
                                            "Plans": [
                                              {
                                                "Node Type": "Hash Join",
                                                "Parent Relationship": "Outer",
                                                "Parallel Aware": false,
                                                "Join Type": "Inner",
                                                "Startup Cost": 2626.14,
                                                "Total Cost": 84195.13,
                                                "Plan Rows": 34,
                                                "Plan Width": 4,
                                                "Actual Startup Time": 13.219,
                                                "Actual Total Time": 950.991,
                                                "Actual Rows": 10544,
                                                "Actual Loops": 1,
                                                "Inner Unique": true,
                                                "Hash Cond": "(mk.keyword_id = k.id)",
                                                "Plans": [
                                                  {
                                                    "Node Type": "Seq Scan",
                                                    "Parent Relationship": "Outer",
                                                    "Parallel Aware": false,
                                                    "Relation Name": "movie_keyword",
                                                    "Alias": "mk",
                                                    "Startup Cost": 0.0,
                                                    "Total Cost": 69693.3,
                                                    "Plan Rows": 4523930,
                                                    "Plan Width": 8,
                                                    "Actual Startup Time": 0.013,
                                                    "Actual Total Time": 444.403,
                                                    "Actual Rows": 4523930,
                                                    "Actual Loops": 1
                                                  },
                                                  {
                                                    "Node Type": "Hash",
                                                    "Parent Relationship": "Inner",
                                                    "Parallel Aware": false,
                                                    "Startup Cost": 2626.12,
                                                    "Total Cost": 2626.12,
                                                    "Plan Rows": 1,
                                                    "Plan Width": 4,
                                                    "Actual Startup Time": 12.792,
                                                    "Actual Total Time": 12.793,
                                                    "Actual Rows": 1,
                                                    "Actual Loops": 1,
                                                    "Hash Buckets": 1024,
                                                    "Original Hash Buckets": 1024,
                                                    "Hash Batches": 1,
                                                    "Original Hash Batches": 1,
                                                    "Peak Memory Usage": 9,
                                                    "Plans": [
                                                      {
                                                        "Node Type": "Seq Scan",
                                                        "Parent Relationship": "Outer",
                                                        "Parallel Aware": false,
                                                        "Relation Name": "keyword",
                                                        "Alias": "k",
                                                        "Startup Cost": 0.0,
                                                        "Total Cost": 2626.12,
                                                        "Plan Rows": 1,
                                                        "Plan Width": 4,
                                                        "Actual Startup Time": 0.749,
                                                        "Actual Total Time": 12.785,
                                                        "Actual Rows": 1,
                                                        "Actual Loops": 1,
                                                        "Filter": "((keyword)::text = 'sequel'::text)",
                                                        "Rows Removed by Filter": 134169
                                                      }
                                                    ]
                                                  }
                                                ]
                                              }
                                            ]
                                          }
                                        ]
                                      }
                                    ]
                                  }
                                ]
                              },
                              {
                                "Node Type": "Hash",
                                "Parent Relationship": "Inner",
                                "Parallel Aware": false,
                                "Startup Cost": 462.97,
                                "Total Cost": 462.97,
                                "Plan Rows": 29997,
                                "Plan Width": 8,
                                "Actual Startup Time": 10.314,
                                "Actual Total Time": 10.315,
                                "Actual Rows": 29997,
                                "Actual Loops": 1,
                                "Hash Buckets": 32768,
                                "Original Hash Buckets": 32768,
                                "Hash Batches": 1,
                                "Original Hash Batches": 1,
                                "Peak Memory Usage": 1428,
                                "Plans": [
                                  {
                                    "Node Type": "Seq Scan",
                                    "Parent Relationship": "Outer",
                                    "Parallel Aware": false,
                                    "Relation Name": "movie_link",
                                    "Alias": "ml",
                                    "Startup Cost": 0.0,
                                    "Total Cost": 462.97,
                                    "Plan Rows": 29997,
                                    "Plan Width": 8,
                                    "Actual Startup Time": 0.013,
                                    "Actual Total Time": 5.168,
                                    "Actual Rows": 29997,
                                    "Actual Loops": 1
                                  }
                                ]
                              }
                            ]
                          },
                          {
                            "Node Type": "Index Scan",
                            "Parent Relationship": "Inner",
                            "Parallel Aware": false,
                            "Scan Direction": "Forward",
                            "Index Name": "title_pkey",
                            "Relation Name": "title",
                            "Alias": "t",
                            "Startup Cost": 0.43,
                            "Total Cost": 0.49,
                            "Plan Rows": 1,
                            "Plan Width": 21,
                            "Actual Startup Time": 0.002,
                            "Actual Total Time": 0.002,
                            "Actual Rows": 1,
                            "Actual Loops": 211,
                            "Index Cond": "(id = mk.movie_id)",
                            "Rows Removed by Index Recheck": 0,
                            "Filter": "(production_year = 1998)",
                            "Rows Removed by Filter": 0
                          }
                        ]
                      },
                      {
                        "Node Type": "Index Scan",
                        "Parent Relationship": "Inner",
                        "Parallel Aware": false,
                        "Scan Direction": "Forward",
                        "Index Name": "comp_cast_type_pkey",
                        "Relation Name": "comp_cast_type",
                        "Alias": "cct1",
                        "Startup Cost": 0.15,
                        "Total Cost": 0.17,
                        "Plan Rows": 1,
                        "Plan Width": 4,
                        "Actual Startup Time": 0.001,
                        "Actual Total Time": 0.001,
                        "Actual Rows": 1,
                        "Actual Loops": 152,
                        "Index Cond": "(id = cc.subject_id)",
                        "Rows Removed by Index Recheck": 0,
                        "Filter": "((kind)::text = ANY ('{cast,crew}'::text[]))",
                        "Rows Removed by Filter": 0
                      }
                    ]
                  },
                  {
                    "Node Type": "Index Scan",
                    "Parent Relationship": "Inner",
                    "Parallel Aware": false,
                    "Scan Direction": "Forward",
                    "Index Name": "comp_cast_type_pkey",
                    "Relation Name": "comp_cast_type",
                    "Alias": "cct2",
                    "Startup Cost": 0.15,
                    "Total Cost": 0.17,
                    "Plan Rows": 1,
                    "Plan Width": 4,
                    "Actual Startup Time": 0.001,
                    "Actual Total Time": 0.001,
                    "Actual Rows": 1,
                    "Actual Loops": 152,
                    "Index Cond": "(id = cc.status_id)",
                    "Rows Removed by Index Recheck": 0,
                    "Filter": "((kind)::text = 'complete'::text)",
                    "Rows Removed by Filter": 0
                  }
                ]
              }
            ]
          }
        ]
      },
      {
        "Node Type": "Index Scan",
        "Parent Relationship": "Inner",
        "Parallel Aware": false,
        "Scan Direction": "Forward",
        "Index Name": "company_type_pkey",
        "Relation Name": "company_type",
        "Alias": "ct",
        "Startup Cost": 0.15,
        "Total Cost": 0.17,
        "Plan Rows": 1,
        "Plan Width": 4,
        "Actual Startup Time": 0.001,
        "Actual Total Time": 0.001,
        "Actual Rows": 1,
        "Actual Loops": 532,
        "Index Cond": "(id = mc.company_type_id)",
        "Rows Removed by Index Recheck": 0,
        "Filter": "((kind)::text = 'production companies'::text)",
        "Rows Removed by Filter": 0
      }
    ]
  }
}