{
  "Plan": {
    "Node Type": "Nested Loop",
    "Parent Relationship": "Outer",
    "Parallel Aware": false,
    "Join Type": "Inner",
    "Startup Cost": 146583.11,
    "Total Cost": 647720.64,
    "Plan Rows": 1,
    "Plan Width": 28,
    "Actual Startup Time": 4593.157,
    "Actual Total Time": 5632.87,
    "Actual Rows": 16936,
    "Actual Loops": 1,
    "Inner Unique": true,
    "Plans": [
      {
        "Node Type": "Hash Join",
        "Parent Relationship": "Outer",
        "Parallel Aware": false,
        "Join Type": "Inner",
        "Startup Cost": 146582.96,
        "Total Cost": 647720.46,
        "Plan Rows": 1,
        "Plan Width": 32,
        "Actual Startup Time": 4583.858,
        "Actual Total Time": 5549.486,
        "Actual Rows": 71689,
        "Actual Loops": 1,
        "Inner Unique": true,
        "Hash Cond": "(mi.info_type_id = it1.id)",
        "Plans": [
          {
            "Node Type": "Hash Join",
            "Parent Relationship": "Outer",
            "Parallel Aware": false,
            "Join Type": "Inner",
            "Startup Cost": 146580.54,
            "Total Cost": 647717.77,
            "Plan Rows": 97,
            "Plan Width": 36,
            "Actual Startup Time": 1594.292,
            "Actual Total Time": 5525.427,
            "Actual Rows": 147941,
            "Actual Loops": 1,
            "Inner Unique": false,
            "Hash Cond": "(mi.movie_id = mk.movie_id)",
            "Plans": [
              {
                "Node Type": "Seq Scan",
                "Parent Relationship": "Outer",
                "Parallel Aware": false,
                "Relation Name": "movie_info",
                "Alias": "mi",
                "Startup Cost": 0.0,
                "Total Cost": 498374.41,
                "Plan Rows": 736493,
                "Plan Width": 8,
                "Actual Startup Time": 0.217,
                "Actual Total Time": 3769.548,
                "Actual Rows": 716210,
                "Actual Loops": 1,
                "Filter": "((info)::text = ANY ('{Sweden,Norway,Germany,Denmark,Swedish,Danish,Norwegian,German,USA,American}'::text[]))",
                "Rows Removed by Filter": 14119510
              },
              {
                "Node Type": "Hash",
                "Parent Relationship": "Inner",
                "Parallel Aware": false,
                "Startup Cost": 146579.91,
                "Total Cost": 146579.91,
                "Plan Rows": 50,
                "Plan Width": 28,
                "Actual Startup Time": 1588.496,
                "Actual Total Time": 1588.5,
                "Actual Rows": 73412,
                "Actual Loops": 1,
                "Hash Buckets": 65536,
                "Original Hash Buckets": 1024,
                "Hash Batches": 2,
                "Original Hash Batches": 1,
                "Peak Memory Usage": 3585,
                "Plans": [
                  {
                    "Node Type": "Hash Join",
                    "Parent Relationship": "Outer",
                    "Parallel Aware": false,
                    "Join Type": "Inner",
                    "Startup Cost": 87462.64,
                    "Total Cost": 146579.91,
                    "Plan Rows": 50,
                    "Plan Width": 28,
                    "Actual Startup Time": 1121.061,
                    "Actual Total Time": 1571.372,
                    "Actual Rows": 73412,
                    "Actual Loops": 1,
                    "Inner Unique": false,
                    "Hash Cond": "(mc.movie_id = mk.movie_id)",
                    "Plans": [
                      {
                        "Node Type": "Seq Scan",
                        "Parent Relationship": "Outer",
                        "Parallel Aware": false,
                        "Relation Name": "movie_companies",
                        "Alias": "mc",
                        "Startup Cost": 0.0,
                        "Total Cost": 57926.93,
                        "Plan Rows": 135982,
                        "Plan Width": 12,
                        "Actual Startup Time": 0.405,
                        "Actual Total Time": 509.848,
                        "Actual Rows": 303271,
                        "Actual Loops": 1,
                        "Filter": "(((note)::text !~~ '%(USA)%'::text) AND ((note)::text ~~ '%(200%)%'::text))",
                        "Rows Removed by Filter": 2305858
                      },
                      {
                        "Node Type": "Hash",
                        "Parent Relationship": "Inner",
                        "Parallel Aware": false,
                        "Startup Cost": 87460.3,
                        "Total Cost": 87460.3,
                        "Plan Rows": 187,
                        "Plan Width": 16,
                        "Actual Startup Time": 1009.592,
                        "Actual Total Time": 1009.595,
                        "Actual Rows": 20024,
                        "Actual Loops": 1,
                        "Hash Buckets": 32768,
                        "Original Hash Buckets": 1024,
                        "Hash Batches": 1,
                        "Original Hash Batches": 1,
                        "Peak Memory Usage": 1195,
                        "Plans": [
                          {
                            "Node Type": "Hash Join",
                            "Parent Relationship": "Outer",
                            "Parallel Aware": false,
                            "Join Type": "Inner",
                            "Startup Cost": 84532.28,
                            "Total Cost": 87460.3,
                            "Plan Rows": 187,
                            "Plan Width": 16,
                            "Actual Startup Time": 967.636,
                            "Actual Total Time": 1005.845,
                            "Actual Rows": 20024,
                            "Actual Loops": 1,
                            "Inner Unique": false,
                            "Hash Cond": "(cc.movie_id = mk.movie_id)",
                            "Plans": [
                              {
                                "Node Type": "Seq Scan",
                                "Parent Relationship": "Outer",
                                "Parallel Aware": false,
                                "Relation Name": "complete_cast",
                                "Alias": "cc",
                                "Startup Cost": 0.0,
                                "Total Cost": 2081.86,
                                "Plan Rows": 135086,
                                "Plan Width": 12,
                                "Actual Startup Time": 0.008,
                                "Actual Total Time": 16.382,
                                "Actual Rows": 135086,
                                "Actual Loops": 1
                              },
                              {
                                "Node Type": "Hash",
                                "Parent Relationship": "Inner",
                                "Parallel Aware": false,
                                "Startup Cost": 84530.59,
                                "Total Cost": 84530.59,
                                "Plan Rows": 135,
                                "Plan Width": 4,
                                "Actual Startup Time": 967.619,
                                "Actual Total Time": 967.621,
                                "Actual Rows": 37091,
                                "Actual Loops": 1,
                                "Hash Buckets": 65536,
                                "Original Hash Buckets": 1024,
                                "Hash Batches": 1,
                                "Original Hash Batches": 1,
                                "Peak Memory Usage": 1816,
                                "Plans": [
                                  {
                                    "Node Type": "Hash Join",
                                    "Parent Relationship": "Outer",
                                    "Parallel Aware": false,
                                    "Join Type": "Inner",
                                    "Startup Cost": 2961.6,
                                    "Total Cost": 84530.59,
                                    "Plan Rows": 135,
                                    "Plan Width": 4,
                                    "Actual Startup Time": 23.19,
                                    "Actual Total Time": 960.932,
                                    "Actual Rows": 37091,
                                    "Actual Loops": 1,
                                    "Inner Unique": true,
                                    "Hash Cond": "(mk.keyword_id = k.id)",
                                    "Plans": [
                                      {
                                        "Node Type": "Seq Scan",
                                        "Parent Relationship": "Outer",
                                        "Parallel Aware": false,
                                        "Relation Name": "movie_keyword",
                                        "Alias": "mk",
                                        "Startup Cost": 0.0,
                                        "Total Cost": 69693.3,
                                        "Plan Rows": 4523930,
                                        "Plan Width": 8,
                                        "Actual Startup Time": 0.011,
                                        "Actual Total Time": 441.216,
                                        "Actual Rows": 4523930,
                                        "Actual Loops": 1
                                      },
                                      {
                                        "Node Type": "Hash",
                                        "Parent Relationship": "Inner",
                                        "Parallel Aware": false,
                                        "Startup Cost": 2961.55,
                                        "Total Cost": 2961.55,
                                        "Plan Rows": 4,
                                        "Plan Width": 4,
                                        "Actual Startup Time": 23.15,
                                        "Actual Total Time": 23.15,
                                        "Actual Rows": 3,
                                        "Actual Loops": 1,
                                        "Hash Buckets": 1024,
                                        "Original Hash Buckets": 1024,
                                        "Hash Batches": 1,
                                        "Original Hash Batches": 1,
                                        "Peak Memory Usage": 9,
                                        "Plans": [
                                          {
                                            "Node Type": "Seq Scan",
                                            "Parent Relationship": "Outer",
                                            "Parallel Aware": false,
                                            "Relation Name": "keyword",
                                            "Alias": "k",
                                            "Startup Cost": 0.0,
                                            "Total Cost": 2961.55,
                                            "Plan Rows": 4,
                                            "Plan Width": 4,
                                            "Actual Startup Time": 1.068,
                                            "Actual Total Time": 23.148,
                                            "Actual Rows": 3,
                                            "Actual Loops": 1,
                                            "Filter": "((keyword)::text = ANY ('{murder,murder-in-title,blood,violence}'::text[]))",
                                            "Rows Removed by Filter": 134167
                                          }
                                        ]
                                      }
                                    ]
                                  }
                                ]
                              }
                            ]
                          }
                        ]
                      }
                    ]
                  }
                ]
              }
            ]
          },
          {
            "Node Type": "Hash",
            "Parent Relationship": "Inner",
            "Parallel Aware": false,
            "Startup Cost": 2.41,
            "Total Cost": 2.41,
            "Plan Rows": 1,
            "Plan Width": 4,
            "Actual Startup Time": 0.015,
            "Actual Total Time": 0.015,
            "Actual Rows": 1,
            "Actual Loops": 1,
            "Hash Buckets": 1024,
            "Original Hash Buckets": 1024,
            "Hash Batches": 1,
            "Original Hash Batches": 1,
            "Peak Memory Usage": 9,
            "Plans": [
              {
                "Node Type": "Seq Scan",
                "Parent Relationship": "Outer",
                "Parallel Aware": false,
                "Relation Name": "info_type",
                "Alias": "it1",
                "Startup Cost": 0.0,
                "Total Cost": 2.41,
                "Plan Rows": 1,
                "Plan Width": 4,
                "Actual Startup Time": 0.005,
                "Actual Total Time": 0.013,
                "Actual Rows": 1,
                "Actual Loops": 1,
                "Filter": "((info)::text = 'countries'::text)",
                "Rows Removed by Filter": 112
              }
            ]
          }
        ]
      },
      {
        "Node Type": "Index Scan",
        "Parent Relationship": "Inner",
        "Parallel Aware": false,
        "Scan Direction": "Forward",
        "Index Name": "comp_cast_type_pkey",
        "Relation Name": "comp_cast_type",
        "Alias": "cct1",
        "Startup Cost": 0.15,
        "Total Cost": 0.17,
        "Plan Rows": 1,
        "Plan Width": 4,
        "Actual Startup Time": 0.001,
        "Actual Total Time": 0.001,
        "Actual Rows": 0,
        "Actual Loops": 71689,
        "Index Cond": "(id = cc.subject_id)",
        "Rows Removed by Index Recheck": 0,
        "Filter": "((kind)::text = 'crew'::text)",
        "Rows Removed by Filter": 1
      }
    ]
  }
}