{
  "Plan": {
    "Node Type": "Hash Join",
    "Parent Relationship": "Outer",
    "Parallel Aware": false,
    "Join Type": "Inner",
    "Startup Cost": 84559.98,
    "Total Cost": 87488.49,
    "Plan Rows": 186,
    "Plan Width": 12,
    "Actual Startup Time": 969.256,
    "Actual Total Time": 1010.933,
    "Actual Rows": 10536,
    "Actual Loops": 1,
    "Inner Unique": true,
    "Hash Cond": "(cc.status_id = cct2.id)",
    "Plans": [
      {
        "Node Type": "Hash Join",
        "Parent Relationship": "Outer",
        "Parallel Aware": false,
        "Join Type": "Inner",
        "Startup Cost": 84532.28,
        "Total Cost": 87460.3,
        "Plan Rows": 187,
        "Plan Width": 16,
        "Actual Startup Time": 969.221,
        "Actual Total Time": 1007.623,
        "Actual Rows": 20024,
        "Actual Loops": 1,
        "Inner Unique": false,
        "Hash Cond": "(cc.movie_id = mk.movie_id)",
        "Plans": [
          {
            "Node Type": "Seq Scan",
            "Parent Relationship": "Outer",
            "Parallel Aware": false,
            "Relation Name": "complete_cast",
            "Alias": "cc",
            "Startup Cost": 0.0,
            "Total Cost": 2081.86,
            "Plan Rows": 135086,
            "Plan Width": 12,
            "Actual Startup Time": 0.013,
            "Actual Total Time": 16.691,
            "Actual Rows": 135086,
            "Actual Loops": 1
          },
          {
            "Node Type": "Hash",
            "Parent Relationship": "Inner",
            "Parallel Aware": false,
            "Startup Cost": 84530.59,
            "Total Cost": 84530.59,
            "Plan Rows": 135,
            "Plan Width": 4,
            "Actual Startup Time": 969.198,
            "Actual Total Time": 969.199,
            "Actual Rows": 37091,
            "Actual Loops": 1,
            "Hash Buckets": 65536,
            "Original Hash Buckets": 1024,
            "Hash Batches": 1,
            "Original Hash Batches": 1,
            "Peak Memory Usage": 1816,
            "Plans": [
              {
                "Node Type": "Hash Join",
                "Parent Relationship": "Outer",
                "Parallel Aware": false,
                "Join Type": "Inner",
                "Startup Cost": 2961.6,
                "Total Cost": 84530.59,
                "Plan Rows": 135,
                "Plan Width": 4,
                "Actual Startup Time": 22.987,
                "Actual Total Time": 962.405,
                "Actual Rows": 37091,
                "Actual Loops": 1,
                "Inner Unique": true,
                "Hash Cond": "(mk.keyword_id = k.id)",
                "Plans": [
                  {
                    "Node Type": "Seq Scan",
                    "Parent Relationship": "Outer",
                    "Parallel Aware": false,
                    "Relation Name": "movie_keyword",
                    "Alias": "mk",
                    "Startup Cost": 0.0,
                    "Total Cost": 69693.3,
                    "Plan Rows": 4523930,
                    "Plan Width": 8,
                    "Actual Startup Time": 0.015,
                    "Actual Total Time": 443.155,
                    "Actual Rows": 4523930,
                    "Actual Loops": 1
                  },
                  {
                    "Node Type": "Hash",
                    "Parent Relationship": "Inner",
                    "Parallel Aware": false,
                    "Startup Cost": 2961.55,
                    "Total Cost": 2961.55,
                    "Plan Rows": 4,
                    "Plan Width": 4,
                    "Actual Startup Time": 22.941,
                    "Actual Total Time": 22.942,
                    "Actual Rows": 3,
                    "Actual Loops": 1,
                    "Hash Buckets": 1024,
                    "Original Hash Buckets": 1024,
                    "Hash Batches": 1,
                    "Original Hash Batches": 1,
                    "Peak Memory Usage": 9,
                    "Plans": [
                      {
                        "Node Type": "Seq Scan",
                        "Parent Relationship": "Outer",
                        "Parallel Aware": false,
                        "Relation Name": "keyword",
                        "Alias": "k",
                        "Startup Cost": 0.0,
                        "Total Cost": 2961.55,
                        "Plan Rows": 4,
                        "Plan Width": 4,
                        "Actual Startup Time": 1.114,
                        "Actual Total Time": 22.936,
                        "Actual Rows": 3,
                        "Actual Loops": 1,
                        "Filter": "((keyword)::text = ANY ('{murder,murder-in-title,blood,violence}'::text[]))",
                        "Rows Removed by Filter": 134167
                      }
                    ]
                  }
                ]
              }
            ]
          }
        ]
      },
      {
        "Node Type": "Hash",
        "Parent Relationship": "Inner",
        "Parallel Aware": false,
        "Startup Cost": 18.88,
        "Total Cost": 18.88,
        "Plan Rows": 706,
        "Plan Width": 4,
        "Actual Startup Time": 0.011,
        "Actual Total Time": 0.011,
        "Actual Rows": 3,
        "Actual Loops": 1,
        "Hash Buckets": 1024,
        "Original Hash Buckets": 1024,
        "Hash Batches": 1,
        "Original Hash Batches": 1,
        "Peak Memory Usage": 9,
        "Plans": [
          {
            "Node Type": "Seq Scan",
            "Parent Relationship": "Outer",
            "Parallel Aware": false,
            "Relation Name": "comp_cast_type",
            "Alias": "cct2",
            "Startup Cost": 0.0,
            "Total Cost": 18.88,
            "Plan Rows": 706,
            "Plan Width": 4,
            "Actual Startup Time": 0.007,
            "Actual Total Time": 0.008,
            "Actual Rows": 3,
            "Actual Loops": 1,
            "Filter": "((kind)::text <> 'complete+verified'::text)",
            "Rows Removed by Filter": 1
          }
        ]
      }
    ]
  }
}