{
  "Plan": {
    "Node Type": "Hash Join",
    "Parent Relationship": "Outer",
    "Parallel Aware": false,
    "Join Type": "Inner",
    "Startup Cost": 18.93,
    "Total Cost": 58453.34,
    "Plan Rows": 1083,
    "Plan Width": 4,
    "Actual Startup Time": 60.499,
    "Actual Total Time": 564.197,
    "Actual Rows": 798,
    "Actual Loops": 1,
    "Inner Unique": true,
    "Hash Cond": "(mc.company_type_id = ct.id)",
    "Plans": [
      {
        "Node Type": "Seq Scan",
        "Parent Relationship": "Outer",
        "Parallel Aware": false,
        "Relation Name": "movie_companies",
        "Alias": "mc",
        "Startup Cost": 0.0,
        "Total Cost": 57926.93,
        "Plan Rows": 192178,
        "Plan Width": 8,
        "Actual Startup Time": 0.025,
        "Actual Total Time": 536.419,
        "Actual Rows": 295628,
        "Actual Loops": 1,
        "Filter": "(((note)::text !~~ '%(TV)%'::text) AND ((note)::text ~~ '%(USA)%'::text))",
        "Rows Removed by Filter": 2313501
      },
      {
        "Node Type": "Hash",
        "Parent Relationship": "Inner",
        "Parallel Aware": false,
        "Startup Cost": 18.88,
        "Total Cost": 18.88,
        "Plan Rows": 4,
        "Plan Width": 4,
        "Actual Startup Time": 0.006,
        "Actual Total Time": 0.006,
        "Actual Rows": 1,
        "Actual Loops": 1,
        "Hash Buckets": 1024,
        "Original Hash Buckets": 1024,
        "Hash Batches": 1,
        "Original Hash Batches": 1,
        "Peak Memory Usage": 9,
        "Plans": [
          {
            "Node Type": "Seq Scan",
            "Parent Relationship": "Outer",
            "Parallel Aware": false,
            "Relation Name": "company_type",
            "Alias": "ct",
            "Startup Cost": 0.0,
            "Total Cost": 18.88,
            "Plan Rows": 4,
            "Plan Width": 4,
            "Actual Startup Time": 0.005,
            "Actual Total Time": 0.005,
            "Actual Rows": 1,
            "Actual Loops": 1,
            "Filter": "((kind)::text = 'production companies'::text)",
            "Rows Removed by Filter": 3
          }
        ]
      }
    ]
  }
}