{
  "Plan": {
    "Node Type": "Nested Loop",
    "Parent Relationship": "Outer",
    "Parallel Aware": false,
    "Join Type": "Inner",
    "Startup Cost": 87491.7,
    "Total Cost": 146625.33,
    "Plan Rows": 1,
    "Plan Width": 37,
    "Actual Startup Time": 1154.524,
    "Actual Total Time": 1683.817,
    "Actual Rows": 1735,
    "Actual Loops": 1,
    "Inner Unique": true,
    "Plans": [
      {
        "Node Type": "Nested Loop",
        "Parent Relationship": "Outer",
        "Parallel Aware": false,
        "Join Type": "Inner",
        "Startup Cost": 87491.55,
        "Total Cost": 146625.15,
        "Plan Rows": 1,
        "Plan Width": 41,
        "Actual Startup Time": 1154.493,
        "Actual Total Time": 1681.301,
        "Actual Rows": 1856,
        "Actual Loops": 1,
        "Inner Unique": true,
        "Plans": [
          {
            "Node Type": "Nested Loop",
            "Parent Relationship": "Outer",
            "Parallel Aware": false,
            "Join Type": "Inner",
            "Startup Cost": 87491.12,
            "Total Cost": 146624.66,
            "Plan Rows": 1,
            "Plan Width": 16,
            "Actual Startup Time": 1131.852,
            "Actual Total Time": 1655.17,
            "Actual Rows": 9908,
            "Actual Loops": 1,
            "Inner Unique": true,
            "Plans": [
              {
                "Node Type": "Nested Loop",
                "Parent Relationship": "Outer",
                "Parallel Aware": false,
                "Join Type": "Inner",
                "Startup Cost": 87490.97,
                "Total Cost": 146616.31,
                "Plan Rows": 49,
                "Plan Width": 20,
                "Actual Startup Time": 1131.839,
                "Actual Total Time": 1615.888,
                "Actual Rows": 33990,
                "Actual Loops": 1,
                "Inner Unique": true,
                "Plans": [
                  {
                    "Node Type": "Hash Join",
                    "Parent Relationship": "Outer",
                    "Parallel Aware": false,
                    "Join Type": "Inner",
                    "Startup Cost": 87490.82,
                    "Total Cost": 146608.08,
                    "Plan Rows": 49,
                    "Plan Width": 24,
                    "Actual Startup Time": 1131.79,
                    "Actual Total Time": 1578.127,
                    "Actual Rows": 33990,
                    "Actual Loops": 1,
                    "Inner Unique": false,
                    "Hash Cond": "(mc.movie_id = mk.movie_id)",
                    "Plans": [
                      {
                        "Node Type": "Seq Scan",
                        "Parent Relationship": "Outer",
                        "Parallel Aware": false,
                        "Relation Name": "movie_companies",
                        "Alias": "mc",
                        "Startup Cost": 0.0,
                        "Total Cost": 57926.93,
                        "Plan Rows": 135982,
                        "Plan Width": 12,
                        "Actual Startup Time": 0.402,
                        "Actual Total Time": 520.243,
                        "Actual Rows": 303271,
                        "Actual Loops": 1,
                        "Filter": "(((note)::text !~~ '%(USA)%'::text) AND ((note)::text ~~ '%(200%)%'::text))",
                        "Rows Removed by Filter": 2305858
                      },
                      {
                        "Node Type": "Hash",
                        "Parent Relationship": "Inner",
                        "Parallel Aware": false,
                        "Startup Cost": 87488.49,
                        "Total Cost": 87488.49,
                        "Plan Rows": 186,
                        "Plan Width": 12,
                        "Actual Startup Time": 1012.896,
                        "Actual Total Time": 1012.898,
                        "Actual Rows": 10536,
                        "Actual Loops": 1,
                        "Hash Buckets": 16384,
                        "Original Hash Buckets": 1024,
                        "Hash Batches": 1,
                        "Original Hash Batches": 1,
                        "Peak Memory Usage": 581,
                        "Plans": [
                          {
                            "Node Type": "Hash Join",
                            "Parent Relationship": "Outer",
                            "Parallel Aware": false,
                            "Join Type": "Inner",
                            "Startup Cost": 84559.98,
                            "Total Cost": 87488.49,
                            "Plan Rows": 186,
                            "Plan Width": 12,
                            "Actual Startup Time": 969.256,
                            "Actual Total Time": 1010.933,
                            "Actual Rows": 10536,
                            "Actual Loops": 1,
                            "Inner Unique": true,
                            "Hash Cond": "(cc.status_id = cct2.id)",
                            "Plans": [
                              {
                                "Node Type": "Hash Join",
                                "Parent Relationship": "Outer",
                                "Parallel Aware": false,
                                "Join Type": "Inner",
                                "Startup Cost": 84532.28,
                                "Total Cost": 87460.3,
                                "Plan Rows": 187,
                                "Plan Width": 16,
                                "Actual Startup Time": 969.221,
                                "Actual Total Time": 1007.623,
                                "Actual Rows": 20024,
                                "Actual Loops": 1,
                                "Inner Unique": false,
                                "Hash Cond": "(cc.movie_id = mk.movie_id)",
                                "Plans": [
                                  {
                                    "Node Type": "Seq Scan",
                                    "Parent Relationship": "Outer",
                                    "Parallel Aware": false,
                                    "Relation Name": "complete_cast",
                                    "Alias": "cc",
                                    "Startup Cost": 0.0,
                                    "Total Cost": 2081.86,
                                    "Plan Rows": 135086,
                                    "Plan Width": 12,
                                    "Actual Startup Time": 0.013,
                                    "Actual Total Time": 16.691,
                                    "Actual Rows": 135086,
                                    "Actual Loops": 1
                                  },
                                  {
                                    "Node Type": "Hash",
                                    "Parent Relationship": "Inner",
                                    "Parallel Aware": false,
                                    "Startup Cost": 84530.59,
                                    "Total Cost": 84530.59,
                                    "Plan Rows": 135,
                                    "Plan Width": 4,
                                    "Actual Startup Time": 969.198,
                                    "Actual Total Time": 969.199,
                                    "Actual Rows": 37091,
                                    "Actual Loops": 1,
                                    "Hash Buckets": 65536,
                                    "Original Hash Buckets": 1024,
                                    "Hash Batches": 1,
                                    "Original Hash Batches": 1,
                                    "Peak Memory Usage": 1816,
                                    "Plans": [
                                      {
                                        "Node Type": "Hash Join",
                                        "Parent Relationship": "Outer",
                                        "Parallel Aware": false,
                                        "Join Type": "Inner",
                                        "Startup Cost": 2961.6,
                                        "Total Cost": 84530.59,
                                        "Plan Rows": 135,
                                        "Plan Width": 4,
                                        "Actual Startup Time": 22.987,
                                        "Actual Total Time": 962.405,
                                        "Actual Rows": 37091,
                                        "Actual Loops": 1,
                                        "Inner Unique": true,
                                        "Hash Cond": "(mk.keyword_id = k.id)",
                                        "Plans": [
                                          {
                                            "Node Type": "Seq Scan",
                                            "Parent Relationship": "Outer",
                                            "Parallel Aware": false,
                                            "Relation Name": "movie_keyword",
                                            "Alias": "mk",
                                            "Startup Cost": 0.0,
                                            "Total Cost": 69693.3,
                                            "Plan Rows": 4523930,
                                            "Plan Width": 8,
                                            "Actual Startup Time": 0.015,
                                            "Actual Total Time": 443.155,
                                            "Actual Rows": 4523930,
                                            "Actual Loops": 1
                                          },
                                          {
                                            "Node Type": "Hash",
                                            "Parent Relationship": "Inner",
                                            "Parallel Aware": false,
                                            "Startup Cost": 2961.55,
                                            "Total Cost": 2961.55,
                                            "Plan Rows": 4,
                                            "Plan Width": 4,
                                            "Actual Startup Time": 22.941,
                                            "Actual Total Time": 22.942,
                                            "Actual Rows": 3,
                                            "Actual Loops": 1,
                                            "Hash Buckets": 1024,
                                            "Original Hash Buckets": 1024,
                                            "Hash Batches": 1,
                                            "Original Hash Batches": 1,
                                            "Peak Memory Usage": 9,
                                            "Plans": [
                                              {
                                                "Node Type": "Seq Scan",
                                                "Parent Relationship": "Outer",
                                                "Parallel Aware": false,
                                                "Relation Name": "keyword",
                                                "Alias": "k",
                                                "Startup Cost": 0.0,
                                                "Total Cost": 2961.55,
                                                "Plan Rows": 4,
                                                "Plan Width": 4,
                                                "Actual Startup Time": 1.114,
                                                "Actual Total Time": 22.936,
                                                "Actual Rows": 3,
                                                "Actual Loops": 1,
                                                "Filter": "((keyword)::text = ANY ('{murder,murder-in-title,blood,violence}'::text[]))",
                                                "Rows Removed by Filter": 134167
                                              }
                                            ]
                                          }
                                        ]
                                      }
                                    ]
                                  }
                                ]
                              },
                              {
                                "Node Type": "Hash",
                                "Parent Relationship": "Inner",
                                "Parallel Aware": false,
                                "Startup Cost": 18.88,
                                "Total Cost": 18.88,
                                "Plan Rows": 706,
                                "Plan Width": 4,
                                "Actual Startup Time": 0.011,
                                "Actual Total Time": 0.011,
                                "Actual Rows": 3,
                                "Actual Loops": 1,
                                "Hash Buckets": 1024,
                                "Original Hash Buckets": 1024,
                                "Hash Batches": 1,
                                "Original Hash Batches": 1,
                                "Peak Memory Usage": 9,
                                "Plans": [
                                  {
                                    "Node Type": "Seq Scan",
                                    "Parent Relationship": "Outer",
                                    "Parallel Aware": false,
                                    "Relation Name": "comp_cast_type",
                                    "Alias": "cct2",
                                    "Startup Cost": 0.0,
                                    "Total Cost": 18.88,
                                    "Plan Rows": 706,
                                    "Plan Width": 4,
                                    "Actual Startup Time": 0.007,
                                    "Actual Total Time": 0.008,
                                    "Actual Rows": 3,
                                    "Actual Loops": 1,
                                    "Filter": "((kind)::text <> 'complete+verified'::text)",
                                    "Rows Removed by Filter": 1
                                  }
                                ]
                              }
                            ]
                          }
                        ]
                      }
                    ]
                  },
                  {
                    "Node Type": "Index Only Scan",
                    "Parent Relationship": "Inner",
                    "Parallel Aware": false,
                    "Scan Direction": "Forward",
                    "Index Name": "company_type_pkey",
                    "Relation Name": "company_type",
                    "Alias": "ct",
                    "Startup Cost": 0.15,
                    "Total Cost": 0.17,
                    "Plan Rows": 1,
                    "Plan Width": 4,
                    "Actual Startup Time": 0.001,
                    "Actual Total Time": 0.001,
                    "Actual Rows": 1,
                    "Actual Loops": 33990,
                    "Index Cond": "(id = mc.company_type_id)",
                    "Rows Removed by Index Recheck": 0,
                    "Heap Fetches": 33990
                  }
                ]
              },
              {
                "Node Type": "Index Scan",
                "Parent Relationship": "Inner",
                "Parallel Aware": false,
                "Scan Direction": "Forward",
                "Index Name": "comp_cast_type_pkey",
                "Relation Name": "comp_cast_type",
                "Alias": "cct1",
                "Startup Cost": 0.15,
                "Total Cost": 0.17,
                "Plan Rows": 1,
                "Plan Width": 4,
                "Actual Startup Time": 0.001,
                "Actual Total Time": 0.001,
                "Actual Rows": 0,
                "Actual Loops": 33990,
                "Index Cond": "(id = cc.subject_id)",
                "Rows Removed by Index Recheck": 0,
                "Filter": "((kind)::text = 'crew'::text)",
                "Rows Removed by Filter": 1
              }
            ]
          },
          {
            "Node Type": "Index Scan",
            "Parent Relationship": "Inner",
            "Parallel Aware": false,
            "Scan Direction": "Forward",
            "Index Name": "title_pkey",
            "Relation Name": "title",
            "Alias": "t",
            "Startup Cost": 0.43,
            "Total Cost": 0.49,
            "Plan Rows": 1,
            "Plan Width": 25,
            "Actual Startup Time": 0.002,
            "Actual Total Time": 0.002,
            "Actual Rows": 0,
            "Actual Loops": 9908,
            "Index Cond": "(id = mk.movie_id)",
            "Rows Removed by Index Recheck": 0,
            "Filter": "(production_year > 2005)",
            "Rows Removed by Filter": 1
          }
        ]
      },
      {
        "Node Type": "Index Scan",
        "Parent Relationship": "Inner",
        "Parallel Aware": false,
        "Scan Direction": "Forward",
        "Index Name": "kind_type_pkey",
        "Relation Name": "kind_type",
        "Alias": "kt",
        "Startup Cost": 0.15,
        "Total Cost": 0.17,
        "Plan Rows": 1,
        "Plan Width": 4,
        "Actual Startup Time": 0.001,
        "Actual Total Time": 0.001,
        "Actual Rows": 1,
        "Actual Loops": 1856,
        "Index Cond": "(id = t.kind_id)",
        "Rows Removed by Index Recheck": 0,
        "Filter": "((kind)::text = ANY ('{movie,episode}'::text[]))",
        "Rows Removed by Filter": 0
      }
    ]
  }
}