{
  "Plan": {
    "Node Type": "Nested Loop",
    "Parent Relationship": "Outer",
    "Parallel Aware": false,
    "Join Type": "Inner",
    "Startup Cost": 25668.25,
    "Total Cost": 90162.48,
    "Plan Rows": 2,
    "Plan Width": 45,
    "Actual Startup Time": 286.398,
    "Actual Total Time": 991.624,
    "Actual Rows": 142,
    "Actual Loops": 1,
    "Inner Unique": true,
    "Join Filter": "(mc.movie_id = t.id)",
    "Rows Removed by Join Filter": 0,
    "Plans": [
      {
        "Node Type": "Hash Join",
        "Parent Relationship": "Outer",
        "Parallel Aware": false,
        "Join Type": "Inner",
        "Startup Cost": 25667.82,
        "Total Cost": 90161.3,
        "Plan Rows": 2,
        "Plan Width": 32,
        "Actual Startup Time": 286.33,
        "Actual Total Time": 989.437,
        "Actual Rows": 142,
        "Actual Loops": 1,
        "Inner Unique": false,
        "Hash Cond": "(mc.movie_id = mi_idx.movie_id)",
        "Plans": [
          {
            "Node Type": "Hash Join",
            "Parent Relationship": "Outer",
            "Parallel Aware": false,
            "Join Type": "Inner",
            "Startup Cost": 18.93,
            "Total Cost": 64512.03,
            "Plan Rows": 92,
            "Plan Width": 28,
            "Actual Startup Time": 0.062,
            "Actual Total Time": 700.99,
            "Actual Rows": 28657,
            "Actual Loops": 1,
            "Inner Unique": true,
            "Hash Cond": "(mc.company_type_id = ct.id)",
            "Plans": [
              {
                "Node Type": "Seq Scan",
                "Parent Relationship": "Outer",
                "Parallel Aware": false,
                "Relation Name": "movie_companies",
                "Alias": "mc",
                "Startup Cost": 0.0,
                "Total Cost": 64449.76,
                "Plan Rows": 16417,
                "Plan Width": 32,
                "Actual Startup Time": 0.025,
                "Actual Total Time": 694.68,
                "Actual Rows": 28889,
                "Actual Loops": 1,
                "Filter": "(((note)::text !~~ '%(as Metro-Goldwyn-Mayer Pictures)%'::text) AND (((note)::text ~~ '%(co-production)%'::text) OR ((note)::text ~~ '%(presents)%'::text)))",
                "Rows Removed by Filter": 2580240
              },
              {
                "Node Type": "Hash",
                "Parent Relationship": "Inner",
                "Parallel Aware": false,
                "Startup Cost": 18.88,
                "Total Cost": 18.88,
                "Plan Rows": 4,
                "Plan Width": 4,
                "Actual Startup Time": 0.023,
                "Actual Total Time": 0.024,
                "Actual Rows": 1,
                "Actual Loops": 1,
                "Hash Buckets": 1024,
                "Original Hash Buckets": 1024,
                "Hash Batches": 1,
                "Original Hash Batches": 1,
                "Peak Memory Usage": 9,
                "Plans": [
                  {
                    "Node Type": "Seq Scan",
                    "Parent Relationship": "Outer",
                    "Parallel Aware": false,
                    "Relation Name": "company_type",
                    "Alias": "ct",
                    "Startup Cost": 0.0,
                    "Total Cost": 18.88,
                    "Plan Rows": 4,
                    "Plan Width": 4,
                    "Actual Startup Time": 0.016,
                    "Actual Total Time": 0.017,
                    "Actual Rows": 1,
                    "Actual Loops": 1,
                    "Filter": "((kind)::text = 'production companies'::text)",
                    "Rows Removed by Filter": 3
                  }
                ]
              }
            ]
          },
          {
            "Node Type": "Hash",
            "Parent Relationship": "Inner",
            "Parallel Aware": false,
            "Startup Cost": 25496.24,
            "Total Cost": 25496.24,
            "Plan Rows": 12213,
            "Plan Width": 4,
            "Actual Startup Time": 285.213,
            "Actual Total Time": 285.214,
            "Actual Rows": 250,
            "Actual Loops": 1,
            "Hash Buckets": 16384,
            "Original Hash Buckets": 16384,
            "Hash Batches": 1,
            "Original Hash Batches": 1,
            "Peak Memory Usage": 137,
            "Plans": [
              {
                "Node Type": "Hash Join",
                "Parent Relationship": "Outer",
                "Parallel Aware": false,
                "Join Type": "Inner",
                "Startup Cost": 2.43,
                "Total Cost": 25496.24,
                "Plan Rows": 12213,
                "Plan Width": 4,
                "Actual Startup Time": 48.52,
                "Actual Total Time": 285.166,
                "Actual Rows": 250,
                "Actual Loops": 1,
                "Inner Unique": true,
                "Hash Cond": "(mi_idx.info_type_id = it.id)",
                "Plans": [
                  {
                    "Node Type": "Seq Scan",
                    "Parent Relationship": "Outer",
                    "Parallel Aware": false,
                    "Relation Name": "movie_info_idx",
                    "Alias": "mi_idx",
                    "Startup Cost": 0.0,
                    "Total Cost": 21735.35,
                    "Plan Rows": 1380035,
                    "Plan Width": 8,
                    "Actual Startup Time": 0.015,
                    "Actual Total Time": 133.755,
                    "Actual Rows": 1380035,
                    "Actual Loops": 1
                  },
                  {
                    "Node Type": "Hash",
                    "Parent Relationship": "Inner",
                    "Parallel Aware": false,
                    "Startup Cost": 2.41,
                    "Total Cost": 2.41,
                    "Plan Rows": 1,
                    "Plan Width": 4,
                    "Actual Startup Time": 0.024,
                    "Actual Total Time": 0.024,
                    "Actual Rows": 1,
                    "Actual Loops": 1,
                    "Hash Buckets": 1024,
                    "Original Hash Buckets": 1024,
                    "Hash Batches": 1,
                    "Original Hash Batches": 1,
                    "Peak Memory Usage": 9,
                    "Plans": [
                      {
                        "Node Type": "Seq Scan",
                        "Parent Relationship": "Outer",
                        "Parallel Aware": false,
                        "Relation Name": "info_type",
                        "Alias": "it",
                        "Startup Cost": 0.0,
                        "Total Cost": 2.41,
                        "Plan Rows": 1,
                        "Plan Width": 4,
                        "Actual Startup Time": 0.02,
                        "Actual Total Time": 0.02,
                        "Actual Rows": 1,
                        "Actual Loops": 1,
                        "Filter": "((info)::text = 'top 250 rank'::text)",
                        "Rows Removed by Filter": 112
                      }
                    ]
                  }
                ]
              }
            ]
          }
        ]
      },
      {
        "Node Type": "Index Scan",
        "Parent Relationship": "Inner",
        "Parallel Aware": false,
        "Scan Direction": "Forward",
        "Index Name": "title_pkey",
        "Relation Name": "title",
        "Alias": "t",
        "Startup Cost": 0.43,
        "Total Cost": 0.58,
        "Plan Rows": 1,
        "Plan Width": 25,
        "Actual Startup Time": 0.014,
        "Actual Total Time": 0.014,
        "Actual Rows": 1,
        "Actual Loops": 142,
        "Index Cond": "(id = mi_idx.movie_id)",
        "Rows Removed by Index Recheck": 0
      }
    ]
  }
}