{
  "Plan": {
    "Node Type": "Hash Join",
    "Parent Relationship": "Outer",
    "Parallel Aware": false,
    "Join Type": "Inner",
    "Startup Cost": 84195.56,
    "Total Cost": 838203.28,
    "Plan Rows": 29,
    "Plan Width": 20,
    "Actual Startup Time": 2298.921,
    "Actual Total Time": 5783.197,
    "Actual Rows": 4371,
    "Actual Loops": 1,
    "Inner Unique": false,
    "Hash Cond": "(ci.movie_id = mk.movie_id)",
    "Plans": [
      {
        "Node Type": "Seq Scan",
        "Parent Relationship": "Outer",
        "Parallel Aware": false,
        "Relation Name": "cast_info",
        "Alias": "ci",
        "Startup Cost": 0.0,
        "Total Cost": 750882.39,
        "Plan Rows": 833345,
        "Plan Width": 16,
        "Actual Startup Time": 1309.884,
        "Actual Total Time": 4749.3,
        "Actual Rows": 836701,
        "Actual Loops": 1,
        "Filter": "((note)::text = ANY ('{(voice),\"(voice) (uncredited)\",\"(voice: English version)\"}'::text[]))",
        "Rows Removed by Filter": 35407643
      },
      {
        "Node Type": "Hash",
        "Parent Relationship": "Inner",
        "Parallel Aware": false,
        "Startup Cost": 84195.13,
        "Total Cost": 84195.13,
        "Plan Rows": 34,
        "Plan Width": 4,
        "Actual Startup Time": 947.78,
        "Actual Total Time": 947.781,
        "Actual Rows": 414,
        "Actual Loops": 1,
        "Hash Buckets": 1024,
        "Original Hash Buckets": 1024,
        "Hash Batches": 1,
        "Original Hash Batches": 1,
        "Peak Memory Usage": 23,
        "Plans": [
          {
            "Node Type": "Hash Join",
            "Parent Relationship": "Outer",
            "Parallel Aware": false,
            "Join Type": "Inner",
            "Startup Cost": 2626.14,
            "Total Cost": 84195.13,
            "Plan Rows": 34,
            "Plan Width": 4,
            "Actual Startup Time": 15.657,
            "Actual Total Time": 947.593,
            "Actual Rows": 414,
            "Actual Loops": 1,
            "Inner Unique": true,
            "Hash Cond": "(mk.keyword_id = k.id)",
            "Plans": [
              {
                "Node Type": "Seq Scan",
                "Parent Relationship": "Outer",
                "Parallel Aware": false,
                "Relation Name": "movie_keyword",
                "Alias": "mk",
                "Startup Cost": 0.0,
                "Total Cost": 69693.3,
                "Plan Rows": 4523930,
                "Plan Width": 8,
                "Actual Startup Time": 0.041,
                "Actual Total Time": 442.552,
                "Actual Rows": 4523930,
                "Actual Loops": 1
              },
              {
                "Node Type": "Hash",
                "Parent Relationship": "Inner",
                "Parallel Aware": false,
                "Startup Cost": 2626.12,
                "Total Cost": 2626.12,
                "Plan Rows": 1,
                "Plan Width": 4,
                "Actual Startup Time": 13.073,
                "Actual Total Time": 13.073,
                "Actual Rows": 1,
                "Actual Loops": 1,
                "Hash Buckets": 1024,
                "Original Hash Buckets": 1024,
                "Hash Batches": 1,
                "Original Hash Batches": 1,
                "Peak Memory Usage": 9,
                "Plans": [
                  {
                    "Node Type": "Seq Scan",
                    "Parent Relationship": "Outer",
                    "Parallel Aware": false,
                    "Relation Name": "keyword",
                    "Alias": "k",
                    "Startup Cost": 0.0,
                    "Total Cost": 2626.12,
                    "Plan Rows": 1,
                    "Plan Width": 4,
                    "Actual Startup Time": 0.054,
                    "Actual Total Time": 13.07,
                    "Actual Rows": 1,
                    "Actual Loops": 1,
                    "Filter": "((keyword)::text = 'computer-animation'::text)",
                    "Rows Removed by Filter": 134169
                  }
                ]
              }
            ]
          }
        ]
      }
    ]
  }
}