{
  "Plan": {
    "Node Type": "Hash Join",
    "Parent Relationship": "Outer",
    "Parallel Aware": false,
    "Join Type": "Inner",
    "Startup Cost": 1346077.79,
    "Total Cost": 1400743.32,
    "Plan Rows": 1,
    "Plan Width": 84,
    "Actual Startup Time": 48898.622,
    "Actual Total Time": 49277.177,
    "Actual Rows": 21516,
    "Actual Loops": 1,
    "Inner Unique": false,
    "Hash Cond": "(mc.movie_id = t.id)",
    "Plans": [
      {
        "Node Type": "Seq Scan",
        "Parent Relationship": "Outer",
        "Parallel Aware": false,
        "Relation Name": "movie_companies",
        "Alias": "mc",
        "Startup Cost": 0.0,
        "Total Cost": 44881.29,
        "Plan Rows": 2609129,
        "Plan Width": 8,
        "Actual Startup Time": 0.02,
        "Actual Total Time": 270.059,
        "Actual Rows": 2609129,
        "Actual Loops": 1
      },
      {
        "Node Type": "Hash",
        "Parent Relationship": "Inner",
        "Parallel Aware": false,
        "Startup Cost": 1346077.77,
        "Total Cost": 1346077.77,
        "Plan Rows": 1,
        "Plan Width": 76,
        "Actual Startup Time": 48699.437,
        "Actual Total Time": 48699.445,
        "Actual Rows": 978,
        "Actual Loops": 1,
        "Hash Buckets": 1024,
        "Original Hash Buckets": 1024,
        "Hash Batches": 1,
        "Original Hash Batches": 1,
        "Peak Memory Usage": 96,
        "Plans": [
          {
            "Node Type": "Nested Loop",
            "Parent Relationship": "Outer",
            "Parallel Aware": false,
            "Join Type": "Inner",
            "Startup Cost": 1254208.97,
            "Total Cost": 1346077.77,
            "Plan Rows": 1,
            "Plan Width": 76,
            "Actual Startup Time": 47930.318,
            "Actual Total Time": 48699.123,
            "Actual Rows": 978,
            "Actual Loops": 1,
            "Inner Unique": true,
            "Join Filter": "(mi.movie_id = t.id)",
            "Rows Removed by Join Filter": 0,
            "Plans": [
              {
                "Node Type": "Nested Loop",
                "Parent Relationship": "Outer",
                "Parallel Aware": false,
                "Join Type": "Inner",
                "Startup Cost": 1254208.54,
                "Total Cost": 1346075.62,
                "Plan Rows": 1,
                "Plan Width": 55,
                "Actual Startup Time": 47930.299,
                "Actual Total Time": 48694.154,
                "Actual Rows": 2445,
                "Actual Loops": 1,
                "Inner Unique": true,
                "Join Filter": "(ci.person_id = n.id)",
                "Rows Removed by Join Filter": 0,
                "Plans": [
                  {
                    "Node Type": "Hash Join",
                    "Parent Relationship": "Outer",
                    "Parallel Aware": false,
                    "Join Type": "Inner",
                    "Startup Cost": 1254208.11,
                    "Total Cost": 1346019.7,
                    "Plan Rows": 25,
                    "Plan Width": 52,
                    "Actual Startup Time": 47930.249,
                    "Actual Total Time": 48687.454,
                    "Actual Rows": 3273,
                    "Actual Loops": 1,
                    "Inner Unique": false,
                    "Hash Cond": "(pi.person_id = ci.person_id)",
                    "Plans": [
                      {
                        "Node Type": "Seq Scan",
                        "Parent Relationship": "Outer",
                        "Parallel Aware": false,
                        "Relation Name": "person_info",
                        "Alias": "pi",
                        "Startup Cost": 0.0,
                        "Total Cost": 80694.89,
                        "Plan Rows": 2964389,
                        "Plan Width": 8,
                        "Actual Startup Time": 0.023,
                        "Actual Total Time": 455.483,
                        "Actual Rows": 2963664,
                        "Actual Loops": 1
                      },
                      {
                        "Node Type": "Hash",
                        "Parent Relationship": "Inner",
                        "Parallel Aware": false,
                        "Startup Cost": 1254208.09,
                        "Total Cost": 1254208.09,
                        "Plan Rows": 1,
                        "Plan Width": 44,
                        "Actual Startup Time": 47911.839,
                        "Actual Total Time": 47911.843,
                        "Actual Rows": 18,
                        "Actual Loops": 1,
                        "Hash Buckets": 1024,
                        "Original Hash Buckets": 1024,
                        "Hash Batches": 1,
                        "Original Hash Batches": 1,
                        "Peak Memory Usage": 10,
                        "Plans": [
                          {
                            "Node Type": "Nested Loop",
                            "Parent Relationship": "Outer",
                            "Parallel Aware": false,
                            "Join Type": "Inner",
                            "Startup Cost": 838204.07,
                            "Total Cost": 1254208.09,
                            "Plan Rows": 1,
                            "Plan Width": 44,
                            "Actual Startup Time": 7090.042,
                            "Actual Total Time": 47911.79,
                            "Actual Rows": 18,
                            "Actual Loops": 1,
                            "Inner Unique": false,
                            "Join Filter": "(ci.movie_id = mi.movie_id)",
                            "Rows Removed by Join Filter": 6766542,
                            "Plans": [
                              {
                                "Node Type": "Nested Loop",
                                "Parent Relationship": "Outer",
                                "Parallel Aware": false,
                                "Join Type": "Inner",
                                "Startup Cost": 838204.07,
                                "Total Cost": 862157.94,
                                "Plan Rows": 1,
                                "Plan Width": 36,
                                "Actual Startup Time": 5790.194,
                                "Actual Total Time": 6069.114,
                                "Actual Rows": 15,
                                "Actual Loops": 1,
                                "Inner Unique": true,
                                "Plans": [
                                  {
                                    "Node Type": "Hash Join",
                                    "Parent Relationship": "Outer",
                                    "Parallel Aware": false,
                                    "Join Type": "Inner",
                                    "Startup Cost": 838203.64,
                                    "Total Cost": 861993.83,
                                    "Plan Rows": 72,
                                    "Plan Width": 24,
                                    "Actual Startup Time": 5785.222,
                                    "Actual Total Time": 6028.636,
                                    "Actual Rows": 8501,
                                    "Actual Loops": 1,
                                    "Inner Unique": false,
                                    "Hash Cond": "(an.person_id = ci.person_id)",
                                    "Plans": [
                                      {
                                        "Node Type": "Seq Scan",
                                        "Parent Relationship": "Outer",
                                        "Parallel Aware": false,
                                        "Relation Name": "aka_name",
                                        "Alias": "an",
                                        "Startup Cost": 0.0,
                                        "Total Cost": 20409.43,
                                        "Plan Rows": 901343,
                                        "Plan Width": 4,
                                        "Actual Startup Time": 0.014,
                                        "Actual Total Time": 132.257,
                                        "Actual Rows": 901343,
                                        "Actual Loops": 1
                                      },
                                      {
                                        "Node Type": "Hash",
                                        "Parent Relationship": "Inner",
                                        "Parallel Aware": false,
                                        "Startup Cost": 838203.28,
                                        "Total Cost": 838203.28,
                                        "Plan Rows": 29,
                                        "Plan Width": 20,
                                        "Actual Startup Time": 5784.92,
                                        "Actual Total Time": 5784.923,
                                        "Actual Rows": 4371,
                                        "Actual Loops": 1,
                                        "Hash Buckets": 8192,
                                        "Original Hash Buckets": 1024,
                                        "Hash Batches": 1,
                                        "Original Hash Batches": 1,
                                        "Peak Memory Usage": 284,
                                        "Plans": [
                                          {
                                            "Node Type": "Hash Join",
                                            "Parent Relationship": "Outer",
                                            "Parallel Aware": false,
                                            "Join Type": "Inner",
                                            "Startup Cost": 84195.56,
                                            "Total Cost": 838203.28,
                                            "Plan Rows": 29,
                                            "Plan Width": 20,
                                            "Actual Startup Time": 2298.921,
                                            "Actual Total Time": 5783.197,
                                            "Actual Rows": 4371,
                                            "Actual Loops": 1,
                                            "Inner Unique": false,
                                            "Hash Cond": "(ci.movie_id = mk.movie_id)",
                                            "Plans": [
                                              {
                                                "Node Type": "Seq Scan",
                                                "Parent Relationship": "Outer",
                                                "Parallel Aware": false,
                                                "Relation Name": "cast_info",
                                                "Alias": "ci",
                                                "Startup Cost": 0.0,
                                                "Total Cost": 750882.39,
                                                "Plan Rows": 833345,
                                                "Plan Width": 16,
                                                "Actual Startup Time": 1309.884,
                                                "Actual Total Time": 4749.3,
                                                "Actual Rows": 836701,
                                                "Actual Loops": 1,
                                                "Filter": "((note)::text = ANY ('{(voice),\"(voice) (uncredited)\",\"(voice: English version)\"}'::text[]))",
                                                "Rows Removed by Filter": 35407643
                                              },
                                              {
                                                "Node Type": "Hash",
                                                "Parent Relationship": "Inner",
                                                "Parallel Aware": false,
                                                "Startup Cost": 84195.13,
                                                "Total Cost": 84195.13,
                                                "Plan Rows": 34,
                                                "Plan Width": 4,
                                                "Actual Startup Time": 947.78,
                                                "Actual Total Time": 947.781,
                                                "Actual Rows": 414,
                                                "Actual Loops": 1,
                                                "Hash Buckets": 1024,
                                                "Original Hash Buckets": 1024,
                                                "Hash Batches": 1,
                                                "Original Hash Batches": 1,
                                                "Peak Memory Usage": 23,
                                                "Plans": [
                                                  {
                                                    "Node Type": "Hash Join",
                                                    "Parent Relationship": "Outer",
                                                    "Parallel Aware": false,
                                                    "Join Type": "Inner",
                                                    "Startup Cost": 2626.14,
                                                    "Total Cost": 84195.13,
                                                    "Plan Rows": 34,
                                                    "Plan Width": 4,
                                                    "Actual Startup Time": 15.657,
                                                    "Actual Total Time": 947.593,
                                                    "Actual Rows": 414,
                                                    "Actual Loops": 1,
                                                    "Inner Unique": true,
                                                    "Hash Cond": "(mk.keyword_id = k.id)",
                                                    "Plans": [
                                                      {
                                                        "Node Type": "Seq Scan",
                                                        "Parent Relationship": "Outer",
                                                        "Parallel Aware": false,
                                                        "Relation Name": "movie_keyword",
                                                        "Alias": "mk",
                                                        "Startup Cost": 0.0,
                                                        "Total Cost": 69693.3,
                                                        "Plan Rows": 4523930,
                                                        "Plan Width": 8,
                                                        "Actual Startup Time": 0.041,
                                                        "Actual Total Time": 442.552,
                                                        "Actual Rows": 4523930,
                                                        "Actual Loops": 1
                                                      },
                                                      {
                                                        "Node Type": "Hash",
                                                        "Parent Relationship": "Inner",
                                                        "Parallel Aware": false,
                                                        "Startup Cost": 2626.12,
                                                        "Total Cost": 2626.12,
                                                        "Plan Rows": 1,
                                                        "Plan Width": 4,
                                                        "Actual Startup Time": 13.073,
                                                        "Actual Total Time": 13.073,
                                                        "Actual Rows": 1,
                                                        "Actual Loops": 1,
                                                        "Hash Buckets": 1024,
                                                        "Original Hash Buckets": 1024,
                                                        "Hash Batches": 1,
                                                        "Original Hash Batches": 1,
                                                        "Peak Memory Usage": 9,
                                                        "Plans": [
                                                          {
                                                            "Node Type": "Seq Scan",
                                                            "Parent Relationship": "Outer",
                                                            "Parallel Aware": false,
                                                            "Relation Name": "keyword",
                                                            "Alias": "k",
                                                            "Startup Cost": 0.0,
                                                            "Total Cost": 2626.12,
                                                            "Plan Rows": 1,
                                                            "Plan Width": 4,
                                                            "Actual Startup Time": 0.054,
                                                            "Actual Total Time": 13.07,
                                                            "Actual Rows": 1,
                                                            "Actual Loops": 1,
                                                            "Filter": "((keyword)::text = 'computer-animation'::text)",
                                                            "Rows Removed by Filter": 134169
                                                          }
                                                        ]
                                                      }
                                                    ]
                                                  }
                                                ]
                                              }
                                            ]
                                          }
                                        ]
                                      }
                                    ]
                                  },
                                  {
                                    "Node Type": "Index Scan",
                                    "Parent Relationship": "Inner",
                                    "Parallel Aware": false,
                                    "Scan Direction": "Forward",
                                    "Index Name": "char_name_pkey",
                                    "Relation Name": "char_name",
                                    "Alias": "chn",
                                    "Startup Cost": 0.43,
                                    "Total Cost": 2.25,
                                    "Plan Rows": 1,
                                    "Plan Width": 20,
                                    "Actual Startup Time": 0.004,
                                    "Actual Total Time": 0.004,
                                    "Actual Rows": 0,
                                    "Actual Loops": 8501,
                                    "Index Cond": "(id = ci.person_role_id)",
                                    "Rows Removed by Index Recheck": 0,
                                    "Filter": "((name)::text = 'Queen'::text)",
                                    "Rows Removed by Filter": 1
                                  }
                                ]
                              },
                              {
                                "Node Type": "Seq Scan",
                                "Parent Relationship": "Inner",
                                "Parallel Aware": false,
                                "Relation Name": "movie_info",
                                "Alias": "mi",
                                "Startup Cost": 0.0,
                                "Total Cost": 386247.28,
                                "Plan Rows": 464230,
                                "Plan Width": 8,
                                "Actual Startup Time": 299.686,
                                "Actual Total Time": 2752.898,
                                "Actual Rows": 451104,
                                "Actual Loops": 15,
                                "Filter": "((info IS NOT NULL) AND (((info)::text ~~ 'Japan:%200%'::text) OR ((info)::text ~~ 'USA:%200%'::text)))",
                                "Rows Removed by Filter": 14384616
                              }
                            ]
                          }
                        ]
                      }
                    ]
                  },
                  {
                    "Node Type": "Index Scan",
                    "Parent Relationship": "Inner",
                    "Parallel Aware": false,
                    "Scan Direction": "Forward",
                    "Index Name": "name_pkey",
                    "Relation Name": "name",
                    "Alias": "n",
                    "Startup Cost": 0.43,
                    "Total Cost": 2.22,
                    "Plan Rows": 1,
                    "Plan Width": 19,
                    "Actual Startup Time": 0.002,
                    "Actual Total Time": 0.002,
                    "Actual Rows": 1,
                    "Actual Loops": 3273,
                    "Index Cond": "(id = pi.person_id)",
                    "Rows Removed by Index Recheck": 0,
                    "Filter": "(((name)::text ~~ '%An%'::text) AND ((gender)::text = 'f'::text))",
                    "Rows Removed by Filter": 0
                  }
                ]
              },
              {
                "Node Type": "Index Scan",
                "Parent Relationship": "Inner",
                "Parallel Aware": false,
                "Scan Direction": "Forward",
                "Index Name": "title_pkey",
                "Relation Name": "title",
                "Alias": "t",
                "Startup Cost": 0.43,
                "Total Cost": 2.14,
                "Plan Rows": 1,
                "Plan Width": 21,
                "Actual Startup Time": 0.002,
                "Actual Total Time": 0.002,
                "Actual Rows": 0,
                "Actual Loops": 2445,
                "Index Cond": "(id = mk.movie_id)",
                "Rows Removed by Index Recheck": 0,
                "Filter": "((production_year >= 2000) AND (production_year <= 2010) AND ((title)::text = 'Shrek 2'::text))",
                "Rows Removed by Filter": 1
              }
            ]
          }
        ]
      }
    ]
  }
}