{
  "Plan": {
    "Node Type": "Nested Loop",
    "Parent Relationship": "Outer",
    "Parallel Aware": false,
    "Join Type": "Inner",
    "Startup Cost": 1216823.56,
    "Total Cost": 1308690.65,
    "Plan Rows": 1,
    "Plan Width": 55,
    "Actual Startup Time": 39412.848,
    "Actual Total Time": 40094.035,
    "Actual Rows": 1467,
    "Actual Loops": 1,
    "Inner Unique": true,
    "Join Filter": "(ci.person_id = n.id)",
    "Rows Removed by Join Filter": 0,
    "Plans": [
      {
        "Node Type": "Hash Join",
        "Parent Relationship": "Outer",
        "Parallel Aware": false,
        "Join Type": "Inner",
        "Startup Cost": 1216823.13,
        "Total Cost": 1308634.73,
        "Plan Rows": 25,
        "Plan Width": 52,
        "Actual Startup Time": 39412.814,
        "Actual Total Time": 40089.934,
        "Actual Rows": 2019,
        "Actual Loops": 1,
        "Inner Unique": false,
        "Hash Cond": "(pi.person_id = ci.person_id)",
        "Plans": [
          {
            "Node Type": "Seq Scan",
            "Parent Relationship": "Outer",
            "Parallel Aware": false,
            "Relation Name": "person_info",
            "Alias": "pi",
            "Startup Cost": 0.0,
            "Total Cost": 80694.89,
            "Plan Rows": 2964389,
            "Plan Width": 8,
            "Actual Startup Time": 0.037,
            "Actual Total Time": 374.637,
            "Actual Rows": 2963664,
            "Actual Loops": 1
          },
          {
            "Node Type": "Hash",
            "Parent Relationship": "Inner",
            "Parallel Aware": false,
            "Startup Cost": 1216823.12,
            "Total Cost": 1216823.12,
            "Plan Rows": 1,
            "Plan Width": 44,
            "Actual Startup Time": 39396.395,
            "Actual Total Time": 39396.4,
            "Actual Rows": 11,
            "Actual Loops": 1,
            "Hash Buckets": 1024,
            "Original Hash Buckets": 1024,
            "Hash Batches": 1,
            "Original Hash Batches": 1,
            "Peak Memory Usage": 9,
            "Plans": [
              {
                "Node Type": "Nested Loop",
                "Parent Relationship": "Outer",
                "Parallel Aware": false,
                "Join Type": "Inner",
                "Startup Cost": 838204.07,
                "Total Cost": 1216823.12,
                "Plan Rows": 1,
                "Plan Width": 44,
                "Actual Startup Time": 6882.185,
                "Actual Total Time": 39396.361,
                "Actual Rows": 11,
                "Actual Loops": 1,
                "Inner Unique": false,
                "Join Filter": "(ci.movie_id = mi.movie_id)",
                "Rows Removed by Join Filter": 5815234,
                "Plans": [
                  {
                    "Node Type": "Nested Loop",
                    "Parent Relationship": "Outer",
                    "Parallel Aware": false,
                    "Join Type": "Inner",
                    "Startup Cost": 838204.07,
                    "Total Cost": 862157.94,
                    "Plan Rows": 1,
                    "Plan Width": 36,
                    "Actual Startup Time": 5865.351,
                    "Actual Total Time": 6120.649,
                    "Actual Rows": 15,
                    "Actual Loops": 1,
                    "Inner Unique": true,
                    "Plans": [
                      {
                        "Node Type": "Hash Join",
                        "Parent Relationship": "Outer",
                        "Parallel Aware": false,
                        "Join Type": "Inner",
                        "Startup Cost": 838203.64,
                        "Total Cost": 861993.83,
                        "Plan Rows": 72,
                        "Plan Width": 24,
                        "Actual Startup Time": 5860.574,
                        "Actual Total Time": 6096.277,
                        "Actual Rows": 8501,
                        "Actual Loops": 1,
                        "Inner Unique": false,
                        "Hash Cond": "(an.person_id = ci.person_id)",
                        "Plans": [
                          {
                            "Node Type": "Seq Scan",
                            "Parent Relationship": "Outer",
                            "Parallel Aware": false,
                            "Relation Name": "aka_name",
                            "Alias": "an",
                            "Startup Cost": 0.0,
                            "Total Cost": 20409.43,
                            "Plan Rows": 901343,
                            "Plan Width": 4,
                            "Actual Startup Time": 0.011,
                            "Actual Total Time": 125.535,
                            "Actual Rows": 901343,
                            "Actual Loops": 1
                          },
                          {
                            "Node Type": "Hash",
                            "Parent Relationship": "Inner",
                            "Parallel Aware": false,
                            "Startup Cost": 838203.28,
                            "Total Cost": 838203.28,
                            "Plan Rows": 29,
                            "Plan Width": 20,
                            "Actual Startup Time": 5860.296,
                            "Actual Total Time": 5860.298,
                            "Actual Rows": 4371,
                            "Actual Loops": 1,
                            "Hash Buckets": 8192,
                            "Original Hash Buckets": 1024,
                            "Hash Batches": 1,
                            "Original Hash Batches": 1,
                            "Peak Memory Usage": 284,
                            "Plans": [
                              {
                                "Node Type": "Hash Join",
                                "Parent Relationship": "Outer",
                                "Parallel Aware": false,
                                "Join Type": "Inner",
                                "Startup Cost": 84195.56,
                                "Total Cost": 838203.28,
                                "Plan Rows": 29,
                                "Plan Width": 20,
                                "Actual Startup Time": 2355.532,
                                "Actual Total Time": 5858.461,
                                "Actual Rows": 4371,
                                "Actual Loops": 1,
                                "Inner Unique": false,
                                "Hash Cond": "(ci.movie_id = mk.movie_id)",
                                "Plans": [
                                  {
                                    "Node Type": "Seq Scan",
                                    "Parent Relationship": "Outer",
                                    "Parallel Aware": false,
                                    "Relation Name": "cast_info",
                                    "Alias": "ci",
                                    "Startup Cost": 0.0,
                                    "Total Cost": 750882.39,
                                    "Plan Rows": 833345,
                                    "Plan Width": 16,
                                    "Actual Startup Time": 1348.266,
                                    "Actual Total Time": 4805.853,
                                    "Actual Rows": 836701,
                                    "Actual Loops": 1,
                                    "Filter": "((note)::text = ANY ('{(voice),\"(voice) (uncredited)\",\"(voice: English version)\"}'::text[]))",
                                    "Rows Removed by Filter": 35407643
                                  },
                                  {
                                    "Node Type": "Hash",
                                    "Parent Relationship": "Inner",
                                    "Parallel Aware": false,
                                    "Startup Cost": 84195.13,
                                    "Total Cost": 84195.13,
                                    "Plan Rows": 34,
                                    "Plan Width": 4,
                                    "Actual Startup Time": 964.591,
                                    "Actual Total Time": 964.592,
                                    "Actual Rows": 414,
                                    "Actual Loops": 1,
                                    "Hash Buckets": 1024,
                                    "Original Hash Buckets": 1024,
                                    "Hash Batches": 1,
                                    "Original Hash Batches": 1,
                                    "Peak Memory Usage": 23,
                                    "Plans": [
                                      {
                                        "Node Type": "Hash Join",
                                        "Parent Relationship": "Outer",
                                        "Parallel Aware": false,
                                        "Join Type": "Inner",
                                        "Startup Cost": 2626.14,
                                        "Total Cost": 84195.13,
                                        "Plan Rows": 34,
                                        "Plan Width": 4,
                                        "Actual Startup Time": 14.945,
                                        "Actual Total Time": 964.391,
                                        "Actual Rows": 414,
                                        "Actual Loops": 1,
                                        "Inner Unique": true,
                                        "Hash Cond": "(mk.keyword_id = k.id)",
                                        "Plans": [
                                          {
                                            "Node Type": "Seq Scan",
                                            "Parent Relationship": "Outer",
                                            "Parallel Aware": false,
                                            "Relation Name": "movie_keyword",
                                            "Alias": "mk",
                                            "Startup Cost": 0.0,
                                            "Total Cost": 69693.3,
                                            "Plan Rows": 4523930,
                                            "Plan Width": 8,
                                            "Actual Startup Time": 0.043,
                                            "Actual Total Time": 459.527,
                                            "Actual Rows": 4523930,
                                            "Actual Loops": 1
                                          },
                                          {
                                            "Node Type": "Hash",
                                            "Parent Relationship": "Inner",
                                            "Parallel Aware": false,
                                            "Startup Cost": 2626.12,
                                            "Total Cost": 2626.12,
                                            "Plan Rows": 1,
                                            "Plan Width": 4,
                                            "Actual Startup Time": 12.355,
                                            "Actual Total Time": 12.355,
                                            "Actual Rows": 1,
                                            "Actual Loops": 1,
                                            "Hash Buckets": 1024,
                                            "Original Hash Buckets": 1024,
                                            "Hash Batches": 1,
                                            "Original Hash Batches": 1,
                                            "Peak Memory Usage": 9,
                                            "Plans": [
                                              {
                                                "Node Type": "Seq Scan",
                                                "Parent Relationship": "Outer",
                                                "Parallel Aware": false,
                                                "Relation Name": "keyword",
                                                "Alias": "k",
                                                "Startup Cost": 0.0,
                                                "Total Cost": 2626.12,
                                                "Plan Rows": 1,
                                                "Plan Width": 4,
                                                "Actual Startup Time": 0.052,
                                                "Actual Total Time": 12.35,
                                                "Actual Rows": 1,
                                                "Actual Loops": 1,
                                                "Filter": "((keyword)::text = 'computer-animation'::text)",
                                                "Rows Removed by Filter": 134169
                                              }
                                            ]
                                          }
                                        ]
                                      }
                                    ]
                                  }
                                ]
                              }
                            ]
                          }
                        ]
                      },
                      {
                        "Node Type": "Index Scan",
                        "Parent Relationship": "Inner",
                        "Parallel Aware": false,
                        "Scan Direction": "Forward",
                        "Index Name": "char_name_pkey",
                        "Relation Name": "char_name",
                        "Alias": "chn",
                        "Startup Cost": 0.43,
                        "Total Cost": 2.25,
                        "Plan Rows": 1,
                        "Plan Width": 20,
                        "Actual Startup Time": 0.003,
                        "Actual Total Time": 0.003,
                        "Actual Rows": 0,
                        "Actual Loops": 8501,
                        "Index Cond": "(id = ci.person_role_id)",
                        "Rows Removed by Index Recheck": 0,
                        "Filter": "((name)::text = 'Queen'::text)",
                        "Rows Removed by Filter": 1
                      }
                    ]
                  },
                  {
                    "Node Type": "Seq Scan",
                    "Parent Relationship": "Inner",
                    "Parallel Aware": false,
                    "Relation Name": "movie_info",
                    "Alias": "mi",
                    "Startup Cost": 0.0,
                    "Total Cost": 348871.56,
                    "Plan Rows": 463489,
                    "Plan Width": 8,
                    "Actual Startup Time": 231.675,
                    "Actual Total Time": 2186.631,
                    "Actual Rows": 387683,
                    "Actual Loops": 15,
                    "Filter": "((info)::text ~~ 'USA:%200%'::text)",
                    "Rows Removed by Filter": 14448037
                  }
                ]
              }
            ]
          }
        ]
      },
      {
        "Node Type": "Index Scan",
        "Parent Relationship": "Inner",
        "Parallel Aware": false,
        "Scan Direction": "Forward",
        "Index Name": "name_pkey",
        "Relation Name": "name",
        "Alias": "n",
        "Startup Cost": 0.43,
        "Total Cost": 2.22,
        "Plan Rows": 1,
        "Plan Width": 19,
        "Actual Startup Time": 0.002,
        "Actual Total Time": 0.002,
        "Actual Rows": 1,
        "Actual Loops": 2019,
        "Index Cond": "(id = pi.person_id)",
        "Rows Removed by Index Recheck": 0,
        "Filter": "(((name)::text ~~ '%An%'::text) AND ((gender)::text = 'f'::text))",
        "Rows Removed by Filter": 0
      }
    ]
  }
}