{
  "Plan": {
    "Node Type": "Hash Join",
    "Parent Relationship": "Outer",
    "Parallel Aware": false,
    "Join Type": "Inner",
    "Startup Cost": 58470.85,
    "Total Cost": 560706.29,
    "Plan Rows": 1076,
    "Plan Width": 17,
    "Actual Startup Time": 1215.589,
    "Actual Total Time": 4543.624,
    "Actual Rows": 669,
    "Actual Loops": 1,
    "Inner Unique": true,
    "Hash Cond": "(mi.info_type_id = it.id)",
    "Plans": [
      {
        "Node Type": "Nested Loop",
        "Parent Relationship": "Outer",
        "Parallel Aware": false,
        "Join Type": "Inner",
        "Startup Cost": 58467.31,
        "Total Cost": 560699.81,
        "Plan Rows": 1076,
        "Plan Width": 21,
        "Actual Startup Time": 1215.529,
        "Actual Total Time": 4543.307,
        "Actual Rows": 669,
        "Actual Loops": 1,
        "Inner Unique": true,
        "Plans": [
          {
            "Node Type": "Hash Join",
            "Parent Relationship": "Outer",
            "Parallel Aware": false,
            "Join Type": "Inner",
            "Startup Cost": 58466.88,
            "Total Cost": 559618.71,
            "Plan Rows": 1557,
            "Plan Width": 12,
            "Actual Startup Time": 1215.457,
            "Actual Total Time": 4536.31,
            "Actual Rows": 691,
            "Actual Loops": 1,
            "Inner Unique": false,
            "Hash Cond": "(mi.movie_id = mc.movie_id)",
            "Plans": [
              {
                "Node Type": "Seq Scan",
                "Parent Relationship": "Outer",
                "Parallel Aware": false,
                "Relation Name": "movie_info",
                "Alias": "mi",
                "Startup Cost": 0.0,
                "Total Cost": 498374.41,
                "Plan Rows": 736493,
                "Plan Width": 8,
                "Actual Startup Time": 0.091,
                "Actual Total Time": 3902.732,
                "Actual Rows": 706674,
                "Actual Loops": 1,
                "Filter": "((info)::text = ANY ('{Sweden,Norway,Germany,Denmark,Swedish,Denish,Norwegian,German,USA,American}'::text[]))",
                "Rows Removed by Filter": 14129046
              },
              {
                "Node Type": "Hash",
                "Parent Relationship": "Inner",
                "Parallel Aware": false,
                "Startup Cost": 58453.34,
                "Total Cost": 58453.34,
                "Plan Rows": 1083,
                "Plan Width": 4,
                "Actual Startup Time": 564.402,
                "Actual Total Time": 564.403,
                "Actual Rows": 798,
                "Actual Loops": 1,
                "Hash Buckets": 2048,
                "Original Hash Buckets": 2048,
                "Hash Batches": 1,
                "Original Hash Batches": 1,
                "Peak Memory Usage": 45,
                "Plans": [
                  {
                    "Node Type": "Hash Join",
                    "Parent Relationship": "Outer",
                    "Parallel Aware": false,
                    "Join Type": "Inner",
                    "Startup Cost": 18.93,
                    "Total Cost": 58453.34,
                    "Plan Rows": 1083,
                    "Plan Width": 4,
                    "Actual Startup Time": 60.499,
                    "Actual Total Time": 564.197,
                    "Actual Rows": 798,
                    "Actual Loops": 1,
                    "Inner Unique": true,
                    "Hash Cond": "(mc.company_type_id = ct.id)",
                    "Plans": [
                      {
                        "Node Type": "Seq Scan",
                        "Parent Relationship": "Outer",
                        "Parallel Aware": false,
                        "Relation Name": "movie_companies",
                        "Alias": "mc",
                        "Startup Cost": 0.0,
                        "Total Cost": 57926.93,
                        "Plan Rows": 192178,
                        "Plan Width": 8,
                        "Actual Startup Time": 0.025,
                        "Actual Total Time": 536.419,
                        "Actual Rows": 295628,
                        "Actual Loops": 1,
                        "Filter": "(((note)::text !~~ '%(TV)%'::text) AND ((note)::text ~~ '%(USA)%'::text))",
                        "Rows Removed by Filter": 2313501
                      },
                      {
                        "Node Type": "Hash",
                        "Parent Relationship": "Inner",
                        "Parallel Aware": false,
                        "Startup Cost": 18.88,
                        "Total Cost": 18.88,
                        "Plan Rows": 4,
                        "Plan Width": 4,
                        "Actual Startup Time": 0.006,
                        "Actual Total Time": 0.006,
                        "Actual Rows": 1,
                        "Actual Loops": 1,
                        "Hash Buckets": 1024,
                        "Original Hash Buckets": 1024,
                        "Hash Batches": 1,
                        "Original Hash Batches": 1,
                        "Peak Memory Usage": 9,
                        "Plans": [
                          {
                            "Node Type": "Seq Scan",
                            "Parent Relationship": "Outer",
                            "Parallel Aware": false,
                            "Relation Name": "company_type",
                            "Alias": "ct",
                            "Startup Cost": 0.0,
                            "Total Cost": 18.88,
                            "Plan Rows": 4,
                            "Plan Width": 4,
                            "Actual Startup Time": 0.005,
                            "Actual Total Time": 0.005,
                            "Actual Rows": 1,
                            "Actual Loops": 1,
                            "Filter": "((kind)::text = 'production companies'::text)",
                            "Rows Removed by Filter": 3
                          }
                        ]
                      }
                    ]
                  }
                ]
              }
            ]
          },
          {
            "Node Type": "Index Scan",
            "Parent Relationship": "Inner",
            "Parallel Aware": false,
            "Scan Direction": "Forward",
            "Index Name": "title_pkey",
            "Relation Name": "title",
            "Alias": "t",
            "Startup Cost": 0.43,
            "Total Cost": 0.69,
            "Plan Rows": 1,
            "Plan Width": 21,
            "Actual Startup Time": 0.009,
            "Actual Total Time": 0.009,
            "Actual Rows": 1,
            "Actual Loops": 691,
            "Index Cond": "(id = mi.movie_id)",
            "Rows Removed by Index Recheck": 0,
            "Filter": "(production_year > 1990)",
            "Rows Removed by Filter": 0
          }
        ]
      },
      {
        "Node Type": "Hash",
        "Parent Relationship": "Inner",
        "Parallel Aware": false,
        "Startup Cost": 2.13,
        "Total Cost": 2.13,
        "Plan Rows": 113,
        "Plan Width": 4,
        "Actual Startup Time": 0.04,
        "Actual Total Time": 0.04,
        "Actual Rows": 113,
        "Actual Loops": 1,
        "Hash Buckets": 1024,
        "Original Hash Buckets": 1024,
        "Hash Batches": 1,
        "Original Hash Batches": 1,
        "Peak Memory Usage": 12,
        "Plans": [
          {
            "Node Type": "Seq Scan",
            "Parent Relationship": "Outer",
            "Parallel Aware": false,
            "Relation Name": "info_type",
            "Alias": "it",
            "Startup Cost": 0.0,
            "Total Cost": 2.13,
            "Plan Rows": 113,
            "Plan Width": 4,
            "Actual Startup Time": 0.007,
            "Actual Total Time": 0.019,
            "Actual Rows": 113,
            "Actual Loops": 1
          }
        ]
      }
    ]
  }
}