{
  "Plan": {
    "Node Type": "Hash Join",
    "Parent Relationship": "Outer",
    "Parallel Aware": false,
    "Join Type": "Inner",
    "Startup Cost": 84195.56,
    "Total Cost": 472184.11,
    "Plan Rows": 42,
    "Plan Width": 12,
    "Actual Startup Time": 1752.695,
    "Actual Total Time": 3871.23,
    "Actual Rows": 374,
    "Actual Loops": 1,
    "Inner Unique": false,
    "Hash Cond": "(mi.movie_id = mk.movie_id)",
    "Plans": [
      {
        "Node Type": "Seq Scan",
        "Parent Relationship": "Outer",
        "Parallel Aware": false,
        "Relation Name": "movie_info",
        "Alias": "mi",
        "Startup Cost": 0.0,
        "Total Cost": 386247.28,
        "Plan Rows": 464230,
        "Plan Width": 8,
        "Actual Startup Time": 303.694,
        "Actual Total Time": 2880.057,
        "Actual Rows": 451104,
        "Actual Loops": 1,
        "Filter": "((info IS NOT NULL) AND (((info)::text ~~ 'Japan:%200%'::text) OR ((info)::text ~~ 'USA:%200%'::text)))",
        "Rows Removed by Filter": 14384616
      },
      {
        "Node Type": "Hash",
        "Parent Relationship": "Inner",
        "Parallel Aware": false,
        "Startup Cost": 84195.13,
        "Total Cost": 84195.13,
        "Plan Rows": 34,
        "Plan Width": 4,
        "Actual Startup Time": 946.343,
        "Actual Total Time": 946.346,
        "Actual Rows": 414,
        "Actual Loops": 1,
        "Hash Buckets": 1024,
        "Original Hash Buckets": 1024,
        "Hash Batches": 1,
        "Original Hash Batches": 1,
        "Peak Memory Usage": 23,
        "Plans": [
          {
            "Node Type": "Hash Join",
            "Parent Relationship": "Outer",
            "Parallel Aware": false,
            "Join Type": "Inner",
            "Startup Cost": 2626.14,
            "Total Cost": 84195.13,
            "Plan Rows": 34,
            "Plan Width": 4,
            "Actual Startup Time": 15.228,
            "Actual Total Time": 946.169,
            "Actual Rows": 414,
            "Actual Loops": 1,
            "Inner Unique": true,
            "Hash Cond": "(mk.keyword_id = k.id)",
            "Plans": [
              {
                "Node Type": "Seq Scan",
                "Parent Relationship": "Outer",
                "Parallel Aware": false,
                "Relation Name": "movie_keyword",
                "Alias": "mk",
                "Startup Cost": 0.0,
                "Total Cost": 69693.3,
                "Plan Rows": 4523930,
                "Plan Width": 8,
                "Actual Startup Time": 0.021,
                "Actual Total Time": 440.128,
                "Actual Rows": 4523930,
                "Actual Loops": 1
              },
              {
                "Node Type": "Hash",
                "Parent Relationship": "Inner",
                "Parallel Aware": false,
                "Startup Cost": 2626.12,
                "Total Cost": 2626.12,
                "Plan Rows": 1,
                "Plan Width": 4,
                "Actual Startup Time": 12.725,
                "Actual Total Time": 12.725,
                "Actual Rows": 1,
                "Actual Loops": 1,
                "Hash Buckets": 1024,
                "Original Hash Buckets": 1024,
                "Hash Batches": 1,
                "Original Hash Batches": 1,
                "Peak Memory Usage": 9,
                "Plans": [
                  {
                    "Node Type": "Seq Scan",
                    "Parent Relationship": "Outer",
                    "Parallel Aware": false,
                    "Relation Name": "keyword",
                    "Alias": "k",
                    "Startup Cost": 0.0,
                    "Total Cost": 2626.12,
                    "Plan Rows": 1,
                    "Plan Width": 4,
                    "Actual Startup Time": 0.064,
                    "Actual Total Time": 12.71,
                    "Actual Rows": 1,
                    "Actual Loops": 1,
                    "Filter": "((keyword)::text = 'computer-animation'::text)",
                    "Rows Removed by Filter": 134169
                  }
                ]
              }
            ]
          }
        ]
      }
    ]
  }
}