{
  "Plan": {
    "Node Type": "Hash Join",
    "Parent Relationship": "Outer",
    "Parallel Aware": false,
    "Join Type": "Inner",
    "Startup Cost": 114736.47,
    "Total Cost": 960579.44,
    "Plan Rows": 1,
    "Plan Width": 46,
    "Actual Startup Time": 2461.647,
    "Actual Total Time": 7106.883,
    "Actual Rows": 1736,
    "Actual Loops": 1,
    "Inner Unique": false,
    "Hash Cond": "(ci.movie_id = t.id)",
    "Plans": [
      {
        "Node Type": "Seq Scan",
        "Parent Relationship": "Outer",
        "Parallel Aware": false,
        "Relation Name": "cast_info",
        "Alias": "ci",
        "Startup Cost": 0.0,
        "Total Cost": 841463.37,
        "Plan Rows": 1167891,
        "Plan Width": 8,
        "Actual Startup Time": 4.298,
        "Actual Total Time": 5257.003,
        "Actual Rows": 1244716,
        "Actual Loops": 1,
        "Filter": "((note)::text = ANY ('{(writer),\"(head writer)\",\"(written by)\",(story),\"(story editor)\"}'::text[]))",
        "Rows Removed by Filter": 34999628
      },
      {
        "Node Type": "Hash",
        "Parent Relationship": "Inner",
        "Parallel Aware": false,
        "Startup Cost": 114736.45,
        "Total Cost": 114736.45,
        "Plan Rows": 1,
        "Plan Width": 38,
        "Actual Startup Time": 1689.966,
        "Actual Total Time": 1690.015,
        "Actual Rows": 2023,
        "Actual Loops": 1,
        "Hash Buckets": 2048,
        "Original Hash Buckets": 1024,
        "Hash Batches": 1,
        "Original Hash Batches": 1,
        "Peak Memory Usage": 160,
        "Plans": [
          {
            "Node Type": "Nested Loop",
            "Parent Relationship": "Outer",
            "Parallel Aware": false,
            "Join Type": "Inner",
            "Startup Cost": 87825.92,
            "Total Cost": 114736.45,
            "Plan Rows": 1,
            "Plan Width": 38,
            "Actual Startup Time": 1387.237,
            "Actual Total Time": 1689.379,
            "Actual Rows": 2023,
            "Actual Loops": 1,
            "Inner Unique": true,
            "Plans": [
              {
                "Node Type": "Hash Join",
                "Parent Relationship": "Outer",
                "Parallel Aware": false,
                "Join Type": "Inner",
                "Startup Cost": 87825.78,
                "Total Cost": 114736.27,
                "Plan Rows": 1,
                "Plan Width": 42,
                "Actual Startup Time": 1387.184,
                "Actual Total Time": 1681.483,
                "Actual Rows": 6166,
                "Actual Loops": 1,
                "Inner Unique": false,
                "Hash Cond": "(mi_idx.movie_id = t.id)",
                "Plans": [
                  {
                    "Node Type": "Seq Scan",
                    "Parent Relationship": "Outer",
                    "Parallel Aware": false,
                    "Relation Name": "movie_info_idx",
                    "Alias": "mi_idx",
                    "Startup Cost": 0.0,
                    "Total Cost": 21735.35,
                    "Plan Rows": 1380035,
                    "Plan Width": 13,
                    "Actual Startup Time": 0.016,
                    "Actual Total Time": 139.212,
                    "Actual Rows": 1380035,
                    "Actual Loops": 1
                  },
                  {
                    "Node Type": "Hash",
                    "Parent Relationship": "Inner",
                    "Parallel Aware": false,
                    "Startup Cost": 87825.77,
                    "Total Cost": 87825.77,
                    "Plan Rows": 1,
                    "Plan Width": 29,
                    "Actual Startup Time": 1387.144,
                    "Actual Total Time": 1387.148,
                    "Actual Rows": 2027,
                    "Actual Loops": 1,
                    "Hash Buckets": 2048,
                    "Original Hash Buckets": 1024,
                    "Hash Batches": 1,
                    "Original Hash Batches": 1,
                    "Peak Memory Usage": 137,
                    "Plans": [
                      {
                        "Node Type": "Nested Loop",
                        "Parent Relationship": "Outer",
                        "Parallel Aware": false,
                        "Join Type": "Inner",
                        "Startup Cost": 85236.19,
                        "Total Cost": 87825.77,
                        "Plan Rows": 1,
                        "Plan Width": 29,
                        "Actual Startup Time": 1332.567,
                        "Actual Total Time": 1386.604,
                        "Actual Rows": 2027,
                        "Actual Loops": 1,
                        "Inner Unique": true,
                        "Plans": [
                          {
                            "Node Type": "Nested Loop",
                            "Parent Relationship": "Outer",
                            "Parallel Aware": false,
                            "Join Type": "Inner",
                            "Startup Cost": 85236.04,
                            "Total Cost": 87825.59,
                            "Plan Rows": 1,
                            "Plan Width": 33,
                            "Actual Startup Time": 1332.562,
                            "Actual Total Time": 1378.669,
                            "Actual Rows": 7185,
                            "Actual Loops": 1,
                            "Inner Unique": true,
                            "Plans": [
                              {
                                "Node Type": "Hash Join",
                                "Parent Relationship": "Outer",
                                "Parallel Aware": false,
                                "Join Type": "Inner",
                                "Startup Cost": 85235.89,
                                "Total Cost": 87824.39,
                                "Plan Rows": 7,
                                "Plan Width": 37,
                                "Actual Startup Time": 1332.52,
                                "Actual Total Time": 1369.858,
                                "Actual Rows": 7185,
                                "Actual Loops": 1,
                                "Inner Unique": false,
                                "Hash Cond": "(cc.movie_id = t.id)",
                                "Plans": [
                                  {
                                    "Node Type": "Seq Scan",
                                    "Parent Relationship": "Outer",
                                    "Parallel Aware": false,
                                    "Relation Name": "complete_cast",
                                    "Alias": "cc",
                                    "Startup Cost": 0.0,
                                    "Total Cost": 2081.86,
                                    "Plan Rows": 135086,
                                    "Plan Width": 12,
                                    "Actual Startup Time": 0.015,
                                    "Actual Total Time": 17.682,
                                    "Actual Rows": 135086,
                                    "Actual Loops": 1
                                  },
                                  {
                                    "Node Type": "Hash",
                                    "Parent Relationship": "Inner",
                                    "Parallel Aware": false,
                                    "Startup Cost": 85234.28,
                                    "Total Cost": 85234.28,
                                    "Plan Rows": 129,
                                    "Plan Width": 25,
                                    "Actual Startup Time": 1332.498,
                                    "Actual Total Time": 1332.5,
                                    "Actual Rows": 32779,
                                    "Actual Loops": 1,
                                    "Hash Buckets": 65536,
                                    "Original Hash Buckets": 1024,
                                    "Hash Batches": 1,
                                    "Original Hash Batches": 1,
                                    "Peak Memory Usage": 2390,
                                    "Plans": [
                                      {
                                        "Node Type": "Nested Loop",
                                        "Parent Relationship": "Outer",
                                        "Parallel Aware": false,
                                        "Join Type": "Inner",
                                        "Startup Cost": 3465.21,
                                        "Total Cost": 85234.28,
                                        "Plan Rows": 129,
                                        "Plan Width": 25,
                                        "Actual Startup Time": 31.332,
                                        "Actual Total Time": 1323.736,
                                        "Actual Rows": 32779,
                                        "Actual Loops": 1,
                                        "Inner Unique": true,
                                        "Plans": [
                                          {
                                            "Node Type": "Hash Join",
                                            "Parent Relationship": "Outer",
                                            "Parallel Aware": false,
                                            "Join Type": "Inner",
                                            "Startup Cost": 3464.78,
                                            "Total Cost": 85033.77,
                                            "Plan Rows": 236,
                                            "Plan Width": 4,
                                            "Actual Startup Time": 31.226,
                                            "Actual Total Time": 1007.133,
                                            "Actual Rows": 76714,
                                            "Actual Loops": 1,
                                            "Inner Unique": true,
                                            "Hash Cond": "(mk.keyword_id = k.id)",
                                            "Plans": [
                                              {
                                                "Node Type": "Seq Scan",
                                                "Parent Relationship": "Outer",
                                                "Parallel Aware": false,
                                                "Relation Name": "movie_keyword",
                                                "Alias": "mk",
                                                "Startup Cost": 0.0,
                                                "Total Cost": 69693.3,
                                                "Plan Rows": 4523930,
                                                "Plan Width": 8,
                                                "Actual Startup Time": 0.012,
                                                "Actual Total Time": 471.98,
                                                "Actual Rows": 4523930,
                                                "Actual Loops": 1
                                              },
                                              {
                                                "Node Type": "Hash",
                                                "Parent Relationship": "Inner",
                                                "Parallel Aware": false,
                                                "Startup Cost": 3464.69,
                                                "Total Cost": 3464.69,
                                                "Plan Rows": 7,
                                                "Plan Width": 4,
                                                "Actual Startup Time": 31.169,
                                                "Actual Total Time": 31.169,
                                                "Actual Rows": 7,
                                                "Actual Loops": 1,
                                                "Hash Buckets": 1024,
                                                "Original Hash Buckets": 1024,
                                                "Hash Batches": 1,
                                                "Original Hash Batches": 1,
                                                "Peak Memory Usage": 9,
                                                "Plans": [
                                                  {
                                                    "Node Type": "Seq Scan",
                                                    "Parent Relationship": "Outer",
                                                    "Parallel Aware": false,
                                                    "Relation Name": "keyword",
                                                    "Alias": "k",
                                                    "Startup Cost": 0.0,
                                                    "Total Cost": 3464.69,
                                                    "Plan Rows": 7,
                                                    "Plan Width": 4,
                                                    "Actual Startup Time": 0.864,
                                                    "Actual Total Time": 31.164,
                                                    "Actual Rows": 7,
                                                    "Actual Loops": 1,
                                                    "Filter": "((keyword)::text = ANY ('{murder,violence,blood,gore,death,female-nudity,hospital}'::text[]))",
                                                    "Rows Removed by Filter": 134163
                                                  }
                                                ]
                                              }
                                            ]
                                          },
                                          {
                                            "Node Type": "Index Scan",
                                            "Parent Relationship": "Inner",
                                            "Parallel Aware": false,
                                            "Scan Direction": "Forward",
                                            "Index Name": "title_pkey",
                                            "Relation Name": "title",
                                            "Alias": "t",
                                            "Startup Cost": 0.43,
                                            "Total Cost": 0.85,
                                            "Plan Rows": 1,
                                            "Plan Width": 21,
                                            "Actual Startup Time": 0.004,
                                            "Actual Total Time": 0.004,
                                            "Actual Rows": 0,
                                            "Actual Loops": 76714,
                                            "Index Cond": "(id = mk.movie_id)",
                                            "Rows Removed by Index Recheck": 0,
                                            "Filter": "(production_year > 2000)",
                                            "Rows Removed by Filter": 1
                                          }
                                        ]
                                      }
                                    ]
                                  }
                                ]
                              },
                              {
                                "Node Type": "Index Scan",
                                "Parent Relationship": "Inner",
                                "Parallel Aware": false,
                                "Scan Direction": "Forward",
                                "Index Name": "comp_cast_type_pkey",
                                "Relation Name": "comp_cast_type",
                                "Alias": "cct1",
                                "Startup Cost": 0.15,
                                "Total Cost": 0.17,
                                "Plan Rows": 1,
                                "Plan Width": 4,
                                "Actual Startup Time": 0.001,
                                "Actual Total Time": 0.001,
                                "Actual Rows": 1,
                                "Actual Loops": 7185,
                                "Index Cond": "(id = cc.subject_id)",
                                "Rows Removed by Index Recheck": 0,
                                "Filter": "((kind)::text = ANY ('{cast,crew}'::text[]))",
                                "Rows Removed by Filter": 0
                              }
                            ]
                          },
                          {
                            "Node Type": "Index Scan",
                            "Parent Relationship": "Inner",
                            "Parallel Aware": false,
                            "Scan Direction": "Forward",
                            "Index Name": "comp_cast_type_pkey",
                            "Relation Name": "comp_cast_type",
                            "Alias": "cct2",
                            "Startup Cost": 0.15,
                            "Total Cost": 0.17,
                            "Plan Rows": 1,
                            "Plan Width": 4,
                            "Actual Startup Time": 0.001,
                            "Actual Total Time": 0.001,
                            "Actual Rows": 0,
                            "Actual Loops": 7185,
                            "Index Cond": "(id = cc.status_id)",
                            "Rows Removed by Index Recheck": 0,
                            "Filter": "((kind)::text = 'complete+verified'::text)",
                            "Rows Removed by Filter": 1
                          }
                        ]
                      }
                    ]
                  }
                ]
              },
              {
                "Node Type": "Index Scan",
                "Parent Relationship": "Inner",
                "Parallel Aware": false,
                "Scan Direction": "Forward",
                "Index Name": "info_type_pkey",
                "Relation Name": "info_type",
                "Alias": "it2",
                "Startup Cost": 0.14,
                "Total Cost": 0.16,
                "Plan Rows": 1,
                "Plan Width": 4,
                "Actual Startup Time": 0.001,
                "Actual Total Time": 0.001,
                "Actual Rows": 0,
                "Actual Loops": 6166,
                "Index Cond": "(id = mi_idx.info_type_id)",
                "Rows Removed by Index Recheck": 0,
                "Filter": "((info)::text = 'votes'::text)",
                "Rows Removed by Filter": 1
              }
            ]
          }
        ]
      }
    ]
  }
}