{
  "Plan": {
    "Node Type": "Hash Join",
    "Parent Relationship": "Outer",
    "Parallel Aware": false,
    "Join Type": "Inner",
    "Startup Cost": 3464.78,
    "Total Cost": 85033.77,
    "Plan Rows": 236,
    "Plan Width": 4,
    "Actual Startup Time": 31.226,
    "Actual Total Time": 1007.133,
    "Actual Rows": 76714,
    "Actual Loops": 1,
    "Inner Unique": true,
    "Hash Cond": "(mk.keyword_id = k.id)",
    "Plans": [
      {
        "Node Type": "Seq Scan",
        "Parent Relationship": "Outer",
        "Parallel Aware": false,
        "Relation Name": "movie_keyword",
        "Alias": "mk",
        "Startup Cost": 0.0,
        "Total Cost": 69693.3,
        "Plan Rows": 4523930,
        "Plan Width": 8,
        "Actual Startup Time": 0.012,
        "Actual Total Time": 471.98,
        "Actual Rows": 4523930,
        "Actual Loops": 1
      },
      {
        "Node Type": "Hash",
        "Parent Relationship": "Inner",
        "Parallel Aware": false,
        "Startup Cost": 3464.69,
        "Total Cost": 3464.69,
        "Plan Rows": 7,
        "Plan Width": 4,
        "Actual Startup Time": 31.169,
        "Actual Total Time": 31.169,
        "Actual Rows": 7,
        "Actual Loops": 1,
        "Hash Buckets": 1024,
        "Original Hash Buckets": 1024,
        "Hash Batches": 1,
        "Original Hash Batches": 1,
        "Peak Memory Usage": 9,
        "Plans": [
          {
            "Node Type": "Seq Scan",
            "Parent Relationship": "Outer",
            "Parallel Aware": false,
            "Relation Name": "keyword",
            "Alias": "k",
            "Startup Cost": 0.0,
            "Total Cost": 3464.69,
            "Plan Rows": 7,
            "Plan Width": 4,
            "Actual Startup Time": 0.864,
            "Actual Total Time": 31.164,
            "Actual Rows": 7,
            "Actual Loops": 1,
            "Filter": "((keyword)::text = ANY ('{murder,violence,blood,gore,death,female-nudity,hospital}'::text[]))",
            "Rows Removed by Filter": 134163
          }
        ]
      }
    ]
  }
}