{
  "Plan": {
    "Node Type": "Hash Join",
    "Parent Relationship": "Outer",
    "Parallel Aware": false,
    "Join Type": "Inner",
    "Startup Cost": 18.96,
    "Total Cost": 2457.54,
    "Plan Rows": 1332,
    "Plan Width": 8,
    "Actual Startup Time": 0.023,
    "Actual Total Time": 44.133,
    "Actual Rows": 135086,
    "Actual Loops": 1,
    "Inner Unique": true,
    "Hash Cond": "(cc.subject_id = cct1.id)",
    "Plans": [
      {
        "Node Type": "Seq Scan",
        "Parent Relationship": "Outer",
        "Parallel Aware": false,
        "Relation Name": "complete_cast",
        "Alias": "cc",
        "Startup Cost": 0.0,
        "Total Cost": 2081.86,
        "Plan Rows": 135086,
        "Plan Width": 12,
        "Actual Startup Time": 0.012,
        "Actual Total Time": 12.762,
        "Actual Rows": 135086,
        "Actual Loops": 1
      },
      {
        "Node Type": "Hash",
        "Parent Relationship": "Inner",
        "Parallel Aware": false,
        "Startup Cost": 18.88,
        "Total Cost": 18.88,
        "Plan Rows": 7,
        "Plan Width": 4,
        "Actual Startup Time": 0.005,
        "Actual Total Time": 0.006,
        "Actual Rows": 2,
        "Actual Loops": 1,
        "Hash Buckets": 1024,
        "Original Hash Buckets": 1024,
        "Hash Batches": 1,
        "Original Hash Batches": 1,
        "Peak Memory Usage": 9,
        "Plans": [
          {
            "Node Type": "Seq Scan",
            "Parent Relationship": "Outer",
            "Parallel Aware": false,
            "Relation Name": "comp_cast_type",
            "Alias": "cct1",
            "Startup Cost": 0.0,
            "Total Cost": 18.88,
            "Plan Rows": 7,
            "Plan Width": 4,
            "Actual Startup Time": 0.003,
            "Actual Total Time": 0.004,
            "Actual Rows": 2,
            "Actual Loops": 1,
            "Filter": "((kind)::text = ANY ('{cast,crew}'::text[]))",
            "Rows Removed by Filter": 2
          }
        ]
      }
    ]
  }
}