{
  "Plan": {
    "Node Type": "Nested Loop",
    "Parent Relationship": "Outer",
    "Parallel Aware": false,
    "Join Type": "Inner",
    "Startup Cost": 27054.97,
    "Total Cost": 27924.8,
    "Plan Rows": 69,
    "Plan Width": 46,
    "Actual Startup Time": 388.506,
    "Actual Total Time": 403.569,
    "Actual Rows": 353,
    "Actual Loops": 1,
    "Inner Unique": true,
    "Join Filter": "(ml.linked_movie_id = t2.id)",
    "Rows Removed by Join Filter": 0,
    "Plans": [
      {
        "Node Type": "Hash Join",
        "Parent Relationship": "Outer",
        "Parallel Aware": false,
        "Join Type": "Inner",
        "Startup Cost": 27054.54,
        "Total Cost": 27633.94,
        "Plan Rows": 394,
        "Plan Width": 21,
        "Actual Startup Time": 388.477,
        "Actual Total Time": 396.793,
        "Actual Rows": 1085,
        "Actual Loops": 1,
        "Inner Unique": false,
        "Hash Cond": "(ml.linked_movie_id = mi_idx2.movie_id)",
        "Plans": [
          {
            "Node Type": "Seq Scan",
            "Parent Relationship": "Outer",
            "Parallel Aware": false,
            "Relation Name": "movie_link",
            "Alias": "ml",
            "Startup Cost": 0.0,
            "Total Cost": 462.97,
            "Plan Rows": 29997,
            "Plan Width": 12,
            "Actual Startup Time": 0.011,
            "Actual Total Time": 3.689,
            "Actual Rows": 29997,
            "Actual Loops": 1
          },
          {
            "Node Type": "Hash",
            "Parent Relationship": "Inner",
            "Parallel Aware": false,
            "Startup Cost": 26981.68,
            "Total Cost": 26981.68,
            "Plan Rows": 5829,
            "Plan Width": 9,
            "Actual Startup Time": 388.45,
            "Actual Total Time": 388.451,
            "Actual Rows": 25591,
            "Actual Loops": 1,
            "Hash Buckets": 32768,
            "Original Hash Buckets": 8192,
            "Hash Batches": 1,
            "Original Hash Batches": 1,
            "Peak Memory Usage": 1256,
            "Plans": [
              {
                "Node Type": "Hash Join",
                "Parent Relationship": "Outer",
                "Parallel Aware": false,
                "Join Type": "Inner",
                "Startup Cost": 2.43,
                "Total Cost": 26981.68,
                "Plan Rows": 5829,
                "Plan Width": 9,
                "Actual Startup Time": 0.041,
                "Actual Total Time": 382.838,
                "Actual Rows": 25591,
                "Actual Loops": 1,
                "Inner Unique": true,
                "Hash Cond": "(mi_idx2.info_type_id = it2.id)",
                "Plans": [
                  {
                    "Node Type": "Seq Scan",
                    "Parent Relationship": "Outer",
                    "Parallel Aware": false,
                    "Relation Name": "movie_info_idx",
                    "Alias": "mi_idx2",
                    "Startup Cost": 0.0,
                    "Total Cost": 25185.44,
                    "Plan Rows": 658655,
                    "Plan Width": 13,
                    "Actual Startup Time": 0.005,
                    "Actual Total Time": 318.585,
                    "Actual Rows": 654961,
                    "Actual Loops": 1,
                    "Filter": "((info)::text < '3.0'::text)",
                    "Rows Removed by Filter": 725074
                  },
                  {
                    "Node Type": "Hash",
                    "Parent Relationship": "Inner",
                    "Parallel Aware": false,
                    "Startup Cost": 2.41,
                    "Total Cost": 2.41,
                    "Plan Rows": 1,
                    "Plan Width": 4,
                    "Actual Startup Time": 0.015,
                    "Actual Total Time": 0.015,
                    "Actual Rows": 1,
                    "Actual Loops": 1,
                    "Hash Buckets": 1024,
                    "Original Hash Buckets": 1024,
                    "Hash Batches": 1,
                    "Original Hash Batches": 1,
                    "Peak Memory Usage": 9,
                    "Plans": [
                      {
                        "Node Type": "Seq Scan",
                        "Parent Relationship": "Outer",
                        "Parallel Aware": false,
                        "Relation Name": "info_type",
                        "Alias": "it2",
                        "Startup Cost": 0.0,
                        "Total Cost": 2.41,
                        "Plan Rows": 1,
                        "Plan Width": 4,
                        "Actual Startup Time": 0.013,
                        "Actual Total Time": 0.014,
                        "Actual Rows": 1,
                        "Actual Loops": 1,
                        "Filter": "((info)::text = 'rating'::text)",
                        "Rows Removed by Filter": 112
                      }
                    ]
                  }
                ]
              }
            ]
          }
        ]
      },
      {
        "Node Type": "Index Scan",
        "Parent Relationship": "Inner",
        "Parallel Aware": false,
        "Scan Direction": "Forward",
        "Index Name": "title_pkey",
        "Relation Name": "title",
        "Alias": "t2",
        "Startup Cost": 0.43,
        "Total Cost": 0.73,
        "Plan Rows": 1,
        "Plan Width": 25,
        "Actual Startup Time": 0.006,
        "Actual Total Time": 0.006,
        "Actual Rows": 0,
        "Actual Loops": 1085,
        "Index Cond": "(id = mi_idx2.movie_id)",
        "Rows Removed by Index Recheck": 0,
        "Filter": "((production_year >= 2005) AND (production_year <= 2008))",
        "Rows Removed by Filter": 1
      }
    ]
  }
}