{
  "Plan": {
    "Node Type": "Nested Loop",
    "Parent Relationship": "Outer",
    "Parallel Aware": false,
    "Join Type": "Inner",
    "Startup Cost": 54859.25,
    "Total Cost": 109525.72,
    "Plan Rows": 3,
    "Plan Width": 62,
    "Actual Startup Time": 725.197,
    "Actual Total Time": 1238.847,
    "Actual Rows": 30,
    "Actual Loops": 1,
    "Inner Unique": true,
    "Plans": [
      {
        "Node Type": "Hash Join",
        "Parent Relationship": "Outer",
        "Parallel Aware": false,
        "Join Type": "Inner",
        "Startup Cost": 54858.83,
        "Total Cost": 109524.39,
        "Plan Rows": 3,
        "Plan Width": 47,
        "Actual Startup Time": 725.154,
        "Actual Total Time": 1238.538,
        "Actual Rows": 30,
        "Actual Loops": 1,
        "Inner Unique": false,
        "Hash Cond": "(mc2.movie_id = t2.id)",
        "Plans": [
          {
            "Node Type": "Seq Scan",
            "Parent Relationship": "Outer",
            "Parallel Aware": false,
            "Relation Name": "movie_companies",
            "Alias": "mc2",
            "Startup Cost": 0.0,
            "Total Cost": 44881.29,
            "Plan Rows": 2609129,
            "Plan Width": 8,
            "Actual Startup Time": 0.003,
            "Actual Total Time": 269.154,
            "Actual Rows": 2609129,
            "Actual Loops": 1
          },
          {
            "Node Type": "Hash",
            "Parent Relationship": "Inner",
            "Parallel Aware": false,
            "Startup Cost": 54858.8,
            "Total Cost": 54858.8,
            "Plan Rows": 3,
            "Plan Width": 55,
            "Actual Startup Time": 689.355,
            "Actual Total Time": 689.36,
            "Actual Rows": 15,
            "Actual Loops": 1,
            "Hash Buckets": 1024,
            "Original Hash Buckets": 1024,
            "Hash Batches": 1,
            "Original Hash Batches": 1,
            "Peak Memory Usage": 10,
            "Plans": [
              {
                "Node Type": "Hash Join",
                "Parent Relationship": "Outer",
                "Parallel Aware": false,
                "Join Type": "Inner",
                "Startup Cost": 27945.56,
                "Total Cost": 54858.8,
                "Plan Rows": 3,
                "Plan Width": 55,
                "Actual Startup Time": 435.533,
                "Actual Total Time": 689.337,
                "Actual Rows": 15,
                "Actual Loops": 1,
                "Inner Unique": true,
                "Hash Cond": "(ml.link_type_id = lt.id)",
                "Plans": [
                  {
                    "Node Type": "Hash Join",
                    "Parent Relationship": "Outer",
                    "Parallel Aware": false,
                    "Join Type": "Inner",
                    "Startup Cost": 27925.66,
                    "Total Cost": 54838.32,
                    "Plan Rows": 218,
                    "Plan Width": 59,
                    "Actual Startup Time": 433.754,
                    "Actual Total Time": 689.24,
                    "Actual Rows": 795,
                    "Actual Loops": 1,
                    "Inner Unique": false,
                    "Hash Cond": "(mi_idx1.movie_id = ml.movie_id)",
                    "Plans": [
                      {
                        "Node Type": "Seq Scan",
                        "Parent Relationship": "Outer",
                        "Parallel Aware": false,
                        "Relation Name": "movie_info_idx",
                        "Alias": "mi_idx1",
                        "Startup Cost": 0.0,
                        "Total Cost": 21735.35,
                        "Plan Rows": 1380035,
                        "Plan Width": 13,
                        "Actual Startup Time": 0.014,
                        "Actual Total Time": 135.084,
                        "Actual Rows": 1380035,
                        "Actual Loops": 1
                      },
                      {
                        "Node Type": "Hash",
                        "Parent Relationship": "Inner",
                        "Parallel Aware": false,
                        "Startup Cost": 27924.8,
                        "Total Cost": 27924.8,
                        "Plan Rows": 69,
                        "Plan Width": 46,
                        "Actual Startup Time": 403.672,
                        "Actual Total Time": 403.675,
                        "Actual Rows": 353,
                        "Actual Loops": 1,
                        "Hash Buckets": 1024,
                        "Original Hash Buckets": 1024,
                        "Hash Batches": 1,
                        "Original Hash Batches": 1,
                        "Peak Memory Usage": 37,
                        "Plans": [
                          {
                            "Node Type": "Nested Loop",
                            "Parent Relationship": "Outer",
                            "Parallel Aware": false,
                            "Join Type": "Inner",
                            "Startup Cost": 27054.97,
                            "Total Cost": 27924.8,
                            "Plan Rows": 69,
                            "Plan Width": 46,
                            "Actual Startup Time": 388.506,
                            "Actual Total Time": 403.569,
                            "Actual Rows": 353,
                            "Actual Loops": 1,
                            "Inner Unique": true,
                            "Join Filter": "(ml.linked_movie_id = t2.id)",
                            "Rows Removed by Join Filter": 0,
                            "Plans": [
                              {
                                "Node Type": "Hash Join",
                                "Parent Relationship": "Outer",
                                "Parallel Aware": false,
                                "Join Type": "Inner",
                                "Startup Cost": 27054.54,
                                "Total Cost": 27633.94,
                                "Plan Rows": 394,
                                "Plan Width": 21,
                                "Actual Startup Time": 388.477,
                                "Actual Total Time": 396.793,
                                "Actual Rows": 1085,
                                "Actual Loops": 1,
                                "Inner Unique": false,
                                "Hash Cond": "(ml.linked_movie_id = mi_idx2.movie_id)",
                                "Plans": [
                                  {
                                    "Node Type": "Seq Scan",
                                    "Parent Relationship": "Outer",
                                    "Parallel Aware": false,
                                    "Relation Name": "movie_link",
                                    "Alias": "ml",
                                    "Startup Cost": 0.0,
                                    "Total Cost": 462.97,
                                    "Plan Rows": 29997,
                                    "Plan Width": 12,
                                    "Actual Startup Time": 0.011,
                                    "Actual Total Time": 3.689,
                                    "Actual Rows": 29997,
                                    "Actual Loops": 1
                                  },
                                  {
                                    "Node Type": "Hash",
                                    "Parent Relationship": "Inner",
                                    "Parallel Aware": false,
                                    "Startup Cost": 26981.68,
                                    "Total Cost": 26981.68,
                                    "Plan Rows": 5829,
                                    "Plan Width": 9,
                                    "Actual Startup Time": 388.45,
                                    "Actual Total Time": 388.451,
                                    "Actual Rows": 25591,
                                    "Actual Loops": 1,
                                    "Hash Buckets": 32768,
                                    "Original Hash Buckets": 8192,
                                    "Hash Batches": 1,
                                    "Original Hash Batches": 1,
                                    "Peak Memory Usage": 1256,
                                    "Plans": [
                                      {
                                        "Node Type": "Hash Join",
                                        "Parent Relationship": "Outer",
                                        "Parallel Aware": false,
                                        "Join Type": "Inner",
                                        "Startup Cost": 2.43,
                                        "Total Cost": 26981.68,
                                        "Plan Rows": 5829,
                                        "Plan Width": 9,
                                        "Actual Startup Time": 0.041,
                                        "Actual Total Time": 382.838,
                                        "Actual Rows": 25591,
                                        "Actual Loops": 1,
                                        "Inner Unique": true,
                                        "Hash Cond": "(mi_idx2.info_type_id = it2.id)",
                                        "Plans": [
                                          {
                                            "Node Type": "Seq Scan",
                                            "Parent Relationship": "Outer",
                                            "Parallel Aware": false,
                                            "Relation Name": "movie_info_idx",
                                            "Alias": "mi_idx2",
                                            "Startup Cost": 0.0,
                                            "Total Cost": 25185.44,
                                            "Plan Rows": 658655,
                                            "Plan Width": 13,
                                            "Actual Startup Time": 0.005,
                                            "Actual Total Time": 318.585,
                                            "Actual Rows": 654961,
                                            "Actual Loops": 1,
                                            "Filter": "((info)::text < '3.0'::text)",
                                            "Rows Removed by Filter": 725074
                                          },
                                          {
                                            "Node Type": "Hash",
                                            "Parent Relationship": "Inner",
                                            "Parallel Aware": false,
                                            "Startup Cost": 2.41,
                                            "Total Cost": 2.41,
                                            "Plan Rows": 1,
                                            "Plan Width": 4,
                                            "Actual Startup Time": 0.015,
                                            "Actual Total Time": 0.015,
                                            "Actual Rows": 1,
                                            "Actual Loops": 1,
                                            "Hash Buckets": 1024,
                                            "Original Hash Buckets": 1024,
                                            "Hash Batches": 1,
                                            "Original Hash Batches": 1,
                                            "Peak Memory Usage": 9,
                                            "Plans": [
                                              {
                                                "Node Type": "Seq Scan",
                                                "Parent Relationship": "Outer",
                                                "Parallel Aware": false,
                                                "Relation Name": "info_type",
                                                "Alias": "it2",
                                                "Startup Cost": 0.0,
                                                "Total Cost": 2.41,
                                                "Plan Rows": 1,
                                                "Plan Width": 4,
                                                "Actual Startup Time": 0.013,
                                                "Actual Total Time": 0.014,
                                                "Actual Rows": 1,
                                                "Actual Loops": 1,
                                                "Filter": "((info)::text = 'rating'::text)",
                                                "Rows Removed by Filter": 112
                                              }
                                            ]
                                          }
                                        ]
                                      }
                                    ]
                                  }
                                ]
                              },
                              {
                                "Node Type": "Index Scan",
                                "Parent Relationship": "Inner",
                                "Parallel Aware": false,
                                "Scan Direction": "Forward",
                                "Index Name": "title_pkey",
                                "Relation Name": "title",
                                "Alias": "t2",
                                "Startup Cost": 0.43,
                                "Total Cost": 0.73,
                                "Plan Rows": 1,
                                "Plan Width": 25,
                                "Actual Startup Time": 0.006,
                                "Actual Total Time": 0.006,
                                "Actual Rows": 0,
                                "Actual Loops": 1085,
                                "Index Cond": "(id = mi_idx2.movie_id)",
                                "Rows Removed by Index Recheck": 0,
                                "Filter": "((production_year >= 2005) AND (production_year <= 2008))",
                                "Rows Removed by Filter": 1
                              }
                            ]
                          }
                        ]
                      }
                    ]
                  },
                  {
                    "Node Type": "Hash",
                    "Parent Relationship": "Inner",
                    "Parallel Aware": false,
                    "Startup Cost": 19.76,
                    "Total Cost": 19.76,
                    "Plan Rows": 11,
                    "Plan Width": 4,
                    "Actual Startup Time": 0.014,
                    "Actual Total Time": 0.015,
                    "Actual Rows": 2,
                    "Actual Loops": 1,
                    "Hash Buckets": 1024,
                    "Original Hash Buckets": 1024,
                    "Hash Batches": 1,
                    "Original Hash Batches": 1,
                    "Peak Memory Usage": 9,
                    "Plans": [
                      {
                        "Node Type": "Seq Scan",
                        "Parent Relationship": "Outer",
                        "Parallel Aware": false,
                        "Relation Name": "link_type",
                        "Alias": "lt",
                        "Startup Cost": 0.0,
                        "Total Cost": 19.76,
                        "Plan Rows": 11,
                        "Plan Width": 4,
                        "Actual Startup Time": 0.005,
                        "Actual Total Time": 0.008,
                        "Actual Rows": 2,
                        "Actual Loops": 1,
                        "Filter": "((link)::text = ANY ('{sequel,follows,\"followed by\"}'::text[]))",
                        "Rows Removed by Filter": 16
                      }
                    ]
                  }
                ]
              }
            ]
          }
        ]
      },
      {
        "Node Type": "Index Scan",
        "Parent Relationship": "Inner",
        "Parallel Aware": false,
        "Scan Direction": "Forward",
        "Index Name": "company_name_pkey",
        "Relation Name": "company_name",
        "Alias": "cn2",
        "Startup Cost": 0.42,
        "Total Cost": 0.44,
        "Plan Rows": 1,
        "Plan Width": 23,
        "Actual Startup Time": 0.009,
        "Actual Total Time": 0.009,
        "Actual Rows": 1,
        "Actual Loops": 30,
        "Index Cond": "(id = mc2.company_id)",
        "Rows Removed by Index Recheck": 0
      }
    ]
  }
}