{
  "Plan": {
    "Node Type": "Hash Join",
    "Parent Relationship": "Outer",
    "Parallel Aware": false,
    "Join Type": "Inner",
    "Startup Cost": 55104.71,
    "Total Cost": 109770.24,
    "Plan Rows": 1,
    "Plan Width": 64,
    "Actual Startup Time": 732.38,
    "Actual Total Time": 1252.817,
    "Actual Rows": 137,
    "Actual Loops": 1,
    "Inner Unique": false,
    "Hash Cond": "(mc2.movie_id = t2.id)",
    "Plans": [
      {
        "Node Type": "Seq Scan",
        "Parent Relationship": "Outer",
        "Parallel Aware": false,
        "Relation Name": "movie_companies",
        "Alias": "mc2",
        "Startup Cost": 0.0,
        "Total Cost": 44881.29,
        "Plan Rows": 2609129,
        "Plan Width": 8,
        "Actual Startup Time": 0.003,
        "Actual Total Time": 277.439,
        "Actual Rows": 2609129,
        "Actual Loops": 1
      },
      {
        "Node Type": "Hash",
        "Parent Relationship": "Inner",
        "Parallel Aware": false,
        "Startup Cost": 55104.7,
        "Total Cost": 55104.7,
        "Plan Rows": 1,
        "Plan Width": 72,
        "Actual Startup Time": 696.099,
        "Actual Total Time": 696.105,
        "Actual Rows": 70,
        "Actual Loops": 1,
        "Hash Buckets": 1024,
        "Original Hash Buckets": 1024,
        "Hash Batches": 1,
        "Original Hash Batches": 1,
        "Peak Memory Usage": 16,
        "Plans": [
          {
            "Node Type": "Nested Loop",
            "Parent Relationship": "Outer",
            "Parallel Aware": false,
            "Join Type": "Inner",
            "Startup Cost": 28194.14,
            "Total Cost": 55104.7,
            "Plan Rows": 1,
            "Plan Width": 72,
            "Actual Startup Time": 438.108,
            "Actual Total Time": 696.076,
            "Actual Rows": 70,
            "Actual Loops": 1,
            "Inner Unique": true,
            "Plans": [
              {
                "Node Type": "Nested Loop",
                "Parent Relationship": "Outer",
                "Parallel Aware": false,
                "Join Type": "Inner",
                "Startup Cost": 28194.0,
                "Total Cost": 55104.51,
                "Plan Rows": 1,
                "Plan Width": 76,
                "Actual Startup Time": 438.077,
                "Actual Total Time": 695.806,
                "Actual Rows": 210,
                "Actual Loops": 1,
                "Inner Unique": true,
                "Plans": [
                  {
                    "Node Type": "Hash Join",
                    "Parent Relationship": "Outer",
                    "Parallel Aware": false,
                    "Join Type": "Inner",
                    "Startup Cost": 28193.85,
                    "Total Cost": 55104.34,
                    "Plan Rows": 1,
                    "Plan Width": 80,
                    "Actual Startup Time": 437.835,
                    "Actual Total Time": 695.505,
                    "Actual Rows": 219,
                    "Actual Loops": 1,
                    "Inner Unique": false,
                    "Hash Cond": "(mi_idx1.movie_id = t1.id)",
                    "Plans": [
                      {
                        "Node Type": "Seq Scan",
                        "Parent Relationship": "Outer",
                        "Parallel Aware": false,
                        "Relation Name": "movie_info_idx",
                        "Alias": "mi_idx1",
                        "Startup Cost": 0.0,
                        "Total Cost": 21735.35,
                        "Plan Rows": 1380035,
                        "Plan Width": 13,
                        "Actual Startup Time": 0.008,
                        "Actual Total Time": 141.043,
                        "Actual Rows": 1380035,
                        "Actual Loops": 1
                      },
                      {
                        "Node Type": "Hash",
                        "Parent Relationship": "Inner",
                        "Parallel Aware": false,
                        "Startup Cost": 28193.83,
                        "Total Cost": 28193.83,
                        "Plan Rows": 1,
                        "Plan Width": 67,
                        "Actual Startup Time": 406.505,
                        "Actual Total Time": 406.51,
                        "Actual Rows": 82,
                        "Actual Loops": 1,
                        "Hash Buckets": 1024,
                        "Original Hash Buckets": 1024,
                        "Hash Batches": 1,
                        "Original Hash Batches": 1,
                        "Peak Memory Usage": 17,
                        "Plans": [
                          {
                            "Node Type": "Nested Loop",
                            "Parent Relationship": "Outer",
                            "Parallel Aware": false,
                            "Join Type": "Inner",
                            "Startup Cost": 27055.55,
                            "Total Cost": 28193.83,
                            "Plan Rows": 1,
                            "Plan Width": 67,
                            "Actual Startup Time": 395.215,
                            "Actual Total Time": 406.473,
                            "Actual Rows": 82,
                            "Actual Loops": 1,
                            "Inner Unique": true,
                            "Plans": [
                              {
                                "Node Type": "Nested Loop",
                                "Parent Relationship": "Outer",
                                "Parallel Aware": false,
                                "Join Type": "Inner",
                                "Startup Cost": 27055.12,
                                "Total Cost": 28189.36,
                                "Plan Rows": 1,
                                "Plan Width": 42,
                                "Actual Startup Time": 395.193,
                                "Actual Total Time": 405.976,
                                "Actual Rows": 82,
                                "Actual Loops": 1,
                                "Inner Unique": true,
                                "Plans": [
                                  {
                                    "Node Type": "Nested Loop",
                                    "Parent Relationship": "Outer",
                                    "Parallel Aware": false,
                                    "Join Type": "Inner",
                                    "Startup Cost": 27054.97,
                                    "Total Cost": 28186.29,
                                    "Plan Rows": 18,
                                    "Plan Width": 46,
                                    "Actual Startup Time": 395.185,
                                    "Actual Total Time": 405.827,
                                    "Actual Rows": 105,
                                    "Actual Loops": 1,
                                    "Inner Unique": true,
                                    "Join Filter": "(ml.linked_movie_id = t2.id)",
                                    "Rows Removed by Join Filter": 0,
                                    "Plans": [
                                      {
                                        "Node Type": "Hash Join",
                                        "Parent Relationship": "Outer",
                                        "Parallel Aware": false,
                                        "Join Type": "Inner",
                                        "Startup Cost": 27054.54,
                                        "Total Cost": 27896.41,
                                        "Plan Rows": 394,
                                        "Plan Width": 21,
                                        "Actual Startup Time": 394.964,
                                        "Actual Total Time": 402.278,
                                        "Actual Rows": 1085,
                                        "Actual Loops": 1,
                                        "Inner Unique": false,
                                        "Hash Cond": "(ml.linked_movie_id = mi_idx2.movie_id)",
                                        "Plans": [
                                          {
                                            "Node Type": "Seq Scan",
                                            "Parent Relationship": "Outer",
                                            "Parallel Aware": false,
                                            "Relation Name": "movie_link",
                                            "Alias": "ml",
                                            "Startup Cost": 0.0,
                                            "Total Cost": 462.97,
                                            "Plan Rows": 29997,
                                            "Plan Width": 12,
                                            "Actual Startup Time": 0.007,
                                            "Actual Total Time": 2.971,
                                            "Actual Rows": 29997,
                                            "Actual Loops": 1
                                          },
                                          {
                                            "Node Type": "Hash",
                                            "Parent Relationship": "Inner",
                                            "Parallel Aware": false,
                                            "Startup Cost": 26981.68,
                                            "Total Cost": 26981.68,
                                            "Plan Rows": 5829,
                                            "Plan Width": 9,
                                            "Actual Startup Time": 394.941,
                                            "Actual Total Time": 394.943,
                                            "Actual Rows": 25591,
                                            "Actual Loops": 1,
                                            "Hash Buckets": 32768,
                                            "Original Hash Buckets": 8192,
                                            "Hash Batches": 1,
                                            "Original Hash Batches": 1,
                                            "Peak Memory Usage": 1256,
                                            "Plans": [
                                              {
                                                "Node Type": "Hash Join",
                                                "Parent Relationship": "Outer",
                                                "Parallel Aware": false,
                                                "Join Type": "Inner",
                                                "Startup Cost": 2.43,
                                                "Total Cost": 26981.68,
                                                "Plan Rows": 5829,
                                                "Plan Width": 9,
                                                "Actual Startup Time": 0.047,
                                                "Actual Total Time": 389.533,
                                                "Actual Rows": 25591,
                                                "Actual Loops": 1,
                                                "Inner Unique": true,
                                                "Hash Cond": "(mi_idx2.info_type_id = it2.id)",
                                                "Plans": [
                                                  {
                                                    "Node Type": "Seq Scan",
                                                    "Parent Relationship": "Outer",
                                                    "Parallel Aware": false,
                                                    "Relation Name": "movie_info_idx",
                                                    "Alias": "mi_idx2",
                                                    "Startup Cost": 0.0,
                                                    "Total Cost": 25185.44,
                                                    "Plan Rows": 658655,
                                                    "Plan Width": 13,
                                                    "Actual Startup Time": 0.007,
                                                    "Actual Total Time": 325.157,
                                                    "Actual Rows": 654961,
                                                    "Actual Loops": 1,
                                                    "Filter": "((info)::text < '3.0'::text)",
                                                    "Rows Removed by Filter": 725074
                                                  },
                                                  {
                                                    "Node Type": "Hash",
                                                    "Parent Relationship": "Inner",
                                                    "Parallel Aware": false,
                                                    "Startup Cost": 2.41,
                                                    "Total Cost": 2.41,
                                                    "Plan Rows": 1,
                                                    "Plan Width": 4,
                                                    "Actual Startup Time": 0.021,
                                                    "Actual Total Time": 0.022,
                                                    "Actual Rows": 1,
                                                    "Actual Loops": 1,
                                                    "Hash Buckets": 1024,
                                                    "Original Hash Buckets": 1024,
                                                    "Hash Batches": 1,
                                                    "Original Hash Batches": 1,
                                                    "Peak Memory Usage": 9,
                                                    "Plans": [
                                                      {
                                                        "Node Type": "Seq Scan",
                                                        "Parent Relationship": "Outer",
                                                        "Parallel Aware": false,
                                                        "Relation Name": "info_type",
                                                        "Alias": "it2",
                                                        "Startup Cost": 0.0,
                                                        "Total Cost": 2.41,
                                                        "Plan Rows": 1,
                                                        "Plan Width": 4,
                                                        "Actual Startup Time": 0.013,
                                                        "Actual Total Time": 0.015,
                                                        "Actual Rows": 1,
                                                        "Actual Loops": 1,
                                                        "Filter": "((info)::text = 'rating'::text)",
                                                        "Rows Removed by Filter": 112
                                                      }
                                                    ]
                                                  }
                                                ]
                                              }
                                            ]
                                          }
                                        ]
                                      },
                                      {
                                        "Node Type": "Index Scan",
                                        "Parent Relationship": "Inner",
                                        "Parallel Aware": false,
                                        "Scan Direction": "Forward",
                                        "Index Name": "title_pkey",
                                        "Relation Name": "title",
                                        "Alias": "t2",
                                        "Startup Cost": 0.43,
                                        "Total Cost": 0.72,
                                        "Plan Rows": 1,
                                        "Plan Width": 25,
                                        "Actual Startup Time": 0.003,
                                        "Actual Total Time": 0.003,
                                        "Actual Rows": 0,
                                        "Actual Loops": 1085,
                                        "Index Cond": "(id = mi_idx2.movie_id)",
                                        "Rows Removed by Index Recheck": 0,
                                        "Filter": "(production_year = 2007)",
                                        "Rows Removed by Filter": 1
                                      }
                                    ]
                                  },
                                  {
                                    "Node Type": "Index Scan",
                                    "Parent Relationship": "Inner",
                                    "Parallel Aware": false,
                                    "Scan Direction": "Forward",
                                    "Index Name": "kind_type_pkey",
                                    "Relation Name": "kind_type",
                                    "Alias": "kt2",
                                    "Startup Cost": 0.15,
                                    "Total Cost": 0.17,
                                    "Plan Rows": 1,
                                    "Plan Width": 4,
                                    "Actual Startup Time": 0.001,
                                    "Actual Total Time": 0.001,
                                    "Actual Rows": 1,
                                    "Actual Loops": 105,
                                    "Index Cond": "(id = t2.kind_id)",
                                    "Rows Removed by Index Recheck": 0,
                                    "Filter": "((kind)::text = 'tv series'::text)",
                                    "Rows Removed by Filter": 0
                                  }
                                ]
                              },
                              {
                                "Node Type": "Index Scan",
                                "Parent Relationship": "Inner",
                                "Parallel Aware": false,
                                "Scan Direction": "Forward",
                                "Index Name": "title_pkey",
                                "Relation Name": "title",
                                "Alias": "t1",
                                "Startup Cost": 0.43,
                                "Total Cost": 4.47,
                                "Plan Rows": 1,
                                "Plan Width": 25,
                                "Actual Startup Time": 0.005,
                                "Actual Total Time": 0.005,
                                "Actual Rows": 1,
                                "Actual Loops": 82,
                                "Index Cond": "(id = ml.movie_id)",
                                "Rows Removed by Index Recheck": 0
                              }
                            ]
                          }
                        ]
                      }
                    ]
                  },
                  {
                    "Node Type": "Index Scan",
                    "Parent Relationship": "Inner",
                    "Parallel Aware": false,
                    "Scan Direction": "Forward",
                    "Index Name": "kind_type_pkey",
                    "Relation Name": "kind_type",
                    "Alias": "kt1",
                    "Startup Cost": 0.15,
                    "Total Cost": 0.17,
                    "Plan Rows": 1,
                    "Plan Width": 4,
                    "Actual Startup Time": 0.001,
                    "Actual Total Time": 0.001,
                    "Actual Rows": 1,
                    "Actual Loops": 219,
                    "Index Cond": "(id = t1.kind_id)",
                    "Rows Removed by Index Recheck": 0,
                    "Filter": "((kind)::text = 'tv series'::text)",
                    "Rows Removed by Filter": 0
                  }
                ]
              },
              {
                "Node Type": "Index Scan",
                "Parent Relationship": "Inner",
                "Parallel Aware": false,
                "Scan Direction": "Forward",
                "Index Name": "info_type_pkey",
                "Relation Name": "info_type",
                "Alias": "it1",
                "Startup Cost": 0.14,
                "Total Cost": 0.16,
                "Plan Rows": 1,
                "Plan Width": 4,
                "Actual Startup Time": 0.001,
                "Actual Total Time": 0.001,
                "Actual Rows": 0,
                "Actual Loops": 210,
                "Index Cond": "(id = mi_idx1.info_type_id)",
                "Rows Removed by Index Recheck": 0,
                "Filter": "((info)::text = 'rating'::text)",
                "Rows Removed by Filter": 1
              }
            ]
          }
        ]
      }
    ]
  }
}