{
  "Plan": {
    "Node Type": "Nested Loop",
    "Parent Relationship": "Outer",
    "Parallel Aware": false,
    "Join Type": "Inner",
    "Startup Cost": 20.48,
    "Total Cost": 2675.69,
    "Plan Rows": 2,
    "Plan Width": 29,
    "Actual Startup Time": 0.227,
    "Actual Total Time": 20.62,
    "Actual Rows": 815,
    "Actual Loops": 1,
    "Inner Unique": true,
    "Plans": [
      {
        "Node Type": "Nested Loop",
        "Parent Relationship": "Outer",
        "Parallel Aware": false,
        "Join Type": "Inner",
        "Startup Cost": 20.33,
        "Total Cost": 2643.03,
        "Plan Rows": 192,
        "Plan Width": 33,
        "Actual Startup Time": 0.081,
        "Actual Total Time": 19.391,
        "Actual Rows": 946,
        "Actual Loops": 1,
        "Inner Unique": true,
        "Plans": [
          {
            "Node Type": "Hash Join",
            "Parent Relationship": "Outer",
            "Parallel Aware": false,
            "Join Type": "Inner",
            "Startup Cost": 19.9,
            "Total Cost": 562.08,
            "Plan Rows": 465,
            "Plan Width": 8,
            "Actual Startup Time": 0.037,
            "Actual Total Time": 7.015,
            "Actual Rows": 2315,
            "Actual Loops": 1,
            "Inner Unique": true,
            "Hash Cond": "(ml.link_type_id = lt.id)",
            "Plans": [
              {
                "Node Type": "Seq Scan",
                "Parent Relationship": "Outer",
                "Parallel Aware": false,
                "Relation Name": "movie_link",
                "Alias": "ml",
                "Startup Cost": 0.0,
                "Total Cost": 462.97,
                "Plan Rows": 29997,
                "Plan Width": 12,
                "Actual Startup Time": 0.012,
                "Actual Total Time": 3.31,
                "Actual Rows": 29997,
                "Actual Loops": 1
              },
              {
                "Node Type": "Hash",
                "Parent Relationship": "Inner",
                "Parallel Aware": false,
                "Startup Cost": 19.76,
                "Total Cost": 19.76,
                "Plan Rows": 11,
                "Plan Width": 4,
                "Actual Startup Time": 0.012,
                "Actual Total Time": 0.013,
                "Actual Rows": 2,
                "Actual Loops": 1,
                "Hash Buckets": 1024,
                "Original Hash Buckets": 1024,
                "Hash Batches": 1,
                "Original Hash Batches": 1,
                "Peak Memory Usage": 9,
                "Plans": [
                  {
                    "Node Type": "Seq Scan",
                    "Parent Relationship": "Outer",
                    "Parallel Aware": false,
                    "Relation Name": "link_type",
                    "Alias": "lt",
                    "Startup Cost": 0.0,
                    "Total Cost": 19.76,
                    "Plan Rows": 11,
                    "Plan Width": 4,
                    "Actual Startup Time": 0.006,
                    "Actual Total Time": 0.01,
                    "Actual Rows": 2,
                    "Actual Loops": 1,
                    "Filter": "((link)::text = ANY ('{sequel,follows,\"followed by\"}'::text[]))",
                    "Rows Removed by Filter": 16
                  }
                ]
              }
            ]
          },
          {
            "Node Type": "Index Scan",
            "Parent Relationship": "Inner",
            "Parallel Aware": false,
            "Scan Direction": "Forward",
            "Index Name": "title_pkey",
            "Relation Name": "title",
            "Alias": "t2",
            "Startup Cost": 0.43,
            "Total Cost": 4.48,
            "Plan Rows": 1,
            "Plan Width": 25,
            "Actual Startup Time": 0.005,
            "Actual Total Time": 0.005,
            "Actual Rows": 0,
            "Actual Loops": 2315,
            "Index Cond": "(id = ml.linked_movie_id)",
            "Rows Removed by Index Recheck": 0,
            "Filter": "((production_year >= 2000) AND (production_year <= 2010))",
            "Rows Removed by Filter": 1
          }
        ]
      },
      {
        "Node Type": "Index Scan",
        "Parent Relationship": "Inner",
        "Parallel Aware": false,
        "Scan Direction": "Forward",
        "Index Name": "kind_type_pkey",
        "Relation Name": "kind_type",
        "Alias": "kt2",
        "Startup Cost": 0.15,
        "Total Cost": 0.17,
        "Plan Rows": 1,
        "Plan Width": 4,
        "Actual Startup Time": 0.001,
        "Actual Total Time": 0.001,
        "Actual Rows": 1,
        "Actual Loops": 946,
        "Index Cond": "(id = t2.kind_id)",
        "Rows Removed by Index Recheck": 0,
        "Filter": "((kind)::text = ANY ('{\"tv series\",episode}'::text[]))",
        "Rows Removed by Filter": 0
      }
    ]
  }
}