{
  "Plan": {
    "Node Type": "Nested Loop",
    "Parent Relationship": "Outer",
    "Parallel Aware": false,
    "Join Type": "Inner",
    "Startup Cost": 84252.13,
    "Total Cost": 112071.87,
    "Plan Rows": 1,
    "Plan Width": 43,
    "Actual Startup Time": 924.854,
    "Actual Total Time": 1290.634,
    "Actual Rows": 132,
    "Actual Loops": 1,
    "Inner Unique": true,
    "Plans": [
      {
        "Node Type": "Hash Join",
        "Parent Relationship": "Outer",
        "Parallel Aware": false,
        "Join Type": "Inner",
        "Startup Cost": 84251.99,
        "Total Cost": 112071.53,
        "Plan Rows": 2,
        "Plan Width": 47,
        "Actual Startup Time": 920.991,
        "Actual Total Time": 1276.164,
        "Actual Rows": 12942,
        "Actual Loops": 1,
        "Inner Unique": false,
        "Hash Cond": "(mi_idx2.movie_id = t2.id)",
        "Plans": [
          {
            "Node Type": "Seq Scan",
            "Parent Relationship": "Outer",
            "Parallel Aware": false,
            "Relation Name": "movie_info_idx",
            "Alias": "mi_idx2",
            "Startup Cost": 0.0,
            "Total Cost": 25185.44,
            "Plan Rows": 702423,
            "Plan Width": 13,
            "Actual Startup Time": 0.012,
            "Actual Total Time": 322.056,
            "Actual Rows": 703919,
            "Actual Loops": 1,
            "Filter": "((info)::text < '3.5'::text)",
            "Rows Removed by Filter": 676116
          },
          {
            "Node Type": "Hash",
            "Parent Relationship": "Inner",
            "Parallel Aware": false,
            "Startup Cost": 84251.91,
            "Total Cost": 84251.91,
            "Plan Rows": 6,
            "Plan Width": 50,
            "Actual Startup Time": 879.032,
            "Actual Total Time": 879.037,
            "Actual Rows": 9189,
            "Actual Loops": 1,
            "Hash Buckets": 16384,
            "Original Hash Buckets": 1024,
            "Hash Batches": 1,
            "Original Hash Batches": 1,
            "Peak Memory Usage": 908,
            "Plans": [
              {
                "Node Type": "Hash Join",
                "Parent Relationship": "Outer",
                "Parallel Aware": false,
                "Join Type": "Inner",
                "Startup Cost": 29586.33,
                "Total Cost": 84251.91,
                "Plan Rows": 6,
                "Plan Width": 50,
                "Actual Startup Time": 343.438,
                "Actual Total Time": 876.489,
                "Actual Rows": 9189,
                "Actual Loops": 1,
                "Inner Unique": false,
                "Hash Cond": "(mc2.movie_id = t2.id)",
                "Plans": [
                  {
                    "Node Type": "Seq Scan",
                    "Parent Relationship": "Outer",
                    "Parallel Aware": false,
                    "Relation Name": "movie_companies",
                    "Alias": "mc2",
                    "Startup Cost": 0.0,
                    "Total Cost": 44881.29,
                    "Plan Rows": 2609129,
                    "Plan Width": 8,
                    "Actual Startup Time": 0.003,
                    "Actual Total Time": 277.039,
                    "Actual Rows": 2609129,
                    "Actual Loops": 1
                  },
                  {
                    "Node Type": "Hash",
                    "Parent Relationship": "Inner",
                    "Parallel Aware": false,
                    "Startup Cost": 29586.25,
                    "Total Cost": 29586.25,
                    "Plan Rows": 6,
                    "Plan Width": 42,
                    "Actual Startup Time": 307.808,
                    "Actual Total Time": 307.812,
                    "Actual Rows": 2211,
                    "Actual Loops": 1,
                    "Hash Buckets": 4096,
                    "Original Hash Buckets": 1024,
                    "Hash Batches": 1,
                    "Original Hash Batches": 1,
                    "Peak Memory Usage": 205,
                    "Plans": [
                      {
                        "Node Type": "Hash Join",
                        "Parent Relationship": "Outer",
                        "Parallel Aware": false,
                        "Join Type": "Inner",
                        "Startup Cost": 2675.71,
                        "Total Cost": 29586.25,
                        "Plan Rows": 6,
                        "Plan Width": 42,
                        "Actual Startup Time": 51.203,
                        "Actual Total Time": 307.219,
                        "Actual Rows": 2211,
                        "Actual Loops": 1,
                        "Inner Unique": false,
                        "Hash Cond": "(mi_idx1.movie_id = ml.movie_id)",
                        "Plans": [
                          {
                            "Node Type": "Seq Scan",
                            "Parent Relationship": "Outer",
                            "Parallel Aware": false,
                            "Relation Name": "movie_info_idx",
                            "Alias": "mi_idx1",
                            "Startup Cost": 0.0,
                            "Total Cost": 21735.35,
                            "Plan Rows": 1380035,
                            "Plan Width": 13,
                            "Actual Startup Time": 0.003,
                            "Actual Total Time": 134.752,
                            "Actual Rows": 1380035,
                            "Actual Loops": 1
                          },
                          {
                            "Node Type": "Hash",
                            "Parent Relationship": "Inner",
                            "Parallel Aware": false,
                            "Startup Cost": 2675.69,
                            "Total Cost": 2675.69,
                            "Plan Rows": 2,
                            "Plan Width": 29,
                            "Actual Startup Time": 20.825,
                            "Actual Total Time": 20.828,
                            "Actual Rows": 815,
                            "Actual Loops": 1,
                            "Hash Buckets": 1024,
                            "Original Hash Buckets": 1024,
                            "Hash Batches": 1,
                            "Original Hash Batches": 1,
                            "Peak Memory Usage": 61,
                            "Plans": [
                              {
                                "Node Type": "Nested Loop",
                                "Parent Relationship": "Outer",
                                "Parallel Aware": false,
                                "Join Type": "Inner",
                                "Startup Cost": 20.48,
                                "Total Cost": 2675.69,
                                "Plan Rows": 2,
                                "Plan Width": 29,
                                "Actual Startup Time": 0.227,
                                "Actual Total Time": 20.62,
                                "Actual Rows": 815,
                                "Actual Loops": 1,
                                "Inner Unique": true,
                                "Plans": [
                                  {
                                    "Node Type": "Nested Loop",
                                    "Parent Relationship": "Outer",
                                    "Parallel Aware": false,
                                    "Join Type": "Inner",
                                    "Startup Cost": 20.33,
                                    "Total Cost": 2643.03,
                                    "Plan Rows": 192,
                                    "Plan Width": 33,
                                    "Actual Startup Time": 0.081,
                                    "Actual Total Time": 19.391,
                                    "Actual Rows": 946,
                                    "Actual Loops": 1,
                                    "Inner Unique": true,
                                    "Plans": [
                                      {
                                        "Node Type": "Hash Join",
                                        "Parent Relationship": "Outer",
                                        "Parallel Aware": false,
                                        "Join Type": "Inner",
                                        "Startup Cost": 19.9,
                                        "Total Cost": 562.08,
                                        "Plan Rows": 465,
                                        "Plan Width": 8,
                                        "Actual Startup Time": 0.037,
                                        "Actual Total Time": 7.015,
                                        "Actual Rows": 2315,
                                        "Actual Loops": 1,
                                        "Inner Unique": true,
                                        "Hash Cond": "(ml.link_type_id = lt.id)",
                                        "Plans": [
                                          {
                                            "Node Type": "Seq Scan",
                                            "Parent Relationship": "Outer",
                                            "Parallel Aware": false,
                                            "Relation Name": "movie_link",
                                            "Alias": "ml",
                                            "Startup Cost": 0.0,
                                            "Total Cost": 462.97,
                                            "Plan Rows": 29997,
                                            "Plan Width": 12,
                                            "Actual Startup Time": 0.012,
                                            "Actual Total Time": 3.31,
                                            "Actual Rows": 29997,
                                            "Actual Loops": 1
                                          },
                                          {
                                            "Node Type": "Hash",
                                            "Parent Relationship": "Inner",
                                            "Parallel Aware": false,
                                            "Startup Cost": 19.76,
                                            "Total Cost": 19.76,
                                            "Plan Rows": 11,
                                            "Plan Width": 4,
                                            "Actual Startup Time": 0.012,
                                            "Actual Total Time": 0.013,
                                            "Actual Rows": 2,
                                            "Actual Loops": 1,
                                            "Hash Buckets": 1024,
                                            "Original Hash Buckets": 1024,
                                            "Hash Batches": 1,
                                            "Original Hash Batches": 1,
                                            "Peak Memory Usage": 9,
                                            "Plans": [
                                              {
                                                "Node Type": "Seq Scan",
                                                "Parent Relationship": "Outer",
                                                "Parallel Aware": false,
                                                "Relation Name": "link_type",
                                                "Alias": "lt",
                                                "Startup Cost": 0.0,
                                                "Total Cost": 19.76,
                                                "Plan Rows": 11,
                                                "Plan Width": 4,
                                                "Actual Startup Time": 0.006,
                                                "Actual Total Time": 0.01,
                                                "Actual Rows": 2,
                                                "Actual Loops": 1,
                                                "Filter": "((link)::text = ANY ('{sequel,follows,\"followed by\"}'::text[]))",
                                                "Rows Removed by Filter": 16
                                              }
                                            ]
                                          }
                                        ]
                                      },
                                      {
                                        "Node Type": "Index Scan",
                                        "Parent Relationship": "Inner",
                                        "Parallel Aware": false,
                                        "Scan Direction": "Forward",
                                        "Index Name": "title_pkey",
                                        "Relation Name": "title",
                                        "Alias": "t2",
                                        "Startup Cost": 0.43,
                                        "Total Cost": 4.48,
                                        "Plan Rows": 1,
                                        "Plan Width": 25,
                                        "Actual Startup Time": 0.005,
                                        "Actual Total Time": 0.005,
                                        "Actual Rows": 0,
                                        "Actual Loops": 2315,
                                        "Index Cond": "(id = ml.linked_movie_id)",
                                        "Rows Removed by Index Recheck": 0,
                                        "Filter": "((production_year >= 2000) AND (production_year <= 2010))",
                                        "Rows Removed by Filter": 1
                                      }
                                    ]
                                  },
                                  {
                                    "Node Type": "Index Scan",
                                    "Parent Relationship": "Inner",
                                    "Parallel Aware": false,
                                    "Scan Direction": "Forward",
                                    "Index Name": "kind_type_pkey",
                                    "Relation Name": "kind_type",
                                    "Alias": "kt2",
                                    "Startup Cost": 0.15,
                                    "Total Cost": 0.17,
                                    "Plan Rows": 1,
                                    "Plan Width": 4,
                                    "Actual Startup Time": 0.001,
                                    "Actual Total Time": 0.001,
                                    "Actual Rows": 1,
                                    "Actual Loops": 946,
                                    "Index Cond": "(id = t2.kind_id)",
                                    "Rows Removed by Index Recheck": 0,
                                    "Filter": "((kind)::text = ANY ('{\"tv series\",episode}'::text[]))",
                                    "Rows Removed by Filter": 0
                                  }
                                ]
                              }
                            ]
                          }
                        ]
                      }
                    ]
                  }
                ]
              }
            ]
          }
        ]
      },
      {
        "Node Type": "Index Scan",
        "Parent Relationship": "Inner",
        "Parallel Aware": false,
        "Scan Direction": "Forward",
        "Index Name": "info_type_pkey",
        "Relation Name": "info_type",
        "Alias": "it2",
        "Startup Cost": 0.14,
        "Total Cost": 0.16,
        "Plan Rows": 1,
        "Plan Width": 4,
        "Actual Startup Time": 0.001,
        "Actual Total Time": 0.001,
        "Actual Rows": 0,
        "Actual Loops": 12942,
        "Index Cond": "(id = mi_idx2.info_type_id)",
        "Rows Removed by Index Recheck": 0,
        "Filter": "((info)::text = 'rating'::text)",
        "Rows Removed by Filter": 1
      }
    ]
  }
}