{
  "Plan": {
    "Node Type": "Nested Loop",
    "Parent Relationship": "Outer",
    "Parallel Aware": false,
    "Join Type": "Inner",
    "Startup Cost": 2.86,
    "Total Cost": 83503.13,
    "Plan Rows": 85,
    "Plan Width": 119,
    "Actual Startup Time": 0.267,
    "Actual Total Time": 1075.653,
    "Actual Rows": 13063,
    "Actual Loops": 1,
    "Inner Unique": true,
    "Plans": [
      {
        "Node Type": "Hash Join",
        "Parent Relationship": "Outer",
        "Parallel Aware": false,
        "Join Type": "Inner",
        "Startup Cost": 2.43,
        "Total Cost": 80926.87,
        "Plan Rows": 746,
        "Plan Width": 100,
        "Actual Startup Time": 0.045,
        "Actual Total Time": 520.263,
        "Actual Rows": 84183,
        "Actual Loops": 1,
        "Inner Unique": true,
        "Hash Cond": "(pi.info_type_id = it.id)",
        "Plans": [
          {
            "Node Type": "Seq Scan",
            "Parent Relationship": "Outer",
            "Parallel Aware": false,
            "Relation Name": "person_info",
            "Alias": "pi",
            "Startup Cost": 0.0,
            "Total Cost": 80694.89,
            "Plan Rows": 84287,
            "Plan Width": 104,
            "Actual Startup Time": 0.021,
            "Actual Total Time": 497.799,
            "Actual Rows": 84183,
            "Actual Loops": 1,
            "Filter": "(note IS NOT NULL)",
            "Rows Removed by Filter": 2879481
          },
          {
            "Node Type": "Hash",
            "Parent Relationship": "Inner",
            "Parallel Aware": false,
            "Startup Cost": 2.41,
            "Total Cost": 2.41,
            "Plan Rows": 1,
            "Plan Width": 4,
            "Actual Startup Time": 0.02,
            "Actual Total Time": 0.021,
            "Actual Rows": 1,
            "Actual Loops": 1,
            "Hash Buckets": 1024,
            "Original Hash Buckets": 1024,
            "Hash Batches": 1,
            "Original Hash Batches": 1,
            "Peak Memory Usage": 9,
            "Plans": [
              {
                "Node Type": "Seq Scan",
                "Parent Relationship": "Outer",
                "Parallel Aware": false,
                "Relation Name": "info_type",
                "Alias": "it",
                "Startup Cost": 0.0,
                "Total Cost": 2.41,
                "Plan Rows": 1,
                "Plan Width": 4,
                "Actual Startup Time": 0.008,
                "Actual Total Time": 0.015,
                "Actual Rows": 1,
                "Actual Loops": 1,
                "Filter": "((info)::text = 'mini biography'::text)",
                "Rows Removed by Filter": 112
              }
            ]
          }
        ]
      },
      {
        "Node Type": "Index Scan",
        "Parent Relationship": "Inner",
        "Parallel Aware": false,
        "Scan Direction": "Forward",
        "Index Name": "name_pkey",
        "Relation Name": "name",
        "Alias": "n",
        "Startup Cost": 0.43,
        "Total Cost": 3.45,
        "Plan Rows": 1,
        "Plan Width": 19,
        "Actual Startup Time": 0.006,
        "Actual Total Time": 0.006,
        "Actual Rows": 0,
        "Actual Loops": 84183,
        "Index Cond": "(id = pi.person_id)",
        "Rows Removed by Index Recheck": 0,
        "Filter": "(((name_pcode_cf)::text >= 'A'::text) AND ((name_pcode_cf)::text <= 'F'::text) AND (((gender)::text = 'm'::text) OR (((gender)::text = 'f'::text) AND ((name)::text ~~ 'A%'::text))))",
        "Rows Removed by Filter": 1
      }
    ]
  }
}