{
  "Plan": {
    "Node Type": "Hash Join",
    "Parent Relationship": "Outer",
    "Parallel Aware": false,
    "Join Type": "Inner",
    "Startup Cost": 20.82,
    "Total Cost": 563.0,
    "Plan Rows": 591,
    "Plan Width": 4,
    "Actual Startup Time": 0.036,
    "Actual Total Time": 8.955,
    "Actual Rows": 21505,
    "Actual Loops": 1,
    "Inner Unique": true,
    "Hash Cond": "(ml.link_type_id = lt.id)",
    "Plans": [
      {
        "Node Type": "Seq Scan",
        "Parent Relationship": "Outer",
        "Parallel Aware": false,
        "Relation Name": "movie_link",
        "Alias": "ml",
        "Startup Cost": 0.0,
        "Total Cost": 462.97,
        "Plan Rows": 29997,
        "Plan Width": 8,
        "Actual Startup Time": 0.013,
        "Actual Total Time": 3.093,
        "Actual Rows": 29997,
        "Actual Loops": 1
      },
      {
        "Node Type": "Hash",
        "Parent Relationship": "Inner",
        "Parallel Aware": false,
        "Startup Cost": 20.65,
        "Total Cost": 20.65,
        "Plan Rows": 14,
        "Plan Width": 4,
        "Actual Startup Time": 0.015,
        "Actual Total Time": 0.015,
        "Actual Rows": 4,
        "Actual Loops": 1,
        "Hash Buckets": 1024,
        "Original Hash Buckets": 1024,
        "Hash Batches": 1,
        "Original Hash Batches": 1,
        "Peak Memory Usage": 9,
        "Plans": [
          {
            "Node Type": "Seq Scan",
            "Parent Relationship": "Outer",
            "Parallel Aware": false,
            "Relation Name": "link_type",
            "Alias": "lt",
            "Startup Cost": 0.0,
            "Total Cost": 20.65,
            "Plan Rows": 14,
            "Plan Width": 4,
            "Actual Startup Time": 0.007,
            "Actual Total Time": 0.01,
            "Actual Rows": 4,
            "Actual Loops": 1,
            "Filter": "((link)::text = ANY ('{references,\"referenced in\",features,\"featured in\"}'::text[]))",
            "Rows Removed by Filter": 14
          }
        ]
      }
    ]
  }
}