{
  "Plan": {
    "Node Type": "Nested Loop",
    "Parent Relationship": "Outer",
    "Parallel Aware": false,
    "Join Type": "Inner",
    "Startup Cost": 84075.02,
    "Total Cost": 868618.36,
    "Plan Rows": 1,
    "Plan Width": 111,
    "Actual Startup Time": 3205.661,
    "Actual Total Time": 17763587.268,
    "Actual Rows": 68185,
    "Actual Loops": 1,
    "Inner Unique": true,
    "Plans": [
      {
        "Node Type": "Nested Loop",
        "Parent Relationship": "Outer",
        "Parallel Aware": false,
        "Join Type": "Inner",
        "Startup Cost": 84074.59,
        "Total Cost": 868617.9,
        "Plan Rows": 1,
        "Plan Width": 119,
        "Actual Startup Time": 3205.606,
        "Actual Total Time": 17762204.765,
        "Actual Rows": 109842,
        "Actual Loops": 1,
        "Inner Unique": false,
        "Join Filter": "(n.id = an.person_id)",
        "Rows Removed by Join Filter": 43668464718,
        "Plans": [
          {
            "Node Type": "Hash Join",
            "Parent Relationship": "Outer",
            "Parallel Aware": false,
            "Join Type": "Inner",
            "Startup Cost": 84074.59,
            "Total Cost": 835003.99,
            "Plan Rows": 1,
            "Plan Width": 131,
            "Actual Startup Time": 3205.52,
            "Actual Total Time": 13845.136,
            "Actual Rows": 63648,
            "Actual Loops": 1,
            "Inner Unique": false,
            "Hash Cond": "(ci.movie_id = ml.linked_movie_id)",
            "Plans": [
              {
                "Node Type": "Hash Join",
                "Parent Relationship": "Outer",
                "Parallel Aware": false,
                "Join Type": "Inner",
                "Startup Cost": 83504.2,
                "Total Cost": 834393.98,
                "Plan Rows": 737,
                "Plan Width": 127,
                "Actual Startup Time": 3187.952,
                "Actual Total Time": 13359.977,
                "Actual Rows": 917291,
                "Actual Loops": 1,
                "Inner Unique": false,
                "Hash Cond": "(ci.person_id = n.id)",
                "Plans": [
                  {
                    "Node Type": "Seq Scan",
                    "Parent Relationship": "Outer",
                    "Parallel Aware": false,
                    "Relation Name": "cast_info",
                    "Alias": "ci",
                    "Startup Cost": 0.0,
                    "Total Cost": 615010.92,
                    "Plan Rows": 36232392,
                    "Plan Width": 8,
                    "Actual Startup Time": 0.023,
                    "Actual Total Time": 4385.407,
                    "Actual Rows": 36244344,
                    "Actual Loops": 1
                  },
                  {
                    "Node Type": "Hash",
                    "Parent Relationship": "Inner",
                    "Parallel Aware": false,
                    "Startup Cost": 83503.13,
                    "Total Cost": 83503.13,
                    "Plan Rows": 85,
                    "Plan Width": 119,
                    "Actual Startup Time": 1089.54,
                    "Actual Total Time": 1089.564,
                    "Actual Rows": 13063,
                    "Actual Loops": 1,
                    "Hash Buckets": 8192,
                    "Original Hash Buckets": 1024,
                    "Hash Batches": 4,
                    "Original Hash Batches": 1,
                    "Peak Memory Usage": 4033,
                    "Plans": [
                      {
                        "Node Type": "Nested Loop",
                        "Parent Relationship": "Outer",
                        "Parallel Aware": false,
                        "Join Type": "Inner",
                        "Startup Cost": 2.86,
                        "Total Cost": 83503.13,
                        "Plan Rows": 85,
                        "Plan Width": 119,
                        "Actual Startup Time": 0.267,
                        "Actual Total Time": 1075.653,
                        "Actual Rows": 13063,
                        "Actual Loops": 1,
                        "Inner Unique": true,
                        "Plans": [
                          {
                            "Node Type": "Hash Join",
                            "Parent Relationship": "Outer",
                            "Parallel Aware": false,
                            "Join Type": "Inner",
                            "Startup Cost": 2.43,
                            "Total Cost": 80926.87,
                            "Plan Rows": 746,
                            "Plan Width": 100,
                            "Actual Startup Time": 0.045,
                            "Actual Total Time": 520.263,
                            "Actual Rows": 84183,
                            "Actual Loops": 1,
                            "Inner Unique": true,
                            "Hash Cond": "(pi.info_type_id = it.id)",
                            "Plans": [
                              {
                                "Node Type": "Seq Scan",
                                "Parent Relationship": "Outer",
                                "Parallel Aware": false,
                                "Relation Name": "person_info",
                                "Alias": "pi",
                                "Startup Cost": 0.0,
                                "Total Cost": 80694.89,
                                "Plan Rows": 84287,
                                "Plan Width": 104,
                                "Actual Startup Time": 0.021,
                                "Actual Total Time": 497.799,
                                "Actual Rows": 84183,
                                "Actual Loops": 1,
                                "Filter": "(note IS NOT NULL)",
                                "Rows Removed by Filter": 2879481
                              },
                              {
                                "Node Type": "Hash",
                                "Parent Relationship": "Inner",
                                "Parallel Aware": false,
                                "Startup Cost": 2.41,
                                "Total Cost": 2.41,
                                "Plan Rows": 1,
                                "Plan Width": 4,
                                "Actual Startup Time": 0.02,
                                "Actual Total Time": 0.021,
                                "Actual Rows": 1,
                                "Actual Loops": 1,
                                "Hash Buckets": 1024,
                                "Original Hash Buckets": 1024,
                                "Hash Batches": 1,
                                "Original Hash Batches": 1,
                                "Peak Memory Usage": 9,
                                "Plans": [
                                  {
                                    "Node Type": "Seq Scan",
                                    "Parent Relationship": "Outer",
                                    "Parallel Aware": false,
                                    "Relation Name": "info_type",
                                    "Alias": "it",
                                    "Startup Cost": 0.0,
                                    "Total Cost": 2.41,
                                    "Plan Rows": 1,
                                    "Plan Width": 4,
                                    "Actual Startup Time": 0.008,
                                    "Actual Total Time": 0.015,
                                    "Actual Rows": 1,
                                    "Actual Loops": 1,
                                    "Filter": "((info)::text = 'mini biography'::text)",
                                    "Rows Removed by Filter": 112
                                  }
                                ]
                              }
                            ]
                          },
                          {
                            "Node Type": "Index Scan",
                            "Parent Relationship": "Inner",
                            "Parallel Aware": false,
                            "Scan Direction": "Forward",
                            "Index Name": "name_pkey",
                            "Relation Name": "name",
                            "Alias": "n",
                            "Startup Cost": 0.43,
                            "Total Cost": 3.45,
                            "Plan Rows": 1,
                            "Plan Width": 19,
                            "Actual Startup Time": 0.006,
                            "Actual Total Time": 0.006,
                            "Actual Rows": 0,
                            "Actual Loops": 84183,
                            "Index Cond": "(id = pi.person_id)",
                            "Rows Removed by Index Recheck": 0,
                            "Filter": "(((name_pcode_cf)::text >= 'A'::text) AND ((name_pcode_cf)::text <= 'F'::text) AND (((gender)::text = 'm'::text) OR (((gender)::text = 'f'::text) AND ((name)::text ~~ 'A%'::text))))",
                            "Rows Removed by Filter": 1
                          }
                        ]
                      }
                    ]
                  }
                ]
              },
              {
                "Node Type": "Hash",
                "Parent Relationship": "Inner",
                "Parallel Aware": false,
                "Startup Cost": 563.0,
                "Total Cost": 563.0,
                "Plan Rows": 591,
                "Plan Width": 4,
                "Actual Startup Time": 12.482,
                "Actual Total Time": 12.484,
                "Actual Rows": 21505,
                "Actual Loops": 1,
                "Hash Buckets": 32768,
                "Original Hash Buckets": 1024,
                "Hash Batches": 1,
                "Original Hash Batches": 1,
                "Peak Memory Usage": 1013,
                "Plans": [
                  {
                    "Node Type": "Hash Join",
                    "Parent Relationship": "Outer",
                    "Parallel Aware": false,
                    "Join Type": "Inner",
                    "Startup Cost": 20.82,
                    "Total Cost": 563.0,
                    "Plan Rows": 591,
                    "Plan Width": 4,
                    "Actual Startup Time": 0.036,
                    "Actual Total Time": 8.955,
                    "Actual Rows": 21505,
                    "Actual Loops": 1,
                    "Inner Unique": true,
                    "Hash Cond": "(ml.link_type_id = lt.id)",
                    "Plans": [
                      {
                        "Node Type": "Seq Scan",
                        "Parent Relationship": "Outer",
                        "Parallel Aware": false,
                        "Relation Name": "movie_link",
                        "Alias": "ml",
                        "Startup Cost": 0.0,
                        "Total Cost": 462.97,
                        "Plan Rows": 29997,
                        "Plan Width": 8,
                        "Actual Startup Time": 0.013,
                        "Actual Total Time": 3.093,
                        "Actual Rows": 29997,
                        "Actual Loops": 1
                      },
                      {
                        "Node Type": "Hash",
                        "Parent Relationship": "Inner",
                        "Parallel Aware": false,
                        "Startup Cost": 20.65,
                        "Total Cost": 20.65,
                        "Plan Rows": 14,
                        "Plan Width": 4,
                        "Actual Startup Time": 0.015,
                        "Actual Total Time": 0.015,
                        "Actual Rows": 4,
                        "Actual Loops": 1,
                        "Hash Buckets": 1024,
                        "Original Hash Buckets": 1024,
                        "Hash Batches": 1,
                        "Original Hash Batches": 1,
                        "Peak Memory Usage": 9,
                        "Plans": [
                          {
                            "Node Type": "Seq Scan",
                            "Parent Relationship": "Outer",
                            "Parallel Aware": false,
                            "Relation Name": "link_type",
                            "Alias": "lt",
                            "Startup Cost": 0.0,
                            "Total Cost": 20.65,
                            "Plan Rows": 14,
                            "Plan Width": 4,
                            "Actual Startup Time": 0.007,
                            "Actual Total Time": 0.01,
                            "Actual Rows": 4,
                            "Actual Loops": 1,
                            "Filter": "((link)::text = ANY ('{references,\"referenced in\",features,\"featured in\"}'::text[]))",
                            "Rows Removed by Filter": 14
                          }
                        ]
                      }
                    ]
                  }
                ]
              }
            ]
          },
          {
            "Node Type": "Seq Scan",
            "Parent Relationship": "Inner",
            "Parallel Aware": false,
            "Relation Name": "aka_name",
            "Alias": "an",
            "Startup Cost": 0.0,
            "Total Cost": 24916.14,
            "Plan Rows": 695821,
            "Plan Width": 4,
            "Actual Startup Time": 0.008,
            "Actual Total Time": 223.424,
            "Actual Rows": 686095,
            "Actual Loops": 63648,
            "Filter": "((name IS NOT NULL) AND (((name)::text ~~ '%a%'::text) OR ((name)::text ~~ 'A%'::text)))",
            "Rows Removed by Filter": 215248
          }
        ]
      },
      {
        "Node Type": "Index Scan",
        "Parent Relationship": "Inner",
        "Parallel Aware": false,
        "Scan Direction": "Forward",
        "Index Name": "title_pkey",
        "Relation Name": "title",
        "Alias": "t",
        "Startup Cost": 0.43,
        "Total Cost": 0.46,
        "Plan Rows": 1,
        "Plan Width": 4,
        "Actual Startup Time": 0.01,
        "Actual Total Time": 0.01,
        "Actual Rows": 1,
        "Actual Loops": 109842,
        "Index Cond": "(id = ci.movie_id)",
        "Rows Removed by Index Recheck": 0,
        "Filter": "((production_year >= 1980) AND (production_year <= 2010))",
        "Rows Removed by Filter": 0
      }
    ]
  }
}