{
  "Plan": {
    "Node Type": "Nested Loop",
    "Parent Relationship": "Outer",
    "Parallel Aware": false,
    "Join Type": "Inner",
    "Startup Cost": 718183.85,
    "Total Cost": 799956.09,
    "Plan Rows": 1,
    "Plan Width": 33,
    "Actual Startup Time": 4488.457,
    "Actual Total Time": 9859.749,
    "Actual Rows": 62,
    "Actual Loops": 1,
    "Inner Unique": false,
    "Join Filter": "(mc.movie_id = ci.movie_id)",
    "Rows Removed by Join Filter": 31848090,
    "Plans": [
      {
        "Node Type": "Hash Join",
        "Parent Relationship": "Outer",
        "Parallel Aware": false,
        "Join Type": "Inner",
        "Startup Cost": 6020.39,
        "Total Cost": 63966.66,
        "Plan Rows": 221,
        "Plan Width": 4,
        "Actual Startup Time": 39.654,
        "Actual Total Time": 498.561,
        "Actual Rows": 48328,
        "Actual Loops": 1,
        "Inner Unique": true,
        "Hash Cond": "(mc.company_id = cn.id)",
        "Plans": [
          {
            "Node Type": "Seq Scan",
            "Parent Relationship": "Outer",
            "Parallel Aware": false,
            "Relation Name": "movie_companies",
            "Alias": "mc",
            "Startup Cost": 0.0,
            "Total Cost": 57926.93,
            "Plan Rows": 7367,
            "Plan Width": 8,
            "Actual Startup Time": 0.043,
            "Actual Total Time": 444.689,
            "Actual Rows": 48897,
            "Actual Loops": 1,
            "Filter": "(((note)::text ~~ '%(Japan)%'::text) AND ((note)::text !~~ '%(USA)%'::text))",
            "Rows Removed by Filter": 2560232
          },
          {
            "Node Type": "Hash",
            "Parent Relationship": "Inner",
            "Parallel Aware": false,
            "Startup Cost": 5932.46,
            "Total Cost": 5932.46,
            "Plan Rows": 7034,
            "Plan Width": 4,
            "Actual Startup Time": 39.581,
            "Actual Total Time": 39.582,
            "Actual Rows": 6752,
            "Actual Loops": 1,
            "Hash Buckets": 8192,
            "Original Hash Buckets": 8192,
            "Hash Batches": 1,
            "Original Hash Batches": 1,
            "Peak Memory Usage": 302,
            "Plans": [
              {
                "Node Type": "Seq Scan",
                "Parent Relationship": "Outer",
                "Parallel Aware": false,
                "Relation Name": "company_name",
                "Alias": "cn",
                "Startup Cost": 0.0,
                "Total Cost": 5932.46,
                "Plan Rows": 7034,
                "Plan Width": 4,
                "Actual Startup Time": 0.015,
                "Actual Total Time": 38.355,
                "Actual Rows": 6752,
                "Actual Loops": 1,
                "Filter": "((country_code)::text = '[jp]'::text)",
                "Rows Removed by Filter": 228245
              }
            ]
          }
        ]
      },
      {
        "Node Type": "Materialize",
        "Parent Relationship": "Inner",
        "Parallel Aware": false,
        "Startup Cost": 712163.46,
        "Total Cost": 735953.0,
        "Plan Rows": 11,
        "Plan Width": 41,
        "Actual Startup Time": 0.084,
        "Actual Total Time": 0.122,
        "Actual Rows": 659,
        "Actual Loops": 48328,
        "Plans": [
          {
            "Node Type": "Hash Join",
            "Parent Relationship": "Outer",
            "Parallel Aware": false,
            "Join Type": "Inner",
            "Startup Cost": 712163.46,
            "Total Cost": 735952.94,
            "Plan Rows": 11,
            "Plan Width": 41,
            "Actual Startup Time": 4035.53,
            "Actual Total Time": 4143.995,
            "Actual Rows": 659,
            "Actual Loops": 1,
            "Inner Unique": false,
            "Hash Cond": "(an1.person_id = n1.id)",
            "Plans": [
              {
                "Node Type": "Seq Scan",
                "Parent Relationship": "Outer",
                "Parallel Aware": false,
                "Relation Name": "aka_name",
                "Alias": "an1",
                "Startup Cost": 0.0,
                "Total Cost": 20409.43,
                "Plan Rows": 901343,
                "Plan Width": 20,
                "Actual Startup Time": 0.015,
                "Actual Total Time": 103.982,
                "Actual Rows": 901343,
                "Actual Loops": 1
              },
              {
                "Node Type": "Hash",
                "Parent Relationship": "Inner",
                "Parallel Aware": false,
                "Startup Cost": 712163.4,
                "Total Cost": 712163.4,
                "Plan Rows": 5,
                "Plan Width": 33,
                "Actual Startup Time": 3942.33,
                "Actual Total Time": 3942.419,
                "Actual Rows": 394,
                "Actual Loops": 1,
                "Hash Buckets": 1024,
                "Original Hash Buckets": 1024,
                "Hash Batches": 1,
                "Original Hash Batches": 1,
                "Peak Memory Usage": 43,
                "Plans": [
                  {
                    "Node Type": "Nested Loop",
                    "Parent Relationship": "Outer",
                    "Parallel Aware": false,
                    "Join Type": "Inner",
                    "Startup Cost": 0.86,
                    "Total Cost": 712163.4,
                    "Plan Rows": 5,
                    "Plan Width": 33,
                    "Actual Startup Time": 1177.111,
                    "Actual Total Time": 3942.279,
                    "Actual Rows": 394,
                    "Actual Loops": 1,
                    "Inner Unique": true,
                    "Plans": [
                      {
                        "Node Type": "Nested Loop",
                        "Parent Relationship": "Outer",
                        "Parallel Aware": false,
                        "Join Type": "Inner",
                        "Startup Cost": 0.43,
                        "Total Cost": 712150.21,
                        "Plan Rows": 5,
                        "Plan Width": 12,
                        "Actual Startup Time": 1177.089,
                        "Actual Total Time": 3938.801,
                        "Actual Rows": 394,
                        "Actual Loops": 1,
                        "Inner Unique": true,
                        "Plans": [
                          {
                            "Node Type": "Nested Loop",
                            "Parent Relationship": "Outer",
                            "Parallel Aware": false,
                            "Join Type": "Inner",
                            "Startup Cost": 0.0,
                            "Total Cost": 710534.23,
                            "Plan Rows": 463,
                            "Plan Width": 8,
                            "Actual Startup Time": 811.931,
                            "Actual Total Time": 3841.559,
                            "Actual Rows": 34848,
                            "Actual Loops": 1,
                            "Inner Unique": true,
                            "Join Filter": "(ci.role_id = rt.id)",
                            "Rows Removed by Join Filter": 58247,
                            "Plans": [
                              {
                                "Node Type": "Seq Scan",
                                "Parent Relationship": "Outer",
                                "Parallel Aware": false,
                                "Relation Name": "cast_info",
                                "Alias": "ci",
                                "Startup Cost": 0.0,
                                "Total Cost": 705591.9,
                                "Plan Rows": 82127,
                                "Plan Width": 12,
                                "Actual Startup Time": 0.107,
                                "Actual Total Time": 3809.472,
                                "Actual Rows": 93095,
                                "Actual Loops": 1,
                                "Filter": "((note)::text = '(voice: English version)'::text)",
                                "Rows Removed by Filter": 36151249
                              },
                              {
                                "Node Type": "Materialize",
                                "Parent Relationship": "Inner",
                                "Parallel Aware": false,
                                "Startup Cost": 0.0,
                                "Total Cost": 18.89,
                                "Plan Rows": 4,
                                "Plan Width": 4,
                                "Actual Startup Time": 0.0,
                                "Actual Total Time": 0.0,
                                "Actual Rows": 1,
                                "Actual Loops": 93095,
                                "Plans": [
                                  {
                                    "Node Type": "Seq Scan",
                                    "Parent Relationship": "Outer",
                                    "Parallel Aware": false,
                                    "Relation Name": "role_type",
                                    "Alias": "rt",
                                    "Startup Cost": 0.0,
                                    "Total Cost": 18.88,
                                    "Plan Rows": 4,
                                    "Plan Width": 4,
                                    "Actual Startup Time": 0.014,
                                    "Actual Total Time": 0.016,
                                    "Actual Rows": 1,
                                    "Actual Loops": 1,
                                    "Filter": "((role)::text = 'actress'::text)",
                                    "Rows Removed by Filter": 11
                                  }
                                ]
                              }
                            ]
                          },
                          {
                            "Node Type": "Index Scan",
                            "Parent Relationship": "Inner",
                            "Parallel Aware": false,
                            "Scan Direction": "Forward",
                            "Index Name": "name_pkey",
                            "Relation Name": "name",
                            "Alias": "n1",
                            "Startup Cost": 0.43,
                            "Total Cost": 3.49,
                            "Plan Rows": 1,
                            "Plan Width": 4,
                            "Actual Startup Time": 0.003,
                            "Actual Total Time": 0.003,
                            "Actual Rows": 0,
                            "Actual Loops": 34848,
                            "Index Cond": "(id = ci.person_id)",
                            "Rows Removed by Index Recheck": 0,
                            "Filter": "(((name)::text ~~ '%Yo%'::text) AND ((name)::text !~~ '%Yu%'::text))",
                            "Rows Removed by Filter": 1
                          }
                        ]
                      },
                      {
                        "Node Type": "Index Scan",
                        "Parent Relationship": "Inner",
                        "Parallel Aware": false,
                        "Scan Direction": "Forward",
                        "Index Name": "title_pkey",
                        "Relation Name": "title",
                        "Alias": "t",
                        "Startup Cost": 0.43,
                        "Total Cost": 2.64,
                        "Plan Rows": 1,
                        "Plan Width": 21,
                        "Actual Startup Time": 0.008,
                        "Actual Total Time": 0.008,
                        "Actual Rows": 1,
                        "Actual Loops": 394,
                        "Index Cond": "(id = ci.movie_id)",
                        "Rows Removed by Index Recheck": 0
                      }
                    ]
                  }
                ]
              }
            ]
          }
        ]
      }
    ]
  }
}