{
  "Plan": {
    "Node Type": "Hash Join",
    "Parent Relationship": "Outer",
    "Parallel Aware": false,
    "Join Type": "Inner",
    "Startup Cost": 711760.71,
    "Total Cost": 735550.2,
    "Plan Rows": 1,
    "Plan Width": 49,
    "Actual Startup Time": 3837.806,
    "Actual Total Time": 4039.691,
    "Actual Rows": 55,
    "Actual Loops": 1,
    "Inner Unique": false,
    "Hash Cond": "(an.person_id = ci.person_id)",
    "Plans": [
      {
        "Node Type": "Seq Scan",
        "Parent Relationship": "Outer",
        "Parallel Aware": false,
        "Relation Name": "aka_name",
        "Alias": "an",
        "Startup Cost": 0.0,
        "Total Cost": 20409.43,
        "Plan Rows": 901343,
        "Plan Width": 20,
        "Actual Startup Time": 0.02,
        "Actual Total Time": 112.585,
        "Actual Rows": 901343,
        "Actual Loops": 1
      },
      {
        "Node Type": "Hash",
        "Parent Relationship": "Inner",
        "Parallel Aware": false,
        "Startup Cost": 711760.7,
        "Total Cost": 711760.7,
        "Plan Rows": 1,
        "Plan Width": 29,
        "Actual Startup Time": 3830.668,
        "Actual Total Time": 3830.68,
        "Actual Rows": 56,
        "Actual Loops": 1,
        "Hash Buckets": 1024,
        "Original Hash Buckets": 1024,
        "Hash Batches": 1,
        "Original Hash Batches": 1,
        "Peak Memory Usage": 13,
        "Plans": [
          {
            "Node Type": "Nested Loop",
            "Parent Relationship": "Outer",
            "Parallel Aware": false,
            "Join Type": "Inner",
            "Startup Cost": 0.43,
            "Total Cost": 711760.7,
            "Plan Rows": 1,
            "Plan Width": 29,
            "Actual Startup Time": 813.683,
            "Actual Total Time": 3830.594,
            "Actual Rows": 56,
            "Actual Loops": 1,
            "Inner Unique": true,
            "Plans": [
              {
                "Node Type": "Nested Loop",
                "Parent Relationship": "Outer",
                "Parallel Aware": false,
                "Join Type": "Inner",
                "Startup Cost": 0.0,
                "Total Cost": 710534.23,
                "Plan Rows": 463,
                "Plan Width": 8,
                "Actual Startup Time": 789.573,
                "Actual Total Time": 3685.248,
                "Actual Rows": 34848,
                "Actual Loops": 1,
                "Inner Unique": true,
                "Join Filter": "(ci.role_id = rt.id)",
                "Rows Removed by Join Filter": 58247,
                "Plans": [
                  {
                    "Node Type": "Seq Scan",
                    "Parent Relationship": "Outer",
                    "Parallel Aware": false,
                    "Relation Name": "cast_info",
                    "Alias": "ci",
                    "Startup Cost": 0.0,
                    "Total Cost": 705591.9,
                    "Plan Rows": 82127,
                    "Plan Width": 12,
                    "Actual Startup Time": 0.093,
                    "Actual Total Time": 3652.971,
                    "Actual Rows": 93095,
                    "Actual Loops": 1,
                    "Filter": "((note)::text = '(voice: English version)'::text)",
                    "Rows Removed by Filter": 36151249
                  },
                  {
                    "Node Type": "Materialize",
                    "Parent Relationship": "Inner",
                    "Parallel Aware": false,
                    "Startup Cost": 0.0,
                    "Total Cost": 18.89,
                    "Plan Rows": 4,
                    "Plan Width": 4,
                    "Actual Startup Time": 0.0,
                    "Actual Total Time": 0.0,
                    "Actual Rows": 1,
                    "Actual Loops": 93095,
                    "Plans": [
                      {
                        "Node Type": "Seq Scan",
                        "Parent Relationship": "Outer",
                        "Parallel Aware": false,
                        "Relation Name": "role_type",
                        "Alias": "rt",
                        "Startup Cost": 0.0,
                        "Total Cost": 18.88,
                        "Plan Rows": 4,
                        "Plan Width": 4,
                        "Actual Startup Time": 0.005,
                        "Actual Total Time": 0.006,
                        "Actual Rows": 1,
                        "Actual Loops": 1,
                        "Filter": "((role)::text = 'actress'::text)",
                        "Rows Removed by Filter": 11
                      }
                    ]
                  }
                ]
              },
              {
                "Node Type": "Index Scan",
                "Parent Relationship": "Inner",
                "Parallel Aware": false,
                "Scan Direction": "Forward",
                "Index Name": "title_pkey",
                "Relation Name": "title",
                "Alias": "t",
                "Startup Cost": 0.43,
                "Total Cost": 2.65,
                "Plan Rows": 1,
                "Plan Width": 21,
                "Actual Startup Time": 0.004,
                "Actual Total Time": 0.004,
                "Actual Rows": 0,
                "Actual Loops": 34848,
                "Index Cond": "(id = ci.movie_id)",
                "Rows Removed by Index Recheck": 0,
                "Filter": "((production_year >= 2006) AND (production_year <= 2007) AND (((title)::text ~~ 'One Piece%'::text) OR ((title)::text ~~ 'Dragon Ball Z%'::text)))",
                "Rows Removed by Filter": 1
              }
            ]
          }
        ]
      }
    ]
  }
}