{
  "Plan": {
    "Node Type": "Nested Loop",
    "Parent Relationship": "Outer",
    "Parallel Aware": false,
    "Join Type": "Inner",
    "Startup Cost": 711761.56,
    "Total Cost": 808729.94,
    "Plan Rows": 1,
    "Plan Width": 33,
    "Actual Startup Time": 5748.048,
    "Actual Total Time": 8272.97,
    "Actual Rows": 6,
    "Actual Loops": 1,
    "Inner Unique": false,
    "Join Filter": "(mc.movie_id = ci.movie_id)",
    "Rows Removed by Join Filter": 76449,
    "Plans": [
      {
        "Node Type": "Nested Loop",
        "Parent Relationship": "Outer",
        "Parallel Aware": false,
        "Join Type": "Inner",
        "Startup Cost": 711761.14,
        "Total Cost": 735550.96,
        "Plan Rows": 1,
        "Plan Width": 41,
        "Actual Startup Time": 3993.893,
        "Actual Total Time": 4040.078,
        "Actual Rows": 9,
        "Actual Loops": 1,
        "Inner Unique": true,
        "Plans": [
          {
            "Node Type": "Hash Join",
            "Parent Relationship": "Outer",
            "Parallel Aware": false,
            "Join Type": "Inner",
            "Startup Cost": 711760.71,
            "Total Cost": 735550.2,
            "Plan Rows": 1,
            "Plan Width": 49,
            "Actual Startup Time": 3837.806,
            "Actual Total Time": 4039.691,
            "Actual Rows": 55,
            "Actual Loops": 1,
            "Inner Unique": false,
            "Hash Cond": "(an.person_id = ci.person_id)",
            "Plans": [
              {
                "Node Type": "Seq Scan",
                "Parent Relationship": "Outer",
                "Parallel Aware": false,
                "Relation Name": "aka_name",
                "Alias": "an",
                "Startup Cost": 0.0,
                "Total Cost": 20409.43,
                "Plan Rows": 901343,
                "Plan Width": 20,
                "Actual Startup Time": 0.02,
                "Actual Total Time": 112.585,
                "Actual Rows": 901343,
                "Actual Loops": 1
              },
              {
                "Node Type": "Hash",
                "Parent Relationship": "Inner",
                "Parallel Aware": false,
                "Startup Cost": 711760.7,
                "Total Cost": 711760.7,
                "Plan Rows": 1,
                "Plan Width": 29,
                "Actual Startup Time": 3830.668,
                "Actual Total Time": 3830.68,
                "Actual Rows": 56,
                "Actual Loops": 1,
                "Hash Buckets": 1024,
                "Original Hash Buckets": 1024,
                "Hash Batches": 1,
                "Original Hash Batches": 1,
                "Peak Memory Usage": 13,
                "Plans": [
                  {
                    "Node Type": "Nested Loop",
                    "Parent Relationship": "Outer",
                    "Parallel Aware": false,
                    "Join Type": "Inner",
                    "Startup Cost": 0.43,
                    "Total Cost": 711760.7,
                    "Plan Rows": 1,
                    "Plan Width": 29,
                    "Actual Startup Time": 813.683,
                    "Actual Total Time": 3830.594,
                    "Actual Rows": 56,
                    "Actual Loops": 1,
                    "Inner Unique": true,
                    "Plans": [
                      {
                        "Node Type": "Nested Loop",
                        "Parent Relationship": "Outer",
                        "Parallel Aware": false,
                        "Join Type": "Inner",
                        "Startup Cost": 0.0,
                        "Total Cost": 710534.23,
                        "Plan Rows": 463,
                        "Plan Width": 8,
                        "Actual Startup Time": 789.573,
                        "Actual Total Time": 3685.248,
                        "Actual Rows": 34848,
                        "Actual Loops": 1,
                        "Inner Unique": true,
                        "Join Filter": "(ci.role_id = rt.id)",
                        "Rows Removed by Join Filter": 58247,
                        "Plans": [
                          {
                            "Node Type": "Seq Scan",
                            "Parent Relationship": "Outer",
                            "Parallel Aware": false,
                            "Relation Name": "cast_info",
                            "Alias": "ci",
                            "Startup Cost": 0.0,
                            "Total Cost": 705591.9,
                            "Plan Rows": 82127,
                            "Plan Width": 12,
                            "Actual Startup Time": 0.093,
                            "Actual Total Time": 3652.971,
                            "Actual Rows": 93095,
                            "Actual Loops": 1,
                            "Filter": "((note)::text = '(voice: English version)'::text)",
                            "Rows Removed by Filter": 36151249
                          },
                          {
                            "Node Type": "Materialize",
                            "Parent Relationship": "Inner",
                            "Parallel Aware": false,
                            "Startup Cost": 0.0,
                            "Total Cost": 18.89,
                            "Plan Rows": 4,
                            "Plan Width": 4,
                            "Actual Startup Time": 0.0,
                            "Actual Total Time": 0.0,
                            "Actual Rows": 1,
                            "Actual Loops": 93095,
                            "Plans": [
                              {
                                "Node Type": "Seq Scan",
                                "Parent Relationship": "Outer",
                                "Parallel Aware": false,
                                "Relation Name": "role_type",
                                "Alias": "rt",
                                "Startup Cost": 0.0,
                                "Total Cost": 18.88,
                                "Plan Rows": 4,
                                "Plan Width": 4,
                                "Actual Startup Time": 0.005,
                                "Actual Total Time": 0.006,
                                "Actual Rows": 1,
                                "Actual Loops": 1,
                                "Filter": "((role)::text = 'actress'::text)",
                                "Rows Removed by Filter": 11
                              }
                            ]
                          }
                        ]
                      },
                      {
                        "Node Type": "Index Scan",
                        "Parent Relationship": "Inner",
                        "Parallel Aware": false,
                        "Scan Direction": "Forward",
                        "Index Name": "title_pkey",
                        "Relation Name": "title",
                        "Alias": "t",
                        "Startup Cost": 0.43,
                        "Total Cost": 2.65,
                        "Plan Rows": 1,
                        "Plan Width": 21,
                        "Actual Startup Time": 0.004,
                        "Actual Total Time": 0.004,
                        "Actual Rows": 0,
                        "Actual Loops": 34848,
                        "Index Cond": "(id = ci.movie_id)",
                        "Rows Removed by Index Recheck": 0,
                        "Filter": "((production_year >= 2006) AND (production_year <= 2007) AND (((title)::text ~~ 'One Piece%'::text) OR ((title)::text ~~ 'Dragon Ball Z%'::text)))",
                        "Rows Removed by Filter": 1
                      }
                    ]
                  }
                ]
              }
            ]
          },
          {
            "Node Type": "Index Scan",
            "Parent Relationship": "Inner",
            "Parallel Aware": false,
            "Scan Direction": "Forward",
            "Index Name": "name_pkey",
            "Relation Name": "name",
            "Alias": "n",
            "Startup Cost": 0.43,
            "Total Cost": 0.77,
            "Plan Rows": 1,
            "Plan Width": 4,
            "Actual Startup Time": 0.006,
            "Actual Total Time": 0.006,
            "Actual Rows": 0,
            "Actual Loops": 55,
            "Index Cond": "(id = an.person_id)",
            "Rows Removed by Index Recheck": 0,
            "Filter": "(((name)::text ~~ '%Yo%'::text) AND ((name)::text !~~ '%Yu%'::text))",
            "Rows Removed by Filter": 1
          }
        ]
      },
      {
        "Node Type": "Nested Loop",
        "Parent Relationship": "Inner",
        "Parallel Aware": false,
        "Join Type": "Inner",
        "Startup Cost": 0.42,
        "Total Cost": 73178.86,
        "Plan Rows": 9,
        "Plan Width": 4,
        "Actual Startup Time": 0.182,
        "Actual Total Time": 469.537,
        "Actual Rows": 8495,
        "Actual Loops": 9,
        "Inner Unique": true,
        "Plans": [
          {
            "Node Type": "Seq Scan",
            "Parent Relationship": "Outer",
            "Parallel Aware": false,
            "Relation Name": "movie_companies",
            "Alias": "mc",
            "Startup Cost": 0.0,
            "Total Cost": 70972.58,
            "Plan Rows": 287,
            "Plan Width": 8,
            "Actual Startup Time": 0.174,
            "Actual Total Time": 450.337,
            "Actual Rows": 8569,
            "Actual Loops": 9,
            "Filter": "(((note)::text ~~ '%(Japan)%'::text) AND ((note)::text !~~ '%(USA)%'::text) AND (((note)::text ~~ '%(2006)%'::text) OR ((note)::text ~~ '%(2007)%'::text)))",
            "Rows Removed by Filter": 2600560
          },
          {
            "Node Type": "Index Scan",
            "Parent Relationship": "Inner",
            "Parallel Aware": false,
            "Scan Direction": "Forward",
            "Index Name": "company_name_pkey",
            "Relation Name": "company_name",
            "Alias": "cn",
            "Startup Cost": 0.42,
            "Total Cost": 7.69,
            "Plan Rows": 1,
            "Plan Width": 4,
            "Actual Startup Time": 0.002,
            "Actual Total Time": 0.002,
            "Actual Rows": 1,
            "Actual Loops": 77121,
            "Index Cond": "(id = mc.company_id)",
            "Rows Removed by Index Recheck": 0,
            "Filter": "((country_code)::text = '[jp]'::text)",
            "Rows Removed by Filter": 0
          }
        ]
      }
    ]
  }
}