{
  "Plan": {
    "Node Type": "Hash Join",
    "Parent Relationship": "Outer",
    "Parallel Aware": false,
    "Join Type": "Inner",
    "Startup Cost": 7330.0,
    "Total Cost": 79777.38,
    "Plan Rows": 945549,
    "Plan Width": 4,
    "Actual Startup Time": 66.019,
    "Actual Total Time": 1139.13,
    "Actual Rows": 1153798,
    "Actual Loops": 1,
    "Inner Unique": true,
    "Hash Cond": "(mc.company_id = cn.id)",
    "Plans": [
      {
        "Node Type": "Seq Scan",
        "Parent Relationship": "Outer",
        "Parallel Aware": false,
        "Relation Name": "movie_companies",
        "Alias": "mc",
        "Startup Cost": 0.0,
        "Total Cost": 44881.29,
        "Plan Rows": 2609129,
        "Plan Width": 8,
        "Actual Startup Time": 0.047,
        "Actual Total Time": 441.314,
        "Actual Rows": 2609129,
        "Actual Loops": 1
      },
      {
        "Node Type": "Hash",
        "Parent Relationship": "Inner",
        "Parallel Aware": false,
        "Startup Cost": 5932.46,
        "Total Cost": 5932.46,
        "Plan Rows": 85163,
        "Plan Width": 4,
        "Actual Startup Time": 65.778,
        "Actual Total Time": 65.779,
        "Actual Rows": 84843,
        "Actual Loops": 1,
        "Hash Buckets": 131072,
        "Original Hash Buckets": 131072,
        "Hash Batches": 2,
        "Original Hash Batches": 2,
        "Peak Memory Usage": 2525,
        "Plans": [
          {
            "Node Type": "Seq Scan",
            "Parent Relationship": "Outer",
            "Parallel Aware": false,
            "Relation Name": "company_name",
            "Alias": "cn",
            "Startup Cost": 0.0,
            "Total Cost": 5932.46,
            "Plan Rows": 85163,
            "Plan Width": 4,
            "Actual Startup Time": 0.043,
            "Actual Total Time": 50.336,
            "Actual Rows": 84843,
            "Actual Loops": 1,
            "Filter": "((country_code)::text = '[us]'::text)",
            "Rows Removed by Filter": 150154
          }
        ]
      }
    ]
  }
}