{
  "Plan": {
    "Node Type": "Hash Join",
    "Parent Relationship": "Outer",
    "Parallel Aware": false,
    "Join Type": "Inner",
    "Startup Cost": 711022.48,
    "Total Cost": 734811.95,
    "Plan Rows": 1,
    "Plan Width": 39,
    "Actual Startup Time": 4393.022,
    "Actual Total Time": 4603.617,
    "Actual Rows": 265,
    "Actual Loops": 1,
    "Inner Unique": false,
    "Hash Cond": "(an.person_id = n.id)",
    "Plans": [
      {
        "Node Type": "Seq Scan",
        "Parent Relationship": "Outer",
        "Parallel Aware": false,
        "Relation Name": "aka_name",
        "Alias": "an",
        "Startup Cost": 0.0,
        "Total Cost": 20409.43,
        "Plan Rows": 901343,
        "Plan Width": 20,
        "Actual Startup Time": 0.016,
        "Actual Total Time": 116.361,
        "Actual Rows": 901343,
        "Actual Loops": 1
      },
      {
        "Node Type": "Hash",
        "Parent Relationship": "Inner",
        "Parallel Aware": false,
        "Startup Cost": 711022.46,
        "Total Cost": 711022.46,
        "Plan Rows": 1,
        "Plan Width": 31,
        "Actual Startup Time": 4388.733,
        "Actual Total Time": 4388.735,
        "Actual Rows": 453,
        "Actual Loops": 1,
        "Hash Buckets": 1024,
        "Original Hash Buckets": 1024,
        "Hash Batches": 1,
        "Original Hash Batches": 1,
        "Peak Memory Usage": 37,
        "Plans": [
          {
            "Node Type": "Nested Loop",
            "Parent Relationship": "Outer",
            "Parallel Aware": false,
            "Join Type": "Inner",
            "Startup Cost": 19.36,
            "Total Cost": 711022.46,
            "Plan Rows": 1,
            "Plan Width": 31,
            "Actual Startup Time": 872.565,
            "Actual Total Time": 4388.51,
            "Actual Rows": 453,
            "Actual Loops": 1,
            "Inner Unique": true,
            "Plans": [
              {
                "Node Type": "Hash Join",
                "Parent Relationship": "Outer",
                "Parallel Aware": false,
                "Join Type": "Inner",
                "Startup Cost": 18.93,
                "Total Cost": 707553.09,
                "Plan Rows": 4144,
                "Plan Width": 12,
                "Actual Startup Time": 840.899,
                "Actual Total Time": 3904.032,
                "Actual Rows": 222686,
                "Actual Loops": 1,
                "Inner Unique": true,
                "Hash Cond": "(ci.role_id = rt.id)",
                "Plans": [
                  {
                    "Node Type": "Seq Scan",
                    "Parent Relationship": "Outer",
                    "Parallel Aware": false,
                    "Relation Name": "cast_info",
                    "Alias": "ci",
                    "Startup Cost": 0.0,
                    "Total Cost": 705591.9,
                    "Plan Rows": 735518,
                    "Plan Width": 16,
                    "Actual Startup Time": 0.018,
                    "Actual Total Time": 3791.004,
                    "Actual Rows": 713828,
                    "Actual Loops": 1,
                    "Filter": "((note)::text = '(voice)'::text)",
                    "Rows Removed by Filter": 35530516
                  },
                  {
                    "Node Type": "Hash",
                    "Parent Relationship": "Inner",
                    "Parallel Aware": false,
                    "Startup Cost": 18.88,
                    "Total Cost": 18.88,
                    "Plan Rows": 4,
                    "Plan Width": 4,
                    "Actual Startup Time": 0.021,
                    "Actual Total Time": 0.021,
                    "Actual Rows": 1,
                    "Actual Loops": 1,
                    "Hash Buckets": 1024,
                    "Original Hash Buckets": 1024,
                    "Hash Batches": 1,
                    "Original Hash Batches": 1,
                    "Peak Memory Usage": 9,
                    "Plans": [
                      {
                        "Node Type": "Seq Scan",
                        "Parent Relationship": "Outer",
                        "Parallel Aware": false,
                        "Relation Name": "role_type",
                        "Alias": "rt",
                        "Startup Cost": 0.0,
                        "Total Cost": 18.88,
                        "Plan Rows": 4,
                        "Plan Width": 4,
                        "Actual Startup Time": 0.013,
                        "Actual Total Time": 0.015,
                        "Actual Rows": 1,
                        "Actual Loops": 1,
                        "Filter": "((role)::text = 'actress'::text)",
                        "Rows Removed by Filter": 11
                      }
                    ]
                  }
                ]
              },
              {
                "Node Type": "Index Scan",
                "Parent Relationship": "Inner",
                "Parallel Aware": false,
                "Scan Direction": "Forward",
                "Index Name": "name_pkey",
                "Relation Name": "name",
                "Alias": "n",
                "Startup Cost": 0.43,
                "Total Cost": 0.84,
                "Plan Rows": 1,
                "Plan Width": 19,
                "Actual Startup Time": 0.002,
                "Actual Total Time": 0.002,
                "Actual Rows": 0,
                "Actual Loops": 222686,
                "Index Cond": "(id = ci.person_id)",
                "Rows Removed by Index Recheck": 0,
                "Filter": "(((name)::text ~~ '%Angel%'::text) AND ((gender)::text = 'f'::text))",
                "Rows Removed by Filter": 1
              }
            ]
          }
        ]
      }
    ]
  }
}