 {"Plan": {"Node Type": "Aggregate","Strategy": "Plain", "Partial Mode": "Simple","Parallel Aware": false, "Startup Cost": 431532.16, "Total Cost": 431532.17, "Plan Rows": 1,"Plan Width": 96,"Actual Startup Time": 64432295.632, "Actual Total Time": 64432295.639, "Actual Rows": 1,"Actual Loops": 1, "Plans": [ {"Node Type": "Nested Loop","Parent Relationship": "Outer","Parallel Aware": false, "Join Type": "Inner","Startup Cost": 25671.25,"Total Cost": 431532.15, "Plan Rows": 1,"Plan Width": 64,"Actual Startup Time": 3728.299, "Actual Total Time": 64432047.336, "Actual Rows": 111101, "Actual Loops": 1, "Inner Unique": false, "Join Filter": "(mi.movie_id = t.id)", "Rows Removed by Join Filter": 50014650829,"Plans": [ {"Node Type": "Nested Loop","Parent Relationship": "Outer","Parallel Aware": false, "Join Type": "Inner","Startup Cost": 25668.82,"Total Cost": 77663.72,"Plan Rows": 1,"Plan Width": 34,"Actual Startup Time": 830.234,"Actual Total Time": 5494.785, "Actual Rows": 16470,"Actual Loops": 1, "Inner Unique": true,"Plans": [ {"Node Type": "Nested Loop","Parent Relationship": "Outer","Parallel Aware": false, "Join Type": "Inner","Startup Cost": 25668.67,"Total Cost": 77661.33,"Plan Rows": 14, "Plan Width": 38,"Actual Startup Time": 495.570,"Actual Total Time": 5289.265, "Actual Rows": 31510,"Actual Loops": 1, "Inner Unique": true,"Plans": [ {"Node Type": "Nested Loop","Parent Relationship": "Outer","Parallel Aware": false, "Join Type": "Inner","Startup Cost": 25668.24,"Total Cost": 77654.10,"Plan Rows": 14, "Plan Width": 13,"Actual Startup Time": 495.536,"Actual Total Time": 4806.526, "Actual Rows": 31510,"Actual Loops": 1, "Inner Unique": true,"Plans": [ {"Node Type": "Hash Join","Parent Relationship": "Outer","Parallel Aware": false, "Join Type": "Inner","Startup Cost": 25667.82,"Total Cost": 77497.59,"Plan Rows": 351,"Plan Width": 17,"Actual Startup Time": 494.906,"Actual Total Time": 2236.402, "Actual Rows": 584222, "Actual Loops": 1, "Inner Unique": false, "Hash Cond": "(mc.movie_id = miidx.movie_id)", "Plans": [ {"Node Type": "Hash Join","Parent Relationship": "Outer","Parallel Aware": false, "Join Type": "Inner","Startup Cost": 18.93, "Total Cost": 51790.06,"Plan Rows": 14699,"Plan Width": 8, "Actual Startup Time": 34.865, "Actual Total Time": 784.665,"Actual Rows": 1334883,"Actual Loops": 1, "Inner Unique": true,"Hash Cond": "(mc.company_type_id = ct.id)", "Plans": [ {"Node Type": "Seq Scan", "Parent Relationship": "Outer","Parallel Aware": false, "Relation Name": "movie_companies","Alias": "mc", "Startup Cost": 0.00,"Total Cost": 44881.29,"Plan Rows": 2609129,"Plan Width": 12,"Actual Startup Time": 0.018,"Actual Total Time": 309.573,"Actual Rows": 2609129,"Actual Loops": 1}, {"Node Type": "Hash", "Parent Relationship": "Inner","Parallel Aware": false, "Startup Cost": 18.88, "Total Cost": 18.88, "Plan Rows": 4,"Plan Width": 4, "Actual Startup Time": 0.021,"Actual Total Time": 0.022,"Actual Rows": 1,"Actual Loops": 1, "Hash Buckets": 1024,"Original Hash Buckets": 1024, "Hash Batches": 1, "Original Hash Batches": 1,"Peak Memory Usage": 9,"Plans": [ {"Node Type": "Seq Scan", "Parent Relationship": "Outer","Parallel Aware": false, "Relation Name": "company_type", "Alias": "ct", "Startup Cost": 0.00,"Total Cost": 18.88, "Plan Rows": 4,"Plan Width": 4, "Actual Startup Time": 0.019,"Actual Total Time": 0.020,"Actual Rows": 1,"Actual Loops": 1, "Filter": "((kind)::text = 'production companies'::text)", "Rows Removed by Filter": 3}]}]}, {"Node Type": "Hash", "Parent Relationship": "Inner","Parallel Aware": false, "Startup Cost": 25496.24,"Total Cost": 25496.24,"Plan Rows": 12213,"Plan Width": 9, "Actual Startup Time": 459.900,"Actual Total Time": 459.901,"Actual Rows": 459925, "Actual Loops": 1, "Hash Buckets": 131072,"Original Hash Buckets": 16384,"Hash Batches": 8, "Original Hash Batches": 1,"Peak Memory Usage": 3275, "Plans": [ {"Node Type": "Hash Join","Parent Relationship": "Outer","Parallel Aware": false, "Join Type": "Inner","Startup Cost": 2.43,"Total Cost": 25496.24,"Plan Rows": 12213,"Plan Width": 9, "Actual Startup Time": 0.051,"Actual Total Time": 362.055,"Actual Rows": 459925, "Actual Loops": 1, "Inner Unique": true,"Hash Cond": "(miidx.info_type_id = it.id)", "Plans": [ {"Node Type": "Seq Scan", "Parent Relationship": "Outer","Parallel Aware": false, "Relation Name": "movie_info_idx", "Alias": "miidx","Startup Cost": 0.00,"Total Cost": 21735.35,"Plan Rows": 1380035,"Plan Width": 13,"Actual Startup Time": 0.022,"Actual Total Time": 142.016,"Actual Rows": 1380035,"Actual Loops": 1}, {"Node Type": "Hash", "Parent Relationship": "Inner","Parallel Aware": false, "Startup Cost": 2.41,"Total Cost": 2.41,"Plan Rows": 1,"Plan Width": 4, "Actual Startup Time": 0.021,"Actual Total Time": 0.021,"Actual Rows": 1,"Actual Loops": 1, "Hash Buckets": 1024,"Original Hash Buckets": 1024, "Hash Batches": 1, "Original Hash Batches": 1,"Peak Memory Usage": 9,"Plans": [ {"Node Type": "Seq Scan", "Parent Relationship": "Outer","Parallel Aware": false, "Relation Name": "info_type","Alias": "it", "Startup Cost": 0.00,"Total Cost": 2.41,"Plan Rows": 1,"Plan Width": 4, "Actual Startup Time": 0.017,"Actual Total Time": 0.019,"Actual Rows": 1,"Actual Loops": 1, "Filter": "((info)::text = 'rating'::text)", "Rows Removed by Filter": 112}]}]}]}]}, {"Node Type": "Index Scan", "Parent Relationship": "Inner","Parallel Aware": false, "Scan Direction": "Forward", "Index Name": "company_name_pkey", "Relation Name": "company_name", "Alias": "cn", "Startup Cost": 0.42,"Total Cost": 0.45,"Plan Rows": 1,"Plan Width": 4, "Actual Startup Time": 0.004,"Actual Total Time": 0.004,"Actual Rows": 0,"Actual Loops": 584222,"Index Cond": "(id = mc.company_id)","Rows Removed by Index Recheck": 0,"Filter": "((country_code)::text = '[de]'::text)", "Rows Removed by Filter": 1}]}, {"Node Type": "Index Scan", "Parent Relationship": "Inner","Parallel Aware": false, "Scan Direction": "Forward", "Index Name": "title_pkey","Relation Name": "title","Alias": "t","Startup Cost": 0.43,"Total Cost": 0.52,"Plan Rows": 1,"Plan Width": 25,"Actual Startup Time": 0.014,"Actual Total Time": 0.014,"Actual Rows": 1,"Actual Loops": 31510, "Index Cond": "(id = mc.movie_id)","Rows Removed by Index Recheck": 0 }]}, {"Node Type": "Index Scan", "Parent Relationship": "Inner","Parallel Aware": false, "Scan Direction": "Forward", "Index Name": "kind_type_pkey","Relation Name": "kind_type","Alias": "kt", "Startup Cost": 0.15,"Total Cost": 0.17,"Plan Rows": 1,"Plan Width": 4, "Actual Startup Time": 0.003,"Actual Total Time": 0.003,"Actual Rows": 1,"Actual Loops": 31510, "Index Cond": "(id = t.kind_id)","Rows Removed by Index Recheck": 0,"Filter": "((kind)::text = 'movie'::text)","Rows Removed by Filter": 0}]}, {"Node Type": "Hash Join","Parent Relationship": "Inner","Parallel Aware": false, "Join Type": "Inner","Startup Cost": 2.43,"Total Cost": 352214.64, "Plan Rows": 132303, "Plan Width": 46,"Actual Startup Time": 2149.544, "Actual Total Time": 3690.099, "Actual Rows": 3036719,"Actual Loops": 16470, "Inner Unique": true,"Hash Cond": "(mi.info_type_id = it2.id)", "Plans": [ {"Node Type": "Seq Scan", "Parent Relationship": "Outer","Parallel Aware": false, "Relation Name": "movie_info", "Alias": "mi", "Startup Cost": 0.00,"Total Cost": 311495.85, "Plan Rows": 14950285, "Plan Width": 50,"Actual Startup Time": 0.011,"Actual Total Time": 1647.015, "Actual Rows": 14835720, "Actual Loops": 16470}, {"Node Type": "Hash", "Parent Relationship": "Inner","Parallel Aware": false, "Startup Cost": 2.41,"Total Cost": 2.41,"Plan Rows": 1,"Plan Width": 4, "Actual Startup Time": 0.021,"Actual Total Time": 0.021,"Actual Rows": 1,"Actual Loops": 1, "Hash Buckets": 1024,"Original Hash Buckets": 1024, "Hash Batches": 1, "Original Hash Batches": 1,"Peak Memory Usage": 9,"Plans": [ {"Node Type": "Seq Scan", "Parent Relationship": "Outer","Parallel Aware": false, "Relation Name": "info_type","Alias": "it2","Startup Cost": 0.00,"Total Cost": 2.41,"Plan Rows": 1,"Plan Width": 4, "Actual Startup Time": 0.012,"Actual Total Time": 0.019,"Actual Rows": 1,"Actual Loops": 1, "Filter": "((info)::text = 'release dates'::text)","Rows Removed by Filter": 112}]}]}]}]}, "Planning Time": 4.885,"Triggers": [], "Execution Time": 64432295.763 } 
