 {"Plan": {"Node Type": "Aggregate","Strategy": "Plain", "Partial Mode": "Simple","Parallel Aware": false, "Startup Cost": 431550.71, "Total Cost": 431550.72, "Plan Rows": 1,"Plan Width": 96,"Actual Startup Time": 257371.871, "Actual Total Time": 257371.877, "Actual Rows": 1,"Actual Loops": 1, "Plans": [ {"Node Type": "Nested Loop","Parent Relationship": "Outer","Parallel Aware": false, "Join Type": "Inner","Startup Cost": 25671.25,"Total Cost": 431550.70, "Plan Rows": 1,"Plan Width": 41,"Actual Startup Time": 11663.959,"Actual Total Time": 257371.690, "Actual Rows": 53, "Actual Loops": 1, "Inner Unique": true,"Plans": [ {"Node Type": "Nested Loop","Parent Relationship": "Outer","Parallel Aware": false, "Join Type": "Inner","Startup Cost": 25671.10,"Total Cost": 431550.39, "Plan Rows": 1,"Plan Width": 45,"Actual Startup Time": 3524.782, "Actual Total Time": 257371.150, "Actual Rows": 78, "Actual Loops": 1, "Inner Unique": true,"Plans": [ {"Node Type": "Nested Loop","Parent Relationship": "Outer","Parallel Aware": false, "Join Type": "Inner","Startup Cost": 25670.68,"Total Cost": 431549.94, "Plan Rows": 1,"Plan Width": 30,"Actual Startup Time": 3524.530, "Actual Total Time": 257366.823, "Actual Rows": 200,"Actual Loops": 1, "Inner Unique": false, "Join Filter": "(mi.movie_id = t.id)", "Rows Removed by Join Filter": 197386535,"Plans": [ {"Node Type": "Nested Loop","Parent Relationship": "Outer","Parallel Aware": false, "Join Type": "Inner","Startup Cost": 25668.25,"Total Cost": 77681.51,"Plan Rows": 1,"Plan Width": 42,"Actual Startup Time": 690.272,"Actual Total Time": 4333.289, "Actual Rows": 65, "Actual Loops": 1, "Inner Unique": true,"Plans": [ {"Node Type": "Hash Join","Parent Relationship": "Outer","Parallel Aware": false, "Join Type": "Inner","Startup Cost": 25667.82,"Total Cost": 77497.59,"Plan Rows": 351,"Plan Width": 17,"Actual Startup Time": 460.279,"Actual Total Time": 1812.805, "Actual Rows": 584222, "Actual Loops": 1, "Inner Unique": false, "Hash Cond": "(mc.movie_id = miidx.movie_id)", "Plans": [ {"Node Type": "Hash Join","Parent Relationship": "Outer","Parallel Aware": false, "Join Type": "Inner","Startup Cost": 18.93, "Total Cost": 51790.06,"Plan Rows": 14699,"Plan Width": 8, "Actual Startup Time": 0.060,"Actual Total Time": 750.151,"Actual Rows": 1334883,"Actual Loops": 1, "Inner Unique": true,"Hash Cond": "(mc.company_type_id = ct.id)", "Plans": [ {"Node Type": "Seq Scan", "Parent Relationship": "Outer","Parallel Aware": false, "Relation Name": "movie_companies","Alias": "mc", "Startup Cost": 0.00,"Total Cost": 44881.29,"Plan Rows": 2609129,"Plan Width": 12,"Actual Startup Time": 0.019,"Actual Total Time": 287.589,"Actual Rows": 2609129,"Actual Loops": 1}, {"Node Type": "Hash", "Parent Relationship": "Inner","Parallel Aware": false, "Startup Cost": 18.88, "Total Cost": 18.88, "Plan Rows": 4,"Plan Width": 4, "Actual Startup Time": 0.016,"Actual Total Time": 0.016,"Actual Rows": 1,"Actual Loops": 1, "Hash Buckets": 1024,"Original Hash Buckets": 1024, "Hash Batches": 1, "Original Hash Batches": 1,"Peak Memory Usage": 9,"Plans": [ {"Node Type": "Seq Scan", "Parent Relationship": "Outer","Parallel Aware": false, "Relation Name": "company_type", "Alias": "ct", "Startup Cost": 0.00,"Total Cost": 18.88, "Plan Rows": 4,"Plan Width": 4, "Actual Startup Time": 0.014,"Actual Total Time": 0.014,"Actual Rows": 1,"Actual Loops": 1, "Filter": "((kind)::text = 'production companies'::text)", "Rows Removed by Filter": 3}]}]}, {"Node Type": "Hash", "Parent Relationship": "Inner","Parallel Aware": false, "Startup Cost": 25496.24,"Total Cost": 25496.24,"Plan Rows": 12213,"Plan Width": 9, "Actual Startup Time": 459.941,"Actual Total Time": 459.942,"Actual Rows": 459925, "Actual Loops": 1, "Hash Buckets": 131072,"Original Hash Buckets": 16384,"Hash Batches": 8, "Original Hash Batches": 1,"Peak Memory Usage": 3275, "Plans": [ {"Node Type": "Hash Join","Parent Relationship": "Outer","Parallel Aware": false, "Join Type": "Inner","Startup Cost": 2.43,"Total Cost": 25496.24,"Plan Rows": 12213,"Plan Width": 9, "Actual Startup Time": 0.047,"Actual Total Time": 361.927,"Actual Rows": 459925, "Actual Loops": 1, "Inner Unique": true,"Hash Cond": "(miidx.info_type_id = it.id)", "Plans": [ {"Node Type": "Seq Scan", "Parent Relationship": "Outer","Parallel Aware": false, "Relation Name": "movie_info_idx", "Alias": "miidx","Startup Cost": 0.00,"Total Cost": 21735.35,"Plan Rows": 1380035,"Plan Width": 13,"Actual Startup Time": 0.016,"Actual Total Time": 142.038,"Actual Rows": 1380035,"Actual Loops": 1}, {"Node Type": "Hash", "Parent Relationship": "Inner","Parallel Aware": false, "Startup Cost": 2.41,"Total Cost": 2.41,"Plan Rows": 1,"Plan Width": 4, "Actual Startup Time": 0.013,"Actual Total Time": 0.013,"Actual Rows": 1,"Actual Loops": 1, "Hash Buckets": 1024,"Original Hash Buckets": 1024, "Hash Batches": 1, "Original Hash Batches": 1,"Peak Memory Usage": 9,"Plans": [ {"Node Type": "Seq Scan", "Parent Relationship": "Outer","Parallel Aware": false, "Relation Name": "info_type","Alias": "it", "Startup Cost": 0.00,"Total Cost": 2.41,"Plan Rows": 1,"Plan Width": 4, "Actual Startup Time": 0.011,"Actual Total Time": 0.012,"Actual Rows": 1,"Actual Loops": 1, "Filter": "((info)::text = 'rating'::text)", "Rows Removed by Filter": 112}]}]}]}]}, {"Node Type": "Index Scan", "Parent Relationship": "Inner","Parallel Aware": false, "Scan Direction": "Forward", "Index Name": "title_pkey","Relation Name": "title","Alias": "t","Startup Cost": 0.43,"Total Cost": 0.52,"Plan Rows": 1,"Plan Width": 25,"Actual Startup Time": 0.004,"Actual Total Time": 0.004,"Actual Rows": 0,"Actual Loops": 584222,"Index Cond": "(id = mc.movie_id)","Rows Removed by Index Recheck": 0,"Filter": "(((title)::text <> ''::text) AND (((title)::text ~~ 'Champion%'::text) OR ((title)::text ~~ 'Loser%'::text)))", "Rows Removed by Filter": 1}]}, {"Node Type": "Hash Join","Parent Relationship": "Inner","Parallel Aware": false, "Join Type": "Inner","Startup Cost": 2.43,"Total Cost": 352214.64, "Plan Rows": 132303, "Plan Width": 4, "Actual Startup Time": 2267.932, "Actual Total Time": 3671.291, "Actual Rows": 3036719,"Actual Loops": 65,"Inner Unique": true,"Hash Cond": "(mi.info_type_id = it2.id)", "Plans": [ {"Node Type": "Seq Scan", "Parent Relationship": "Outer","Parallel Aware": false, "Relation Name": "movie_info", "Alias": "mi", "Startup Cost": 0.00,"Total Cost": 311495.85, "Plan Rows": 14950285, "Plan Width": 8, "Actual Startup Time": 0.012,"Actual Total Time": 1719.122, "Actual Rows": 14835720, "Actual Loops": 65 }, {"Node Type": "Hash", "Parent Relationship": "Inner","Parallel Aware": false, "Startup Cost": 2.41,"Total Cost": 2.41,"Plan Rows": 1,"Plan Width": 4, "Actual Startup Time": 0.018,"Actual Total Time": 0.018,"Actual Rows": 1,"Actual Loops": 1, "Hash Buckets": 1024,"Original Hash Buckets": 1024, "Hash Batches": 1, "Original Hash Batches": 1,"Peak Memory Usage": 9,"Plans": [ {"Node Type": "Seq Scan", "Parent Relationship": "Outer","Parallel Aware": false, "Relation Name": "info_type","Alias": "it2","Startup Cost": 0.00,"Total Cost": 2.41,"Plan Rows": 1,"Plan Width": 4, "Actual Startup Time": 0.009,"Actual Total Time": 0.016,"Actual Rows": 1,"Actual Loops": 1, "Filter": "((info)::text = 'release dates'::text)","Rows Removed by Filter": 112}]}]}]}, {"Node Type": "Index Scan", "Parent Relationship": "Inner","Parallel Aware": false, "Scan Direction": "Forward", "Index Name": "company_name_pkey", "Relation Name": "company_name", "Alias": "cn", "Startup Cost": 0.42,"Total Cost": 0.45,"Plan Rows": 1,"Plan Width": 23,"Actual Startup Time": 0.019,"Actual Total Time": 0.019,"Actual Rows": 0,"Actual Loops": 200, "Index Cond": "(id = mc.company_id)","Rows Removed by Index Recheck": 0,"Filter": "((country_code)::text = '[us]'::text)", "Rows Removed by Filter": 1}]}, {"Node Type": "Index Scan", "Parent Relationship": "Inner","Parallel Aware": false, "Scan Direction": "Forward", "Index Name": "kind_type_pkey","Relation Name": "kind_type","Alias": "kt", "Startup Cost": 0.15,"Total Cost": 0.27,"Plan Rows": 1,"Plan Width": 4, "Actual Startup Time": 0.005,"Actual Total Time": 0.005,"Actual Rows": 1,"Actual Loops": 78,"Index Cond": "(id = t.kind_id)","Rows Removed by Index Recheck": 0,"Filter": "((kind)::text = 'movie'::text)","Rows Removed by Filter": 0}]}]}, "Planning Time": 5.092,"Triggers": [], "Execution Time": 257372.016 } 
