 { "Plan": { "Node Type": "Aggregate", "Strategy": "Plain","Partial Mode": "Simple", "Parallel Aware": false,"Startup Cost": 551869.32,"Total Cost": 551869.33,"Plan Rows": 1, "Plan Width": 64, "Actual Startup Time": 256329.706,"Actual Total Time": 256329.714,"Actual Rows": 1, "Actual Loops": 1,"Plans": [{ "Node Type": "Nested Loop", "Parent Relationship": "Outer", "Parallel Aware": false,"Join Type": "Inner", "Startup Cost": 64629.25, "Total Cost": 551869.27,"Plan Rows": 9, "Plan Width": 59, "Actual Startup Time": 181060.676,"Actual Total Time": 256329.606,"Actual Rows": 37,"Actual Loops": 1,"Inner Unique": false,"Join Filter": "(at.movie_id = t.id)","Rows Removed by Join Filter": 49959, "Plans": [{ "Node Type": "Nested Loop", "Parent Relationship": "Outer", "Parallel Aware": false,"Join Type": "Inner", "Startup Cost": 0.00, "Total Cost": 400576.59,"Plan Rows": 1, "Plan Width": 50, "Actual Startup Time": 740.542, "Actual Total Time": 147630.085,"Actual Rows": 116, "Actual Loops": 1,"Inner Unique": false,"Join Filter": "(mi.movie_id = at.movie_id)", "Rows Removed by Join Filter": 640166796, "Plans": [{ "Node Type": "Nested Loop", "Parent Relationship": "Outer", "Parallel Aware": false,"Join Type": "Inner", "Startup Cost": 0.00, "Total Cost": 386251.47,"Plan Rows": 1, "Plan Width": 46, "Actual Startup Time": 415.288, "Actual Total Time": 1822.636,"Actual Rows": 1771,"Actual Loops": 1,"Inner Unique": false,"Join Filter": "(it1.id = mi.info_type_id)","Rows Removed by Join Filter": 0, "Plans": [{ "Node Type": "Seq Scan","Parent Relationship": "Outer", "Parallel Aware": false,"Relation Name": "info_type", "Alias": "it1", "Startup Cost": 0.00, "Total Cost": 2.41, "Plan Rows": 1, "Plan Width": 4,"Actual Startup Time": 0.012, "Actual Total Time": 0.022, "Actual Rows": 1, "Actual Loops": 1,"Filter": "((info)::text = 'release dates'::text)", "Rows Removed by Filter": 112 },{ "Node Type": "Seq Scan","Parent Relationship": "Inner", "Parallel Aware": false,"Relation Name": "movie_info","Alias": "mi","Startup Cost": 0.00, "Total Cost": 386247.28,"Plan Rows": 143, "Plan Width": 50, "Actual Startup Time": 415.275, "Actual Total Time": 1821.151,"Actual Rows": 1771,"Actual Loops": 1,"Filter": "(((note)::text ~~ '%internet%'::text) AND ((info)::text ~~ 'USA:% 200%'::text))","Rows Removed by Filter": 14833949} ] },{ "Node Type": "Seq Scan","Parent Relationship": "Inner", "Parallel Aware": false,"Relation Name": "aka_title", "Alias": "at","Startup Cost": 0.00, "Total Cost": 9806.72,"Plan Rows": 361472,"Plan Width": 4,"Actual Startup Time": 0.003, "Actual Total Time": 49.081,"Actual Rows": 361472,"Actual Loops": 1771} ] },{ "Node Type": "Nested Loop", "Parent Relationship": "Inner", "Parallel Aware": false,"Join Type": "Inner", "Startup Cost": 64629.25, "Total Cost": 151292.64,"Plan Rows": 3, "Plan Width": 29, "Actual Startup Time": 36.030,"Actual Total Time": 937.013, "Actual Rows": 431, "Actual Loops": 116,"Inner Unique": true, "Plans": [{ "Node Type": "Nested Loop", "Parent Relationship": "Outer", "Parallel Aware": false,"Join Type": "Inner", "Startup Cost": 64628.83, "Total Cost": 151291.32,"Plan Rows": 3, "Plan Width": 33, "Actual Startup Time": 36.021,"Actual Total Time": 935.299, "Actual Rows": 431, "Actual Loops": 116,"Inner Unique": true, "Plans": [{ "Node Type": "Nested Loop", "Parent Relationship": "Outer", "Parallel Aware": false,"Join Type": "Inner", "Startup Cost": 64628.68, "Total Cost": 151290.81,"Plan Rows": 3, "Plan Width": 37, "Actual Startup Time": 36.014,"Actual Total Time": 934.672, "Actual Rows": 431, "Actual Loops": 116,"Inner Unique": true, "Plans": [{ "Node Type": "Hash Join", "Parent Relationship": "Outer", "Parallel Aware": false,"Join Type": "Inner", "Startup Cost": 64628.25, "Total Cost": 151286.38,"Plan Rows": 9, "Plan Width": 16, "Actual Startup Time": 35.993,"Actual Total Time": 933.007, "Actual Rows": 498, "Actual Loops": 116,"Inner Unique": false,"Hash Cond": "(mk.movie_id = mc.movie_id)", "Plans": [{ "Node Type": "Seq Scan","Parent Relationship": "Outer", "Parallel Aware": false,"Relation Name": "movie_keyword", "Alias": "mk","Startup Cost": 0.00, "Total Cost": 69693.30, "Plan Rows": 4523930, "Plan Width": 8,"Actual Startup Time": 0.005, "Actual Total Time": 441.347, "Actual Rows": 4523930, "Actual Loops": 116 },{ "Node Type": "Hash","Parent Relationship": "Inner", "Parallel Aware": false,"Startup Cost": 64628.24, "Total Cost": 64628.24, "Plan Rows": 1, "Plan Width": 8,"Actual Startup Time": 489.523, "Actual Total Time": 489.525, "Actual Rows": 278, "Actual Loops": 1,"Hash Buckets": 1024, "Original Hash Buckets": 1024,"Hash Batches": 1,"Original Hash Batches": 1, "Peak Memory Usage": 19,"Plans": [{ "Node Type": "Nested Loop", "Parent Relationship": "Outer", "Parallel Aware": false,"Join Type": "Inner", "Startup Cost": 0.00, "Total Cost": 64628.24, "Plan Rows": 1, "Plan Width": 8,"Actual Startup Time": 48.769,"Actual Total Time": 489.407, "Actual Rows": 278, "Actual Loops": 1,"Inner Unique": false,"Join Filter": "(cn.id = mc.company_id)", "Rows Removed by Join Filter": 61386, "Plans": [{ "Node Type": "Seq Scan","Parent Relationship": "Outer", "Parallel Aware": false,"Relation Name": "company_name","Alias": "cn","Startup Cost": 0.00, "Total Cost": 6519.95,"Plan Rows": 1, "Plan Width": 4,"Actual Startup Time": 4.607, "Actual Total Time": 30.622,"Actual Rows": 1, "Actual Loops": 1,"Filter": "(((country_code)::text = '[us]'::text) AND ((name)::text = 'YouTube'::text))", "Rows Removed by Filter": 234996},{ "Node Type": "Seq Scan","Parent Relationship": "Inner", "Parallel Aware": false,"Relation Name": "movie_companies", "Alias": "mc","Startup Cost": 0.00, "Total Cost": 57926.93, "Plan Rows": 14508, "Plan Width": 12, "Actual Startup Time": 0.869, "Actual Total Time": 453.569, "Actual Rows": 61664, "Actual Loops": 1,"Filter": "(((note)::text ~~ '%(200%)%'::text) AND ((note)::text ~~ '%(worldwide)%'::text))", "Rows Removed by Filter": 2547465 } ] } ] } ] },{ "Node Type": "Index Scan","Parent Relationship": "Inner", "Parallel Aware": false,"Scan Direction": "Forward","Index Name": "title_pkey", "Relation Name": "title", "Alias": "t", "Startup Cost": 0.43, "Total Cost": 0.49, "Plan Rows": 1, "Plan Width": 21, "Actual Startup Time": 0.003, "Actual Total Time": 0.003, "Actual Rows": 1, "Actual Loops": 57768,"Index Cond": "(id = mk.movie_id)", "Rows Removed by Index Recheck": 0, "Filter": "((production_year >= 2005) AND (production_year <= 2010))","Rows Removed by Filter": 0 } ] },{ "Node Type": "Index Only Scan", "Parent Relationship": "Inner", "Parallel Aware": false,"Scan Direction": "Forward","Index Name": "company_type_pkey","Relation Name": "company_type","Alias": "ct","Startup Cost": 0.15, "Total Cost": 0.17, "Plan Rows": 1, "Plan Width": 4,"Actual Startup Time": 0.001, "Actual Total Time": 0.001, "Actual Rows": 1, "Actual Loops": 49996,"Index Cond": "(id = mc.company_type_id)","Rows Removed by Index Recheck": 0, "Heap Fetches": 49996 } ] },{ "Node Type": "Index Only Scan", "Parent Relationship": "Inner", "Parallel Aware": false,"Scan Direction": "Forward","Index Name": "keyword_pkey", "Relation Name": "keyword", "Alias": "k", "Startup Cost": 0.42, "Total Cost": 0.44, "Plan Rows": 1, "Plan Width": 4,"Actual Startup Time": 0.003, "Actual Total Time": 0.003, "Actual Rows": 1, "Actual Loops": 49996,"Index Cond": "(id = mk.keyword_id)", "Rows Removed by Index Recheck": 0, "Heap Fetches": 49996 } ] } ] } ] },"Planning Time": 7.601, "Triggers": [ ],"Execution Time": 256329.803}
