 {"Plan": {"Node Type": "Aggregate","Strategy": "Plain", "Partial Mode": "Simple","Parallel Aware": false, "Startup Cost": 918023.82, "Total Cost": 918023.83, "Plan Rows": 1,"Plan Width": 64,"Actual Startup Time": 37119.816,"Actual Total Time": 37119.898,"Actual Rows": 1,"Actual Loops": 1, "Plans": [ {"Node Type": "Nested Loop","Parent Relationship": "Outer","Parallel Aware": false, "Join Type": "Inner","Startup Cost": 859520.40, "Total Cost": 918008.63, "Plan Rows": 3039, "Plan Width": 33,"Actual Startup Time": 16714.226,"Actual Total Time": 36032.970,"Actual Rows": 3710592,"Actual Loops": 1, "Inner Unique": true,"Plans": [ {"Node Type": "Hash Join","Parent Relationship": "Outer","Parallel Aware": false, "Join Type": "Inner","Startup Cost": 859519.98, "Total Cost": 914269.37, "Plan Rows": 8386, "Plan Width": 37,"Actual Startup Time": 16713.939,"Actual Total Time": 19755.446,"Actual Rows": 8847894,"Actual Loops": 1, "Inner Unique": false, "Hash Cond": "(mc.movie_id = ci.movie_id)","Plans": [ {"Node Type": "Seq Scan", "Parent Relationship": "Outer","Parallel Aware": false, "Relation Name": "movie_companies","Alias": "mc", "Startup Cost": 0.00,"Total Cost": 44881.29,"Plan Rows": 2609129,"Plan Width": 8, "Actual Startup Time": 0.018,"Actual Total Time": 342.369,"Actual Rows": 2609129,"Actual Loops": 1}, {"Node Type": "Hash", "Parent Relationship": "Inner","Parallel Aware": false, "Startup Cost": 859481.02, "Total Cost": 859481.02, "Plan Rows": 3117, "Plan Width": 45,"Actual Startup Time": 16713.230,"Actual Total Time": 16713.266,"Actual Rows": 1294886,"Actual Loops": 1, "Hash Buckets": 65536, "Original Hash Buckets": 4096, "Hash Batches": 64,"Original Hash Batches": 1,"Peak Memory Usage": 4089, "Plans": [ {"Node Type": "Hash Join","Parent Relationship": "Outer","Parallel Aware": false, "Join Type": "Inner","Startup Cost": 835688.82, "Total Cost": 859481.02, "Plan Rows": 3117, "Plan Width": 45,"Actual Startup Time": 15597.266,"Actual Total Time": 16398.759,"Actual Rows": 1294886,"Actual Loops": 1, "Inner Unique": false, "Hash Cond": "(an.person_id = n.id)","Plans": [ {"Node Type": "Seq Scan", "Parent Relationship": "Outer","Parallel Aware": false, "Relation Name": "aka_name", "Alias": "an", "Startup Cost": 0.00,"Total Cost": 20409.43,"Plan Rows": 901343, "Plan Width": 20,"Actual Startup Time": 0.013,"Actual Total Time": 124.553,"Actual Rows": 901343, "Actual Loops": 1}, {"Node Type": "Hash", "Parent Relationship": "Inner","Parallel Aware": false, "Startup Cost": 835673.07, "Total Cost": 835673.07, "Plan Rows": 1260, "Plan Width": 37,"Actual Startup Time": 15596.472,"Actual Total Time": 15596.507,"Actual Rows": 1038393,"Actual Loops": 1, "Hash Buckets": 65536, "Original Hash Buckets": 2048, "Hash Batches": 32,"Original Hash Batches": 1,"Peak Memory Usage": 3585, "Plans": [ {"Node Type": "Nested Loop","Parent Relationship": "Outer","Parallel Aware": false, "Join Type": "Inner","Startup Cost": 84212.55,"Total Cost": 835673.07, "Plan Rows": 1260, "Plan Width": 37,"Actual Startup Time": 1252.910, "Actual Total Time": 15246.981,"Actual Rows": 1038393,"Actual Loops": 1, "Inner Unique": true,"Plans": [ {"Node Type": "Hash Join","Parent Relationship": "Outer","Parallel Aware": false, "Join Type": "Inner","Startup Cost": 84212.12,"Total Cost": 835099.38, "Plan Rows": 1260, "Plan Width": 33,"Actual Startup Time": 1252.821, "Actual Total Time": 11605.714,"Actual Rows": 1038393,"Actual Loops": 1, "Inner Unique": false, "Hash Cond": "(ci.movie_id = t.id)", "Plans": [ {"Node Type": "Seq Scan", "Parent Relationship": "Outer","Parallel Aware": false, "Relation Name": "cast_info","Alias": "ci", "Startup Cost": 0.00,"Total Cost": 615010.92, "Plan Rows": 36232392, "Plan Width": 8, "Actual Startup Time": 0.010,"Actual Total Time": 4408.035, "Actual Rows": 36244344, "Actual Loops": 1}, {"Node Type": "Hash", "Parent Relationship": "Inner","Parallel Aware": false, "Startup Cost": 84211.70,"Total Cost": 84211.70,"Plan Rows": 34, "Plan Width": 25,"Actual Startup Time": 1252.802, "Actual Total Time": 1252.833, "Actual Rows": 41840,"Actual Loops": 1, "Hash Buckets": 65536, "Original Hash Buckets": 1024, "Hash Batches": 1, "Original Hash Batches": 1,"Peak Memory Usage": 3156, "Plans": [ {"Node Type": "Nested Loop","Parent Relationship": "Outer","Parallel Aware": false, "Join Type": "Inner","Startup Cost": 2626.57, "Total Cost": 84211.70,"Plan Rows": 34, "Plan Width": 25,"Actual Startup Time": 18.156, "Actual Total Time": 1241.735, "Actual Rows": 41840,"Actual Loops": 1, "Inner Unique": true,"Plans": [ {"Node Type": "Hash Join","Parent Relationship": "Outer","Parallel Aware": false, "Join Type": "Inner","Startup Cost": 2626.14, "Total Cost": 84195.13,"Plan Rows": 34, "Plan Width": 4, "Actual Startup Time": 18.136, "Actual Total Time": 1004.559, "Actual Rows": 41840,"Actual Loops": 1, "Inner Unique": true,"Hash Cond": "(mk.keyword_id = k.id)", "Plans": [ {"Node Type": "Seq Scan", "Parent Relationship": "Outer","Parallel Aware": false, "Relation Name": "movie_keyword","Alias": "mk", "Startup Cost": 0.00,"Total Cost": 69693.30,"Plan Rows": 4523930,"Plan Width": 8, "Actual Startup Time": 0.014,"Actual Total Time": 489.167,"Actual Rows": 4523930,"Actual Loops": 1}, {"Node Type": "Hash", "Parent Relationship": "Inner","Parallel Aware": false, "Startup Cost": 2626.12, "Total Cost": 2626.12, "Plan Rows": 1,"Plan Width": 4, "Actual Startup Time": 18.048, "Actual Total Time": 18.049, "Actual Rows": 1,"Actual Loops": 1, "Hash Buckets": 1024,"Original Hash Buckets": 1024, "Hash Batches": 1, "Original Hash Batches": 1,"Peak Memory Usage": 9,"Plans": [ {"Node Type": "Seq Scan", "Parent Relationship": "Outer","Parallel Aware": false, "Relation Name": "keyword","Alias": "k","Startup Cost": 0.00,"Total Cost": 2626.12, "Plan Rows": 1,"Plan Width": 4, "Actual Startup Time": 0.794,"Actual Total Time": 18.045, "Actual Rows": 1,"Actual Loops": 1, "Filter": "((keyword)::text = 'character-name-in-title'::text)", "Rows Removed by Filter": 134169 }]}]}, {"Node Type": "Index Scan", "Parent Relationship": "Inner","Parallel Aware": false, "Scan Direction": "Forward", "Index Name": "title_pkey","Relation Name": "title","Alias": "t","Startup Cost": 0.43,"Total Cost": 0.49,"Plan Rows": 1,"Plan Width": 21,"Actual Startup Time": 0.005,"Actual Total Time": 0.005,"Actual Rows": 1,"Actual Loops": 41840, "Index Cond": "(id = mk.movie_id)","Rows Removed by Index Recheck": 0 }]}]}]}, {"Node Type": "Index Only Scan","Parent Relationship": "Inner","Parallel Aware": false, "Scan Direction": "Forward", "Index Name": "name_pkey", "Relation Name": "name", "Alias": "n","Startup Cost": 0.43,"Total Cost": 0.46,"Plan Rows": 1,"Plan Width": 4, "Actual Startup Time": 0.003,"Actual Total Time": 0.003,"Actual Rows": 1,"Actual Loops": 1038393, "Index Cond": "(id = ci.person_id)", "Rows Removed by Index Recheck": 0,"Heap Fetches": 1038393}]}]}]}]}]}, {"Node Type": "Index Scan", "Parent Relationship": "Inner","Parallel Aware": false, "Scan Direction": "Forward", "Index Name": "company_name_pkey", "Relation Name": "company_name", "Alias": "cn", "Startup Cost": 0.42,"Total Cost": 0.45,"Plan Rows": 1,"Plan Width": 4, "Actual Startup Time": 0.002,"Actual Total Time": 0.002,"Actual Rows": 0,"Actual Loops": 8847894, "Index Cond": "(id = mc.company_id)","Rows Removed by Index Recheck": 0,"Filter": "((country_code)::text = '[us]'::text)", "Rows Removed by Filter": 1}]}]}, "Planning Time": 4.307,"Triggers": [], "Execution Time": 37120.303} 
