 {"Plan": {"Node Type": "Aggregate","Strategy": "Plain", "Partial Mode": "Simple","Parallel Aware": false, "Startup Cost": 915238.22, "Total Cost": 915238.23, "Plan Rows": 1,"Plan Width": 64,"Actual Startup Time": 13204.723,"Actual Total Time": 13204.799,"Actual Rows": 1,"Actual Loops": 1, "Plans": [ {"Node Type": "Nested Loop","Parent Relationship": "Outer","Parallel Aware": false, "Join Type": "Inner","Startup Cost": 859124.49, "Total Cost": 915232.49, "Plan Rows": 1147, "Plan Width": 33,"Actual Startup Time": 11407.218,"Actual Total Time": 13112.004,"Actual Rows": 319932, "Actual Loops": 1, "Inner Unique": true,"Plans": [ {"Node Type": "Hash Join","Parent Relationship": "Outer","Parallel Aware": false, "Join Type": "Inner","Startup Cost": 859124.07, "Total Cost": 913821.23, "Plan Rows": 3165, "Plan Width": 37,"Actual Startup Time": 11407.051,"Actual Total Time": 12329.484,"Actual Rows": 424483, "Actual Loops": 1, "Inner Unique": false, "Hash Cond": "(mc.movie_id = ci.movie_id)","Plans": [ {"Node Type": "Seq Scan", "Parent Relationship": "Outer","Parallel Aware": false, "Relation Name": "movie_companies","Alias": "mc", "Startup Cost": 0.00,"Total Cost": 44881.29,"Plan Rows": 2609129,"Plan Width": 8, "Actual Startup Time": 0.017,"Actual Total Time": 312.753,"Actual Rows": 2609129,"Actual Loops": 1}, {"Node Type": "Hash", "Parent Relationship": "Inner","Parallel Aware": false, "Startup Cost": 859109.37, "Total Cost": 859109.37, "Plan Rows": 1176, "Plan Width": 45,"Actual Startup Time": 11293.725,"Actual Total Time": 11293.751,"Actual Rows": 181492, "Actual Loops": 1, "Hash Buckets": 65536, "Original Hash Buckets": 2048, "Hash Batches": 8, "Original Hash Batches": 1,"Peak Memory Usage": 3585, "Plans": [ {"Node Type": "Hash Join","Parent Relationship": "Outer","Parallel Aware": false, "Join Type": "Inner","Startup Cost": 835318.87, "Total Cost": 859109.37, "Plan Rows": 1176, "Plan Width": 45,"Actual Startup Time": 10832.542,"Actual Total Time": 11242.009,"Actual Rows": 181492, "Actual Loops": 1, "Inner Unique": false, "Hash Cond": "(an.person_id = n.id)","Plans": [ {"Node Type": "Seq Scan", "Parent Relationship": "Outer","Parallel Aware": false, "Relation Name": "aka_name", "Alias": "an", "Startup Cost": 0.00,"Total Cost": 20409.43,"Plan Rows": 901343, "Plan Width": 20,"Actual Startup Time": 0.016,"Actual Total Time": 126.217,"Actual Rows": 901343, "Actual Loops": 1}, {"Node Type": "Hash", "Parent Relationship": "Inner","Parallel Aware": false, "Startup Cost": 835312.92, "Total Cost": 835312.92, "Plan Rows": 476,"Plan Width": 37,"Actual Startup Time": 10832.236,"Actual Total Time": 10832.261,"Actual Rows": 134210, "Actual Loops": 1, "Hash Buckets": 65536, "Original Hash Buckets": 1024, "Hash Batches": 4, "Original Hash Batches": 1,"Peak Memory Usage": 3585, "Plans": [ {"Node Type": "Nested Loop","Parent Relationship": "Outer","Parallel Aware": false, "Join Type": "Inner","Startup Cost": 84212.38,"Total Cost": 835312.92, "Plan Rows": 476,"Plan Width": 37,"Actual Startup Time": 1265.551, "Actual Total Time": 10781.346,"Actual Rows": 134210, "Actual Loops": 1, "Inner Unique": true,"Plans": [ {"Node Type": "Hash Join","Parent Relationship": "Outer","Parallel Aware": false, "Join Type": "Inner","Startup Cost": 84211.95,"Total Cost": 835096.20, "Plan Rows": 476,"Plan Width": 33,"Actual Startup Time": 1265.485, "Actual Total Time": 10129.677,"Actual Rows": 134210, "Actual Loops": 1, "Inner Unique": false, "Hash Cond": "(ci.movie_id = t.id)", "Plans": [ {"Node Type": "Seq Scan", "Parent Relationship": "Outer","Parallel Aware": false, "Relation Name": "cast_info","Alias": "ci", "Startup Cost": 0.00,"Total Cost": 615010.92, "Plan Rows": 36232392, "Plan Width": 8, "Actual Startup Time": 0.010,"Actual Total Time": 4247.977, "Actual Rows": 36244344, "Actual Loops": 1}, {"Node Type": "Hash", "Parent Relationship": "Inner","Parallel Aware": false, "Startup Cost": 84211.78,"Total Cost": 84211.78,"Plan Rows": 13, "Plan Width": 25,"Actual Startup Time": 1265.414, "Actual Total Time": 1265.438, "Actual Rows": 6926, "Actual Loops": 1, "Hash Buckets": 8192,"Original Hash Buckets": 1024, "Hash Batches": 1, "Original Hash Batches": 1,"Peak Memory Usage": 499,"Plans": [ {"Node Type": "Nested Loop","Parent Relationship": "Outer","Parallel Aware": false, "Join Type": "Inner","Startup Cost": 2626.57, "Total Cost": 84211.78,"Plan Rows": 13, "Plan Width": 25,"Actual Startup Time": 298.598,"Actual Total Time": 1263.261, "Actual Rows": 6926, "Actual Loops": 1, "Inner Unique": true,"Plans": [ {"Node Type": "Hash Join","Parent Relationship": "Outer","Parallel Aware": false, "Join Type": "Inner","Startup Cost": 2626.14, "Total Cost": 84195.13,"Plan Rows": 34, "Plan Width": 4, "Actual Startup Time": 15.187, "Actual Total Time": 1004.241, "Actual Rows": 41840,"Actual Loops": 1, "Inner Unique": true,"Hash Cond": "(mk.keyword_id = k.id)", "Plans": [ {"Node Type": "Seq Scan", "Parent Relationship": "Outer","Parallel Aware": false, "Relation Name": "movie_keyword","Alias": "mk", "Startup Cost": 0.00,"Total Cost": 69693.30,"Plan Rows": 4523930,"Plan Width": 8, "Actual Startup Time": 0.016,"Actual Total Time": 491.638,"Actual Rows": 4523930,"Actual Loops": 1}, {"Node Type": "Hash", "Parent Relationship": "Inner","Parallel Aware": false, "Startup Cost": 2626.12, "Total Cost": 2626.12, "Plan Rows": 1,"Plan Width": 4, "Actual Startup Time": 15.101, "Actual Total Time": 15.102, "Actual Rows": 1,"Actual Loops": 1, "Hash Buckets": 1024,"Original Hash Buckets": 1024, "Hash Batches": 1, "Original Hash Batches": 1,"Peak Memory Usage": 9,"Plans": [ {"Node Type": "Seq Scan", "Parent Relationship": "Outer","Parallel Aware": false, "Relation Name": "keyword","Alias": "k","Startup Cost": 0.00,"Total Cost": 2626.12, "Plan Rows": 1,"Plan Width": 4, "Actual Startup Time": 0.690,"Actual Total Time": 15.093, "Actual Rows": 1,"Actual Loops": 1, "Filter": "((keyword)::text = 'character-name-in-title'::text)", "Rows Removed by Filter": 134169 }]}]}, {"Node Type": "Index Scan", "Parent Relationship": "Inner","Parallel Aware": false, "Scan Direction": "Forward", "Index Name": "title_pkey","Relation Name": "title","Alias": "t","Startup Cost": 0.43,"Total Cost": 0.49,"Plan Rows": 1,"Plan Width": 21,"Actual Startup Time": 0.006,"Actual Total Time": 0.006,"Actual Rows": 0,"Actual Loops": 41840, "Index Cond": "(id = mk.movie_id)","Rows Removed by Index Recheck": 0,"Filter": "(episode_nr < 100)","Rows Removed by Filter": 1}]}]}]}, {"Node Type": "Index Only Scan","Parent Relationship": "Inner","Parallel Aware": false, "Scan Direction": "Forward", "Index Name": "name_pkey", "Relation Name": "name", "Alias": "n","Startup Cost": 0.43,"Total Cost": 0.46,"Plan Rows": 1,"Plan Width": 4, "Actual Startup Time": 0.004,"Actual Total Time": 0.004,"Actual Rows": 1,"Actual Loops": 134210,"Index Cond": "(id = ci.person_id)", "Rows Removed by Index Recheck": 0,"Heap Fetches": 134210 }]}]}]}]}]}, {"Node Type": "Index Scan", "Parent Relationship": "Inner","Parallel Aware": false, "Scan Direction": "Forward", "Index Name": "company_name_pkey", "Relation Name": "company_name", "Alias": "cn", "Startup Cost": 0.42,"Total Cost": 0.45,"Plan Rows": 1,"Plan Width": 4, "Actual Startup Time": 0.002,"Actual Total Time": 0.002,"Actual Rows": 1,"Actual Loops": 424483,"Index Cond": "(id = mc.company_id)","Rows Removed by Index Recheck": 0,"Filter": "((country_code)::text = '[us]'::text)", "Rows Removed by Filter": 0}]}]}, "Planning Time": 4.396,"Triggers": [], "Execution Time": 13204.974} 
