 {"Plan": {"Node Type": "Aggregate","Strategy": "Plain", "Partial Mode": "Simple","Parallel Aware": false, "Startup Cost": 914772.03, "Total Cost": 914772.04, "Plan Rows": 1,"Plan Width": 64,"Actual Startup Time": 12580.746,"Actual Total Time": 12580.866,"Actual Rows": 1,"Actual Loops": 1, "Plans": [ {"Node Type": "Nested Loop","Parent Relationship": "Outer","Parallel Aware": false, "Join Type": "Inner","Startup Cost": 859057.86, "Total Cost": 914767.88, "Plan Rows": 831,"Plan Width": 33,"Actual Startup Time": 11033.615,"Actual Total Time": 12507.463,"Actual Rows": 249455, "Actual Loops": 1, "Inner Unique": true,"Plans": [ {"Node Type": "Hash Join","Parent Relationship": "Outer","Parallel Aware": false, "Join Type": "Inner","Startup Cost": 859057.44, "Total Cost": 913745.89, "Plan Rows": 2292, "Plan Width": 37,"Actual Startup Time": 11033.553,"Actual Total Time": 11912.314,"Actual Rows": 317940, "Actual Loops": 1, "Inner Unique": false, "Hash Cond": "(mc.movie_id = ci.movie_id)","Plans": [ {"Node Type": "Seq Scan", "Parent Relationship": "Outer","Parallel Aware": false, "Relation Name": "movie_companies","Alias": "mc", "Startup Cost": 0.00,"Total Cost": 44881.29,"Plan Rows": 2609129,"Plan Width": 8, "Actual Startup Time": 0.019,"Actual Total Time": 311.383,"Actual Rows": 2609129,"Actual Loops": 1}, {"Node Type": "Hash", "Parent Relationship": "Inner","Parallel Aware": false, "Startup Cost": 859046.79, "Total Cost": 859046.79, "Plan Rows": 852,"Plan Width": 45,"Actual Startup Time": 10919.914,"Actual Total Time": 10919.925,"Actual Rows": 137156, "Actual Loops": 1, "Hash Buckets": 65536, "Original Hash Buckets": 1024, "Hash Batches": 4, "Original Hash Batches": 1,"Peak Memory Usage": 3585, "Plans": [ {"Node Type": "Hash Join","Parent Relationship": "Outer","Parallel Aware": false, "Join Type": "Inner","Startup Cost": 835256.59, "Total Cost": 859046.79, "Plan Rows": 852,"Plan Width": 45,"Actual Startup Time": 10484.750,"Actual Total Time": 10883.029,"Actual Rows": 137156, "Actual Loops": 1, "Inner Unique": false, "Hash Cond": "(an.person_id = n.id)","Plans": [ {"Node Type": "Seq Scan", "Parent Relationship": "Outer","Parallel Aware": false, "Relation Name": "aka_name", "Alias": "an", "Startup Cost": 0.00,"Total Cost": 20409.43,"Plan Rows": 901343, "Plan Width": 20,"Actual Startup Time": 0.015,"Actual Total Time": 134.652,"Actual Rows": 901343, "Actual Loops": 1}, {"Node Type": "Hash", "Parent Relationship": "Inner","Parallel Aware": false, "Startup Cost": 835252.29, "Total Cost": 835252.29, "Plan Rows": 344,"Plan Width": 37,"Actual Startup Time": 10484.561,"Actual Total Time": 10484.571,"Actual Rows": 99159,"Actual Loops": 1, "Hash Buckets": 65536, "Original Hash Buckets": 1024, "Hash Batches": 4, "Original Hash Batches": 1,"Peak Memory Usage": 3585, "Plans": [ {"Node Type": "Nested Loop","Parent Relationship": "Outer","Parallel Aware": false, "Join Type": "Inner","Startup Cost": 84212.41,"Total Cost": 835252.29, "Plan Rows": 344,"Plan Width": 37,"Actual Startup Time": 1231.447, "Actual Total Time": 10446.152,"Actual Rows": 99159,"Actual Loops": 1, "Inner Unique": true,"Plans": [ {"Node Type": "Hash Join","Parent Relationship": "Outer","Parallel Aware": false, "Join Type": "Inner","Startup Cost": 84211.98,"Total Cost": 835095.66, "Plan Rows": 344,"Plan Width": 33,"Actual Startup Time": 1231.388, "Actual Total Time": 9901.673, "Actual Rows": 99159,"Actual Loops": 1, "Inner Unique": false, "Hash Cond": "(ci.movie_id = t.id)", "Plans": [ {"Node Type": "Seq Scan", "Parent Relationship": "Outer","Parallel Aware": false, "Relation Name": "cast_info","Alias": "ci", "Startup Cost": 0.00,"Total Cost": 615010.92, "Plan Rows": 36232392, "Plan Width": 8, "Actual Startup Time": 0.014,"Actual Total Time": 4187.815, "Actual Rows": 36244344, "Actual Loops": 1}, {"Node Type": "Hash", "Parent Relationship": "Inner","Parallel Aware": false, "Startup Cost": 84211.87,"Total Cost": 84211.87,"Plan Rows": 9,"Plan Width": 25,"Actual Startup Time": 1231.309, "Actual Total Time": 1231.317, "Actual Rows": 5385, "Actual Loops": 1, "Hash Buckets": 8192,"Original Hash Buckets": 1024, "Hash Batches": 1, "Original Hash Batches": 1,"Peak Memory Usage": 402,"Plans": [ {"Node Type": "Nested Loop","Parent Relationship": "Outer","Parallel Aware": false, "Join Type": "Inner","Startup Cost": 2626.57, "Total Cost": 84211.87,"Plan Rows": 9,"Plan Width": 25,"Actual Startup Time": 302.104,"Actual Total Time": 1229.663, "Actual Rows": 5385, "Actual Loops": 1, "Inner Unique": true,"Plans": [ {"Node Type": "Hash Join","Parent Relationship": "Outer","Parallel Aware": false, "Join Type": "Inner","Startup Cost": 2626.14, "Total Cost": 84195.13,"Plan Rows": 34, "Plan Width": 4, "Actual Startup Time": 15.306, "Actual Total Time": 972.982,"Actual Rows": 41840,"Actual Loops": 1, "Inner Unique": true,"Hash Cond": "(mk.keyword_id = k.id)", "Plans": [ {"Node Type": "Seq Scan", "Parent Relationship": "Outer","Parallel Aware": false, "Relation Name": "movie_keyword","Alias": "mk", "Startup Cost": 0.00,"Total Cost": 69693.30,"Plan Rows": 4523930,"Plan Width": 8, "Actual Startup Time": 0.014,"Actual Total Time": 460.119,"Actual Rows": 4523930,"Actual Loops": 1}, {"Node Type": "Hash", "Parent Relationship": "Inner","Parallel Aware": false, "Startup Cost": 2626.12, "Total Cost": 2626.12, "Plan Rows": 1,"Plan Width": 4, "Actual Startup Time": 15.223, "Actual Total Time": 15.224, "Actual Rows": 1,"Actual Loops": 1, "Hash Buckets": 1024,"Original Hash Buckets": 1024, "Hash Batches": 1, "Original Hash Batches": 1,"Peak Memory Usage": 9,"Plans": [ {"Node Type": "Seq Scan", "Parent Relationship": "Outer","Parallel Aware": false, "Relation Name": "keyword","Alias": "k","Startup Cost": 0.00,"Total Cost": 2626.12, "Plan Rows": 1,"Plan Width": 4, "Actual Startup Time": 0.658,"Actual Total Time": 15.217, "Actual Rows": 1,"Actual Loops": 1, "Filter": "((keyword)::text = 'character-name-in-title'::text)", "Rows Removed by Filter": 134169 }]}]}, {"Node Type": "Index Scan", "Parent Relationship": "Inner","Parallel Aware": false, "Scan Direction": "Forward", "Index Name": "title_pkey","Relation Name": "title","Alias": "t","Startup Cost": 0.43,"Total Cost": 0.49,"Plan Rows": 1,"Plan Width": 21,"Actual Startup Time": 0.006,"Actual Total Time": 0.006,"Actual Rows": 0,"Actual Loops": 41840, "Index Cond": "(id = mk.movie_id)","Rows Removed by Index Recheck": 0,"Filter": "((episode_nr >= 5) AND (episode_nr < 100))","Rows Removed by Filter": 1}]}]}]}, {"Node Type": "Index Only Scan","Parent Relationship": "Inner","Parallel Aware": false, "Scan Direction": "Forward", "Index Name": "name_pkey", "Relation Name": "name", "Alias": "n","Startup Cost": 0.43,"Total Cost": 0.46,"Plan Rows": 1,"Plan Width": 4, "Actual Startup Time": 0.005,"Actual Total Time": 0.005,"Actual Rows": 1,"Actual Loops": 99159, "Index Cond": "(id = ci.person_id)", "Rows Removed by Index Recheck": 0,"Heap Fetches": 99159}]}]}]}]}]}, {"Node Type": "Index Scan", "Parent Relationship": "Inner","Parallel Aware": false, "Scan Direction": "Forward", "Index Name": "company_name_pkey", "Relation Name": "company_name", "Alias": "cn", "Startup Cost": 0.42,"Total Cost": 0.45,"Plan Rows": 1,"Plan Width": 4, "Actual Startup Time": 0.002,"Actual Total Time": 0.002,"Actual Rows": 1,"Actual Loops": 317940,"Index Cond": "(id = mc.company_id)","Rows Removed by Index Recheck": 0,"Filter": "((country_code)::text = '[us]'::text)", "Rows Removed by Filter": 0}]}]}, "Planning Time": 4.372,"Triggers": [], "Execution Time": 12581.032} 
