 {"Plan": {"Node Type": "Aggregate","Strategy": "Plain", "Partial Mode": "Simple","Parallel Aware": false, "Startup Cost": 890409.88, "Total Cost": 890409.89, "Plan Rows": 1,"Plan Width": 64,"Actual Startup Time": 19446.981,"Actual Total Time": 19447.022,"Actual Rows": 1,"Actual Loops": 1, "Plans": [ {"Node Type": "Nested Loop","Parent Relationship": "Outer","Parallel Aware": false, "Join Type": "Inner","Startup Cost": 138956.34, "Total Cost": 890409.38, "Plan Rows": 100,"Plan Width": 15,"Actual Startup Time": 2585.560, "Actual Total Time": 19385.491,"Actual Rows": 258289, "Actual Loops": 1, "Inner Unique": true,"Plans": [ {"Node Type": "Hash Join","Parent Relationship": "Outer","Parallel Aware": false, "Join Type": "Inner","Startup Cost": 138955.91, "Total Cost": 889847.19, "Plan Rows": 1228, "Plan Width": 4, "Actual Startup Time": 2356.553, "Actual Total Time": 12650.614,"Actual Rows": 2832555,"Actual Loops": 1, "Inner Unique": false, "Hash Cond": "(ci.movie_id = t.id)", "Plans": [ {"Node Type": "Seq Scan", "Parent Relationship": "Outer","Parallel Aware": false, "Relation Name": "cast_info","Alias": "ci", "Startup Cost": 0.00,"Total Cost": 615010.92, "Plan Rows": 36232392, "Plan Width": 8, "Actual Startup Time": 0.024,"Actual Total Time": 4248.925, "Actual Rows": 36244344, "Actual Loops": 1}, {"Node Type": "Hash", "Parent Relationship": "Inner","Parallel Aware": false, "Startup Cost": 138955.14, "Total Cost": 138955.14, "Plan Rows": 62, "Plan Width": 12,"Actual Startup Time": 2356.504, "Actual Total Time": 2356.544, "Actual Rows": 68316,"Actual Loops": 1, "Hash Buckets": 131072,"Original Hash Buckets": 1024, "Hash Batches": 1, "Original Hash Batches": 1,"Peak Memory Usage": 3960, "Plans": [ {"Node Type": "Nested Loop","Parent Relationship": "Outer","Parallel Aware": false, "Join Type": "Inner","Startup Cost": 84212.54,"Total Cost": 138955.14, "Plan Rows": 62, "Plan Width": 12,"Actual Startup Time": 1250.403, "Actual Total Time": 2341.151, "Actual Rows": 68316,"Actual Loops": 1, "Inner Unique": true,"Plans": [ {"Node Type": "Hash Join","Parent Relationship": "Outer","Parallel Aware": false, "Join Type": "Inner","Startup Cost": 84212.12,"Total Cost": 138878.00, "Plan Rows": 173,"Plan Width": 16,"Actual Startup Time": 1250.274, "Actual Total Time": 1967.647, "Actual Rows": 148552, "Actual Loops": 1, "Inner Unique": false, "Hash Cond": "(mc.movie_id = t.id)", "Plans": [ {"Node Type": "Seq Scan", "Parent Relationship": "Outer","Parallel Aware": false, "Relation Name": "movie_companies","Alias": "mc", "Startup Cost": 0.00,"Total Cost": 44881.29,"Plan Rows": 2609129,"Plan Width": 8, "Actual Startup Time": 0.014,"Actual Total Time": 327.339,"Actual Rows": 2609129,"Actual Loops": 1}, {"Node Type": "Hash", "Parent Relationship": "Inner","Parallel Aware": false, "Startup Cost": 84211.70,"Total Cost": 84211.70,"Plan Rows": 34, "Plan Width": 8, "Actual Startup Time": 1250.130, "Actual Total Time": 1250.132, "Actual Rows": 41840,"Actual Loops": 1, "Hash Buckets": 65536, "Original Hash Buckets": 1024, "Hash Batches": 1, "Original Hash Batches": 1,"Peak Memory Usage": 2147, "Plans": [ {"Node Type": "Nested Loop","Parent Relationship": "Outer","Parallel Aware": false, "Join Type": "Inner","Startup Cost": 2626.57, "Total Cost": 84211.70,"Plan Rows": 34, "Plan Width": 8, "Actual Startup Time": 16.086, "Actual Total Time": 1240.244, "Actual Rows": 41840,"Actual Loops": 1, "Inner Unique": true,"Plans": [ {"Node Type": "Hash Join","Parent Relationship": "Outer","Parallel Aware": false, "Join Type": "Inner","Startup Cost": 2626.14, "Total Cost": 84195.13,"Plan Rows": 34, "Plan Width": 4, "Actual Startup Time": 16.014, "Actual Total Time": 974.460,"Actual Rows": 41840,"Actual Loops": 1, "Inner Unique": true,"Hash Cond": "(mk.keyword_id = k.id)", "Plans": [ {"Node Type": "Seq Scan", "Parent Relationship": "Outer","Parallel Aware": false, "Relation Name": "movie_keyword","Alias": "mk", "Startup Cost": 0.00,"Total Cost": 69693.30,"Plan Rows": 4523930,"Plan Width": 8, "Actual Startup Time": 0.014,"Actual Total Time": 460.426,"Actual Rows": 4523930,"Actual Loops": 1}, {"Node Type": "Hash", "Parent Relationship": "Inner","Parallel Aware": false, "Startup Cost": 2626.12, "Total Cost": 2626.12, "Plan Rows": 1,"Plan Width": 4, "Actual Startup Time": 15.930, "Actual Total Time": 15.930, "Actual Rows": 1,"Actual Loops": 1, "Hash Buckets": 1024,"Original Hash Buckets": 1024, "Hash Batches": 1, "Original Hash Batches": 1,"Peak Memory Usage": 9,"Plans": [ {"Node Type": "Seq Scan", "Parent Relationship": "Outer","Parallel Aware": false, "Relation Name": "keyword","Alias": "k","Startup Cost": 0.00,"Total Cost": 2626.12, "Plan Rows": 1,"Plan Width": 4, "Actual Startup Time": 0.691,"Actual Total Time": 15.923, "Actual Rows": 1,"Actual Loops": 1, "Filter": "((keyword)::text = 'character-name-in-title'::text)", "Rows Removed by Filter": 134169 }]}]}, {"Node Type": "Index Only Scan","Parent Relationship": "Inner","Parallel Aware": false, "Scan Direction": "Forward", "Index Name": "title_pkey","Relation Name": "title","Alias": "t","Startup Cost": 0.43,"Total Cost": 0.49,"Plan Rows": 1,"Plan Width": 4, "Actual Startup Time": 0.006,"Actual Total Time": 0.006,"Actual Rows": 1,"Actual Loops": 41840, "Index Cond": "(id = mk.movie_id)","Rows Removed by Index Recheck": 0,"Heap Fetches": 41840}]}]}]}, {"Node Type": "Index Scan", "Parent Relationship": "Inner","Parallel Aware": false, "Scan Direction": "Forward", "Index Name": "company_name_pkey", "Relation Name": "company_name", "Alias": "cn", "Startup Cost": 0.42,"Total Cost": 0.45,"Plan Rows": 1,"Plan Width": 4, "Actual Startup Time": 0.002,"Actual Total Time": 0.002,"Actual Rows": 0,"Actual Loops": 148552,"Index Cond": "(id = mc.company_id)","Rows Removed by Index Recheck": 0,"Filter": "((country_code)::text = '[us]'::text)", "Rows Removed by Filter": 1}]}]}]}, {"Node Type": "Index Scan", "Parent Relationship": "Inner","Parallel Aware": false, "Scan Direction": "Forward", "Index Name": "name_pkey", "Relation Name": "name", "Alias": "n","Startup Cost": 0.43,"Total Cost": 0.46,"Plan Rows": 1,"Plan Width": 19,"Actual Startup Time": 0.002,"Actual Total Time": 0.002,"Actual Rows": 0,"Actual Loops": 2832555, "Index Cond": "(id = ci.person_id)", "Rows Removed by Index Recheck": 0,"Filter": "((name)::text ~~ 'B%'::text)","Rows Removed by Filter": 1}]}]}, "Planning Time": 3.123,"Triggers": [], "Execution Time": 19447.586} 
