 { "Plan": { "Node Type": "Aggregate", "Strategy": "Plain","Partial Mode": "Simple", "Parallel Aware": false,"Startup Cost": 1276654.75, "Total Cost": 1276654.76, "Plan Rows": 1, "Plan Width": 64, "Actual Startup Time": 246710.481,"Actual Total Time": 246710.534,"Actual Rows": 1, "Actual Loops": 1,"Plans": [{ "Node Type": "Nested Loop", "Parent Relationship": "Outer", "Parallel Aware": false,"Join Type": "Inner", "Startup Cost": 829964.40,"Total Cost": 1276654.75, "Plan Rows": 1, "Plan Width": 32, "Actual Startup Time": 6955.026,"Actual Total Time": 246709.904,"Actual Rows": 184, "Actual Loops": 1,"Inner Unique": true, "Plans": [{ "Node Type": "Nested Loop", "Parent Relationship": "Outer", "Parallel Aware": false,"Join Type": "Inner", "Startup Cost": 829963.97,"Total Cost": 1276653.28, "Plan Rows": 1, "Plan Width": 36, "Actual Startup Time": 6954.886,"Actual Total Time": 246706.613,"Actual Rows": 189, "Actual Loops": 1,"Inner Unique": false,"Join Filter": "(mi.movie_id = t.id)","Rows Removed by Join Filter": 36985009,"Plans": [{ "Node Type": "Nested Loop", "Parent Relationship": "Outer", "Parallel Aware": false,"Join Type": "Inner", "Startup Cost": 829961.54,"Total Cost": 889087.93,"Plan Rows": 1, "Plan Width": 48, "Actual Startup Time": 6066.686,"Actual Total Time": 6591.673,"Actual Rows": 82,"Actual Loops": 1,"Inner Unique": true, "Join Filter": "(mc.movie_id = t.id)","Rows Removed by Join Filter": 0, "Plans": [{ "Node Type": "Nested Loop", "Parent Relationship": "Outer", "Parallel Aware": false,"Join Type": "Inner", "Startup Cost": 829961.11,"Total Cost": 889083.59,"Plan Rows": 3, "Plan Width": 27, "Actual Startup Time": 6034.368,"Actual Total Time": 6587.642,"Actual Rows": 359, "Actual Loops": 1,"Inner Unique": true, "Plans": [{ "Node Type": "Hash Join", "Parent Relationship": "Outer", "Parallel Aware": false,"Join Type": "Inner", "Startup Cost": 829960.69,"Total Cost": 889072.76,"Plan Rows": 9, "Plan Width": 31, "Actual Startup Time": 6034.272,"Actual Total Time": 6583.297,"Actual Rows": 373, "Actual Loops": 1,"Inner Unique": false,"Hash Cond": "(mc.movie_id = ci.movie_id)", "Plans": [{ "Node Type": "Seq Scan","Parent Relationship": "Outer", "Parallel Aware": false,"Relation Name": "movie_companies", "Alias": "mc","Startup Cost": 0.00, "Total Cost": 57926.93, "Plan Rows": 316013,"Plan Width": 8,"Actual Startup Time": 0.114, "Actual Total Time": 544.034, "Actual Rows": 590994,"Actual Loops": 1,"Filter": "((note IS NOT NULL) AND (((note)::text ~~ '%(USA)%'::text) OR ((note)::text ~~ '%(worldwide)%'::text)))","Rows Removed by Filter": 2018135 },{ "Node Type": "Hash","Parent Relationship": "Inner", "Parallel Aware": false,"Startup Cost": 829960.35,"Total Cost": 829960.35,"Plan Rows": 27,"Plan Width": 23, "Actual Startup Time": 5981.556,"Actual Total Time": 5981.559,"Actual Rows": 425, "Actual Loops": 1,"Hash Buckets": 1024, "Original Hash Buckets": 1024,"Hash Batches": 1,"Original Hash Batches": 1, "Peak Memory Usage": 32,"Plans": [{ "Node Type": "Hash Join", "Parent Relationship": "Outer", "Parallel Aware": false,"Join Type": "Inner", "Startup Cost": 806170.87,"Total Cost": 829960.35,"Plan Rows": 27,"Plan Width": 23, "Actual Startup Time": 5770.730,"Actual Total Time": 5981.423,"Actual Rows": 425, "Actual Loops": 1,"Inner Unique": false,"Hash Cond": "(an.person_id = n.id)", "Plans": [{ "Node Type": "Seq Scan","Parent Relationship": "Outer", "Parallel Aware": false,"Relation Name": "aka_name","Alias": "an","Startup Cost": 0.00, "Total Cost": 20409.43, "Plan Rows": 901343,"Plan Width": 4,"Actual Startup Time": 0.015, "Actual Total Time": 114.998, "Actual Rows": 901343,"Actual Loops": 1 },{ "Node Type": "Hash","Parent Relationship": "Inner", "Parallel Aware": false,"Startup Cost": 806170.73,"Total Cost": 806170.73,"Plan Rows": 11,"Plan Width": 31, "Actual Startup Time": 5766.102,"Actual Total Time": 5766.104,"Actual Rows": 727, "Actual Loops": 1,"Hash Buckets": 1024, "Original Hash Buckets": 1024,"Hash Batches": 1,"Original Hash Batches": 1, "Peak Memory Usage": 54,"Plans": [{ "Node Type": "Nested Loop", "Parent Relationship": "Outer", "Parallel Aware": false,"Join Type": "Inner", "Startup Cost": 19.36,"Total Cost": 806170.73,"Plan Rows": 11,"Plan Width": 31, "Actual Startup Time": 284.336, "Actual Total Time": 5765.759,"Actual Rows": 727, "Actual Loops": 1,"Inner Unique": true, "Plans": [{ "Node Type": "Hash Join", "Parent Relationship": "Outer", "Parallel Aware": false,"Join Type": "Inner", "Startup Cost": 18.93,"Total Cost": 798465.75,"Plan Rows": 4851,"Plan Width": 12, "Actual Startup Time": 253.160, "Actual Total Time": 5098.063,"Actual Rows": 276166,"Actual Loops": 1,"Inner Unique": true, "Hash Cond": "(ci.role_id = rt.id)","Plans": [{ "Node Type": "Seq Scan","Parent Relationship": "Outer", "Parallel Aware": false,"Relation Name": "cast_info", "Alias": "ci","Startup Cost": 0.00, "Total Cost": 796172.88,"Plan Rows": 861123,"Plan Width": 16, "Actual Startup Time": 0.023, "Actual Total Time": 4956.761,"Actual Rows": 867477,"Actual Loops": 1,"Filter": "((note)::text = ANY ('{(voice),\"(voice: Japanese version)\",\"(voice) (uncredited)\",\"(voice: English version)\"}'::text[]))", "Rows Removed by Filter": 35376867},{ "Node Type": "Hash","Parent Relationship": "Inner", "Parallel Aware": false,"Startup Cost": 18.88,"Total Cost": 18.88,"Plan Rows": 4, "Plan Width": 4,"Actual Startup Time": 0.024, "Actual Total Time": 0.025, "Actual Rows": 1, "Actual Loops": 1,"Hash Buckets": 1024, "Original Hash Buckets": 1024,"Hash Batches": 1,"Original Hash Batches": 1, "Peak Memory Usage": 9, "Plans": [{ "Node Type": "Seq Scan","Parent Relationship": "Outer", "Parallel Aware": false,"Relation Name": "role_type", "Alias": "rt","Startup Cost": 0.00, "Total Cost": 18.88,"Plan Rows": 4, "Plan Width": 4,"Actual Startup Time": 0.016, "Actual Total Time": 0.018, "Actual Rows": 1, "Actual Loops": 1,"Filter": "((role)::text = 'actress'::text)", "Rows Removed by Filter": 11} ] } ] },{ "Node Type": "Index Scan","Parent Relationship": "Inner", "Parallel Aware": false,"Scan Direction": "Forward","Index Name": "name_pkey","Relation Name": "name","Alias": "n", "Startup Cost": 0.43, "Total Cost": 1.59, "Plan Rows": 1, "Plan Width": 19, "Actual Startup Time": 0.002, "Actual Total Time": 0.002, "Actual Rows": 0, "Actual Loops": 276166, "Index Cond": "(id = ci.person_id)","Rows Removed by Index Recheck": 0, "Filter": "(((name)::text ~~ '%Ang%'::text) AND ((gender)::text = 'f'::text))", "Rows Removed by Filter": 1 } ] } ] } ] } ] } ] },{ "Node Type": "Index Scan","Parent Relationship": "Inner", "Parallel Aware": false,"Scan Direction": "Forward","Index Name": "company_name_pkey","Relation Name": "company_name","Alias": "cn","Startup Cost": 0.42, "Total Cost": 1.20, "Plan Rows": 1, "Plan Width": 4,"Actual Startup Time": 0.010, "Actual Total Time": 0.010, "Actual Rows": 1, "Actual Loops": 373,"Index Cond": "(id = mc.company_id)", "Rows Removed by Index Recheck": 0, "Filter": "((country_code)::text = '[us]'::text)","Rows Removed by Filter": 0 } ] },{ "Node Type": "Index Scan","Parent Relationship": "Inner", "Parallel Aware": false,"Scan Direction": "Forward","Index Name": "title_pkey", "Relation Name": "title", "Alias": "t", "Startup Cost": 0.43, "Total Cost": 1.43, "Plan Rows": 1, "Plan Width": 21, "Actual Startup Time": 0.009, "Actual Total Time": 0.009, "Actual Rows": 0, "Actual Loops": 359,"Index Cond": "(id = ci.movie_id)", "Rows Removed by Index Recheck": 0, "Filter": "((production_year >= 2005) AND (production_year <= 2009))","Rows Removed by Filter": 1 } ] },{ "Node Type": "Hash Join", "Parent Relationship": "Inner", "Parallel Aware": false,"Join Type": "Inner", "Startup Cost": 2.43, "Total Cost": 387514.01,"Plan Rows": 4108,"Plan Width": 4,"Actual Startup Time": 776.525, "Actual Total Time": 2891.520,"Actual Rows": 451039,"Actual Loops": 82, "Inner Unique": true, "Hash Cond": "(mi.info_type_id = it.id)", "Plans": [{ "Node Type": "Seq Scan","Parent Relationship": "Outer", "Parallel Aware": false,"Relation Name": "movie_info","Alias": "mi","Startup Cost": 0.00, "Total Cost": 386247.28,"Plan Rows": 464230,"Plan Width": 8,"Actual Startup Time": 343.406, "Actual Total Time": 2797.636,"Actual Rows": 451104,"Actual Loops": 82, "Filter": "((info IS NOT NULL) AND (((info)::text ~~ 'Japan:%200%'::text) OR ((info)::text ~~ 'USA:%200%'::text)))","Rows Removed by Filter": 14384616},{ "Node Type": "Hash","Parent Relationship": "Inner", "Parallel Aware": false,"Startup Cost": 2.41, "Total Cost": 2.41, "Plan Rows": 1, "Plan Width": 4,"Actual Startup Time": 0.023, "Actual Total Time": 0.024, "Actual Rows": 1, "Actual Loops": 1,"Hash Buckets": 1024, "Original Hash Buckets": 1024,"Hash Batches": 1,"Original Hash Batches": 1, "Peak Memory Usage": 9, "Plans": [{ "Node Type": "Seq Scan","Parent Relationship": "Outer", "Parallel Aware": false,"Relation Name": "info_type", "Alias": "it","Startup Cost": 0.00, "Total Cost": 2.41, "Plan Rows": 1, "Plan Width": 4,"Actual Startup Time": 0.014, "Actual Total Time": 0.021, "Actual Rows": 1, "Actual Loops": 1,"Filter": "((info)::text = 'release dates'::text)", "Rows Removed by Filter": 112 } ] } ] } ] },{ "Node Type": "Index Only Scan", "Parent Relationship": "Inner", "Parallel Aware": false,"Scan Direction": "Forward","Index Name": "char_name_pkey", "Relation Name": "char_name", "Alias": "chn", "Startup Cost": 0.43, "Total Cost": 1.46, "Plan Rows": 1, "Plan Width": 4,"Actual Startup Time": 0.014, "Actual Total Time": 0.014, "Actual Rows": 1, "Actual Loops": 189,"Index Cond": "(id = ci.person_role_id)", "Rows Removed by Index Recheck": 0, "Heap Fetches": 184 } ] } ] },"Planning Time": 12.300,"Triggers": [ ],"Execution Time": 246710.727}
