 {"Plan": {"Node Type": "Aggregate","Strategy": "Plain", "Partial Mode": "Simple","Parallel Aware": false, "Startup Cost": 1194974.88,"Total Cost": 1194974.89,"Plan Rows": 1,"Plan Width": 64,"Actual Startup Time": 11434.163,"Actual Total Time": 11434.169,"Actual Rows": 1,"Actual Loops": 1, "Plans": [ {"Node Type": "Nested Loop","Parent Relationship": "Outer","Parallel Aware": false, "Join Type": "Inner","Startup Cost": 714300.83, "Total Cost": 1194974.87,"Plan Rows": 1,"Plan Width": 32,"Actual Startup Time": 7787.322, "Actual Total Time": 11434.143,"Actual Rows": 15, "Actual Loops": 1, "Inner Unique": true,"Plans": [ {"Node Type": "Nested Loop","Parent Relationship": "Outer","Parallel Aware": false, "Join Type": "Inner","Startup Cost": 714300.41, "Total Cost": 1194973.60,"Plan Rows": 1,"Plan Width": 36,"Actual Startup Time": 7787.281, "Actual Total Time": 11434.012,"Actual Rows": 15, "Actual Loops": 1, "Inner Unique": false, "Join Filter": "(t.id = ci.movie_id)", "Rows Removed by Join Filter": 933,"Plans": [ {"Node Type": "Nested Loop","Parent Relationship": "Outer","Parallel Aware": false, "Join Type": "Inner","Startup Cost": 0.43,"Total Cost": 456883.07, "Plan Rows": 1,"Plan Width": 33,"Actual Startup Time": 3356.384, "Actual Total Time": 6223.493, "Actual Rows": 4,"Actual Loops": 1, "Inner Unique": false, "Join Filter": "(t.id = mc.movie_id)", "Rows Removed by Join Filter": 1191110,"Plans": [ {"Node Type": "Nested Loop","Parent Relationship": "Outer","Parallel Aware": false, "Join Type": "Inner","Startup Cost": 0.43,"Total Cost": 391114.41, "Plan Rows": 1,"Plan Width": 25,"Actual Startup Time": 844.642,"Actual Total Time": 3173.746, "Actual Rows": 6,"Actual Loops": 1, "Inner Unique": true,"Plans": [ {"Node Type": "Nested Loop","Parent Relationship": "Outer","Parallel Aware": false, "Join Type": "Inner","Startup Cost": 0.00,"Total Cost": 388190.35, "Plan Rows": 1374, "Plan Width": 4, "Actual Startup Time": 771.992,"Actual Total Time": 2789.937, "Actual Rows": 69478,"Actual Loops": 1, "Inner Unique": false, "Join Filter": "(it.id = mi.info_type_id)","Rows Removed by Join Filter": 0,"Plans": [ {"Node Type": "Seq Scan", "Parent Relationship": "Outer","Parallel Aware": false, "Relation Name": "info_type","Alias": "it", "Startup Cost": 0.00,"Total Cost": 2.41,"Plan Rows": 1,"Plan Width": 4, "Actual Startup Time": 0.018,"Actual Total Time": 0.028,"Actual Rows": 1,"Actual Loops": 1, "Filter": "((info)::text = 'release dates'::text)","Rows Removed by Filter": 112}, {"Node Type": "Seq Scan", "Parent Relationship": "Inner","Parallel Aware": false, "Relation Name": "movie_info", "Alias": "mi", "Startup Cost": 0.00,"Total Cost": 386247.28, "Plan Rows": 155253, "Plan Width": 8, "Actual Startup Time": 771.971,"Actual Total Time": 2779.562, "Actual Rows": 69478,"Actual Loops": 1, "Filter": "((info IS NOT NULL) AND (((info)::text ~~ 'Japan:%2007%'::text) OR ((info)::text ~~ 'USA:%2008%'::text)))", "Rows Removed by Filter": 14766242 }]}, {"Node Type": "Index Scan", "Parent Relationship": "Inner","Parallel Aware": false, "Scan Direction": "Forward", "Index Name": "title_pkey","Relation Name": "title","Alias": "t","Startup Cost": 0.43,"Total Cost": 2.13,"Plan Rows": 1,"Plan Width": 21,"Actual Startup Time": 0.005,"Actual Total Time": 0.005,"Actual Rows": 0,"Actual Loops": 69478, "Index Cond": "(id = mi.movie_id)","Rows Removed by Index Recheck": 0,"Filter": "((production_year >= 2007) AND (production_year <= 2008) AND ((title)::text ~~ '%Kung%Fu%Panda%'::text))","Rows Removed by Filter": 1}]}, {"Node Type": "Seq Scan", "Parent Relationship": "Inner","Parallel Aware": false, "Relation Name": "movie_companies","Alias": "mc", "Startup Cost": 0.00,"Total Cost": 64449.76,"Plan Rows": 105512, "Plan Width": 8, "Actual Startup Time": 0.810,"Actual Total Time": 491.752,"Actual Rows": 198519, "Actual Loops": 6, "Filter": "(((note)::text ~~ '%(200%)%'::text) AND (((note)::text ~~ '%(USA)%'::text) OR ((note)::text ~~ '%(worldwide)%'::text)))", "Rows Removed by Filter": 2410610}]}, {"Node Type": "Nested Loop","Parent Relationship": "Inner","Parallel Aware": false, "Join Type": "Inner","Startup Cost": 714299.98, "Total Cost": 738090.51, "Plan Rows": 1,"Plan Width": 19,"Actual Startup Time": 1093.611, "Actual Total Time": 1302.601, "Actual Rows": 237,"Actual Loops": 4, "Inner Unique": true,"Plans": [ {"Node Type": "Hash Join","Parent Relationship": "Outer","Parallel Aware": false, "Join Type": "Inner","Startup Cost": 714299.55, "Total Cost": 738089.02, "Plan Rows": 1,"Plan Width": 23,"Actual Startup Time": 1093.573, "Actual Total Time": 1301.527, "Actual Rows": 265,"Actual Loops": 4, "Inner Unique": false, "Hash Cond": "(an.person_id = n.id)","Plans": [ {"Node Type": "Seq Scan", "Parent Relationship": "Outer","Parallel Aware": false, "Relation Name": "aka_name", "Alias": "an", "Startup Cost": 0.00,"Total Cost": 20409.43,"Plan Rows": 901343, "Plan Width": 4, "Actual Startup Time": 0.010,"Actual Total Time": 113.354,"Actual Rows": 901343, "Actual Loops": 4}, {"Node Type": "Hash", "Parent Relationship": "Inner","Parallel Aware": false, "Startup Cost": 714299.53, "Total Cost": 714299.53, "Plan Rows": 1,"Plan Width": 31,"Actual Startup Time": 4357.164, "Actual Total Time": 4357.166, "Actual Rows": 453,"Actual Loops": 1, "Hash Buckets": 1024,"Original Hash Buckets": 1024, "Hash Batches": 1, "Original Hash Batches": 1,"Peak Memory Usage": 37, "Plans": [ {"Node Type": "Nested Loop","Parent Relationship": "Outer","Parallel Aware": false, "Join Type": "Inner","Startup Cost": 19.36, "Total Cost": 714299.53, "Plan Rows": 1,"Plan Width": 31,"Actual Startup Time": 244.191,"Actual Total Time": 4356.946, "Actual Rows": 453,"Actual Loops": 1, "Inner Unique": true,"Plans": [ {"Node Type": "Hash Join","Parent Relationship": "Outer","Parallel Aware": false, "Join Type": "Inner","Startup Cost": 18.93, "Total Cost": 707553.09, "Plan Rows": 4144, "Plan Width": 12,"Actual Startup Time": 212.375,"Actual Total Time": 3821.757, "Actual Rows": 222686, "Actual Loops": 1, "Inner Unique": true,"Hash Cond": "(ci.role_id = rt.id)", "Plans": [ {"Node Type": "Seq Scan", "Parent Relationship": "Outer","Parallel Aware": false, "Relation Name": "cast_info","Alias": "ci", "Startup Cost": 0.00,"Total Cost": 705591.90, "Plan Rows": 735518, "Plan Width": 16,"Actual Startup Time": 0.023,"Actual Total Time": 3708.137, "Actual Rows": 713828, "Actual Loops": 1, "Filter": "((note)::text = '(voice)'::text)","Rows Removed by Filter": 35530516 }, {"Node Type": "Hash", "Parent Relationship": "Inner","Parallel Aware": false, "Startup Cost": 18.88, "Total Cost": 18.88, "Plan Rows": 4,"Plan Width": 4, "Actual Startup Time": 0.022,"Actual Total Time": 0.022,"Actual Rows": 1,"Actual Loops": 1, "Hash Buckets": 1024,"Original Hash Buckets": 1024, "Hash Batches": 1, "Original Hash Batches": 1,"Peak Memory Usage": 9,"Plans": [ {"Node Type": "Seq Scan", "Parent Relationship": "Outer","Parallel Aware": false, "Relation Name": "role_type","Alias": "rt", "Startup Cost": 0.00,"Total Cost": 18.88, "Plan Rows": 4,"Plan Width": 4, "Actual Startup Time": 0.011,"Actual Total Time": 0.013,"Actual Rows": 1,"Actual Loops": 1, "Filter": "((role)::text = 'actress'::text)","Rows Removed by Filter": 11 }]}]}, {"Node Type": "Index Scan", "Parent Relationship": "Inner","Parallel Aware": false, "Scan Direction": "Forward", "Index Name": "name_pkey", "Relation Name": "name", "Alias": "n","Startup Cost": 0.43,"Total Cost": 1.63,"Plan Rows": 1,"Plan Width": 19,"Actual Startup Time": 0.002,"Actual Total Time": 0.002,"Actual Rows": 0,"Actual Loops": 222686,"Index Cond": "(id = ci.person_id)", "Rows Removed by Index Recheck": 0,"Filter": "(((name)::text ~~ '%Angel%'::text) AND ((gender)::text = 'f'::text))","Rows Removed by Filter": 1}]}]}]}, {"Node Type": "Index Only Scan","Parent Relationship": "Inner","Parallel Aware": false, "Scan Direction": "Forward", "Index Name": "char_name_pkey","Relation Name": "char_name","Alias": "chn","Startup Cost": 0.43,"Total Cost": 1.49,"Plan Rows": 1,"Plan Width": 4, "Actual Startup Time": 0.003,"Actual Total Time": 0.003,"Actual Rows": 1,"Actual Loops": 1060,"Index Cond": "(id = ci.person_role_id)","Rows Removed by Index Recheck": 0,"Heap Fetches": 948}]}]}, {"Node Type": "Index Scan", "Parent Relationship": "Inner","Parallel Aware": false, "Scan Direction": "Forward", "Index Name": "company_name_pkey", "Relation Name": "company_name", "Alias": "cn", "Startup Cost": 0.42,"Total Cost": 1.28,"Plan Rows": 1,"Plan Width": 4, "Actual Startup Time": 0.008,"Actual Total Time": 0.008,"Actual Rows": 1,"Actual Loops": 15,"Index Cond": "(id = mc.company_id)","Rows Removed by Index Recheck": 0,"Filter": "((country_code)::text = '[us]'::text)", "Rows Removed by Filter": 0}]}]}, "Planning Time": 12.089, "Triggers": [], "Execution Time": 11434.297} 
