 { "Plan": { "Node Type": "Aggregate", "Strategy": "Plain","Partial Mode": "Simple", "Parallel Aware": false,"Startup Cost": 80748.26, "Total Cost": 80748.27, "Plan Rows": 1, "Plan Width": 68, "Actual Startup Time": 952.177, "Actual Total Time": 952.180, "Actual Rows": 1, "Actual Loops": 1,"Plans": [{ "Node Type": "Nested Loop", "Parent Relationship": "Outer", "Parallel Aware": false,"Join Type": "Inner", "Startup Cost": 25668.25, "Total Cost": 80747.89, "Plan Rows": 50,"Plan Width": 45, "Actual Startup Time": 916.171, "Actual Total Time": 952.154, "Actual Rows": 3, "Actual Loops": 1,"Inner Unique": true, "Plans": [{ "Node Type": "Hash Join", "Parent Relationship": "Outer", "Parallel Aware": false,"Join Type": "Inner", "Startup Cost": 25667.82, "Total Cost": 80642.28, "Plan Rows": 180, "Plan Width": 32, "Actual Startup Time": 293.913, "Actual Total Time": 951.969, "Actual Rows": 5, "Actual Loops": 1,"Inner Unique": false,"Hash Cond": "(mc.movie_id = mi_idx.movie_id)", "Plans": [{ "Node Type": "Hash Join", "Parent Relationship": "Outer", "Parallel Aware": false,"Join Type": "Inner", "Startup Cost": 18.93,"Total Cost": 54963.25, "Plan Rows": 7553,"Plan Width": 28, "Actual Startup Time": 0.057, "Actual Total Time": 646.459, "Actual Rows": 140904,"Actual Loops": 1,"Inner Unique": true, "Hash Cond": "(mc.company_type_id = ct.id)","Plans": [{ "Node Type": "Seq Scan","Parent Relationship": "Outer", "Parallel Aware": false,"Relation Name": "movie_companies", "Alias": "mc","Startup Cost": 0.00, "Total Cost": 51404.11, "Plan Rows": 1340652, "Plan Width": 32, "Actual Startup Time": 0.029, "Actual Total Time": 506.160, "Actual Rows": 1337088, "Actual Loops": 1,"Filter": "((note)::text !~~ '%(as Metro-Goldwyn-Mayer Pictures)%'::text)", "Rows Removed by Filter": 1272041 },{ "Node Type": "Hash","Parent Relationship": "Inner", "Parallel Aware": false,"Startup Cost": 18.88,"Total Cost": 18.88,"Plan Rows": 4, "Plan Width": 4,"Actual Startup Time": 0.013, "Actual Total Time": 0.013, "Actual Rows": 1, "Actual Loops": 1,"Hash Buckets": 1024, "Original Hash Buckets": 1024,"Hash Batches": 1,"Original Hash Batches": 1, "Peak Memory Usage": 9, "Plans": [{ "Node Type": "Seq Scan","Parent Relationship": "Outer", "Parallel Aware": false,"Relation Name": "company_type","Alias": "ct","Startup Cost": 0.00, "Total Cost": 18.88,"Plan Rows": 4, "Plan Width": 4,"Actual Startup Time": 0.005, "Actual Total Time": 0.006, "Actual Rows": 1, "Actual Loops": 1,"Filter": "((kind)::text = 'production companies'::text)","Rows Removed by Filter": 3 } ] } ] },{ "Node Type": "Hash","Parent Relationship": "Inner", "Parallel Aware": false,"Startup Cost": 25496.24, "Total Cost": 25496.24, "Plan Rows": 12213, "Plan Width": 4,"Actual Startup Time": 291.274, "Actual Total Time": 291.275, "Actual Rows": 10,"Actual Loops": 1,"Hash Buckets": 16384,"Original Hash Buckets": 16384, "Hash Batches": 1,"Original Hash Batches": 1, "Peak Memory Usage": 129, "Plans": [{ "Node Type": "Hash Join", "Parent Relationship": "Outer", "Parallel Aware": false,"Join Type": "Inner", "Startup Cost": 2.43, "Total Cost": 25496.24, "Plan Rows": 12213, "Plan Width": 4,"Actual Startup Time": 49.623,"Actual Total Time": 291.270, "Actual Rows": 10,"Actual Loops": 1,"Inner Unique": true, "Hash Cond": "(mi_idx.info_type_id = it.id)", "Plans": [{ "Node Type": "Seq Scan","Parent Relationship": "Outer", "Parallel Aware": false,"Relation Name": "movie_info_idx","Alias": "mi_idx","Startup Cost": 0.00, "Total Cost": 21735.35, "Plan Rows": 1380035, "Plan Width": 8,"Actual Startup Time": 0.013, "Actual Total Time": 139.993, "Actual Rows": 1380035, "Actual Loops": 1 },{ "Node Type": "Hash","Parent Relationship": "Inner", "Parallel Aware": false,"Startup Cost": 2.41, "Total Cost": 2.41, "Plan Rows": 1, "Plan Width": 4,"Actual Startup Time": 0.017, "Actual Total Time": 0.017, "Actual Rows": 1, "Actual Loops": 1,"Hash Buckets": 1024, "Original Hash Buckets": 1024,"Hash Batches": 1,"Original Hash Batches": 1, "Peak Memory Usage": 9, "Plans": [{ "Node Type": "Seq Scan","Parent Relationship": "Outer", "Parallel Aware": false,"Relation Name": "info_type", "Alias": "it","Startup Cost": 0.00, "Total Cost": 2.41, "Plan Rows": 1, "Plan Width": 4,"Actual Startup Time": 0.012, "Actual Total Time": 0.013, "Actual Rows": 1, "Actual Loops": 1,"Filter": "((info)::text = 'bottom 10 rank'::text)","Rows Removed by Filter": 112 } ] } ] } ] } ] },{ "Node Type": "Index Scan","Parent Relationship": "Inner", "Parallel Aware": false,"Scan Direction": "Forward","Index Name": "title_pkey", "Relation Name": "title", "Alias": "t", "Startup Cost": 0.43, "Total Cost": 0.59, "Plan Rows": 1, "Plan Width": 25, "Actual Startup Time": 0.033, "Actual Total Time": 0.033, "Actual Rows": 1, "Actual Loops": 5,"Index Cond": "(id = mc.movie_id)", "Rows Removed by Index Recheck": 0, "Filter": "((production_year >= 2005) AND (production_year <= 2010))","Rows Removed by Filter": 0 } ] } ] },"Planning Time": 1.275, "Triggers": [ ],"Execution Time": 952.314 }
