 { "Plan": { "Node Type": "Aggregate", "Strategy": "Plain","Partial Mode": "Simple", "Parallel Aware": false,"Startup Cost": 80748.17, "Total Cost": 80748.18, "Plan Rows": 1, "Plan Width": 68, "Actual Startup Time": 933.915, "Actual Total Time": 933.918, "Actual Rows": 1, "Actual Loops": 1,"Plans": [{ "Node Type": "Nested Loop", "Parent Relationship": "Outer", "Parallel Aware": false,"Join Type": "Inner", "Startup Cost": 25668.25, "Total Cost": 80747.44, "Plan Rows": 98,"Plan Width": 45, "Actual Startup Time": 316.755, "Actual Total Time": 933.902, "Actual Rows": 4, "Actual Loops": 1,"Inner Unique": true, "Plans": [{ "Node Type": "Hash Join", "Parent Relationship": "Outer", "Parallel Aware": false,"Join Type": "Inner", "Startup Cost": 25667.82, "Total Cost": 80642.28, "Plan Rows": 180, "Plan Width": 32, "Actual Startup Time": 287.111, "Actual Total Time": 933.810, "Actual Rows": 5, "Actual Loops": 1,"Inner Unique": false,"Hash Cond": "(mc.movie_id = mi_idx.movie_id)", "Plans": [{ "Node Type": "Hash Join", "Parent Relationship": "Outer", "Parallel Aware": false,"Join Type": "Inner", "Startup Cost": 18.93,"Total Cost": 54963.25, "Plan Rows": 7553,"Plan Width": 28, "Actual Startup Time": 0.049, "Actual Total Time": 634.331, "Actual Rows": 140904,"Actual Loops": 1,"Inner Unique": true, "Hash Cond": "(mc.company_type_id = ct.id)","Plans": [{ "Node Type": "Seq Scan","Parent Relationship": "Outer", "Parallel Aware": false,"Relation Name": "movie_companies", "Alias": "mc","Startup Cost": 0.00, "Total Cost": 51404.11, "Plan Rows": 1340652, "Plan Width": 32, "Actual Startup Time": 0.026, "Actual Total Time": 494.301, "Actual Rows": 1337088, "Actual Loops": 1,"Filter": "((note)::text !~~ '%(as Metro-Goldwyn-Mayer Pictures)%'::text)", "Rows Removed by Filter": 1272041 },{ "Node Type": "Hash","Parent Relationship": "Inner", "Parallel Aware": false,"Startup Cost": 18.88,"Total Cost": 18.88,"Plan Rows": 4, "Plan Width": 4,"Actual Startup Time": 0.010, "Actual Total Time": 0.011, "Actual Rows": 1, "Actual Loops": 1,"Hash Buckets": 1024, "Original Hash Buckets": 1024,"Hash Batches": 1,"Original Hash Batches": 1, "Peak Memory Usage": 9, "Plans": [{ "Node Type": "Seq Scan","Parent Relationship": "Outer", "Parallel Aware": false,"Relation Name": "company_type","Alias": "ct","Startup Cost": 0.00, "Total Cost": 18.88,"Plan Rows": 4, "Plan Width": 4,"Actual Startup Time": 0.004, "Actual Total Time": 0.005, "Actual Rows": 1, "Actual Loops": 1,"Filter": "((kind)::text = 'production companies'::text)","Rows Removed by Filter": 3 } ] } ] },{ "Node Type": "Hash","Parent Relationship": "Inner", "Parallel Aware": false,"Startup Cost": 25496.24, "Total Cost": 25496.24, "Plan Rows": 12213, "Plan Width": 4,"Actual Startup Time": 284.369, "Actual Total Time": 284.370, "Actual Rows": 10,"Actual Loops": 1,"Hash Buckets": 16384,"Original Hash Buckets": 16384, "Hash Batches": 1,"Original Hash Batches": 1, "Peak Memory Usage": 129, "Plans": [{ "Node Type": "Hash Join", "Parent Relationship": "Outer", "Parallel Aware": false,"Join Type": "Inner", "Startup Cost": 2.43, "Total Cost": 25496.24, "Plan Rows": 12213, "Plan Width": 4,"Actual Startup Time": 48.197,"Actual Total Time": 284.364, "Actual Rows": 10,"Actual Loops": 1,"Inner Unique": true, "Hash Cond": "(mi_idx.info_type_id = it.id)", "Plans": [{ "Node Type": "Seq Scan","Parent Relationship": "Outer", "Parallel Aware": false,"Relation Name": "movie_info_idx","Alias": "mi_idx","Startup Cost": 0.00, "Total Cost": 21735.35, "Plan Rows": 1380035, "Plan Width": 8,"Actual Startup Time": 0.016, "Actual Total Time": 132.675, "Actual Rows": 1380035, "Actual Loops": 1 },{ "Node Type": "Hash","Parent Relationship": "Inner", "Parallel Aware": false,"Startup Cost": 2.41, "Total Cost": 2.41, "Plan Rows": 1, "Plan Width": 4,"Actual Startup Time": 0.019, "Actual Total Time": 0.019, "Actual Rows": 1, "Actual Loops": 1,"Hash Buckets": 1024, "Original Hash Buckets": 1024,"Hash Batches": 1,"Original Hash Batches": 1, "Peak Memory Usage": 9, "Plans": [{ "Node Type": "Seq Scan","Parent Relationship": "Outer", "Parallel Aware": false,"Relation Name": "info_type", "Alias": "it","Startup Cost": 0.00, "Total Cost": 2.41, "Plan Rows": 1, "Plan Width": 4,"Actual Startup Time": 0.015, "Actual Total Time": 0.015, "Actual Rows": 1, "Actual Loops": 1,"Filter": "((info)::text = 'bottom 10 rank'::text)","Rows Removed by Filter": 112 } ] } ] } ] } ] },{ "Node Type": "Index Scan","Parent Relationship": "Inner", "Parallel Aware": false,"Scan Direction": "Forward","Index Name": "title_pkey", "Relation Name": "title", "Alias": "t", "Startup Cost": 0.43, "Total Cost": 0.58, "Plan Rows": 1, "Plan Width": 25, "Actual Startup Time": 0.016, "Actual Total Time": 0.016, "Actual Rows": 1, "Actual Loops": 5,"Index Cond": "(id = mc.movie_id)", "Rows Removed by Index Recheck": 0, "Filter": "(production_year > 2000)", "Rows Removed by Filter": 0 } ] } ] },"Planning Time": 1.135, "Triggers": [ ],"Execution Time": 934.008 }
