 {"Plan": {"Node Type": "Aggregate","Strategy": "Plain", "Partial Mode": "Simple","Parallel Aware": false, "Startup Cost": 595967.06, "Total Cost": 595967.07, "Plan Rows": 1,"Plan Width": 96,"Actual Startup Time": 1508098.554,"Actual Total Time": 1508098.562,"Actual Rows": 1,"Actual Loops": 1, "Plans": [ {"Node Type": "Nested Loop","Parent Relationship": "Outer","Parallel Aware": false, "Join Type": "Inner","Startup Cost": 2664.80, "Total Cost": 595967.05, "Plan Rows": 1,"Plan Width": 118, "Actual Startup Time": 10443.279,"Actual Total Time": 1508094.173,"Actual Rows": 1410, "Actual Loops": 1, "Inner Unique": true,"Join Filter": "(ml.movie_id = t.id)", "Rows Removed by Join Filter": 0,"Plans": [ {"Node Type": "Nested Loop","Parent Relationship": "Outer","Parallel Aware": false, "Join Type": "Inner","Startup Cost": 2664.37, "Total Cost": 595966.54, "Plan Rows": 1,"Plan Width": 117, "Actual Startup Time": 10443.223,"Actual Total Time": 1508072.337,"Actual Rows": 1816, "Actual Loops": 1, "Inner Unique": false, "Join Filter": "(ml.movie_id = mi.movie_id)","Rows Removed by Join Filter": 61864778, "Plans": [ {"Node Type": "Nested Loop","Parent Relationship": "Outer","Parallel Aware": false, "Join Type": "Inner","Startup Cost": 2664.37, "Total Cost": 133117.08, "Plan Rows": 1,"Plan Width": 113, "Actual Startup Time": 10416.454,"Actual Total Time": 136158.639, "Actual Rows": 402,"Actual Loops": 1, "Inner Unique": true,"Plans": [ {"Node Type": "Nested Loop","Parent Relationship": "Outer","Parallel Aware": false, "Join Type": "Inner","Startup Cost": 2663.95, "Total Cost": 133116.62, "Plan Rows": 1,"Plan Width": 98,"Actual Startup Time": 1279.671, "Actual Total Time": 136141.499, "Actual Rows": 962,"Actual Loops": 1, "Inner Unique": false, "Join Filter": "(mc.movie_id = ml.movie_id)","Rows Removed by Join Filter": 237590710,"Plans": [ {"Node Type": "Nested Loop","Parent Relationship": "Outer","Parallel Aware": false, "Join Type": "Inner","Startup Cost": 2645.02, "Total Cost": 84777.70,"Plan Rows": 1,"Plan Width": 90,"Actual Startup Time": 980.796,"Actual Total Time": 4221.136, "Actual Rows": 199,"Actual Loops": 1, "Inner Unique": false, "Join Filter": "(mk.movie_id = ml.movie_id)","Rows Removed by Join Filter": 24409161, "Plans": [ {"Node Type": "Hash Join","Parent Relationship": "Outer","Parallel Aware": false, "Join Type": "Inner","Startup Cost": 18.89, "Total Cost": 561.07,"Plan Rows": 42, "Plan Width": 86,"Actual Startup Time": 0.077,"Actual Total Time": 9.450,"Actual Rows": 2315, "Actual Loops": 1, "Inner Unique": true,"Hash Cond": "(ml.link_type_id = lt.id)","Plans": [ {"Node Type": "Seq Scan", "Parent Relationship": "Outer","Parallel Aware": false, "Relation Name": "movie_link", "Alias": "ml", "Startup Cost": 0.00,"Total Cost": 462.97,"Plan Rows": 29997,"Plan Width": 8, "Actual Startup Time": 0.024,"Actual Total Time": 4.732,"Actual Rows": 29997,"Actual Loops": 1}, {"Node Type": "Hash", "Parent Relationship": "Inner","Parallel Aware": false, "Startup Cost": 18.88, "Total Cost": 18.88, "Plan Rows": 1,"Plan Width": 86,"Actual Startup Time": 0.027,"Actual Total Time": 0.028,"Actual Rows": 2,"Actual Loops": 1, "Hash Buckets": 1024,"Original Hash Buckets": 1024, "Hash Batches": 1, "Original Hash Batches": 1,"Peak Memory Usage": 9,"Plans": [ {"Node Type": "Seq Scan", "Parent Relationship": "Outer","Parallel Aware": false, "Relation Name": "link_type","Alias": "lt", "Startup Cost": 0.00,"Total Cost": 18.88, "Plan Rows": 1,"Plan Width": 86,"Actual Startup Time": 0.017,"Actual Total Time": 0.020,"Actual Rows": 2,"Actual Loops": 1, "Filter": "((link)::text ~~ '%follow%'::text)","Rows Removed by Filter": 16 }]}]}, {"Node Type": "Materialize","Parent Relationship": "Inner","Parallel Aware": false, "Startup Cost": 2626.14, "Total Cost": 84195.30,"Plan Rows": 34, "Plan Width": 4, "Actual Startup Time": 0.006,"Actual Total Time": 0.978,"Actual Rows": 10544,"Actual Loops": 2315,"Plans": [ {"Node Type": "Hash Join","Parent Relationship": "Outer","Parallel Aware": false, "Join Type": "Inner","Startup Cost": 2626.14, "Total Cost": 84195.13,"Plan Rows": 34, "Plan Width": 4, "Actual Startup Time": 12.498, "Actual Total Time": 944.437,"Actual Rows": 10544,"Actual Loops": 1, "Inner Unique": true,"Hash Cond": "(mk.keyword_id = k.id)", "Plans": [ {"Node Type": "Seq Scan", "Parent Relationship": "Outer","Parallel Aware": false, "Relation Name": "movie_keyword","Alias": "mk", "Startup Cost": 0.00,"Total Cost": 69693.30,"Plan Rows": 4523930,"Plan Width": 8, "Actual Startup Time": 0.013,"Actual Total Time": 440.606,"Actual Rows": 4523930,"Actual Loops": 1}, {"Node Type": "Hash", "Parent Relationship": "Inner","Parallel Aware": false, "Startup Cost": 2626.12, "Total Cost": 2626.12, "Plan Rows": 1,"Plan Width": 4, "Actual Startup Time": 12.258, "Actual Total Time": 12.258, "Actual Rows": 1,"Actual Loops": 1, "Hash Buckets": 1024,"Original Hash Buckets": 1024, "Hash Batches": 1, "Original Hash Batches": 1,"Peak Memory Usage": 9,"Plans": [ {"Node Type": "Seq Scan", "Parent Relationship": "Outer","Parallel Aware": false, "Relation Name": "keyword","Alias": "k","Startup Cost": 0.00,"Total Cost": 2626.12, "Plan Rows": 1,"Plan Width": 4, "Actual Startup Time": 0.712,"Actual Total Time": 12.257, "Actual Rows": 1,"Actual Loops": 1, "Filter": "((keyword)::text = 'sequel'::text)","Rows Removed by Filter": 134169 }]}]}]}]}, {"Node Type": "Hash Join","Parent Relationship": "Inner","Parallel Aware": false, "Join Type": "Inner","Startup Cost": 18.93, "Total Cost": 48249.59,"Plan Rows": 7146, "Plan Width": 8, "Actual Startup Time": 0.013,"Actual Total Time": 576.103,"Actual Rows": 1193928,"Actual Loops": 199, "Inner Unique": true,"Hash Cond": "(mc.company_type_id = ct.id)", "Plans": [ {"Node Type": "Seq Scan", "Parent Relationship": "Outer","Parallel Aware": false, "Relation Name": "movie_companies","Alias": "mc", "Startup Cost": 0.00,"Total Cost": 44881.29,"Plan Rows": 1268385,"Plan Width": 12,"Actual Startup Time": 0.012,"Actual Total Time": 321.697,"Actual Rows": 1271989,"Actual Loops": 199, "Filter": "(note IS NULL)","Rows Removed by Filter": 1337140}, {"Node Type": "Hash", "Parent Relationship": "Inner","Parallel Aware": false, "Startup Cost": 18.88, "Total Cost": 18.88, "Plan Rows": 4,"Plan Width": 4, "Actual Startup Time": 0.030,"Actual Total Time": 0.030,"Actual Rows": 1,"Actual Loops": 1, "Hash Buckets": 1024,"Original Hash Buckets": 1024, "Hash Batches": 1, "Original Hash Batches": 1,"Peak Memory Usage": 9,"Plans": [ {"Node Type": "Seq Scan", "Parent Relationship": "Outer","Parallel Aware": false, "Relation Name": "company_type", "Alias": "ct", "Startup Cost": 0.00,"Total Cost": 18.88, "Plan Rows": 4,"Plan Width": 4, "Actual Startup Time": 0.020,"Actual Total Time": 0.021,"Actual Rows": 1,"Actual Loops": 1, "Filter": "((kind)::text = 'production companies'::text)", "Rows Removed by Filter": 3}]}]}]}, {"Node Type": "Index Scan", "Parent Relationship": "Inner","Parallel Aware": false, "Scan Direction": "Forward", "Index Name": "company_name_pkey", "Relation Name": "company_name", "Alias": "cn", "Startup Cost": 0.42,"Total Cost": 0.46,"Plan Rows": 1,"Plan Width": 23,"Actual Startup Time": 0.014,"Actual Total Time": 0.014,"Actual Rows": 0,"Actual Loops": 962, "Index Cond": "(id = mc.company_id)","Rows Removed by Index Recheck": 0,"Filter": "(((country_code)::text <> '[pl]'::text) AND (((name)::text ~~ '%Film%'::text) OR ((name)::text ~~ '%Warner%'::text)))", "Rows Removed by Filter": 1}]}, {"Node Type": "Seq Scan", "Parent Relationship": "Inner","Parallel Aware": false, "Relation Name": "movie_info", "Alias": "mi", "Startup Cost": 0.00,"Total Cost": 460998.70, "Plan Rows": 148061, "Plan Width": 4, "Actual Startup Time": 25.107, "Actual Total Time": 3400.350, "Actual Rows": 153897, "Actual Loops": 402, "Filter": "((info)::text = ANY ('{Sweden,Norway,Germany,Denmark,Swedish,Denish,Norwegian,German}'::text[]))","Rows Removed by Filter": 14681823 }]}, {"Node Type": "Index Scan", "Parent Relationship": "Inner","Parallel Aware": false, "Scan Direction": "Forward", "Index Name": "title_pkey","Relation Name": "title","Alias": "t","Startup Cost": 0.43,"Total Cost": 0.49,"Plan Rows": 1,"Plan Width": 21,"Actual Startup Time": 0.008,"Actual Total Time": 0.008,"Actual Rows": 1,"Actual Loops": 1816,"Index Cond": "(id = mk.movie_id)","Rows Removed by Index Recheck": 0,"Filter": "((production_year >= 1950) AND (production_year <= 2000))", "Rows Removed by Filter": 0}]}]}, "Planning Time": 8.048,"Triggers": [], "Execution Time": 1508098.747} 
