 {"Plan": {"Node Type": "Aggregate","Strategy": "Plain", "Partial Mode": "Simple","Parallel Aware": false, "Startup Cost": 560857.12, "Total Cost": 560857.13, "Plan Rows": 1,"Plan Width": 96,"Actual Startup Time": 3959229.563,"Actual Total Time": 3959229.642,"Actual Rows": 1,"Actual Loops": 1, "Plans": [ {"Node Type": "Nested Loop","Parent Relationship": "Outer","Parallel Aware": false, "Join Type": "Inner","Startup Cost": 146626.04, "Total Cost": 560857.11, "Plan Rows": 1,"Plan Width": 41,"Actual Startup Time": 4017.886, "Actual Total Time": 3959228.365,"Actual Rows": 148,"Actual Loops": 1, "Inner Unique": true,"Plans": [ {"Node Type": "Nested Loop","Parent Relationship": "Outer","Parallel Aware": false, "Join Type": "Inner","Startup Cost": 146625.62, "Total Cost": 560856.56, "Plan Rows": 1,"Plan Width": 26,"Actual Startup Time": 4017.874, "Actual Total Time": 3959226.313,"Actual Rows": 150,"Actual Loops": 1, "Inner Unique": true,"Plans": [ {"Node Type": "Nested Loop","Parent Relationship": "Outer","Parallel Aware": false, "Join Type": "Inner","Startup Cost": 146625.48, "Total Cost": 560856.38, "Plan Rows": 1,"Plan Width": 30,"Actual Startup Time": 4017.734, "Actual Total Time": 3959222.217,"Actual Rows": 151,"Actual Loops": 1, "Inner Unique": false, "Join Filter": "(t.id = mi.movie_id)", "Rows Removed by Join Filter": 190887707,"Plans": [ {"Node Type": "Nested Loop","Parent Relationship": "Outer","Parallel Aware": false, "Join Type": "Inner","Startup Cost": 146625.48, "Total Cost": 172941.04, "Plan Rows": 1,"Plan Width": 46,"Actual Startup Time": 1684.355, "Actual Total Time": 2078.825, "Actual Rows": 1422, "Actual Loops": 1, "Inner Unique": true,"Plans": [ {"Node Type": "Hash Join","Parent Relationship": "Outer","Parallel Aware": false, "Join Type": "Inner","Startup Cost": 146625.34, "Total Cost": 172940.86, "Plan Rows": 1,"Plan Width": 50,"Actual Startup Time": 1684.340, "Actual Total Time": 2044.870, "Actual Rows": 1693, "Actual Loops": 1, "Inner Unique": false, "Hash Cond": "(mi_idx.movie_id = t.id)", "Plans": [ {"Node Type": "Seq Scan", "Parent Relationship": "Outer","Parallel Aware": false, "Relation Name": "movie_info_idx", "Alias": "mi_idx", "Startup Cost": 0.00,"Total Cost": 25185.44,"Plan Rows": 301352, "Plan Width": 13,"Actual Startup Time": 0.034,"Actual Total Time": 320.429,"Actual Rows": 299976, "Actual Loops": 1, "Filter": "((info)::text > '6.5'::text)","Rows Removed by Filter": 1080059}, {"Node Type": "Hash", "Parent Relationship": "Inner","Parallel Aware": false, "Startup Cost": 146625.33, "Total Cost": 146625.33, "Plan Rows": 1,"Plan Width": 37,"Actual Startup Time": 1684.259, "Actual Total Time": 1684.336, "Actual Rows": 1735, "Actual Loops": 1, "Hash Buckets": 2048,"Original Hash Buckets": 1024, "Hash Batches": 1, "Original Hash Batches": 1,"Peak Memory Usage": 134,"Plans": [ {"Node Type": "Nested Loop","Parent Relationship": "Outer","Parallel Aware": false, "Join Type": "Inner","Startup Cost": 87491.70,"Total Cost": 146625.33, "Plan Rows": 1,"Plan Width": 37,"Actual Startup Time": 1154.524, "Actual Total Time": 1683.817, "Actual Rows": 1735, "Actual Loops": 1, "Inner Unique": true,"Plans": [ {"Node Type": "Nested Loop","Parent Relationship": "Outer","Parallel Aware": false, "Join Type": "Inner","Startup Cost": 87491.55,"Total Cost": 146625.15, "Plan Rows": 1,"Plan Width": 41,"Actual Startup Time": 1154.493, "Actual Total Time": 1681.301, "Actual Rows": 1856, "Actual Loops": 1, "Inner Unique": true,"Plans": [ {"Node Type": "Nested Loop","Parent Relationship": "Outer","Parallel Aware": false, "Join Type": "Inner","Startup Cost": 87491.12,"Total Cost": 146624.66, "Plan Rows": 1,"Plan Width": 16,"Actual Startup Time": 1131.852, "Actual Total Time": 1655.170, "Actual Rows": 9908, "Actual Loops": 1, "Inner Unique": true,"Plans": [ {"Node Type": "Nested Loop","Parent Relationship": "Outer","Parallel Aware": false, "Join Type": "Inner","Startup Cost": 87490.97,"Total Cost": 146616.31, "Plan Rows": 49, "Plan Width": 20,"Actual Startup Time": 1131.839, "Actual Total Time": 1615.888, "Actual Rows": 33990,"Actual Loops": 1, "Inner Unique": true,"Plans": [ {"Node Type": "Hash Join","Parent Relationship": "Outer","Parallel Aware": false, "Join Type": "Inner","Startup Cost": 87490.82,"Total Cost": 146608.08, "Plan Rows": 49, "Plan Width": 24,"Actual Startup Time": 1131.790, "Actual Total Time": 1578.127, "Actual Rows": 33990,"Actual Loops": 1, "Inner Unique": false, "Hash Cond": "(mc.movie_id = mk.movie_id)","Plans": [ {"Node Type": "Seq Scan", "Parent Relationship": "Outer","Parallel Aware": false, "Relation Name": "movie_companies","Alias": "mc", "Startup Cost": 0.00,"Total Cost": 57926.93,"Plan Rows": 135982, "Plan Width": 12,"Actual Startup Time": 0.402,"Actual Total Time": 520.243,"Actual Rows": 303271, "Actual Loops": 1, "Filter": "(((note)::text !~~ '%(USA)%'::text) AND ((note)::text ~~ '%(200%)%'::text))", "Rows Removed by Filter": 2305858}, {"Node Type": "Hash", "Parent Relationship": "Inner","Parallel Aware": false, "Startup Cost": 87488.49,"Total Cost": 87488.49,"Plan Rows": 186,"Plan Width": 12,"Actual Startup Time": 1012.896, "Actual Total Time": 1012.898, "Actual Rows": 10536,"Actual Loops": 1, "Hash Buckets": 16384, "Original Hash Buckets": 1024, "Hash Batches": 1, "Original Hash Batches": 1,"Peak Memory Usage": 581,"Plans": [ {"Node Type": "Hash Join","Parent Relationship": "Outer","Parallel Aware": false, "Join Type": "Inner","Startup Cost": 84559.98,"Total Cost": 87488.49,"Plan Rows": 186,"Plan Width": 12,"Actual Startup Time": 969.256,"Actual Total Time": 1010.933, "Actual Rows": 10536,"Actual Loops": 1, "Inner Unique": true,"Hash Cond": "(cc.status_id = cct2.id)", "Plans": [ {"Node Type": "Hash Join","Parent Relationship": "Outer","Parallel Aware": false, "Join Type": "Inner","Startup Cost": 84532.28,"Total Cost": 87460.30,"Plan Rows": 187,"Plan Width": 16,"Actual Startup Time": 969.221,"Actual Total Time": 1007.623, "Actual Rows": 20024,"Actual Loops": 1, "Inner Unique": false, "Hash Cond": "(cc.movie_id = mk.movie_id)","Plans": [ {"Node Type": "Seq Scan", "Parent Relationship": "Outer","Parallel Aware": false, "Relation Name": "complete_cast","Alias": "cc", "Startup Cost": 0.00,"Total Cost": 2081.86, "Plan Rows": 135086, "Plan Width": 12,"Actual Startup Time": 0.013,"Actual Total Time": 16.691, "Actual Rows": 135086, "Actual Loops": 1}, {"Node Type": "Hash", "Parent Relationship": "Inner","Parallel Aware": false, "Startup Cost": 84530.59,"Total Cost": 84530.59,"Plan Rows": 135,"Plan Width": 4, "Actual Startup Time": 969.198,"Actual Total Time": 969.199,"Actual Rows": 37091,"Actual Loops": 1, "Hash Buckets": 65536, "Original Hash Buckets": 1024, "Hash Batches": 1, "Original Hash Batches": 1,"Peak Memory Usage": 1816, "Plans": [ {"Node Type": "Hash Join","Parent Relationship": "Outer","Parallel Aware": false, "Join Type": "Inner","Startup Cost": 2961.60, "Total Cost": 84530.59,"Plan Rows": 135,"Plan Width": 4, "Actual Startup Time": 22.987, "Actual Total Time": 962.405,"Actual Rows": 37091,"Actual Loops": 1, "Inner Unique": true,"Hash Cond": "(mk.keyword_id = k.id)", "Plans": [ {"Node Type": "Seq Scan", "Parent Relationship": "Outer","Parallel Aware": false, "Relation Name": "movie_keyword","Alias": "mk", "Startup Cost": 0.00,"Total Cost": 69693.30,"Plan Rows": 4523930,"Plan Width": 8, "Actual Startup Time": 0.015,"Actual Total Time": 443.155,"Actual Rows": 4523930,"Actual Loops": 1}, {"Node Type": "Hash", "Parent Relationship": "Inner","Parallel Aware": false, "Startup Cost": 2961.55, "Total Cost": 2961.55, "Plan Rows": 4,"Plan Width": 4, "Actual Startup Time": 22.941, "Actual Total Time": 22.942, "Actual Rows": 3,"Actual Loops": 1, "Hash Buckets": 1024,"Original Hash Buckets": 1024, "Hash Batches": 1, "Original Hash Batches": 1,"Peak Memory Usage": 9,"Plans": [ {"Node Type": "Seq Scan", "Parent Relationship": "Outer","Parallel Aware": false, "Relation Name": "keyword","Alias": "k","Startup Cost": 0.00,"Total Cost": 2961.55, "Plan Rows": 4,"Plan Width": 4, "Actual Startup Time": 1.114,"Actual Total Time": 22.936, "Actual Rows": 3,"Actual Loops": 1, "Filter": "((keyword)::text = ANY ('{murder,murder-in-title,blood,violence}'::text[]))", "Rows Removed by Filter": 134167 }]}]}]}]}, {"Node Type": "Hash", "Parent Relationship": "Inner","Parallel Aware": false, "Startup Cost": 18.88, "Total Cost": 18.88, "Plan Rows": 706,"Plan Width": 4, "Actual Startup Time": 0.011,"Actual Total Time": 0.011,"Actual Rows": 3,"Actual Loops": 1, "Hash Buckets": 1024,"Original Hash Buckets": 1024, "Hash Batches": 1, "Original Hash Batches": 1,"Peak Memory Usage": 9,"Plans": [ {"Node Type": "Seq Scan", "Parent Relationship": "Outer","Parallel Aware": false, "Relation Name": "comp_cast_type", "Alias": "cct2", "Startup Cost": 0.00,"Total Cost": 18.88, "Plan Rows": 706,"Plan Width": 4, "Actual Startup Time": 0.007,"Actual Total Time": 0.008,"Actual Rows": 3,"Actual Loops": 1, "Filter": "((kind)::text <> 'complete+verified'::text)", "Rows Removed by Filter": 1}]}]}]}]}, {"Node Type": "Index Only Scan","Parent Relationship": "Inner","Parallel Aware": false, "Scan Direction": "Forward", "Index Name": "company_type_pkey", "Relation Name": "company_type", "Alias": "ct", "Startup Cost": 0.15,"Total Cost": 0.17,"Plan Rows": 1,"Plan Width": 4, "Actual Startup Time": 0.001,"Actual Total Time": 0.001,"Actual Rows": 1,"Actual Loops": 33990, "Index Cond": "(id = mc.company_type_id)", "Rows Removed by Index Recheck": 0,"Heap Fetches": 33990}]}, {"Node Type": "Index Scan", "Parent Relationship": "Inner","Parallel Aware": false, "Scan Direction": "Forward", "Index Name": "comp_cast_type_pkey", "Relation Name": "comp_cast_type", "Alias": "cct1", "Startup Cost": 0.15,"Total Cost": 0.17,"Plan Rows": 1,"Plan Width": 4, "Actual Startup Time": 0.001,"Actual Total Time": 0.001,"Actual Rows": 0,"Actual Loops": 33990, "Index Cond": "(id = cc.subject_id)","Rows Removed by Index Recheck": 0,"Filter": "((kind)::text = 'crew'::text)", "Rows Removed by Filter": 1}]}, {"Node Type": "Index Scan", "Parent Relationship": "Inner","Parallel Aware": false, "Scan Direction": "Forward", "Index Name": "title_pkey","Relation Name": "title","Alias": "t","Startup Cost": 0.43,"Total Cost": 0.49,"Plan Rows": 1,"Plan Width": 25,"Actual Startup Time": 0.002,"Actual Total Time": 0.002,"Actual Rows": 0,"Actual Loops": 9908,"Index Cond": "(id = mk.movie_id)","Rows Removed by Index Recheck": 0,"Filter": "(production_year > 2005)","Rows Removed by Filter": 1}]}, {"Node Type": "Index Scan", "Parent Relationship": "Inner","Parallel Aware": false, "Scan Direction": "Forward", "Index Name": "kind_type_pkey","Relation Name": "kind_type","Alias": "kt", "Startup Cost": 0.15,"Total Cost": 0.17,"Plan Rows": 1,"Plan Width": 4, "Actual Startup Time": 0.001,"Actual Total Time": 0.001,"Actual Rows": 1,"Actual Loops": 1856,"Index Cond": "(id = t.kind_id)","Rows Removed by Index Recheck": 0,"Filter": "((kind)::text = ANY ('{movie,episode}'::text[]))","Rows Removed by Filter": 0}]}]}]}, {"Node Type": "Index Scan", "Parent Relationship": "Inner","Parallel Aware": false, "Scan Direction": "Forward", "Index Name": "info_type_pkey","Relation Name": "info_type","Alias": "it2","Startup Cost": 0.14,"Total Cost": 0.16,"Plan Rows": 1,"Plan Width": 4, "Actual Startup Time": 0.013,"Actual Total Time": 0.013,"Actual Rows": 1,"Actual Loops": 1693,"Index Cond": "(id = mi_idx.info_type_id)","Rows Removed by Index Recheck": 0,"Filter": "((info)::text = 'rating'::text)", "Rows Removed by Filter": 0}]}, {"Node Type": "Seq Scan", "Parent Relationship": "Inner","Parallel Aware": false, "Relation Name": "movie_info", "Alias": "mi", "Startup Cost": 0.00,"Total Cost": 386247.28, "Plan Rows": 133445, "Plan Width": 8, "Actual Startup Time": 0.119,"Actual Total Time": 2771.994, "Actual Rows": 134239, "Actual Loops": 1422,"Filter": "((info)::text = ANY ('{Sweden,Germany,Swedish,German}'::text[]))","Rows Removed by Filter": 14701481 }]}, {"Node Type": "Index Scan", "Parent Relationship": "Inner","Parallel Aware": false, "Scan Direction": "Forward", "Index Name": "info_type_pkey","Relation Name": "info_type","Alias": "it1","Startup Cost": 0.14,"Total Cost": 0.16,"Plan Rows": 1,"Plan Width": 4, "Actual Startup Time": 0.016,"Actual Total Time": 0.016,"Actual Rows": 1,"Actual Loops": 151, "Index Cond": "(id = mi.info_type_id)","Rows Removed by Index Recheck": 0,"Filter": "((info)::text = 'countries'::text)","Rows Removed by Filter": 0}]}, {"Node Type": "Index Scan", "Parent Relationship": "Inner","Parallel Aware": false, "Scan Direction": "Forward", "Index Name": "company_name_pkey", "Relation Name": "company_name", "Alias": "cn", "Startup Cost": 0.42,"Total Cost": 0.55,"Plan Rows": 1,"Plan Width": 23,"Actual Startup Time": 0.011,"Actual Total Time": 0.011,"Actual Rows": 1,"Actual Loops": 150, "Index Cond": "(id = mc.company_id)","Rows Removed by Index Recheck": 0,"Filter": "((country_code)::text <> '[us]'::text)","Rows Removed by Filter": 0}]}]}, "Planning Time": 42.184, "Triggers": [], "Execution Time": 3959230.541} 
