 {"Plan": {"Node Type": "Aggregate","Strategy": "Plain", "Partial Mode": "Simple","Parallel Aware": false, "Startup Cost": 678137.13, "Total Cost": 678137.14, "Plan Rows": 1,"Plan Width": 96,"Actual Startup Time": 451655.412, "Actual Total Time": 451655.420, "Actual Rows": 1,"Actual Loops": 1, "Plans": [ {"Node Type": "Nested Loop","Parent Relationship": "Outer","Parallel Aware": false, "Join Type": "Inner","Startup Cost": 647906.89, "Total Cost": 678137.12, "Plan Rows": 1,"Plan Width": 41,"Actual Startup Time": 451139.649, "Actual Total Time": 451652.099, "Actual Rows": 8373, "Actual Loops": 1, "Inner Unique": true,"Plans": [ {"Node Type": "Hash Join","Parent Relationship": "Outer","Parallel Aware": false, "Join Type": "Inner","Startup Cost": 647906.75, "Total Cost": 678136.94, "Plan Rows": 1,"Plan Width": 45,"Actual Startup Time": 451139.559, "Actual Total Time": 451622.963, "Actual Rows": 24852,"Actual Loops": 1, "Inner Unique": false, "Hash Cond": "(mi_idx.movie_id = t.id)", "Plans": [ {"Node Type": "Seq Scan", "Parent Relationship": "Outer","Parallel Aware": false, "Relation Name": "movie_info_idx", "Alias": "mi_idx", "Startup Cost": 0.00,"Total Cost": 25185.44,"Plan Rows": 1345264,"Plan Width": 13,"Actual Startup Time": 0.041,"Actual Total Time": 346.995,"Actual Rows": 1342886,"Actual Loops": 1, "Filter": "((info)::text < '8.5'::text)","Rows Removed by Filter": 37149}, {"Node Type": "Hash", "Parent Relationship": "Inner","Parallel Aware": false, "Startup Cost": 647906.74, "Total Cost": 647906.74, "Plan Rows": 1,"Plan Width": 56,"Actual Startup Time": 451138.198, "Actual Total Time": 451138.206, "Actual Rows": 8493, "Actual Loops": 1, "Hash Buckets": 16384, "Original Hash Buckets": 1024, "Hash Batches": 1, "Original Hash Batches": 1,"Peak Memory Usage": 893,"Plans": [ {"Node Type": "Nested Loop","Parent Relationship": "Outer","Parallel Aware": false, "Join Type": "Inner","Startup Cost": 87143.54,"Total Cost": 647906.74, "Plan Rows": 1,"Plan Width": 56,"Actual Startup Time": 7428.821, "Actual Total Time": 451132.314, "Actual Rows": 8493, "Actual Loops": 1, "Inner Unique": true,"Plans": [ {"Node Type": "Nested Loop","Parent Relationship": "Outer","Parallel Aware": false, "Join Type": "Inner","Startup Cost": 87143.12,"Total Cost": 647906.19, "Plan Rows": 1,"Plan Width": 41,"Actual Startup Time": 7428.802, "Actual Total Time": 451088.571, "Actual Rows": 8897, "Actual Loops": 1, "Inner Unique": true,"Plans": [ {"Node Type": "Nested Loop","Parent Relationship": "Outer","Parallel Aware": false, "Join Type": "Inner","Startup Cost": 87142.97,"Total Cost": 647906.02, "Plan Rows": 1,"Plan Width": 45,"Actual Startup Time": 7428.698, "Actual Total Time": 451068.635, "Actual Rows": 8897, "Actual Loops": 1, "Inner Unique": false, "Join Filter": "(t.id = mc.movie_id)", "Rows Removed by Join Filter": 252615846,"Plans": [ {"Node Type": "Nested Loop","Parent Relationship": "Outer","Parallel Aware": false, "Join Type": "Inner","Startup Cost": 87142.97,"Total Cost": 588279.31, "Plan Rows": 1,"Plan Width": 33,"Actual Startup Time": 4065.533, "Actual Total Time": 4971.580, "Actual Rows": 833,"Actual Loops": 1, "Inner Unique": true,"Plans": [ {"Node Type": "Nested Loop","Parent Relationship": "Outer","Parallel Aware": false, "Join Type": "Inner","Startup Cost": 87142.82,"Total Cost": 588279.13, "Plan Rows": 1,"Plan Width": 37,"Actual Startup Time": 4065.520, "Actual Total Time": 4966.316, "Actual Rows": 1068, "Actual Loops": 1, "Inner Unique": true,"Plans": [ {"Node Type": "Hash Join","Parent Relationship": "Outer","Parallel Aware": false, "Join Type": "Inner","Startup Cost": 87142.68,"Total Cost": 588278.95, "Plan Rows": 1,"Plan Width": 41,"Actual Startup Time": 1098.037, "Actual Total Time": 4953.617, "Actual Rows": 1195, "Actual Loops": 1, "Inner Unique": false, "Hash Cond": "(mi.movie_id = t.id)", "Plans": [ {"Node Type": "Seq Scan", "Parent Relationship": "Outer","Parallel Aware": false, "Relation Name": "movie_info", "Alias": "mi", "Startup Cost": 0.00,"Total Cost": 498374.41, "Plan Rows": 736493, "Plan Width": 8, "Actual Startup Time": 0.179,"Actual Total Time": 3788.703, "Actual Rows": 716210, "Actual Loops": 1, "Filter": "((info)::text = ANY ('{Sweden,Norway,Germany,Denmark,Swedish,Danish,Norwegian,German,USA,American}'::text[]))", "Rows Removed by Filter": 14119510 }, {"Node Type": "Hash", "Parent Relationship": "Inner","Parallel Aware": false, "Startup Cost": 87142.66,"Total Cost": 87142.66,"Plan Rows": 1,"Plan Width": 33,"Actual Startup Time": 1076.697, "Actual Total Time": 1076.702, "Actual Rows": 1195, "Actual Loops": 1, "Hash Buckets": 2048,"Original Hash Buckets": 1024, "Hash Batches": 1, "Original Hash Batches": 1,"Peak Memory Usage": 91, "Plans": [ {"Node Type": "Nested Loop","Parent Relationship": "Outer","Parallel Aware": false, "Join Type": "Inner","Startup Cost": 84551.79,"Total Cost": 87142.66,"Plan Rows": 1,"Plan Width": 33,"Actual Startup Time": 971.865,"Actual Total Time": 1076.287, "Actual Rows": 1195, "Actual Loops": 1, "Inner Unique": true,"Plans": [ {"Node Type": "Nested Loop","Parent Relationship": "Outer","Parallel Aware": false, "Join Type": "Inner","Startup Cost": 84551.64,"Total Cost": 87142.49,"Plan Rows": 1,"Plan Width": 37,"Actual Startup Time": 971.790,"Actual Total Time": 1074.355, "Actual Rows": 1356, "Actual Loops": 1, "Inner Unique": true,"Plans": [ {"Node Type": "Hash Join","Parent Relationship": "Outer","Parallel Aware": false, "Join Type": "Inner","Startup Cost": 84551.21,"Total Cost": 87142.00,"Plan Rows": 1,"Plan Width": 12,"Actual Startup Time": 971.642,"Actual Total Time": 1015.180, "Actual Rows": 10536,"Actual Loops": 1, "Inner Unique": true,"Hash Cond": "(cc.status_id = cct2.id)", "Plans": [ {"Node Type": "Hash Join","Parent Relationship": "Outer","Parallel Aware": false, "Join Type": "Inner","Startup Cost": 84532.28,"Total Cost": 87122.58,"Plan Rows": 187,"Plan Width": 16,"Actual Startup Time": 971.602,"Actual Total Time": 1011.821, "Actual Rows": 20024,"Actual Loops": 1, "Inner Unique": false, "Hash Cond": "(cc.movie_id = mk.movie_id)","Plans": [ {"Node Type": "Seq Scan", "Parent Relationship": "Outer","Parallel Aware": false, "Relation Name": "complete_cast","Alias": "cc", "Startup Cost": 0.00,"Total Cost": 2081.86, "Plan Rows": 135086, "Plan Width": 12,"Actual Startup Time": 0.006,"Actual Total Time": 15.341, "Actual Rows": 135086, "Actual Loops": 1}, {"Node Type": "Hash", "Parent Relationship": "Inner","Parallel Aware": false, "Startup Cost": 84530.59,"Total Cost": 84530.59,"Plan Rows": 135,"Plan Width": 4, "Actual Startup Time": 971.588,"Actual Total Time": 971.589,"Actual Rows": 37091,"Actual Loops": 1, "Hash Buckets": 65536, "Original Hash Buckets": 1024, "Hash Batches": 1, "Original Hash Batches": 1,"Peak Memory Usage": 1816, "Plans": [ {"Node Type": "Hash Join","Parent Relationship": "Outer","Parallel Aware": false, "Join Type": "Inner","Startup Cost": 2961.60, "Total Cost": 84530.59,"Plan Rows": 135,"Plan Width": 4, "Actual Startup Time": 21.917, "Actual Total Time": 964.482,"Actual Rows": 37091,"Actual Loops": 1, "Inner Unique": true,"Hash Cond": "(mk.keyword_id = k.id)", "Plans": [ {"Node Type": "Seq Scan", "Parent Relationship": "Outer","Parallel Aware": false, "Relation Name": "movie_keyword","Alias": "mk", "Startup Cost": 0.00,"Total Cost": 69693.30,"Plan Rows": 4523930,"Plan Width": 8, "Actual Startup Time": 0.007,"Actual Total Time": 446.406,"Actual Rows": 4523930,"Actual Loops": 1}, {"Node Type": "Hash", "Parent Relationship": "Inner","Parallel Aware": false, "Startup Cost": 2961.55, "Total Cost": 2961.55, "Plan Rows": 4,"Plan Width": 4, "Actual Startup Time": 21.879, "Actual Total Time": 21.880, "Actual Rows": 3,"Actual Loops": 1, "Hash Buckets": 1024,"Original Hash Buckets": 1024, "Hash Batches": 1, "Original Hash Batches": 1,"Peak Memory Usage": 9,"Plans": [ {"Node Type": "Seq Scan", "Parent Relationship": "Outer","Parallel Aware": false, "Relation Name": "keyword","Alias": "k","Startup Cost": 0.00,"Total Cost": 2961.55, "Plan Rows": 4,"Plan Width": 4, "Actual Startup Time": 1.017,"Actual Total Time": 21.874, "Actual Rows": 3,"Actual Loops": 1, "Filter": "((keyword)::text = ANY ('{murder,murder-in-title,blood,violence}'::text[]))", "Rows Removed by Filter": 134167 }]}]}]}]}, {"Node Type": "Hash", "Parent Relationship": "Inner","Parallel Aware": false, "Startup Cost": 18.88, "Total Cost": 18.88, "Plan Rows": 4,"Plan Width": 4, "Actual Startup Time": 0.012,"Actual Total Time": 0.012,"Actual Rows": 1,"Actual Loops": 1, "Hash Buckets": 1024,"Original Hash Buckets": 1024, "Hash Batches": 1, "Original Hash Batches": 1,"Peak Memory Usage": 9,"Plans": [ {"Node Type": "Seq Scan", "Parent Relationship": "Outer","Parallel Aware": false, "Relation Name": "comp_cast_type", "Alias": "cct2", "Startup Cost": 0.00,"Total Cost": 18.88, "Plan Rows": 4,"Plan Width": 4, "Actual Startup Time": 0.006,"Actual Total Time": 0.006,"Actual Rows": 1,"Actual Loops": 1, "Filter": "((kind)::text = 'complete'::text)", "Rows Removed by Filter": 3}]}]}, {"Node Type": "Index Scan", "Parent Relationship": "Inner","Parallel Aware": false, "Scan Direction": "Forward", "Index Name": "title_pkey","Relation Name": "title","Alias": "t","Startup Cost": 0.43,"Total Cost": 0.49,"Plan Rows": 1,"Plan Width": 25,"Actual Startup Time": 0.005,"Actual Total Time": 0.005,"Actual Rows": 0,"Actual Loops": 10536, "Index Cond": "(id = mk.movie_id)","Rows Removed by Index Recheck": 0,"Filter": "(production_year > 2005)","Rows Removed by Filter": 1}]}, {"Node Type": "Index Scan", "Parent Relationship": "Inner","Parallel Aware": false, "Scan Direction": "Forward", "Index Name": "kind_type_pkey","Relation Name": "kind_type","Alias": "kt", "Startup Cost": 0.15,"Total Cost": 0.17,"Plan Rows": 1,"Plan Width": 4, "Actual Startup Time": 0.001,"Actual Total Time": 0.001,"Actual Rows": 1,"Actual Loops": 1356,"Index Cond": "(id = t.kind_id)","Rows Removed by Index Recheck": 0,"Filter": "((kind)::text = ANY ('{movie,episode}'::text[]))","Rows Removed by Filter": 0}]}]}]}, {"Node Type": "Index Scan", "Parent Relationship": "Inner","Parallel Aware": false, "Scan Direction": "Forward", "Index Name": "info_type_pkey","Relation Name": "info_type","Alias": "it1","Startup Cost": 0.14,"Total Cost": 0.16,"Plan Rows": 1,"Plan Width": 4, "Actual Startup Time": 0.007,"Actual Total Time": 0.007,"Actual Rows": 1,"Actual Loops": 1195,"Index Cond": "(id = mi.info_type_id)","Rows Removed by Index Recheck": 0,"Filter": "((info)::text = 'countries'::text)","Rows Removed by Filter": 0}]}, {"Node Type": "Index Scan", "Parent Relationship": "Inner","Parallel Aware": false, "Scan Direction": "Forward", "Index Name": "comp_cast_type_pkey", "Relation Name": "comp_cast_type", "Alias": "cct1", "Startup Cost": 0.15,"Total Cost": 0.17,"Plan Rows": 1,"Plan Width": 4, "Actual Startup Time": 0.003,"Actual Total Time": 0.003,"Actual Rows": 1,"Actual Loops": 1068,"Index Cond": "(id = cc.subject_id)","Rows Removed by Index Recheck": 0,"Filter": "((kind)::text = 'cast'::text)", "Rows Removed by Filter": 0}]}, {"Node Type": "Seq Scan", "Parent Relationship": "Inner","Parallel Aware": false, "Relation Name": "movie_companies","Alias": "mc", "Startup Cost": 0.00,"Total Cost": 57926.93,"Plan Rows": 135982, "Plan Width": 12,"Actual Startup Time": 0.391,"Actual Total Time": 510.260,"Actual Rows": 303271, "Actual Loops": 833, "Filter": "(((note)::text !~~ '%(USA)%'::text) AND ((note)::text ~~ '%(200%)%'::text))", "Rows Removed by Filter": 2305858}]}, {"Node Type": "Index Only Scan","Parent Relationship": "Inner","Parallel Aware": false, "Scan Direction": "Forward", "Index Name": "company_type_pkey", "Relation Name": "company_type", "Alias": "ct", "Startup Cost": 0.15,"Total Cost": 0.17,"Plan Rows": 1,"Plan Width": 4, "Actual Startup Time": 0.001,"Actual Total Time": 0.001,"Actual Rows": 1,"Actual Loops": 8897,"Index Cond": "(id = mc.company_type_id)", "Rows Removed by Index Recheck": 0,"Heap Fetches": 8897 }]}, {"Node Type": "Index Scan", "Parent Relationship": "Inner","Parallel Aware": false, "Scan Direction": "Forward", "Index Name": "company_name_pkey", "Relation Name": "company_name", "Alias": "cn", "Startup Cost": 0.42,"Total Cost": 0.55,"Plan Rows": 1,"Plan Width": 23,"Actual Startup Time": 0.004,"Actual Total Time": 0.004,"Actual Rows": 1,"Actual Loops": 8897,"Index Cond": "(id = mc.company_id)","Rows Removed by Index Recheck": 0,"Filter": "((country_code)::text <> '[us]'::text)","Rows Removed by Filter": 0}]}]}]}, {"Node Type": "Index Scan", "Parent Relationship": "Inner","Parallel Aware": false, "Scan Direction": "Forward", "Index Name": "info_type_pkey","Relation Name": "info_type","Alias": "it2","Startup Cost": 0.14,"Total Cost": 0.16,"Plan Rows": 1,"Plan Width": 4, "Actual Startup Time": 0.001,"Actual Total Time": 0.001,"Actual Rows": 0,"Actual Loops": 24852, "Index Cond": "(id = mi_idx.info_type_id)","Rows Removed by Index Recheck": 0,"Filter": "((info)::text = 'rating'::text)", "Rows Removed by Filter": 1}]}]}, "Planning Time": 42.395, "Triggers": [], "Execution Time": 451655.941 } 
