 {"Plan": {"Node Type": "Aggregate","Strategy": "Plain", "Partial Mode": "Simple","Parallel Aware": false, "Startup Cost": 585552.21, "Total Cost": 585552.22, "Plan Rows": 1,"Plan Width": 32,"Actual Startup Time": 4988.251, "Actual Total Time": 4988.255, "Actual Rows": 1,"Actual Loops": 1, "Plans": [ {"Node Type": "Hash Join","Parent Relationship": "Outer","Parallel Aware": false, "Join Type": "Inner","Startup Cost": 84413.59,"Total Cost": 585550.73, "Plan Rows": 590,"Plan Width": 17,"Actual Startup Time": 1919.036, "Actual Total Time": 4986.541, "Actual Rows": 7250, "Actual Loops": 1, "Inner Unique": false, "Hash Cond": "(mi.movie_id = t.id)", "Plans": [ {"Node Type": "Seq Scan", "Parent Relationship": "Outer","Parallel Aware": false, "Relation Name": "movie_info", "Alias": "mi", "Startup Cost": 0.00,"Total Cost": 498374.41, "Plan Rows": 736493, "Plan Width": 4, "Actual Startup Time": 318.546,"Actual Total Time": 3848.682, "Actual Rows": 706674, "Actual Loops": 1, "Filter": "((info)::text = ANY ('{Sweden,Norway,Germany,Denmark,Swedish,Denish,Norwegian,German,USA,American}'::text[]))", "Rows Removed by Filter": 14129046 }, {"Node Type": "Hash", "Parent Relationship": "Inner","Parallel Aware": false, "Startup Cost": 84409.81,"Total Cost": 84409.81,"Plan Rows": 303,"Plan Width": 25,"Actual Startup Time": 1043.702, "Actual Total Time": 1043.704, "Actual Rows": 7874, "Actual Loops": 1, "Hash Buckets": 8192,"Original Hash Buckets": 1024, "Hash Batches": 1, "Original Hash Batches": 1,"Peak Memory Usage": 571,"Plans": [ {"Node Type": "Nested Loop","Parent Relationship": "Outer","Parallel Aware": false, "Join Type": "Inner","Startup Cost": 2626.72, "Total Cost": 84409.81,"Plan Rows": 303,"Plan Width": 25,"Actual Startup Time": 27.291, "Actual Total Time": 1041.431, "Actual Rows": 7874, "Actual Loops": 1, "Inner Unique": true,"Plans": [ {"Node Type": "Hash Join","Parent Relationship": "Outer","Parallel Aware": false, "Join Type": "Inner","Startup Cost": 2626.29, "Total Cost": 84195.28,"Plan Rows": 438,"Plan Width": 4, "Actual Startup Time": 25.164, "Actual Total Time": 1002.747, "Actual Rows": 12951,"Actual Loops": 1, "Inner Unique": true,"Hash Cond": "(mk.keyword_id = k.id)", "Plans": [ {"Node Type": "Seq Scan", "Parent Relationship": "Outer","Parallel Aware": false, "Relation Name": "movie_keyword","Alias": "mk", "Startup Cost": 0.00,"Total Cost": 69693.30,"Plan Rows": 4523930,"Plan Width": 8, "Actual Startup Time": 0.027,"Actual Total Time": 483.787,"Actual Rows": 4523930,"Actual Loops": 1}, {"Node Type": "Hash", "Parent Relationship": "Inner","Parallel Aware": false, "Startup Cost": 2626.12, "Total Cost": 2626.12, "Plan Rows": 13, "Plan Width": 4, "Actual Startup Time": 24.665, "Actual Total Time": 24.666, "Actual Rows": 30, "Actual Loops": 1, "Hash Buckets": 1024,"Original Hash Buckets": 1024, "Hash Batches": 1, "Original Hash Batches": 1,"Peak Memory Usage": 10, "Plans": [ {"Node Type": "Seq Scan", "Parent Relationship": "Outer","Parallel Aware": false, "Relation Name": "keyword","Alias": "k","Startup Cost": 0.00,"Total Cost": 2626.12, "Plan Rows": 13, "Plan Width": 4, "Actual Startup Time": 1.333,"Actual Total Time": 24.646, "Actual Rows": 30, "Actual Loops": 1, "Filter": "((keyword)::text ~~ '%sequel%'::text)", "Rows Removed by Filter": 134140 }]}]}, {"Node Type": "Index Scan", "Parent Relationship": "Inner","Parallel Aware": false, "Scan Direction": "Forward", "Index Name": "title_pkey","Relation Name": "title","Alias": "t","Startup Cost": 0.43,"Total Cost": 0.49,"Plan Rows": 1,"Plan Width": 21,"Actual Startup Time": 0.003,"Actual Total Time": 0.003,"Actual Rows": 1,"Actual Loops": 12951, "Index Cond": "(id = mk.movie_id)","Rows Removed by Index Recheck": 0,"Filter": "(production_year > 1990)","Rows Removed by Filter": 0}]}]}]}]}, "Planning Time": 1.284,"Triggers": [], "Execution Time": 4988.339 } 
