 {"Plan": {"Node Type": "Aggregate","Strategy": "Plain", "Partial Mode": "Simple","Parallel Aware": false, "Startup Cost": 836216.74, "Total Cost": 836216.75, "Plan Rows": 1,"Plan Width": 96,"Actual Startup Time": 8973.729, "Actual Total Time": 8973.733, "Actual Rows": 1,"Actual Loops": 1, "Plans": [ {"Node Type": "Nested Loop","Parent Relationship": "Outer","Parallel Aware": false, "Join Type": "Inner","Startup Cost": 85334.18,"Total Cost": 836216.74, "Plan Rows": 1,"Plan Width": 48,"Actual Startup Time": 8606.962, "Actual Total Time": 8973.712, "Actual Rows": 12, "Actual Loops": 1, "Inner Unique": true,"Plans": [ {"Node Type": "Hash Join","Parent Relationship": "Outer","Parallel Aware": false, "Join Type": "Inner","Startup Cost": 85333.75,"Total Cost": 836216.28, "Plan Rows": 1,"Plan Width": 37,"Actual Startup Time": 1189.340, "Actual Total Time": 8968.841, "Actual Rows": 383,"Actual Loops": 1, "Inner Unique": false, "Hash Cond": "(ci.movie_id = t.id)", "Plans": [ {"Node Type": "Seq Scan", "Parent Relationship": "Outer","Parallel Aware": false, "Relation Name": "cast_info","Alias": "ci", "Startup Cost": 0.00,"Total Cost": 615010.92, "Plan Rows": 36232392, "Plan Width": 8, "Actual Startup Time": 0.025,"Actual Total Time": 3803.877, "Actual Rows": 36244344, "Actual Loops": 1}, {"Node Type": "Hash", "Parent Relationship": "Inner","Parallel Aware": false, "Startup Cost": 85333.74,"Total Cost": 85333.74,"Plan Rows": 1,"Plan Width": 41,"Actual Startup Time": 1164.348, "Actual Total Time": 1164.352, "Actual Rows": 36, "Actual Loops": 1, "Hash Buckets": 1024,"Original Hash Buckets": 1024, "Hash Batches": 1, "Original Hash Batches": 1,"Peak Memory Usage": 11, "Plans": [ {"Node Type": "Nested Loop","Parent Relationship": "Outer","Parallel Aware": false, "Join Type": "Inner","Startup Cost": 3632.93, "Total Cost": 85333.74,"Plan Rows": 1,"Plan Width": 41,"Actual Startup Time": 266.600,"Actual Total Time": 1164.313, "Actual Rows": 36, "Actual Loops": 1, "Inner Unique": true,"Plans": [ {"Node Type": "Hash Join","Parent Relationship": "Outer","Parallel Aware": false, "Join Type": "Inner","Startup Cost": 3632.50, "Total Cost": 85201.49,"Plan Rows": 270,"Plan Width": 20,"Actual Startup Time": 29.660, "Actual Total Time": 1018.374, "Actual Rows": 35548,"Actual Loops": 1, "Inner Unique": true,"Hash Cond": "(mk.keyword_id = k.id)", "Plans": [ {"Node Type": "Seq Scan", "Parent Relationship": "Outer","Parallel Aware": false, "Relation Name": "movie_keyword","Alias": "mk", "Startup Cost": 0.00,"Total Cost": 69693.30,"Plan Rows": 4523930,"Plan Width": 8, "Actual Startup Time": 0.015,"Actual Total Time": 488.768,"Actual Rows": 4523930,"Actual Loops": 1}, {"Node Type": "Hash", "Parent Relationship": "Inner","Parallel Aware": false, "Startup Cost": 3632.40, "Total Cost": 3632.40, "Plan Rows": 8,"Plan Width": 20,"Actual Startup Time": 29.588, "Actual Total Time": 29.589, "Actual Rows": 8,"Actual Loops": 1, "Hash Buckets": 1024,"Original Hash Buckets": 1024, "Hash Batches": 1, "Original Hash Batches": 1,"Peak Memory Usage": 9,"Plans": [ {"Node Type": "Seq Scan", "Parent Relationship": "Outer","Parallel Aware": false, "Relation Name": "keyword","Alias": "k","Startup Cost": 0.00,"Total Cost": 3632.40, "Plan Rows": 8,"Plan Width": 20,"Actual Startup Time": 0.105,"Actual Total Time": 29.579, "Actual Rows": 8,"Actual Loops": 1, "Filter": "((keyword)::text = ANY ('{superhero,sequel,second-part,marvel-comics,based-on-comic,tv-special,fight,violence}'::text[]))", "Rows Removed by Filter": 134162 }]}]}, {"Node Type": "Index Scan", "Parent Relationship": "Inner","Parallel Aware": false, "Scan Direction": "Forward", "Index Name": "title_pkey","Relation Name": "title","Alias": "t","Startup Cost": 0.43,"Total Cost": 0.49,"Plan Rows": 1,"Plan Width": 21,"Actual Startup Time": 0.004,"Actual Total Time": 0.004,"Actual Rows": 0,"Actual Loops": 35548, "Index Cond": "(id = mk.movie_id)","Rows Removed by Index Recheck": 0,"Filter": "(production_year > 2014)","Rows Removed by Filter": 1}]}]}]}, {"Node Type": "Index Scan", "Parent Relationship": "Inner","Parallel Aware": false, "Scan Direction": "Forward", "Index Name": "name_pkey", "Relation Name": "name", "Alias": "n","Startup Cost": 0.43,"Total Cost": 0.46,"Plan Rows": 1,"Plan Width": 19,"Actual Startup Time": 0.012,"Actual Total Time": 0.012,"Actual Rows": 0,"Actual Loops": 383, "Index Cond": "(id = ci.person_id)", "Rows Removed by Index Recheck": 0,"Filter": "((name)::text ~~ '%Downey%Robert%'::text)", "Rows Removed by Filter": 1}]}]}, "Planning Time": 1.456,"Triggers": [], "Execution Time": 8973.816 } 
