 {"Plan": {"Node Type": "Aggregate","Strategy": "Plain", "Partial Mode": "Simple","Parallel Aware": false, "Startup Cost": 835094.79, "Total Cost": 835094.80, "Plan Rows": 1,"Plan Width": 96,"Actual Startup Time": 8716.295, "Actual Total Time": 8716.396, "Actual Rows": 1,"Actual Loops": 1, "Plans": [ {"Node Type": "Nested Loop","Parent Relationship": "Outer","Parallel Aware": false, "Join Type": "Inner","Startup Cost": 84212.23,"Total Cost": 835094.79, "Plan Rows": 1,"Plan Width": 48,"Actual Startup Time": 8351.944, "Actual Total Time": 8716.286, "Actual Rows": 2,"Actual Loops": 1, "Inner Unique": true,"Plans": [ {"Node Type": "Hash Join","Parent Relationship": "Outer","Parallel Aware": false, "Join Type": "Inner","Startup Cost": 84211.80,"Total Cost": 835094.33, "Plan Rows": 1,"Plan Width": 37,"Actual Startup Time": 972.217,"Actual Total Time": 8715.515, "Actual Rows": 33, "Actual Loops": 1, "Inner Unique": false, "Hash Cond": "(ci.movie_id = t.id)", "Plans": [ {"Node Type": "Seq Scan", "Parent Relationship": "Outer","Parallel Aware": false, "Relation Name": "cast_info","Alias": "ci", "Startup Cost": 0.00,"Total Cost": 615010.92, "Plan Rows": 36232392, "Plan Width": 8, "Actual Startup Time": 0.018,"Actual Total Time": 3780.854, "Actual Rows": 36244344, "Actual Loops": 1}, {"Node Type": "Hash", "Parent Relationship": "Inner","Parallel Aware": false, "Startup Cost": 84211.78,"Total Cost": 84211.78,"Plan Rows": 1,"Plan Width": 41,"Actual Startup Time": 947.114,"Actual Total Time": 947.213,"Actual Rows": 2,"Actual Loops": 1, "Hash Buckets": 1024,"Original Hash Buckets": 1024, "Hash Batches": 1, "Original Hash Batches": 1,"Peak Memory Usage": 9,"Plans": [ {"Node Type": "Nested Loop","Parent Relationship": "Outer","Parallel Aware": false, "Join Type": "Inner","Startup Cost": 2626.57, "Total Cost": 84211.78,"Plan Rows": 1,"Plan Width": 41,"Actual Startup Time": 206.272,"Actual Total Time": 947.207,"Actual Rows": 2,"Actual Loops": 1, "Inner Unique": true,"Plans": [ {"Node Type": "Hash Join","Parent Relationship": "Outer","Parallel Aware": false, "Join Type": "Inner","Startup Cost": 2626.14, "Total Cost": 84195.13,"Plan Rows": 34, "Plan Width": 20,"Actual Startup Time": 206.232,"Actual Total Time": 946.817,"Actual Rows": 14, "Actual Loops": 1, "Inner Unique": true,"Hash Cond": "(mk.keyword_id = k.id)", "Plans": [ {"Node Type": "Seq Scan", "Parent Relationship": "Outer","Parallel Aware": false, "Relation Name": "movie_keyword","Alias": "mk", "Startup Cost": 0.00,"Total Cost": 69693.30,"Plan Rows": 4523930,"Plan Width": 8, "Actual Startup Time": 0.013,"Actual Total Time": 439.814,"Actual Rows": 4523930,"Actual Loops": 1}, {"Node Type": "Hash", "Parent Relationship": "Inner","Parallel Aware": false, "Startup Cost": 2626.12, "Total Cost": 2626.12, "Plan Rows": 1,"Plan Width": 20,"Actual Startup Time": 12.473, "Actual Total Time": 12.474, "Actual Rows": 1,"Actual Loops": 1, "Hash Buckets": 1024,"Original Hash Buckets": 1024, "Hash Batches": 1, "Original Hash Batches": 1,"Peak Memory Usage": 9,"Plans": [ {"Node Type": "Seq Scan", "Parent Relationship": "Outer","Parallel Aware": false, "Relation Name": "keyword","Alias": "k","Startup Cost": 0.00,"Total Cost": 2626.12, "Plan Rows": 1,"Plan Width": 20,"Actual Startup Time": 0.333,"Actual Total Time": 12.471, "Actual Rows": 1,"Actual Loops": 1, "Filter": "((keyword)::text = 'marvel-cinematic-universe'::text)", "Rows Removed by Filter": 134169 }]}]}, {"Node Type": "Index Scan", "Parent Relationship": "Inner","Parallel Aware": false, "Scan Direction": "Forward", "Index Name": "title_pkey","Relation Name": "title","Alias": "t","Startup Cost": 0.43,"Total Cost": 0.49,"Plan Rows": 1,"Plan Width": 21,"Actual Startup Time": 0.018,"Actual Total Time": 0.025,"Actual Rows": 0,"Actual Loops": 14,"Index Cond": "(id = mk.movie_id)","Rows Removed by Index Recheck": 0,"Filter": "(production_year > 2014)","Rows Removed by Filter": 1}]}]}]}, {"Node Type": "Index Scan", "Parent Relationship": "Inner","Parallel Aware": false, "Scan Direction": "Forward", "Index Name": "name_pkey", "Relation Name": "name", "Alias": "n","Startup Cost": 0.43,"Total Cost": 0.46,"Plan Rows": 1,"Plan Width": 19,"Actual Startup Time": 0.018,"Actual Total Time": 0.018,"Actual Rows": 0,"Actual Loops": 33,"Index Cond": "(id = ci.person_id)", "Rows Removed by Index Recheck": 0,"Filter": "((name)::text ~~ '%Downey%Robert%'::text)", "Rows Removed by Filter": 1}]}]}, "Planning Time": 1.267,"Triggers": [], "Execution Time": 8716.468 } 
