 {"Plan": {"Node Type": "Aggregate","Strategy": "Plain", "Partial Mode": "Simple","Parallel Aware": false, "Startup Cost": 838751.04, "Total Cost": 838751.05, "Plan Rows": 1,"Plan Width": 96,"Actual Startup Time": 13756.737,"Actual Total Time": 13756.742,"Actual Rows": 1,"Actual Loops": 1, "Plans": [ {"Node Type": "Nested Loop","Parent Relationship": "Outer","Parallel Aware": false, "Join Type": "Inner","Startup Cost": 85336.00,"Total Cost": 838751.03, "Plan Rows": 1,"Plan Width": 48,"Actual Startup Time": 6473.901, "Actual Total Time": 13756.669,"Actual Rows": 88, "Actual Loops": 1, "Inner Unique": true,"Plans": [ {"Node Type": "Hash Join","Parent Relationship": "Outer","Parallel Aware": false, "Join Type": "Inner","Startup Cost": 85335.57,"Total Cost": 836239.03, "Plan Rows": 5487, "Plan Width": 37,"Actual Startup Time": 1162.877, "Actual Total Time": 10970.582,"Actual Rows": 785477, "Actual Loops": 1, "Inner Unique": false, "Hash Cond": "(ci.movie_id = t.id)", "Plans": [ {"Node Type": "Seq Scan", "Parent Relationship": "Outer","Parallel Aware": false, "Relation Name": "cast_info","Alias": "ci", "Startup Cost": 0.00,"Total Cost": 615010.92, "Plan Rows": 36232392, "Plan Width": 8, "Actual Startup Time": 0.033,"Actual Total Time": 4303.631, "Actual Rows": 36244344, "Actual Loops": 1}, {"Node Type": "Hash", "Parent Relationship": "Inner","Parallel Aware": false, "Startup Cost": 85333.73,"Total Cost": 85333.73,"Plan Rows": 147,"Plan Width": 41,"Actual Startup Time": 1162.769, "Actual Total Time": 1162.773, "Actual Rows": 14165,"Actual Loops": 1, "Hash Buckets": 16384, "Original Hash Buckets": 1024, "Hash Batches": 1, "Original Hash Batches": 1,"Peak Memory Usage": 1135, "Plans": [ {"Node Type": "Nested Loop","Parent Relationship": "Outer","Parallel Aware": false, "Join Type": "Inner","Startup Cost": 3632.93, "Total Cost": 85333.73,"Plan Rows": 147,"Plan Width": 41,"Actual Startup Time": 29.982, "Actual Total Time": 1158.299, "Actual Rows": 14165,"Actual Loops": 1, "Inner Unique": true,"Plans": [ {"Node Type": "Hash Join","Parent Relationship": "Outer","Parallel Aware": false, "Join Type": "Inner","Startup Cost": 3632.50, "Total Cost": 85201.49,"Plan Rows": 270,"Plan Width": 20,"Actual Startup Time": 29.951, "Actual Total Time": 995.999,"Actual Rows": 35548,"Actual Loops": 1, "Inner Unique": true,"Hash Cond": "(mk.keyword_id = k.id)", "Plans": [ {"Node Type": "Seq Scan", "Parent Relationship": "Outer","Parallel Aware": false, "Relation Name": "movie_keyword","Alias": "mk", "Startup Cost": 0.00,"Total Cost": 69693.30,"Plan Rows": 4523930,"Plan Width": 8, "Actual Startup Time": 0.017,"Actual Total Time": 466.838,"Actual Rows": 4523930,"Actual Loops": 1}, {"Node Type": "Hash", "Parent Relationship": "Inner","Parallel Aware": false, "Startup Cost": 3632.40, "Total Cost": 3632.40, "Plan Rows": 8,"Plan Width": 20,"Actual Startup Time": 29.872, "Actual Total Time": 29.873, "Actual Rows": 8,"Actual Loops": 1, "Hash Buckets": 1024,"Original Hash Buckets": 1024, "Hash Batches": 1, "Original Hash Batches": 1,"Peak Memory Usage": 9,"Plans": [ {"Node Type": "Seq Scan", "Parent Relationship": "Outer","Parallel Aware": false, "Relation Name": "keyword","Alias": "k","Startup Cost": 0.00,"Total Cost": 3632.40, "Plan Rows": 8,"Plan Width": 20,"Actual Startup Time": 0.111,"Actual Total Time": 29.864, "Actual Rows": 8,"Actual Loops": 1, "Filter": "((keyword)::text = ANY ('{superhero,sequel,second-part,marvel-comics,based-on-comic,tv-special,fight,violence}'::text[]))", "Rows Removed by Filter": 134162 }]}]}, {"Node Type": "Index Scan", "Parent Relationship": "Inner","Parallel Aware": false, "Scan Direction": "Forward", "Index Name": "title_pkey","Relation Name": "title","Alias": "t","Startup Cost": 0.43,"Total Cost": 0.49,"Plan Rows": 1,"Plan Width": 21,"Actual Startup Time": 0.004,"Actual Total Time": 0.004,"Actual Rows": 0,"Actual Loops": 35548, "Index Cond": "(id = mk.movie_id)","Rows Removed by Index Recheck": 0,"Filter": "(production_year > 2000)","Rows Removed by Filter": 1}]}]}]}, {"Node Type": "Index Scan", "Parent Relationship": "Inner","Parallel Aware": false, "Scan Direction": "Forward", "Index Name": "name_pkey", "Relation Name": "name", "Alias": "n","Startup Cost": 0.43,"Total Cost": 0.46,"Plan Rows": 1,"Plan Width": 19,"Actual Startup Time": 0.003,"Actual Total Time": 0.003,"Actual Rows": 0,"Actual Loops": 785477,"Index Cond": "(id = ci.person_id)", "Rows Removed by Index Recheck": 0,"Filter": "((name)::text ~~ '%Downey%Robert%'::text)", "Rows Removed by Filter": 1}]}]}, "Planning Time": 1.357,"Triggers": [], "Execution Time": 13756.856} 
