 {"Plan": {"Node Type": "Aggregate","Strategy": "Plain", "Partial Mode": "Simple","Parallel Aware": false, "Startup Cost": 838778.47, "Total Cost": 838778.48, "Plan Rows": 1,"Plan Width": 96,"Actual Startup Time": 13873.891,"Actual Total Time": 13873.896,"Actual Rows": 1,"Actual Loops": 1, "Plans": [ {"Node Type": "Nested Loop","Parent Relationship": "Outer","Parallel Aware": false, "Join Type": "Inner","Startup Cost": 85336.00,"Total Cost": 838737.32, "Plan Rows": 5487, "Plan Width": 48,"Actual Startup Time": 1228.961, "Actual Total Time": 13564.034,"Actual Rows": 785477, "Actual Loops": 1, "Inner Unique": true,"Plans": [ {"Node Type": "Hash Join","Parent Relationship": "Outer","Parallel Aware": false, "Join Type": "Inner","Startup Cost": 85335.57,"Total Cost": 836239.03, "Plan Rows": 5487, "Plan Width": 37,"Actual Startup Time": 1228.932, "Actual Total Time": 10934.286,"Actual Rows": 785477, "Actual Loops": 1, "Inner Unique": false, "Hash Cond": "(ci.movie_id = t.id)", "Plans": [ {"Node Type": "Seq Scan", "Parent Relationship": "Outer","Parallel Aware": false, "Relation Name": "cast_info","Alias": "ci", "Startup Cost": 0.00,"Total Cost": 615010.92, "Plan Rows": 36232392, "Plan Width": 8, "Actual Startup Time": 0.019,"Actual Total Time": 4232.921, "Actual Rows": 36244344, "Actual Loops": 1}, {"Node Type": "Hash", "Parent Relationship": "Inner","Parallel Aware": false, "Startup Cost": 85333.73,"Total Cost": 85333.73,"Plan Rows": 147,"Plan Width": 41,"Actual Startup Time": 1228.844, "Actual Total Time": 1228.848, "Actual Rows": 14165,"Actual Loops": 1, "Hash Buckets": 16384, "Original Hash Buckets": 1024, "Hash Batches": 1, "Original Hash Batches": 1,"Peak Memory Usage": 1135, "Plans": [ {"Node Type": "Nested Loop","Parent Relationship": "Outer","Parallel Aware": false, "Join Type": "Inner","Startup Cost": 3632.93, "Total Cost": 85333.73,"Plan Rows": 147,"Plan Width": 41,"Actual Startup Time": 29.681, "Actual Total Time": 1224.192, "Actual Rows": 14165,"Actual Loops": 1, "Inner Unique": true,"Plans": [ {"Node Type": "Hash Join","Parent Relationship": "Outer","Parallel Aware": false, "Join Type": "Inner","Startup Cost": 3632.50, "Total Cost": 85201.49,"Plan Rows": 270,"Plan Width": 20,"Actual Startup Time": 29.637, "Actual Total Time": 1020.799, "Actual Rows": 35548,"Actual Loops": 1, "Inner Unique": true,"Hash Cond": "(mk.keyword_id = k.id)", "Plans": [ {"Node Type": "Seq Scan", "Parent Relationship": "Outer","Parallel Aware": false, "Relation Name": "movie_keyword","Alias": "mk", "Startup Cost": 0.00,"Total Cost": 69693.30,"Plan Rows": 4523930,"Plan Width": 8, "Actual Startup Time": 0.015,"Actual Total Time": 492.451,"Actual Rows": 4523930,"Actual Loops": 1}, {"Node Type": "Hash", "Parent Relationship": "Inner","Parallel Aware": false, "Startup Cost": 3632.40, "Total Cost": 3632.40, "Plan Rows": 8,"Plan Width": 20,"Actual Startup Time": 29.562, "Actual Total Time": 29.562, "Actual Rows": 8,"Actual Loops": 1, "Hash Buckets": 1024,"Original Hash Buckets": 1024, "Hash Batches": 1, "Original Hash Batches": 1,"Peak Memory Usage": 9,"Plans": [ {"Node Type": "Seq Scan", "Parent Relationship": "Outer","Parallel Aware": false, "Relation Name": "keyword","Alias": "k","Startup Cost": 0.00,"Total Cost": 3632.40, "Plan Rows": 8,"Plan Width": 20,"Actual Startup Time": 0.105,"Actual Total Time": 29.553, "Actual Rows": 8,"Actual Loops": 1, "Filter": "((keyword)::text = ANY ('{superhero,sequel,second-part,marvel-comics,based-on-comic,tv-special,fight,violence}'::text[]))", "Rows Removed by Filter": 134162 }]}]}, {"Node Type": "Index Scan", "Parent Relationship": "Inner","Parallel Aware": false, "Scan Direction": "Forward", "Index Name": "title_pkey","Relation Name": "title","Alias": "t","Startup Cost": 0.43,"Total Cost": 0.49,"Plan Rows": 1,"Plan Width": 21,"Actual Startup Time": 0.005,"Actual Total Time": 0.005,"Actual Rows": 0,"Actual Loops": 35548, "Index Cond": "(id = mk.movie_id)","Rows Removed by Index Recheck": 0,"Filter": "(production_year > 2000)","Rows Removed by Filter": 1}]}]}]}, {"Node Type": "Index Scan", "Parent Relationship": "Inner","Parallel Aware": false, "Scan Direction": "Forward", "Index Name": "name_pkey", "Relation Name": "name", "Alias": "n","Startup Cost": 0.43,"Total Cost": 0.46,"Plan Rows": 1,"Plan Width": 19,"Actual Startup Time": 0.003,"Actual Total Time": 0.003,"Actual Rows": 1,"Actual Loops": 785477,"Index Cond": "(id = ci.person_id)", "Rows Removed by Index Recheck": 0 }]}]}, "Planning Time": 1.435,"Triggers": [], "Execution Time": 13874.012} 
