 {"Plan": {"Node Type": "Aggregate","Strategy": "Plain", "Partial Mode": "Simple","Parallel Aware": false, "Startup Cost": 871572.42, "Total Cost": 871572.43, "Plan Rows": 1,"Plan Width": 64,"Actual Startup Time": 526699.336, "Actual Total Time": 526699.343, "Actual Rows": 1,"Actual Loops": 1, "Plans": [ {"Node Type": "Nested Loop","Parent Relationship": "Outer","Parallel Aware": false, "Join Type": "Inner","Startup Cost": 1318.13, "Total Cost": 871572.42, "Plan Rows": 1,"Plan Width": 32,"Actual Startup Time": 32088.547,"Actual Total Time": 526699.174, "Actual Rows": 32, "Actual Loops": 1, "Inner Unique": true,"Join Filter": "(an.person_id = n.id)","Rows Removed by Join Filter": 0,"Plans": [ {"Node Type": "Nested Loop","Parent Relationship": "Outer","Parallel Aware": false, "Join Type": "Inner","Startup Cost": 1317.70, "Total Cost": 871571.94, "Plan Rows": 1,"Plan Width": 29,"Actual Startup Time": 2029.167, "Actual Total Time": 526697.322, "Actual Rows": 57, "Actual Loops": 1, "Inner Unique": false, "Join Filter": "(pi.person_id = an.person_id)","Rows Removed by Join Filter": 21590087, "Plans": [ {"Node Type": "Nested Loop","Parent Relationship": "Outer","Parallel Aware": false, "Join Type": "Inner","Startup Cost": 1317.70, "Total Cost": 840322.60, "Plan Rows": 1,"Plan Width": 25,"Actual Startup Time": 1821.741, "Actual Total Time": 518303.578, "Actual Rows": 32, "Actual Loops": 1, "Inner Unique": false, "Join Filter": "(pi.person_id = ci.person_id)","Rows Removed by Join Filter": 6736736,"Plans": [ {"Node Type": "Nested Loop","Parent Relationship": "Outer","Parallel Aware": false, "Join Type": "Inner","Startup Cost": 0.00,"Total Cost": 88108.64,"Plan Rows": 1,"Plan Width": 4, "Actual Startup Time": 3.313,"Actual Total Time": 379.193,"Actual Rows": 64, "Actual Loops": 1, "Inner Unique": false, "Join Filter": "(it.id = pi.info_type_id)","Rows Removed by Join Filter": 0,"Plans": [ {"Node Type": "Seq Scan", "Parent Relationship": "Outer","Parallel Aware": false, "Relation Name": "info_type","Alias": "it", "Startup Cost": 0.00,"Total Cost": 2.41,"Plan Rows": 1,"Plan Width": 4, "Actual Startup Time": 0.021,"Actual Total Time": 0.029,"Actual Rows": 1,"Actual Loops": 1, "Filter": "((info)::text = 'mini biography'::text)", "Rows Removed by Filter": 112}, {"Node Type": "Seq Scan", "Parent Relationship": "Inner","Parallel Aware": false, "Relation Name": "person_info","Alias": "pi", "Startup Cost": 0.00,"Total Cost": 88105.86,"Plan Rows": 29, "Plan Width": 8, "Actual Startup Time": 3.290,"Actual Total Time": 379.072,"Actual Rows": 64, "Actual Loops": 1, "Filter": "((note)::text = 'Volker Boehm'::text)", "Rows Removed by Filter": 2963600}]}, {"Node Type": "Hash Join","Parent Relationship": "Inner","Parallel Aware": false, "Join Type": "Inner","Startup Cost": 1317.70, "Total Cost": 752203.39, "Plan Rows": 846,"Plan Width": 21,"Actual Startup Time": 1.086,"Actual Total Time": 8083.246, "Actual Rows": 105262, "Actual Loops": 64,"Inner Unique": false, "Hash Cond": "(ci.movie_id = t.id)", "Plans": [ {"Node Type": "Seq Scan", "Parent Relationship": "Outer","Parallel Aware": false, "Relation Name": "cast_info","Alias": "ci", "Startup Cost": 0.00,"Total Cost": 615010.92, "Plan Rows": 36232392, "Plan Width": 8, "Actual Startup Time": 0.009,"Actual Total Time": 3832.386, "Actual Rows": 36244344, "Actual Loops": 64 }, {"Node Type": "Hash", "Parent Relationship": "Inner","Parallel Aware": false, "Startup Cost": 1317.41, "Total Cost": 1317.41, "Plan Rows": 23, "Plan Width": 25,"Actual Startup Time": 60.360, "Actual Total Time": 60.363, "Actual Rows": 1467, "Actual Loops": 1, "Hash Buckets": 2048,"Original Hash Buckets": 1024, "Hash Batches": 1, "Original Hash Batches": 1,"Peak Memory Usage": 102,"Plans": [ {"Node Type": "Nested Loop","Parent Relationship": "Outer","Parallel Aware": false, "Join Type": "Inner","Startup Cost": 19.36, "Total Cost": 1317.41, "Plan Rows": 23, "Plan Width": 25,"Actual Startup Time": 0.103,"Actual Total Time": 59.931, "Actual Rows": 1467, "Actual Loops": 1, "Inner Unique": true,"Plans": [ {"Node Type": "Hash Join","Parent Relationship": "Outer","Parallel Aware": false, "Join Type": "Inner","Startup Cost": 18.93, "Total Cost": 561.10,"Plan Rows": 169,"Plan Width": 4, "Actual Startup Time": 0.065,"Actual Total Time": 7.993,"Actual Rows": 5186, "Actual Loops": 1, "Inner Unique": true,"Hash Cond": "(ml.link_type_id = lt.id)","Plans": [ {"Node Type": "Seq Scan", "Parent Relationship": "Outer","Parallel Aware": false, "Relation Name": "movie_link", "Alias": "ml", "Startup Cost": 0.00,"Total Cost": 462.97,"Plan Rows": 29997,"Plan Width": 8, "Actual Startup Time": 0.018,"Actual Total Time": 3.733,"Actual Rows": 29997,"Actual Loops": 1}, {"Node Type": "Hash", "Parent Relationship": "Inner","Parallel Aware": false, "Startup Cost": 18.88, "Total Cost": 18.88, "Plan Rows": 4,"Plan Width": 4, "Actual Startup Time": 0.022,"Actual Total Time": 0.023,"Actual Rows": 1,"Actual Loops": 1, "Hash Buckets": 1024,"Original Hash Buckets": 1024, "Hash Batches": 1, "Original Hash Batches": 1,"Peak Memory Usage": 9,"Plans": [ {"Node Type": "Seq Scan", "Parent Relationship": "Outer","Parallel Aware": false, "Relation Name": "link_type","Alias": "lt", "Startup Cost": 0.00,"Total Cost": 18.88, "Plan Rows": 4,"Plan Width": 4, "Actual Startup Time": 0.015,"Actual Total Time": 0.016,"Actual Rows": 1,"Actual Loops": 1, "Filter": "((link)::text = 'features'::text)", "Rows Removed by Filter": 17 }]}]}, {"Node Type": "Index Scan", "Parent Relationship": "Inner","Parallel Aware": false, "Scan Direction": "Forward", "Index Name": "title_pkey","Relation Name": "title","Alias": "t","Startup Cost": 0.43,"Total Cost": 4.48,"Plan Rows": 1,"Plan Width": 21,"Actual Startup Time": 0.010,"Actual Total Time": 0.010,"Actual Rows": 0,"Actual Loops": 5186,"Index Cond": "(id = ml.linked_movie_id)", "Rows Removed by Index Recheck": 0,"Filter": "((production_year >= 1980) AND (production_year <= 1995))", "Rows Removed by Filter": 1}]}]}]}]}, {"Node Type": "Seq Scan", "Parent Relationship": "Inner","Parallel Aware": false, "Relation Name": "aka_name", "Alias": "an", "Startup Cost": 0.00,"Total Cost": 22662.79,"Plan Rows": 686924, "Plan Width": 4, "Actual Startup Time": 0.014,"Actual Total Time": 207.925,"Actual Rows": 674692, "Actual Loops": 32,"Filter": "((name)::text ~~ '%a%'::text)", "Rows Removed by Filter": 226651 }]}, {"Node Type": "Index Scan", "Parent Relationship": "Inner","Parallel Aware": false, "Scan Direction": "Forward", "Index Name": "name_pkey", "Relation Name": "name", "Alias": "n","Startup Cost": 0.43,"Total Cost": 0.47,"Plan Rows": 1,"Plan Width": 19,"Actual Startup Time": 0.023,"Actual Total Time": 0.023,"Actual Rows": 1,"Actual Loops": 57,"Index Cond": "(id = ci.person_id)", "Rows Removed by Index Recheck": 0,"Filter": "(((name_pcode_cf)::text >= 'A'::text) AND ((name_pcode_cf)::text <= 'F'::text) AND (((gender)::text = 'm'::text) OR (((gender)::text = 'f'::text) AND ((name)::text ~~ 'B%'::text))))", "Rows Removed by Filter": 0}]}]}, "Planning Time": 4.336,"Triggers": [], "Execution Time": 526699.435 } 
