 {"Plan": {"Node Type": "Aggregate","Strategy": "Plain", "Partial Mode": "Simple","Parallel Aware": false, "Startup Cost": 871561.17, "Total Cost": 871561.18, "Plan Rows": 1,"Plan Width": 64,"Actual Startup Time": 509097.957, "Actual Total Time": 509098.006, "Actual Rows": 1,"Actual Loops": 1, "Plans": [ {"Node Type": "Nested Loop","Parent Relationship": "Outer","Parallel Aware": false, "Join Type": "Inner","Startup Cost": 1317.90, "Total Cost": 871561.17, "Plan Rows": 1,"Plan Width": 32,"Actual Startup Time": 154840.600, "Actual Total Time": 509097.869, "Actual Rows": 16, "Actual Loops": 1, "Inner Unique": true,"Join Filter": "(an.person_id = n.id)","Rows Removed by Join Filter": 0,"Plans": [ {"Node Type": "Nested Loop","Parent Relationship": "Outer","Parallel Aware": false, "Join Type": "Inner","Startup Cost": 1317.47, "Total Cost": 871560.69, "Plan Rows": 1,"Plan Width": 29,"Actual Startup Time": 9737.210, "Actual Total Time": 509097.310, "Actual Rows": 27, "Actual Loops": 1, "Inner Unique": false, "Join Filter": "(pi.person_id = an.person_id)","Rows Removed by Join Filter": 9445661,"Plans": [ {"Node Type": "Nested Loop","Parent Relationship": "Outer","Parallel Aware": false, "Join Type": "Inner","Startup Cost": 1317.47, "Total Cost": 840311.36, "Plan Rows": 1,"Plan Width": 25,"Actual Startup Time": 9732.216, "Actual Total Time": 505458.436, "Actual Rows": 14, "Actual Loops": 1, "Inner Unique": false, "Join Filter": "(pi.person_id = ci.person_id)","Rows Removed by Join Filter": 2138546,"Plans": [ {"Node Type": "Nested Loop","Parent Relationship": "Outer","Parallel Aware": false, "Join Type": "Inner","Startup Cost": 0.00,"Total Cost": 88108.64,"Plan Rows": 1,"Plan Width": 4, "Actual Startup Time": 3.628,"Actual Total Time": 375.904,"Actual Rows": 64, "Actual Loops": 1, "Inner Unique": false, "Join Filter": "(it.id = pi.info_type_id)","Rows Removed by Join Filter": 0,"Plans": [ {"Node Type": "Seq Scan", "Parent Relationship": "Outer","Parallel Aware": false, "Relation Name": "info_type","Alias": "it", "Startup Cost": 0.00,"Total Cost": 2.41,"Plan Rows": 1,"Plan Width": 4, "Actual Startup Time": 0.017,"Actual Total Time": 0.025,"Actual Rows": 1,"Actual Loops": 1, "Filter": "((info)::text = 'mini biography'::text)", "Rows Removed by Filter": 112}, {"Node Type": "Seq Scan", "Parent Relationship": "Inner","Parallel Aware": false, "Relation Name": "person_info","Alias": "pi", "Startup Cost": 0.00,"Total Cost": 88105.86,"Plan Rows": 29, "Plan Width": 8, "Actual Startup Time": 3.609,"Actual Total Time": 375.789,"Actual Rows": 64, "Actual Loops": 1, "Filter": "((note)::text = 'Volker Boehm'::text)", "Rows Removed by Filter": 2963600}]}, {"Node Type": "Hash Join","Parent Relationship": "Inner","Parallel Aware": false, "Join Type": "Inner","Startup Cost": 1317.47, "Total Cost": 752200.58, "Plan Rows": 171,"Plan Width": 21,"Actual Startup Time": 1.716,"Actual Total Time": 7888.468, "Actual Rows": 33415,"Actual Loops": 64,"Inner Unique": false, "Hash Cond": "(ci.movie_id = t.id)", "Plans": [ {"Node Type": "Seq Scan", "Parent Relationship": "Outer","Parallel Aware": false, "Relation Name": "cast_info","Alias": "ci", "Startup Cost": 0.00,"Total Cost": 615010.92, "Plan Rows": 36232392, "Plan Width": 8, "Actual Startup Time": 0.010,"Actual Total Time": 3753.920, "Actual Rows": 36244344, "Actual Loops": 64 }, {"Node Type": "Hash", "Parent Relationship": "Inner","Parallel Aware": false, "Startup Cost": 1317.41, "Total Cost": 1317.41, "Plan Rows": 5,"Plan Width": 25,"Actual Startup Time": 27.821, "Actual Total Time": 27.867, "Actual Rows": 435,"Actual Loops": 1, "Hash Buckets": 1024,"Original Hash Buckets": 1024, "Hash Batches": 1, "Original Hash Batches": 1,"Peak Memory Usage": 34, "Plans": [ {"Node Type": "Nested Loop","Parent Relationship": "Outer","Parallel Aware": false, "Join Type": "Inner","Startup Cost": 19.36, "Total Cost": 1317.41, "Plan Rows": 5,"Plan Width": 25,"Actual Startup Time": 0.077,"Actual Total Time": 27.753, "Actual Rows": 435,"Actual Loops": 1, "Inner Unique": true,"Plans": [ {"Node Type": "Hash Join","Parent Relationship": "Outer","Parallel Aware": false, "Join Type": "Inner","Startup Cost": 18.93, "Total Cost": 561.10,"Plan Rows": 169,"Plan Width": 4, "Actual Startup Time": 0.055,"Actual Total Time": 7.273,"Actual Rows": 5186, "Actual Loops": 1, "Inner Unique": true,"Hash Cond": "(ml.link_type_id = lt.id)","Plans": [ {"Node Type": "Seq Scan", "Parent Relationship": "Outer","Parallel Aware": false, "Relation Name": "movie_link", "Alias": "ml", "Startup Cost": 0.00,"Total Cost": 462.97,"Plan Rows": 29997,"Plan Width": 8, "Actual Startup Time": 0.014,"Actual Total Time": 3.188,"Actual Rows": 29997,"Actual Loops": 1}, {"Node Type": "Hash", "Parent Relationship": "Inner","Parallel Aware": false, "Startup Cost": 18.88, "Total Cost": 18.88, "Plan Rows": 4,"Plan Width": 4, "Actual Startup Time": 0.016,"Actual Total Time": 0.017,"Actual Rows": 1,"Actual Loops": 1, "Hash Buckets": 1024,"Original Hash Buckets": 1024, "Hash Batches": 1, "Original Hash Batches": 1,"Peak Memory Usage": 9,"Plans": [ {"Node Type": "Seq Scan", "Parent Relationship": "Outer","Parallel Aware": false, "Relation Name": "link_type","Alias": "lt", "Startup Cost": 0.00,"Total Cost": 18.88, "Plan Rows": 4,"Plan Width": 4, "Actual Startup Time": 0.012,"Actual Total Time": 0.014,"Actual Rows": 1,"Actual Loops": 1, "Filter": "((link)::text = 'features'::text)", "Rows Removed by Filter": 17 }]}]}, {"Node Type": "Index Scan", "Parent Relationship": "Inner","Parallel Aware": false, "Scan Direction": "Forward", "Index Name": "title_pkey","Relation Name": "title","Alias": "t","Startup Cost": 0.43,"Total Cost": 4.48,"Plan Rows": 1,"Plan Width": 21,"Actual Startup Time": 0.004,"Actual Total Time": 0.004,"Actual Rows": 0,"Actual Loops": 5186,"Index Cond": "(id = ml.linked_movie_id)", "Rows Removed by Index Recheck": 0,"Filter": "((production_year >= 1980) AND (production_year <= 1984))", "Rows Removed by Filter": 1}]}]}]}]}, {"Node Type": "Seq Scan", "Parent Relationship": "Inner","Parallel Aware": false, "Relation Name": "aka_name", "Alias": "an", "Startup Cost": 0.00,"Total Cost": 22662.79,"Plan Rows": 686924, "Plan Width": 4, "Actual Startup Time": 0.011,"Actual Total Time": 205.517,"Actual Rows": 674692, "Actual Loops": 14,"Filter": "((name)::text ~~ '%a%'::text)", "Rows Removed by Filter": 226651 }]}, {"Node Type": "Index Scan", "Parent Relationship": "Inner","Parallel Aware": false, "Scan Direction": "Forward", "Index Name": "name_pkey", "Relation Name": "name", "Alias": "n","Startup Cost": 0.43,"Total Cost": 0.46,"Plan Rows": 1,"Plan Width": 19,"Actual Startup Time": 0.016,"Actual Total Time": 0.016,"Actual Rows": 1,"Actual Loops": 27,"Index Cond": "(id = ci.person_id)", "Rows Removed by Index Recheck": 0,"Filter": "(((name_pcode_cf)::text ~~ 'D%'::text) AND ((gender)::text = 'm'::text))","Rows Removed by Filter": 0}]}]}, "Planning Time": 4.168,"Triggers": [], "Execution Time": 509098.107 } 
