 [
   {
     "Plan": {
       "Node Type": "Aggregate",
       "Strategy": "Plain",
       "Partial Mode": "Simple",
       "Parallel Aware": false,
       "Startup Cost": 274281.67,
       "Total Cost": 274281.68,
       "Plan Rows": 1,
       "Plan Width": 96,
       "Plans": [
         {
           "Node Type": "Gather",
           "Parent Relationship": "Outer",
           "Parallel Aware": false,
           "Startup Cost": 255508.13,
           "Total Cost": 274281.66,
           "Plan Rows": 1,
           "Plan Width": 41,
           "Workers Planned": 2,
           "Single Copy": false,
           "Plans": [
             {
               "Node Type": "Nested Loop",
               "Parent Relationship": "Outer",
               "Parallel Aware": false,
               "Join Type": "Inner",
               "Startup Cost": 254508.13,
               "Total Cost": 273281.56,
               "Plan Rows": 1,
               "Plan Width": 41,
               "Inner Unique": true,
               "Join Filter": "(mi.movie_id = t.id)",
               "Plans": [
                 {
                   "Node Type": "Nested Loop",
                   "Parent Relationship": "Outer",
                   "Parallel Aware": false,
                   "Join Type": "Inner",
                   "Startup Cost": 254507.70,
                   "Total Cost": 273280.96,
                   "Plan Rows": 1,
                   "Plan Width": 36,
                   "Inner Unique": true,
                   "Plans": [
                     {
                       "Node Type": "Hash Join",
                       "Parent Relationship": "Outer",
                       "Parallel Aware": true,
                       "Join Type": "Inner",
                       "Startup Cost": 254507.28,
                       "Total Cost": 273280.06,
                       "Plan Rows": 2,
                       "Plan Width": 21,
                       "Inner Unique": false,
                       "Hash Cond": "(mv44.movie_id = mi.movie_id)",
                       "Plans": [
                         {
                           "Node Type": "Seq Scan",
                           "Parent Relationship": "Outer",
                           "Parallel Aware": true,
                           "Relation Name": "mv44",
                           "Alias": "mv44",
                           "Startup Cost": 0.00,
                           "Total Cost": 16687.01,
                           "Plan Rows": 556201,
                           "Plan Width": 8
                         },
                         {
                           "Node Type": "Hash",
                           "Parent Relationship": "Inner",
                           "Parallel Aware": true,
                           "Startup Cost": 254507.27,
                           "Total Cost": 254507.27,
                           "Plan Rows": 1,
                           "Plan Width": 13,
                           "Plans": [
                             {
                               "Node Type": "Hash Join",
                               "Parent Relationship": "Outer",
                               "Parallel Aware": true,
                               "Join Type": "Inner",
                               "Startup Cost": 15190.97,
                               "Total Cost": 254507.27,
                               "Plan Rows": 1,
                               "Plan Width": 13,
                               "Inner Unique": false,
                               "Hash Cond": "(mi.movie_id = mi_idx.movie_id)",
                               "Plans": [
                                 {
                                   "Node Type": "Hash Join",
                                   "Parent Relationship": "Outer",
                                   "Parallel Aware": false,
                                   "Join Type": "Inner",
                                   "Startup Cost": 2.43,
                                   "Total Cost": 239314.97,
                                   "Plan Rows": 998,
                                   "Plan Width": 4,
                                   "Inner Unique": true,
                                   "Hash Cond": "(mi.info_type_id = it1.id)",
                                   "Plans": [
                                     {
                                       "Node Type": "Seq Scan",
                                       "Parent Relationship": "Outer",
                                       "Parallel Aware": true,
                                       "Relation Name": "movie_info",
                                       "Alias": "mi",
                                       "Startup Cost": 0.00,
                                       "Total Cost": 239005.48,
                                       "Plan Rows": 112746,
                                       "Plan Width": 8,
                                       "Filter": "((info)::text = ANY ('{Drama,Horror}'::text[]))"
                                     },
                                     {
                                       "Node Type": "Hash",
                                       "Parent Relationship": "Inner",
                                       "Parallel Aware": false,
                                       "Startup Cost": 2.41,
                                       "Total Cost": 2.41,
                                       "Plan Rows": 1,
                                       "Plan Width": 4,
                                       "Plans": [
                                         {
                                           "Node Type": "Seq Scan",
                                           "Parent Relationship": "Outer",
                                           "Parallel Aware": false,
                                           "Relation Name": "info_type",
                                           "Alias": "it1",
                                           "Startup Cost": 0.00,
                                           "Total Cost": 2.41,
                                           "Plan Rows": 1,
                                           "Plan Width": 4,
                                           "Filter": "((info)::text = 'genres'::text)"
                                         }
                                       ]
                                     }
                                   ]
                                 },
                                 {
                                   "Node Type": "Hash",
                                   "Parent Relationship": "Inner",
                                   "Parallel Aware": true,
                                   "Startup Cost": 15186.07,
                                   "Total Cost": 15186.07,
                                   "Plan Rows": 198,
                                   "Plan Width": 9,
                                   "Plans": [
                                     {
                                       "Node Type": "Hash Join",
                                       "Parent Relationship": "Outer",
                                       "Parallel Aware": false,
                                       "Join Type": "Inner",
                                       "Startup Cost": 2.43,
                                       "Total Cost": 15186.07,
                                       "Plan Rows": 198,
                                       "Plan Width": 9,
                                       "Inner Unique": true,
                                       "Hash Cond": "(mi_idx.info_type_id = it2.id)",
                                       "Plans": [
                                         {
                                           "Node Type": "Seq Scan",
                                           "Parent Relationship": "Outer",
                                           "Parallel Aware": true,
                                           "Relation Name": "movie_info_idx",
                                           "Alias": "mi_idx",
                                           "Startup Cost": 0.00,
                                           "Total Cost": 15122.68,
                                           "Plan Rows": 22386,
                                           "Plan Width": 13,
                                           "Filter": "((info)::text > '8.0'::text)"
                                         },
                                         {
                                           "Node Type": "Hash",
                                           "Parent Relationship": "Inner",
                                           "Parallel Aware": false,
                                           "Startup Cost": 2.41,
                                           "Total Cost": 2.41,
                                           "Plan Rows": 1,
                                           "Plan Width": 4,
                                           "Plans": [
                                             {
                                               "Node Type": "Seq Scan",
                                               "Parent Relationship": "Outer",
                                               "Parallel Aware": false,
                                               "Relation Name": "info_type",
                                               "Alias": "it2",
                                               "Startup Cost": 0.00,
                                               "Total Cost": 2.41,
                                               "Plan Rows": 1,
                                               "Plan Width": 4,
                                               "Filter": "((info)::text = 'rating'::text)"
                                             }
                                           ]
                                         }
                                       ]
                                     }
                                   ]
                                 }
                               ]
                             }
                           ]
                         }
                       ]
                     },
                     {
                       "Node Type": "Index Scan",
                       "Parent Relationship": "Inner",
                       "Parallel Aware": false,
                       "Scan Direction": "Forward",
                       "Index Name": "company_name_pkey",
                       "Relation Name": "company_name",
                       "Alias": "cn",
                       "Startup Cost": 0.42,
                       "Total Cost": 0.45,
                       "Plan Rows": 1,
                       "Plan Width": 23,
                       "Index Cond": "(id = mv44.company_id)",
                       "Filter": "((country_code)::text = '[us]'::text)"
                     }
                   ]
                 },
                 {
                   "Node Type": "Index Scan",
                   "Parent Relationship": "Inner",
                   "Parallel Aware": false,
                   "Scan Direction": "Forward",
                   "Index Name": "title_pkey",
                   "Relation Name": "title",
                   "Alias": "t",
                   "Startup Cost": 0.43,
                   "Total Cost": 0.59,
                   "Plan Rows": 1,
                   "Plan Width": 21,
                   "Index Cond": "(id = mv44.movie_id)",
                   "Filter": "((production_year >= 2005) AND (production_year <= 2008))"
                 }
               ]
             }
           ]
         }
       ]
     }
   }
 ]
