 [
   {
     "Plan": {
       "Node Type": "Aggregate",
       "Strategy": "Plain",
       "Partial Mode": "Simple",
       "Parallel Aware": false,
       "Startup Cost": 93959.23,
       "Total Cost": 93959.24,
       "Plan Rows": 1,
       "Plan Width": 96,
       "Plans": [
         {
           "Node Type": "Nested Loop",
           "Parent Relationship": "Outer",
           "Parallel Aware": false,
           "Join Type": "Inner",
           "Startup Cost": 48971.06,
           "Total Cost": 93959.23,
           "Plan Rows": 1,
           "Plan Width": 41,
           "Inner Unique": true,
           "Plans": [
             {
               "Node Type": "Nested Loop",
               "Parent Relationship": "Outer",
               "Parallel Aware": false,
               "Join Type": "Inner",
               "Startup Cost": 48970.91,
               "Total Cost": 93958.91,
               "Plan Rows": 1,
               "Plan Width": 45,
               "Inner Unique": true,
               "Plans": [
                 {
                   "Node Type": "Gather",
                   "Parent Relationship": "Outer",
                   "Parallel Aware": false,
                   "Startup Cost": 48970.49,
                   "Total Cost": 93958.47,
                   "Plan Rows": 1,
                   "Plan Width": 30,
                   "Workers Planned": 2,
                   "Single Copy": false,
                   "Plans": [
                     {
                       "Node Type": "Hash Join",
                       "Parent Relationship": "Outer",
                       "Parallel Aware": true,
                       "Join Type": "Inner",
                       "Startup Cost": 47970.49,
                       "Total Cost": 92958.37,
                       "Plan Rows": 1,
                       "Plan Width": 30,
                       "Inner Unique": false,
                       "Hash Cond": "(mv69.movie_id = t.id)",
                       "Plans": [
                         {
                           "Node Type": "Seq Scan",
                           "Parent Relationship": "Outer",
                           "Parallel Aware": true,
                           "Relation Name": "mv69",
                           "Alias": "mv69",
                           "Startup Cost": 0.00,
                           "Total Cost": 40243.00,
                           "Plan Rows": 1265300,
                           "Plan Width": 4
                         },
                         {
                           "Node Type": "Hash",
                           "Parent Relationship": "Inner",
                           "Parallel Aware": true,
                           "Startup Cost": 47970.47,
                           "Total Cost": 47970.47,
                           "Plan Rows": 1,
                           "Plan Width": 42,
                           "Plans": [
                             {
                               "Node Type": "Nested Loop",
                               "Parent Relationship": "Outer",
                               "Parallel Aware": false,
                               "Join Type": "Inner",
                               "Startup Cost": 15336.57,
                               "Total Cost": 47970.47,
                               "Plan Rows": 1,
                               "Plan Width": 42,
                               "Inner Unique": true,
                               "Plans": [
                                 {
                                   "Node Type": "Hash Join",
                                   "Parent Relationship": "Outer",
                                   "Parallel Aware": true,
                                   "Join Type": "Inner",
                                   "Startup Cost": 15336.14,
                                   "Total Cost": 47891.87,
                                   "Plan Rows": 150,
                                   "Plan Width": 17,
                                   "Inner Unique": false,
                                   "Hash Cond": "(mc.movie_id = miidx.movie_id)",
                                   "Plans": [
                                     {
                                       "Node Type": "Hash Join",
                                       "Parent Relationship": "Outer",
                                       "Parallel Aware": false,
                                       "Join Type": "Inner",
                                       "Startup Cost": 18.93,
                                       "Total Cost": 32551.06,
                                       "Plan Rows": 6125,
                                       "Plan Width": 8,
                                       "Inner Unique": true,
                                       "Hash Cond": "(mc.company_type_id = ct.id)",
                                       "Plans": [
                                         {
                                           "Node Type": "Seq Scan",
                                           "Parent Relationship": "Outer",
                                           "Parallel Aware": true,
                                           "Relation Name": "movie_companies",
                                           "Alias": "mc",
                                           "Startup Cost": 0.00,
                                           "Total Cost": 29661.37,
                                           "Plan Rows": 1087137,
                                           "Plan Width": 12
                                         },
                                         {
                                           "Node Type": "Hash",
                                           "Parent Relationship": "Inner",
                                           "Parallel Aware": false,
                                           "Startup Cost": 18.88,
                                           "Total Cost": 18.88,
                                           "Plan Rows": 4,
                                           "Plan Width": 4,
                                           "Plans": [
                                             {
                                               "Node Type": "Seq Scan",
                                               "Parent Relationship": "Outer",
                                               "Parallel Aware": false,
                                               "Relation Name": "company_type",
                                               "Alias": "ct",
                                               "Startup Cost": 0.00,
                                               "Total Cost": 18.88,
                                               "Plan Rows": 4,
                                               "Plan Width": 4,
                                               "Filter": "((kind)::text = 'production companies'::text)"
                                             }
                                           ]
                                         }
                                       ]
                                     },
                                     {
                                       "Node Type": "Hash",
                                       "Parent Relationship": "Inner",
                                       "Parallel Aware": true,
                                       "Startup Cost": 15253.60,
                                       "Total Cost": 15253.60,
                                       "Plan Rows": 5089,
                                       "Plan Width": 9,
                                       "Plans": [
                                         {
                                           "Node Type": "Hash Join",
                                           "Parent Relationship": "Outer",
                                           "Parallel Aware": false,
                                           "Join Type": "Inner",
                                           "Startup Cost": 2.43,
                                           "Total Cost": 15253.60,
                                           "Plan Rows": 5089,
                                           "Plan Width": 9,
                                           "Inner Unique": true,
                                           "Hash Cond": "(miidx.info_type_id = it.id)",
                                           "Plans": [
                                             {
                                               "Node Type": "Seq Scan",
                                               "Parent Relationship": "Outer",
                                               "Parallel Aware": true,
                                               "Relation Name": "movie_info_idx",
                                               "Alias": "miidx",
                                               "Startup Cost": 0.00,
                                               "Total Cost": 13685.15,
                                               "Plan Rows": 575015,
                                               "Plan Width": 13
                                             },
                                             {
                                               "Node Type": "Hash",
                                               "Parent Relationship": "Inner",
                                               "Parallel Aware": false,
                                               "Startup Cost": 2.41,
                                               "Total Cost": 2.41,
                                               "Plan Rows": 1,
                                               "Plan Width": 4,
                                               "Plans": [
                                                 {
                                                   "Node Type": "Seq Scan",
                                                   "Parent Relationship": "Outer",
                                                   "Parallel Aware": false,
                                                   "Relation Name": "info_type",
                                                   "Alias": "it",
                                                   "Startup Cost": 0.00,
                                                   "Total Cost": 2.41,
                                                   "Plan Rows": 1,
                                                   "Plan Width": 4,
                                                   "Filter": "((info)::text = 'rating'::text)"
                                                 }
                                               ]
                                             }
                                           ]
                                         }
                                       ]
                                     }
                                   ]
                                 },
                                 {
                                   "Node Type": "Index Scan",
                                   "Parent Relationship": "Inner",
                                   "Parallel Aware": false,
                                   "Scan Direction": "Forward",
                                   "Index Name": "title_pkey",
                                   "Relation Name": "title",
                                   "Alias": "t",
                                   "Startup Cost": 0.43,
                                   "Total Cost": 0.52,
                                   "Plan Rows": 1,
                                   "Plan Width": 25,
                                   "Index Cond": "(id = mc.movie_id)",
                                   "Filter": "(((title)::text <> ''::text) AND (((title)::text ~~ 'Champion%'::text) OR ((title)::text ~~ 'Loser%'::text)))"
                                 }
                               ]
                             }
                           ]
                         }
                       ]
                     }
                   ]
                 },
                 {
                   "Node Type": "Index Scan",
                   "Parent Relationship": "Inner",
                   "Parallel Aware": false,
                   "Scan Direction": "Forward",
                   "Index Name": "company_name_pkey",
                   "Relation Name": "company_name",
                   "Alias": "cn",
                   "Startup Cost": 0.42,
                   "Total Cost": 0.45,
                   "Plan Rows": 1,
                   "Plan Width": 23,
                   "Index Cond": "(id = mc.company_id)",
                   "Filter": "((country_code)::text = '[us]'::text)"
                 }
               ]
             },
             {
               "Node Type": "Index Scan",
               "Parent Relationship": "Inner",
               "Parallel Aware": false,
               "Scan Direction": "Forward",
               "Index Name": "kind_type_pkey",
               "Relation Name": "kind_type",
               "Alias": "kt",
               "Startup Cost": 0.15,
               "Total Cost": 0.27,
               "Plan Rows": 1,
               "Plan Width": 4,
               "Index Cond": "(id = t.kind_id)",
               "Filter": "((kind)::text = 'movie'::text)"
             }
           ]
         }
       ]
     }
   }
 ]
