 [
   {
     "Plan": {
       "Node Type": "Aggregate",
       "Strategy": "Plain",
       "Partial Mode": "Finalize",
       "Parallel Aware": false,
       "Startup Cost": 513049.87,
       "Total Cost": 513049.88,
       "Plan Rows": 1,
       "Plan Width": 64,
       "Plans": [
         {
           "Node Type": "Gather",
           "Parent Relationship": "Outer",
           "Parallel Aware": false,
           "Startup Cost": 513049.65,
           "Total Cost": 513049.86,
           "Plan Rows": 2,
           "Plan Width": 64,
           "Workers Planned": 2,
           "Single Copy": false,
           "Plans": [
             {
               "Node Type": "Aggregate",
               "Strategy": "Plain",
               "Partial Mode": "Partial",
               "Parent Relationship": "Outer",
               "Parallel Aware": false,
               "Startup Cost": 512049.65,
               "Total Cost": 512049.66,
               "Plan Rows": 1,
               "Plan Width": 64,
               "Plans": [
                 {
                   "Node Type": "Hash Join",
                   "Parent Relationship": "Outer",
                   "Parallel Aware": true,
                   "Join Type": "Inner",
                   "Startup Cost": 495489.53,
                   "Total Cost": 512049.49,
                   "Plan Rows": 33,
                   "Plan Width": 39,
                   "Inner Unique": false,
                   "Hash Cond": "(an.person_id = n.id)",
                   "Plans": [
                     {
                       "Node Type": "Seq Scan",
                       "Parent Relationship": "Outer",
                       "Parallel Aware": true,
                       "Relation Name": "aka_name",
                       "Alias": "an",
                       "Startup Cost": 0.00,
                       "Total Cost": 15151.60,
                       "Plan Rows": 375560,
                       "Plan Width": 20
                     },
                     {
                       "Node Type": "Hash",
                       "Parent Relationship": "Inner",
                       "Parallel Aware": true,
                       "Startup Cost": 495489.36,
                       "Total Cost": 495489.36,
                       "Plan Rows": 14,
                       "Plan Width": 31,
                       "Plans": [
                         {
                           "Node Type": "Nested Loop",
                           "Parent Relationship": "Outer",
                           "Parallel Aware": false,
                           "Join Type": "Inner",
                           "Startup Cost": 34921.70,
                           "Total Cost": 495489.36,
                           "Plan Rows": 14,
                           "Plan Width": 31,
                           "Inner Unique": true,
                           "Plans": [
                             {
                               "Node Type": "Hash Join",
                               "Parent Relationship": "Outer",
                               "Parallel Aware": true,
                               "Join Type": "Inner",
                               "Startup Cost": 34921.27,
                               "Total Cost": 495482.98,
                               "Plan Rows": 14,
                               "Plan Width": 27,
                               "Inner Unique": false,
                               "Hash Cond": "(ci.movie_id = mv120.id)",
                               "Plans": [
                                 {
                                   "Node Type": "Seq Scan",
                                   "Parent Relationship": "Outer",
                                   "Parallel Aware": true,
                                   "Relation Name": "cast_info",
                                   "Alias": "ci",
                                   "Startup Cost": 0.00,
                                   "Total Cost": 403868.50,
                                   "Plan Rows": 15118150,
                                   "Plan Width": 8
                                 },
                                 {
                                   "Node Type": "Hash",
                                   "Parent Relationship": "Inner",
                                   "Parallel Aware": true,
                                   "Startup Cost": 34921.26,
                                   "Total Cost": 34921.26,
                                   "Plan Rows": 1,
                                   "Plan Width": 35,
                                   "Plans": [
                                     {
                                       "Node Type": "Nested Loop",
                                       "Parent Relationship": "Outer",
                                       "Parallel Aware": false,
                                       "Join Type": "Inner",
                                       "Startup Cost": 1182.63,
                                       "Total Cost": 34921.26,
                                       "Plan Rows": 1,
                                       "Plan Width": 35,
                                       "Inner Unique": true,
                                       "Plans": [
                                         {
                                           "Node Type": "Hash Join",
                                           "Parent Relationship": "Outer",
                                           "Parallel Aware": false,
                                           "Join Type": "Inner",
                                           "Startup Cost": 1182.21,
                                           "Total Cost": 34920.37,
                                           "Plan Rows": 2,
                                           "Plan Width": 39,
                                           "Inner Unique": false,
                                           "Hash Cond": "(mc.movie_id = mv120.id)",
                                           "Plans": [
                                             {
                                               "Node Type": "Seq Scan",
                                               "Parent Relationship": "Outer",
                                               "Parallel Aware": true,
                                               "Relation Name": "movie_companies",
                                               "Alias": "mc",
                                               "Startup Cost": 0.00,
                                               "Total Cost": 29661.37,
                                               "Plan Rows": 1087137,
                                               "Plan Width": 8
                                             },
                                             {
                                               "Node Type": "Hash",
                                               "Parent Relationship": "Inner",
                                               "Parallel Aware": false,
                                               "Startup Cost": 1182.20,
                                               "Total Cost": 1182.20,
                                               "Plan Rows": 1,
                                               "Plan Width": 31,
                                               "Plans": [
                                                 {
                                                   "Node Type": "Seq Scan",
                                                   "Parent Relationship": "Outer",
                                                   "Parallel Aware": false,
                                                   "Relation Name": "mv120",
                                                   "Alias": "mv120",
                                                   "Startup Cost": 0.00,
                                                   "Total Cost": 1182.20,
                                                   "Plan Rows": 1,
                                                   "Plan Width": 31,
                                                   "Filter": "((episode_nr >= 50) AND (episode_nr < 100) AND (id = movie_id))"
                                                 }
                                               ]
                                             }
                                           ]
                                         },
                                         {
                                           "Node Type": "Index Scan",
                                           "Parent Relationship": "Inner",
                                           "Parallel Aware": false,
                                           "Scan Direction": "Forward",
                                           "Index Name": "company_name_pkey",
                                           "Relation Name": "company_name",
                                           "Alias": "cn",
                                           "Startup Cost": 0.42,
                                           "Total Cost": 0.45,
                                           "Plan Rows": 1,
                                           "Plan Width": 4,
                                           "Index Cond": "(id = mc.company_id)",
                                           "Filter": "((country_code)::text = '[us]'::text)"
                                         }
                                       ]
                                     }
                                   ]
                                 }
                               ]
                             },
                             {
                               "Node Type": "Index Only Scan",
                               "Parent Relationship": "Inner",
                               "Parallel Aware": false,
                               "Scan Direction": "Forward",
                               "Index Name": "name_pkey",
                               "Relation Name": "name",
                               "Alias": "n",
                               "Startup Cost": 0.43,
                               "Total Cost": 0.46,
                               "Plan Rows": 1,
                               "Plan Width": 4,
                               "Index Cond": "(id = ci.person_id)"
                             }
                           ]
                         }
                       ]
                     }
                   ]
                 }
               ]
             }
           ]
         }
       ]
     }
   }
 ]
