 [
   {
     "Plan": {
       "Node Type": "Aggregate",
       "Strategy": "Plain",
       "Partial Mode": "Finalize",
       "Parallel Aware": false,
       "Startup Cost": 188735.83,
       "Total Cost": 188735.84,
       "Plan Rows": 1,
       "Plan Width": 64,
       "Plans": [
         {
           "Node Type": "Gather",
           "Parent Relationship": "Outer",
           "Parallel Aware": false,
           "Startup Cost": 188735.61,
           "Total Cost": 188735.82,
           "Plan Rows": 2,
           "Plan Width": 64,
           "Workers Planned": 2,
           "Single Copy": false,
           "Plans": [
             {
               "Node Type": "Aggregate",
               "Strategy": "Plain",
               "Partial Mode": "Partial",
               "Parent Relationship": "Outer",
               "Parallel Aware": false,
               "Startup Cost": 187735.61,
               "Total Cost": 187735.62,
               "Plan Rows": 1,
               "Plan Width": 64,
               "Plans": [
                 {
                   "Node Type": "Seq Scan",
                   "Parent Relationship": "Outer",
                   "Parallel Aware": true,
                   "Relation Name": "mv125",
                   "Alias": "mv125",
                   "Startup Cost": 0.00,
                   "Total Cost": 179988.88,
                   "Plan Rows": 1549345,
                   "Plan Width": 35,
                   "Filter": "((country_code)::text = '[us]'::text)"
                 }
               ]
             }
           ]
         }
       ]
     }
   }
 ]
