 [
   {
     "Plan": {
       "Node Type": "Aggregate",
       "Strategy": "Plain",
       "Partial Mode": "Finalize",
       "Parallel Aware": false,
       "Startup Cost": 812382.66,
       "Total Cost": 812382.67,
       "Plan Rows": 1,
       "Plan Width": 64,
       "Plans": [
         {
           "Node Type": "Gather",
           "Parent Relationship": "Outer",
           "Parallel Aware": false,
           "Startup Cost": 812382.44,
           "Total Cost": 812382.65,
           "Plan Rows": 2,
           "Plan Width": 64,
           "Workers Planned": 2,
           "Single Copy": false,
           "Plans": [
             {
               "Node Type": "Aggregate",
               "Strategy": "Plain",
               "Partial Mode": "Partial",
               "Parent Relationship": "Outer",
               "Parallel Aware": false,
               "Startup Cost": 811382.44,
               "Total Cost": 811382.45,
               "Plan Rows": 1,
               "Plan Width": 64,
               "Plans": [
                 {
                   "Node Type": "Hash Join",
                   "Parent Relationship": "Outer",
                   "Parallel Aware": true,
                   "Join Type": "Inner",
                   "Startup Cost": 794784.80,
                   "Total Cost": 811347.44,
                   "Plan Rows": 7000,
                   "Plan Width": 39,
                   "Inner Unique": false,
                   "Hash Cond": "(an.person_id = n.id)",
                   "Plans": [
                     {
                       "Node Type": "Seq Scan",
                       "Parent Relationship": "Outer",
                       "Parallel Aware": true,
                       "Relation Name": "aka_name",
                       "Alias": "an",
                       "Startup Cost": 0.00,
                       "Total Cost": 15151.60,
                       "Plan Rows": 375560,
                       "Plan Width": 20
                     },
                     {
                       "Node Type": "Hash",
                       "Parent Relationship": "Inner",
                       "Parallel Aware": true,
                       "Startup Cost": 794747.52,
                       "Total Cost": 794747.52,
                       "Plan Rows": 2983,
                       "Plan Width": 31,
                       "Plans": [
                         {
                           "Node Type": "Nested Loop",
                           "Parent Relationship": "Outer",
                           "Parallel Aware": false,
                           "Join Type": "Inner",
                           "Startup Cost": 732346.46,
                           "Total Cost": 794747.52,
                           "Plan Rows": 2983,
                           "Plan Width": 31,
                           "Inner Unique": true,
                           "Plans": [
                             {
                               "Node Type": "Hash Join",
                               "Parent Relationship": "Outer",
                               "Parallel Aware": true,
                               "Join Type": "Inner",
                               "Startup Cost": 732346.03,
                               "Total Cost": 793389.40,
                               "Plan Rows": 2983,
                               "Plan Width": 27,
                               "Inner Unique": false,
                               "Hash Cond": "(mv120.id = ci.movie_id)",
                               "Plans": [
                                 {
                                   "Node Type": "Merge Join",
                                   "Parent Relationship": "Outer",
                                   "Parallel Aware": false,
                                   "Join Type": "Inner",
                                   "Startup Cost": 80444.66,
                                   "Total Cost": 82399.66,
                                   "Plan Rows": 164,
                                   "Plan Width": 35,
                                   "Inner Unique": false,
                                   "Merge Cond": "(mc.movie_id = mv120.id)",
                                   "Plans": [
                                     {
                                       "Node Type": "Sort",
                                       "Parent Relationship": "Outer",
                                       "Parallel Aware": false,
                                       "Startup Cost": 79463.60,
                                       "Total Cost": 80439.76,
                                       "Plan Rows": 390463,
                                       "Plan Width": 4,
                                       "Sort Key": ["mc.movie_id"],
                                       "Plans": [
                                         {
                                           "Node Type": "Hash Join",
                                           "Parent Relationship": "Outer",
                                           "Parallel Aware": true,
                                           "Join Type": "Inner",
                                           "Startup Cost": 5343.53,
                                           "Total Cost": 37858.69,
                                           "Plan Rows": 390463,
                                           "Plan Width": 4,
                                           "Inner Unique": true,
                                           "Hash Cond": "(mc.company_id = cn.id)",
                                           "Plans": [
                                             {
                                               "Node Type": "Seq Scan",
                                               "Parent Relationship": "Outer",
                                               "Parallel Aware": true,
                                               "Relation Name": "movie_companies",
                                               "Alias": "mc",
                                               "Startup Cost": 0.00,
                                               "Total Cost": 29661.37,
                                               "Plan Rows": 1087137,
                                               "Plan Width": 8
                                             },
                                             {
                                               "Node Type": "Hash",
                                               "Parent Relationship": "Inner",
                                               "Parallel Aware": true,
                                               "Startup Cost": 4722.92,
                                               "Total Cost": 4722.92,
                                               "Plan Rows": 49649,
                                               "Plan Width": 4,
                                               "Plans": [
                                                 {
                                                   "Node Type": "Seq Scan",
                                                   "Parent Relationship": "Outer",
                                                   "Parallel Aware": true,
                                                   "Relation Name": "company_name",
                                                   "Alias": "cn",
                                                   "Startup Cost": 0.00,
                                                   "Total Cost": 4722.92,
                                                   "Plan Rows": 49649,
                                                   "Plan Width": 4,
                                                   "Filter": "((country_code)::text = '[us]'::text)"
                                                 }
                                               ]
                                             }
                                           ]
                                         }
                                       ]
                                     },
                                     {
                                       "Node Type": "Sort",
                                       "Parent Relationship": "Inner",
                                       "Parallel Aware": false,
                                       "Startup Cost": 981.05,
                                       "Total Cost": 981.58,
                                       "Plan Rows": 209,
                                       "Plan Width": 31,
                                       "Sort Key": ["mv120.id"],
                                       "Plans": [
                                         {
                                           "Node Type": "Seq Scan",
                                           "Parent Relationship": "Outer",
                                           "Parallel Aware": false,
                                           "Relation Name": "mv120",
                                           "Alias": "mv120",
                                           "Startup Cost": 0.00,
                                           "Total Cost": 973.00,
                                           "Plan Rows": 209,
                                           "Plan Width": 31,
                                           "Filter": "(id = movie_id)"
                                         }
                                       ]
                                     }
                                   ]
                                 },
                                 {
                                   "Node Type": "Hash",
                                   "Parent Relationship": "Inner",
                                   "Parallel Aware": true,
                                   "Startup Cost": 403868.50,
                                   "Total Cost": 403868.50,
                                   "Plan Rows": 15118150,
                                   "Plan Width": 8,
                                   "Plans": [
                                     {
                                       "Node Type": "Seq Scan",
                                       "Parent Relationship": "Outer",
                                       "Parallel Aware": true,
                                       "Relation Name": "cast_info",
                                       "Alias": "ci",
                                       "Startup Cost": 0.00,
                                       "Total Cost": 403868.50,
                                       "Plan Rows": 15118150,
                                       "Plan Width": 8
                                     }
                                   ]
                                 }
                               ]
                             },
                             {
                               "Node Type": "Index Only Scan",
                               "Parent Relationship": "Inner",
                               "Parallel Aware": false,
                               "Scan Direction": "Forward",
                               "Index Name": "name_pkey",
                               "Relation Name": "name",
                               "Alias": "n",
                               "Startup Cost": 0.43,
                               "Total Cost": 0.46,
                               "Plan Rows": 1,
                               "Plan Width": 4,
                               "Index Cond": "(id = ci.person_id)"
                             }
                           ]
                         }
                       ]
                     }
                   ]
                 }
               ]
             }
           ]
         }
       ]
     }
   }
 ]
