 [
   {
     "Plan": {
       "Node Type": "Aggregate",
       "Strategy": "Plain",
       "Partial Mode": "Finalize",
       "Parallel Aware": false,
       "Startup Cost": 190579.26,
       "Total Cost": 190579.27,
       "Plan Rows": 1,
       "Plan Width": 64,
       "Plans": [
         {
           "Node Type": "Gather",
           "Parent Relationship": "Outer",
           "Parallel Aware": false,
           "Startup Cost": 190579.04,
           "Total Cost": 190579.25,
           "Plan Rows": 2,
           "Plan Width": 64,
           "Workers Planned": 2,
           "Single Copy": false,
           "Plans": [
             {
               "Node Type": "Aggregate",
               "Strategy": "Plain",
               "Partial Mode": "Partial",
               "Parent Relationship": "Outer",
               "Parallel Aware": false,
               "Startup Cost": 189579.04,
               "Total Cost": 189579.05,
               "Plan Rows": 1,
               "Plan Width": 64,
               "Plans": [
                 {
                   "Node Type": "Seq Scan",
                   "Parent Relationship": "Outer",
                   "Parallel Aware": true,
                   "Relation Name": "mv125",
                   "Alias": "mv125",
                   "Startup Cost": 0.00,
                   "Total Cost": 189203.86,
                   "Plan Rows": 75037,
                   "Plan Width": 35,
                   "Filter": "((episode_nr < 100) AND ((country_code)::text = '[us]'::text))"
                 }
               ]
             }
           ]
         }
       ]
     }
   }
 ]
