 [
   {
     "Plan": {
       "Node Type": "Aggregate",
       "Strategy": "Plain",
       "Partial Mode": "Finalize",
       "Parallel Aware": false,
       "Startup Cost": 141685.36,
       "Total Cost": 141685.37,
       "Plan Rows": 1,
       "Plan Width": 64,
       "Plans": [
         {
           "Node Type": "Gather",
           "Parent Relationship": "Outer",
           "Parallel Aware": false,
           "Startup Cost": 141685.14,
           "Total Cost": 141685.35,
           "Plan Rows": 2,
           "Plan Width": 32,
           "Workers Planned": 2,
           "Single Copy": false,
           "Plans": [
             {
               "Node Type": "Aggregate",
               "Strategy": "Plain",
               "Partial Mode": "Partial",
               "Parent Relationship": "Outer",
               "Parallel Aware": false,
               "Startup Cost": 140685.14,
               "Total Cost": 140685.15,
               "Plan Rows": 1,
               "Plan Width": 32,
               "Plans": [
                 {
                   "Node Type": "Seq Scan",
                   "Parent Relationship": "Outer",
                   "Parallel Aware": true,
                   "Relation Name": "mv129",
                   "Alias": "mv129",
                   "Startup Cost": 0.00,
                   "Total Cost": 140419.62,
                   "Plan Rows": 106208,
                   "Plan Width": 15,
                   "Filter": "(((name)::text ~~ 'B%'::text) AND ((country_code)::text = '[us]'::text))"
                 }
               ]
             }
           ]
         }
       ]
     }
   }
 ]
