 [
   {
     "Plan": {
       "Node Type": "Aggregate",
       "Strategy": "Plain",
       "Partial Mode": "Finalize",
       "Parallel Aware": false,
       "Startup Cost": 718404.35,
       "Total Cost": 718404.36,
       "Plan Rows": 1,
       "Plan Width": 32,
       "Plans": [
         {
           "Node Type": "Gather",
           "Parent Relationship": "Outer",
           "Parallel Aware": false,
           "Startup Cost": 718404.24,
           "Total Cost": 718404.35,
           "Plan Rows": 1,
           "Plan Width": 32,
           "Workers Planned": 1,
           "Single Copy": false,
           "Plans": [
             {
               "Node Type": "Aggregate",
               "Strategy": "Plain",
               "Partial Mode": "Partial",
               "Parent Relationship": "Outer",
               "Parallel Aware": false,
               "Startup Cost": 717404.24,
               "Total Cost": 717404.25,
               "Plan Rows": 1,
               "Plan Width": 32,
               "Plans": [
                 {
                   "Node Type": "Nested Loop",
                   "Parent Relationship": "Outer",
                   "Parallel Aware": false,
                   "Join Type": "Inner",
                   "Startup Cost": 651901.81,
                   "Total Cost": 717386.03,
                   "Plan Rows": 7284,
                   "Plan Width": 15,
                   "Inner Unique": true,
                   "Plans": [
                     {
                       "Node Type": "Hash Join",
                       "Parent Relationship": "Outer",
                       "Parallel Aware": true,
                       "Join Type": "Inner",
                       "Startup Cost": 651901.38,
                       "Total Cost": 714069.73,
                       "Plan Rows": 7284,
                       "Plan Width": 4,
                       "Inner Unique": false,
                       "Hash Cond": "(mv127.id = ci.movie_id)",
                       "Plans": [
                         {
                           "Node Type": "Seq Scan",
                           "Parent Relationship": "Outer",
                           "Parallel Aware": true,
                           "Relation Name": "mv127",
                           "Alias": "mv127",
                           "Startup Cost": 0.00,
                           "Total Cost": 3075.75,
                           "Plan Rows": 200,
                           "Plan Width": 8,
                           "Filter": "(((country_code)::text = '[us]'::text) AND (id = movie_id))"
                         },
                         {
                           "Node Type": "Hash",
                           "Parent Relationship": "Inner",
                           "Parallel Aware": true,
                           "Startup Cost": 403868.50,
                           "Total Cost": 403868.50,
                           "Plan Rows": 15118150,
                           "Plan Width": 8,
                           "Plans": [
                             {
                               "Node Type": "Seq Scan",
                               "Parent Relationship": "Outer",
                               "Parallel Aware": true,
                               "Relation Name": "cast_info",
                               "Alias": "ci",
                               "Startup Cost": 0.00,
                               "Total Cost": 403868.50,
                               "Plan Rows": 15118150,
                               "Plan Width": 8
                             }
                           ]
                         }
                       ]
                     },
                     {
                       "Node Type": "Index Scan",
                       "Parent Relationship": "Inner",
                       "Parallel Aware": false,
                       "Scan Direction": "Forward",
                       "Index Name": "name_pkey",
                       "Relation Name": "name",
                       "Alias": "n",
                       "Startup Cost": 0.43,
                       "Total Cost": 0.46,
                       "Plan Rows": 1,
                       "Plan Width": 19,
                       "Index Cond": "(id = ci.person_id)"
                     }
                   ]
                 }
               ]
             }
           ]
         }
       ]
     }
   }
 ]
