 [
   {
     "Plan": {
       "Node Type": "Aggregate",
       "Strategy": "Plain",
       "Partial Mode": "Finalize",
       "Parallel Aware": false,
       "Startup Cost": 853754.43,
       "Total Cost": 853754.44,
       "Plan Rows": 1,
       "Plan Width": 32,
       "Plans": [
         {
           "Node Type": "Gather",
           "Parent Relationship": "Outer",
           "Parallel Aware": false,
           "Startup Cost": 853754.21,
           "Total Cost": 853754.42,
           "Plan Rows": 2,
           "Plan Width": 32,
           "Workers Planned": 2,
           "Single Copy": false,
           "Plans": [
             {
               "Node Type": "Aggregate",
               "Strategy": "Plain",
               "Partial Mode": "Partial",
               "Parent Relationship": "Outer",
               "Parallel Aware": false,
               "Startup Cost": 852754.21,
               "Total Cost": 852754.22,
               "Plan Rows": 1,
               "Plan Width": 32,
               "Plans": [
                 {
                   "Node Type": "Hash Join",
                   "Parent Relationship": "Outer",
                   "Parallel Aware": true,
                   "Join Type": "Inner",
                   "Startup Cost": 835456.80,
                   "Total Cost": 852751.49,
                   "Plan Rows": 1090,
                   "Plan Width": 15,
                   "Inner Unique": false,
                   "Hash Cond": "(mv120.id = ci.movie_id)",
                   "Plans": [
                     {
                       "Node Type": "Nested Loop",
                       "Parent Relationship": "Outer",
                       "Parallel Aware": false,
                       "Join Type": "Inner",
                       "Startup Cost": 154504.26,
                       "Total Cost": 160148.57,
                       "Plan Rows": 456,
                       "Plan Width": 12,
                       "Inner Unique": true,
                       "Plans": [
                         {
                           "Node Type": "Merge Join",
                           "Parent Relationship": "Outer",
                           "Parallel Aware": false,
                           "Join Type": "Inner",
                           "Startup Cost": 154503.84,
                           "Total Cost": 159946.36,
                           "Plan Rows": 456,
                           "Plan Width": 16,
                           "Inner Unique": false,
                           "Merge Cond": "(mc.movie_id = mv120.id)",
                           "Plans": [
                             {
                               "Node Type": "Sort",
                               "Parent Relationship": "Outer",
                               "Parallel Aware": false,
                               "Startup Cost": 153522.78,
                               "Total Cost": 156240.63,
                               "Plan Rows": 1087137,
                               "Plan Width": 8,
                               "Sort Key": ["mc.movie_id"],
                               "Plans": [
                                 {
                                   "Node Type": "Seq Scan",
                                   "Parent Relationship": "Outer",
                                   "Parallel Aware": true,
                                   "Relation Name": "movie_companies",
                                   "Alias": "mc",
                                   "Startup Cost": 0.00,
                                   "Total Cost": 29661.37,
                                   "Plan Rows": 1087137,
                                   "Plan Width": 8
                                 }
                               ]
                             },
                             {
                               "Node Type": "Sort",
                               "Parent Relationship": "Inner",
                               "Parallel Aware": false,
                               "Startup Cost": 981.05,
                               "Total Cost": 981.58,
                               "Plan Rows": 209,
                               "Plan Width": 8,
                               "Sort Key": ["mv120.id"],
                               "Plans": [
                                 {
                                   "Node Type": "Seq Scan",
                                   "Parent Relationship": "Outer",
                                   "Parallel Aware": false,
                                   "Relation Name": "mv120",
                                   "Alias": "mv120",
                                   "Startup Cost": 0.00,
                                   "Total Cost": 973.00,
                                   "Plan Rows": 209,
                                   "Plan Width": 8,
                                   "Filter": "(id = movie_id)"
                                 }
                               ]
                             }
                           ]
                         },
                         {
                           "Node Type": "Index Only Scan",
                           "Parent Relationship": "Inner",
                           "Parallel Aware": false,
                           "Scan Direction": "Forward",
                           "Index Name": "company_name_pkey",
                           "Relation Name": "company_name",
                           "Alias": "cn",
                           "Startup Cost": 0.42,
                           "Total Cost": 0.44,
                           "Plan Rows": 1,
                           "Plan Width": 4,
                           "Index Cond": "(id = mc.company_id)"
                         }
                       ]
                     },
                     {
                       "Node Type": "Hash",
                       "Parent Relationship": "Inner",
                       "Parallel Aware": true,
                       "Startup Cost": 644504.39,
                       "Total Cost": 644504.39,
                       "Plan Rows": 1985212,
                       "Plan Width": 19,
                       "Plans": [
                         {
                           "Node Type": "Hash Join",
                           "Parent Relationship": "Outer",
                           "Parallel Aware": true,
                           "Join Type": "Inner",
                           "Startup Cost": 81502.71,
                           "Total Cost": 644504.39,
                           "Plan Rows": 1985212,
                           "Plan Width": 19,
                           "Inner Unique": true,
                           "Hash Cond": "(ci.person_id = n.id)",
                           "Plans": [
                             {
                               "Node Type": "Seq Scan",
                               "Parent Relationship": "Outer",
                               "Parallel Aware": true,
                               "Relation Name": "cast_info",
                               "Alias": "ci",
                               "Startup Cost": 0.00,
                               "Total Cost": 403868.50,
                               "Plan Rows": 15118150,
                               "Plan Width": 8
                             },
                             {
                               "Node Type": "Hash",
                               "Parent Relationship": "Inner",
                               "Parallel Aware": true,
                               "Startup Cost": 77316.72,
                               "Total Cost": 77316.72,
                               "Plan Rows": 227999,
                               "Plan Width": 19,
                               "Plans": [
                                 {
                                   "Node Type": "Seq Scan",
                                   "Parent Relationship": "Outer",
                                   "Parallel Aware": true,
                                   "Relation Name": "name",
                                   "Alias": "n",
                                   "Startup Cost": 0.00,
                                   "Total Cost": 77316.72,
                                   "Plan Rows": 227999,
                                   "Plan Width": 19,
                                   "Filter": "((name)::text ~~ '%B%'::text)"
                                 }
                               ]
                             }
                           ]
                         }
                       ]
                     }
                   ]
                 }
               ]
             }
           ]
         }
       ]
     }
   }
 ]
