 [
   {
     "Plan": {
       "Node Type": "Aggregate",
       "Strategy": "Plain",
       "Partial Mode": "Finalize",
       "Parallel Aware": false,
       "Startup Cost": 650133.40,
       "Total Cost": 650133.41,
       "Plan Rows": 1,
       "Plan Width": 32,
       "Plans": [
         {
           "Node Type": "Gather",
           "Parent Relationship": "Outer",
           "Parallel Aware": false,
           "Startup Cost": 650133.18,
           "Total Cost": 650133.39,
           "Plan Rows": 2,
           "Plan Width": 32,
           "Workers Planned": 2,
           "Single Copy": false,
           "Plans": [
             {
               "Node Type": "Aggregate",
               "Strategy": "Plain",
               "Partial Mode": "Partial",
               "Parent Relationship": "Outer",
               "Parallel Aware": false,
               "Startup Cost": 649133.18,
               "Total Cost": 649133.19,
               "Plan Rows": 1,
               "Plan Width": 32,
               "Plans": [
                 {
                   "Node Type": "Hash Join",
                   "Parent Relationship": "Outer",
                   "Parallel Aware": true,
                   "Join Type": "Inner",
                   "Startup Cost": 604302.54,
                   "Total Cost": 648587.40,
                   "Plan Rows": 218313,
                   "Plan Width": 15,
                   "Inner Unique": true,
                   "Hash Cond": "(mc.company_id = cn.id)",
                   "Plans": [
                     {
                       "Node Type": "Hash Join",
                       "Parent Relationship": "Outer",
                       "Parallel Aware": true,
                       "Join Type": "Inner",
                       "Startup Cost": 598197.28,
                       "Total Cost": 641909.06,
                       "Plan Rows": 218313,
                       "Plan Width": 19,
                       "Inner Unique": false,
                       "Hash Cond": "(mc.movie_id = ci.movie_id)",
                       "Plans": [
                         {
                           "Node Type": "Seq Scan",
                           "Parent Relationship": "Outer",
                           "Parallel Aware": true,
                           "Relation Name": "movie_companies",
                           "Alias": "mc",
                           "Startup Cost": 0.00,
                           "Total Cost": 29661.37,
                           "Plan Rows": 1087137,
                           "Plan Width": 8
                         },
                         {
                           "Node Type": "Hash",
                           "Parent Relationship": "Inner",
                           "Parallel Aware": true,
                           "Startup Cost": 596585.20,
                           "Total Cost": 596585.20,
                           "Plan Rows": 83367,
                           "Plan Width": 27,
                           "Plans": [
                             {
                               "Node Type": "Nested Loop",
                               "Parent Relationship": "Outer",
                               "Parallel Aware": false,
                               "Join Type": "Inner",
                               "Startup Cost": 82752.54,
                               "Total Cost": 596585.20,
                               "Plan Rows": 83367,
                               "Plan Width": 27,
                               "Inner Unique": true,
                               "Plans": [
                                 {
                                   "Node Type": "Hash Join",
                                   "Parent Relationship": "Outer",
                                   "Parallel Aware": true,
                                   "Join Type": "Inner",
                                   "Startup Cost": 82752.11,
                                   "Total Cost": 558864.88,
                                   "Plan Rows": 83367,
                                   "Plan Width": 23,
                                   "Inner Unique": true,
                                   "Hash Cond": "(ci.person_id = n.id)",
                                   "Plans": [
                                     {
                                       "Node Type": "Hash Join",
                                       "Parent Relationship": "Outer",
                                       "Parallel Aware": false,
                                       "Join Type": "Inner",
                                       "Startup Cost": 1249.40,
                                       "Total Cost": 468159.64,
                                       "Plan Rows": 634868,
                                       "Plan Width": 12,
                                       "Inner Unique": false,
                                       "Hash Cond": "(ci.movie_id = mv119.movie_id)",
                                       "Plans": [
                                         {
                                           "Node Type": "Seq Scan",
                                           "Parent Relationship": "Outer",
                                           "Parallel Aware": true,
                                           "Relation Name": "cast_info",
                                           "Alias": "ci",
                                           "Startup Cost": 0.00,
                                           "Total Cost": 403868.50,
                                           "Plan Rows": 15118150,
                                           "Plan Width": 8
                                         },
                                         {
                                           "Node Type": "Hash",
                                           "Parent Relationship": "Inner",
                                           "Parallel Aware": false,
                                           "Startup Cost": 726.40,
                                           "Total Cost": 726.40,
                                           "Plan Rows": 41840,
                                           "Plan Width": 4,
                                           "Plans": [
                                             {
                                               "Node Type": "Seq Scan",
                                               "Parent Relationship": "Outer",
                                               "Parallel Aware": false,
                                               "Relation Name": "mv119",
                                               "Alias": "mv119",
                                               "Startup Cost": 0.00,
                                               "Total Cost": 726.40,
                                               "Plan Rows": 41840,
                                               "Plan Width": 4
                                             }
                                           ]
                                         }
                                       ]
                                     },
                                     {
                                       "Node Type": "Hash",
                                       "Parent Relationship": "Inner",
                                       "Parallel Aware": true,
                                       "Startup Cost": 77316.72,
                                       "Total Cost": 77316.72,
                                       "Plan Rows": 227999,
                                       "Plan Width": 19,
                                       "Plans": [
                                         {
                                           "Node Type": "Seq Scan",
                                           "Parent Relationship": "Outer",
                                           "Parallel Aware": true,
                                           "Relation Name": "name",
                                           "Alias": "n",
                                           "Startup Cost": 0.00,
                                           "Total Cost": 77316.72,
                                           "Plan Rows": 227999,
                                           "Plan Width": 19,
                                           "Filter": "((name)::text ~~ '%B%'::text)"
                                         }
                                       ]
                                     }
                                   ]
                                 },
                                 {
                                   "Node Type": "Index Only Scan",
                                   "Parent Relationship": "Inner",
                                   "Parallel Aware": false,
                                   "Scan Direction": "Forward",
                                   "Index Name": "title_pkey",
                                   "Relation Name": "title",
                                   "Alias": "t",
                                   "Startup Cost": 0.43,
                                   "Total Cost": 0.45,
                                   "Plan Rows": 1,
                                   "Plan Width": 4,
                                   "Index Cond": "(id = ci.movie_id)"
                                 }
                               ]
                             }
                           ]
                         }
                       ]
                     },
                     {
                       "Node Type": "Hash",
                       "Parent Relationship": "Inner",
                       "Parallel Aware": true,
                       "Startup Cost": 4377.34,
                       "Total Cost": 4377.34,
                       "Plan Rows": 138234,
                       "Plan Width": 4,
                       "Plans": [
                         {
                           "Node Type": "Seq Scan",
                           "Parent Relationship": "Outer",
                           "Parallel Aware": true,
                           "Relation Name": "company_name",
                           "Alias": "cn",
                           "Startup Cost": 0.00,
                           "Total Cost": 4377.34,
                           "Plan Rows": 138234,
                           "Plan Width": 4
                         }
                       ]
                     }
                   ]
                 }
               ]
             }
           ]
         }
       ]
     }
   }
 ]
