 [
   {
     "Plan": {
       "Node Type": "Aggregate",
       "Strategy": "Plain",
       "Partial Mode": "Finalize",
       "Parallel Aware": false,
       "Startup Cost": 696463.07,
       "Total Cost": 696463.08,
       "Plan Rows": 1,
       "Plan Width": 32,
       "Plans": [
         {
           "Node Type": "Gather",
           "Parent Relationship": "Outer",
           "Parallel Aware": false,
           "Startup Cost": 696462.96,
           "Total Cost": 696463.07,
           "Plan Rows": 1,
           "Plan Width": 32,
           "Workers Planned": 1,
           "Single Copy": false,
           "Plans": [
             {
               "Node Type": "Aggregate",
               "Strategy": "Plain",
               "Partial Mode": "Partial",
               "Parent Relationship": "Outer",
               "Parallel Aware": false,
               "Startup Cost": 695462.96,
               "Total Cost": 695462.97,
               "Plan Rows": 1,
               "Plan Width": 32,
               "Plans": [
                 {
                   "Node Type": "Hash Join",
                   "Parent Relationship": "Outer",
                   "Parallel Aware": true,
                   "Join Type": "Inner",
                   "Startup Cost": 680952.54,
                   "Total Cost": 695457.73,
                   "Plan Rows": 2090,
                   "Plan Width": 15,
                   "Inner Unique": false,
                   "Hash Cond": "(mv127.id = ci.movie_id)",
                   "Plans": [
                     {
                       "Node Type": "Seq Scan",
                       "Parent Relationship": "Outer",
                       "Parallel Aware": true,
                       "Relation Name": "mv127",
                       "Alias": "mv127",
                       "Startup Cost": 0.00,
                       "Total Cost": 2857.29,
                       "Plan Rows": 437,
                       "Plan Width": 8,
                       "Filter": "(id = movie_id)"
                     },
                     {
                       "Node Type": "Hash",
                       "Parent Relationship": "Inner",
                       "Parallel Aware": true,
                       "Startup Cost": 644504.39,
                       "Total Cost": 644504.39,
                       "Plan Rows": 1985212,
                       "Plan Width": 19,
                       "Plans": [
                         {
                           "Node Type": "Hash Join",
                           "Parent Relationship": "Outer",
                           "Parallel Aware": true,
                           "Join Type": "Inner",
                           "Startup Cost": 81502.71,
                           "Total Cost": 644504.39,
                           "Plan Rows": 1985212,
                           "Plan Width": 19,
                           "Inner Unique": true,
                           "Hash Cond": "(ci.person_id = n.id)",
                           "Plans": [
                             {
                               "Node Type": "Seq Scan",
                               "Parent Relationship": "Outer",
                               "Parallel Aware": true,
                               "Relation Name": "cast_info",
                               "Alias": "ci",
                               "Startup Cost": 0.00,
                               "Total Cost": 403868.50,
                               "Plan Rows": 15118150,
                               "Plan Width": 8
                             },
                             {
                               "Node Type": "Hash",
                               "Parent Relationship": "Inner",
                               "Parallel Aware": true,
                               "Startup Cost": 77316.72,
                               "Total Cost": 77316.72,
                               "Plan Rows": 227999,
                               "Plan Width": 19,
                               "Plans": [
                                 {
                                   "Node Type": "Seq Scan",
                                   "Parent Relationship": "Outer",
                                   "Parallel Aware": true,
                                   "Relation Name": "name",
                                   "Alias": "n",
                                   "Startup Cost": 0.00,
                                   "Total Cost": 77316.72,
                                   "Plan Rows": 227999,
                                   "Plan Width": 19,
                                   "Filter": "((name)::text ~~ '%B%'::text)"
                                 }
                               ]
                             }
                           ]
                         }
                       ]
                     }
                   ]
                 }
               ]
             }
           ]
         }
       ]
     }
   }
 ]
