 [
   {
     "Plan": {
       "Node Type": "Aggregate",
       "Strategy": "Plain",
       "Partial Mode": "Finalize",
       "Parallel Aware": false,
       "Startup Cost": 134280.22,
       "Total Cost": 134280.23,
       "Plan Rows": 1,
       "Plan Width": 32,
       "Plans": [
         {
           "Node Type": "Gather",
           "Parent Relationship": "Outer",
           "Parallel Aware": false,
           "Startup Cost": 134280.01,
           "Total Cost": 134280.22,
           "Plan Rows": 2,
           "Plan Width": 32,
           "Workers Planned": 2,
           "Single Copy": false,
           "Plans": [
             {
               "Node Type": "Aggregate",
               "Strategy": "Plain",
               "Partial Mode": "Partial",
               "Parent Relationship": "Outer",
               "Parallel Aware": false,
               "Startup Cost": 133280.01,
               "Total Cost": 133280.02,
               "Plan Rows": 1,
               "Plan Width": 32,
               "Plans": [
                 {
                   "Node Type": "Seq Scan",
                   "Parent Relationship": "Outer",
                   "Parallel Aware": true,
                   "Relation Name": "mv129",
                   "Alias": "mv129",
                   "Startup Cost": 0.00,
                   "Total Cost": 132297.68,
                   "Plan Rows": 392931,
                   "Plan Width": 15,
                   "Filter": "((name)::text ~~ '%B%'::text)"
                 }
               ]
             }
           ]
         }
       ]
     }
   }
 ]
