 [
   {
     "Plan": {
       "Node Type": "Aggregate",
       "Strategy": "Plain",
       "Partial Mode": "Finalize",
       "Parallel Aware": false,
       "Startup Cost": 321896.85,
       "Total Cost": 321896.86,
       "Plan Rows": 1,
       "Plan Width": 96,
       "Plans": [
         {
           "Node Type": "Gather",
           "Parent Relationship": "Outer",
           "Parallel Aware": false,
           "Startup Cost": 321896.62,
           "Total Cost": 321896.83,
           "Plan Rows": 2,
           "Plan Width": 96,
           "Workers Planned": 2,
           "Single Copy": false,
           "Plans": [
             {
               "Node Type": "Aggregate",
               "Strategy": "Plain",
               "Partial Mode": "Partial",
               "Parent Relationship": "Outer",
               "Parallel Aware": false,
               "Startup Cost": 320896.62,
               "Total Cost": 320896.63,
               "Plan Rows": 1,
               "Plan Width": 96,
               "Plans": [
                 {
                   "Node Type": "Nested Loop",
                   "Parent Relationship": "Outer",
                   "Parallel Aware": false,
                   "Join Type": "Inner",
                   "Startup Cost": 270524.03,
                   "Total Cost": 320896.61,
                   "Plan Rows": 1,
                   "Plan Width": 45,
                   "Inner Unique": true,
                   "Plans": [
                     {
                       "Node Type": "Hash Join",
                       "Parent Relationship": "Outer",
                       "Parallel Aware": true,
                       "Join Type": "Inner",
                       "Startup Cost": 270523.61,
                       "Total Cost": 320896.15,
                       "Plan Rows": 1,
                       "Plan Width": 49,
                       "Inner Unique": false,
                       "Hash Cond": "(mk.movie_id = mv18.movie_id)",
                       "Plans": [
                         {
                           "Node Type": "Seq Scan",
                           "Parent Relationship": "Outer",
                           "Parallel Aware": true,
                           "Relation Name": "movie_keyword",
                           "Alias": "mk",
                           "Startup Cost": 0.00,
                           "Total Cost": 43303.71,
                           "Plan Rows": 1884971,
                           "Plan Width": 8
                         },
                         {
                           "Node Type": "Hash",
                           "Parent Relationship": "Inner",
                           "Parallel Aware": true,
                           "Startup Cost": 270523.60,
                           "Total Cost": 270523.60,
                           "Plan Rows": 1,
                           "Plan Width": 61,
                           "Plans": [
                             {
                               "Node Type": "Nested Loop",
                               "Parent Relationship": "Outer",
                               "Parallel Aware": false,
                               "Join Type": "Inner",
                               "Startup Cost": 270510.74,
                               "Total Cost": 270523.60,
                               "Plan Rows": 1,
                               "Plan Width": 61,
                               "Inner Unique": true,
                               "Join Filter": "(mv18.movie_id = t.id)",
                               "Plans": [
                                 {
                                   "Node Type": "Nested Loop",
                                   "Parent Relationship": "Outer",
                                   "Parallel Aware": false,
                                   "Join Type": "Inner",
                                   "Startup Cost": 270510.31,
                                   "Total Cost": 270522.99,
                                   "Plan Rows": 1,
                                   "Plan Width": 40,
                                   "Inner Unique": true,
                                   "Plans": [
                                     {
                                       "Node Type": "Merge Join",
                                       "Parent Relationship": "Outer",
                                       "Parallel Aware": false,
                                       "Join Type": "Inner",
                                       "Startup Cost": 270509.89,
                                       "Total Cost": 270521.62,
                                       "Plan Rows": 3,
                                       "Plan Width": 25,
                                       "Inner Unique": false,
                                       "Merge Cond": "(mc.movie_id = mv18.movie_id)",
                                       "Plans": [
                                         {
                                           "Node Type": "Sort",
                                           "Parent Relationship": "Outer",
                                           "Parallel Aware": false,
                                           "Startup Cost": 270343.36,
                                           "Total Cost": 270345.17,
                                           "Plan Rows": 724,
                                           "Plan Width": 12,
                                           "Sort Key": ["mc.movie_id"],
                                           "Plans": [
                                             {
                                               "Node Type": "Hash Join",
                                               "Parent Relationship": "Outer",
                                               "Parallel Aware": true,
                                               "Join Type": "Inner",
                                               "Startup Cost": 31111.02,
                                               "Total Cost": 270308.98,
                                               "Plan Rows": 724,
                                               "Plan Width": 12,
                                               "Inner Unique": false,
                                               "Hash Cond": "(mi.movie_id = mc.movie_id)",
                                               "Plans": [
                                                 {
                                                   "Node Type": "Seq Scan",
                                                   "Parent Relationship": "Outer",
                                                   "Parallel Aware": true,
                                                   "Relation Name": "movie_info",
                                                   "Alias": "mi",
                                                   "Startup Cost": 0.00,
                                                   "Total Cost": 239005.48,
                                                   "Plan Rows": 50520,
                                                   "Plan Width": 4,
                                                   "Filter": "((info)::text = ANY ('{Germany,German}'::text[]))"
                                                 },
                                                 {
                                                   "Node Type": "Hash",
                                                   "Parent Relationship": "Inner",
                                                   "Parallel Aware": true,
                                                   "Startup Cost": 31073.86,
                                                   "Total Cost": 31073.86,
                                                   "Plan Rows": 2973,
                                                   "Plan Width": 8,
                                                   "Plans": [
                                                     {
                                                       "Node Type": "Hash Join",
                                                       "Parent Relationship": "Outer",
                                                       "Parallel Aware": false,
                                                       "Join Type": "Inner",
                                                       "Startup Cost": 18.93,
                                                       "Total Cost": 31073.86,
                                                       "Plan Rows": 2973,
                                                       "Plan Width": 8,
                                                       "Inner Unique": true,
                                                       "Hash Cond": "(mc.company_type_id = ct.id)",
                                                       "Plans": [
                                                         {
                                                           "Node Type": "Seq Scan",
                                                           "Parent Relationship": "Outer",
                                                           "Parallel Aware": true,
                                                           "Relation Name": "movie_companies",
                                                           "Alias": "mc",
                                                           "Startup Cost": 0.00,
                                                           "Total Cost": 29661.37,
                                                           "Plan Rows": 527732,
                                                           "Plan Width": 12,
                                                           "Filter": "(note IS NULL)"
                                                         },
                                                         {
                                                           "Node Type": "Hash",
                                                           "Parent Relationship": "Inner",
                                                           "Parallel Aware": false,
                                                           "Startup Cost": 18.88,
                                                           "Total Cost": 18.88,
                                                           "Plan Rows": 4,
                                                           "Plan Width": 4,
                                                           "Plans": [
                                                             {
                                                               "Node Type": "Seq Scan",
                                                               "Parent Relationship": "Outer",
                                                               "Parallel Aware": false,
                                                               "Relation Name": "company_type",
                                                               "Alias": "ct",
                                                               "Startup Cost": 0.00,
                                                               "Total Cost": 18.88,
                                                               "Plan Rows": 4,
                                                               "Plan Width": 4,
                                                               "Filter": "((kind)::text = 'production companies'::text)"
                                                             }
                                                           ]
                                                         }
                                                       ]
                                                     }
                                                   ]
                                                 }
                                               ]
                                             }
                                           ]
                                         },
                                         {
                                           "Node Type": "Sort",
                                           "Parent Relationship": "Inner",
                                           "Parallel Aware": false,
                                           "Startup Cost": 166.52,
                                           "Total Cost": 172.31,
                                           "Plan Rows": 2315,
                                           "Plan Width": 13,
                                           "Sort Key": ["mv18.movie_id"],
                                           "Plans": [
                                             {
                                               "Node Type": "Seq Scan",
                                               "Parent Relationship": "Outer",
                                               "Parallel Aware": false,
                                               "Relation Name": "mv18",
                                               "Alias": "mv18",
                                               "Startup Cost": 0.00,
                                               "Total Cost": 37.15,
                                               "Plan Rows": 2315,
                                               "Plan Width": 13
                                             }
                                           ]
                                         }
                                       ]
                                     },
                                     {
                                       "Node Type": "Index Scan",
                                       "Parent Relationship": "Inner",
                                       "Parallel Aware": false,
                                       "Scan Direction": "Forward",
                                       "Index Name": "company_name_pkey",
                                       "Relation Name": "company_name",
                                       "Alias": "cn",
                                       "Startup Cost": 0.42,
                                       "Total Cost": 0.46,
                                       "Plan Rows": 1,
                                       "Plan Width": 23,
                                       "Index Cond": "(id = mc.company_id)",
                                       "Filter": "(((country_code)::text <> '[pl]'::text) AND (((name)::text ~~ '%Film%'::text) OR ((name)::text ~~ '%Warner%'::text)))"
                                     }
                                   ]
                                 },
                                 {
                                   "Node Type": "Index Scan",
                                   "Parent Relationship": "Inner",
                                   "Parallel Aware": false,
                                   "Scan Direction": "Forward",
                                   "Index Name": "title_pkey",
                                   "Relation Name": "title",
                                   "Alias": "t",
                                   "Startup Cost": 0.43,
                                   "Total Cost": 0.59,
                                   "Plan Rows": 1,
                                   "Plan Width": 21,
                                   "Index Cond": "(id = mc.movie_id)",
                                   "Filter": "((production_year >= 2000) AND (production_year <= 2010))"
                                 }
                               ]
                             }
                           ]
                         }
                       ]
                     },
                     {
                       "Node Type": "Index Scan",
                       "Parent Relationship": "Inner",
                       "Parallel Aware": false,
                       "Scan Direction": "Forward",
                       "Index Name": "keyword_pkey",
                       "Relation Name": "keyword",
                       "Alias": "k",
                       "Startup Cost": 0.42,
                       "Total Cost": 0.44,
                       "Plan Rows": 1,
                       "Plan Width": 4,
                       "Index Cond": "(id = mk.keyword_id)",
                       "Filter": "((keyword)::text = 'sequel'::text)"
                     }
                   ]
                 }
               ]
             }
           ]
         }
       ]
     }
   }
 ]
