 [
   {
     "Plan": {
       "Node Type": "Aggregate",
       "Strategy": "Plain",
       "Partial Mode": "Finalize",
       "Parallel Aware": false,
       "Startup Cost": 309062.17,
       "Total Cost": 309062.18,
       "Plan Rows": 1,
       "Plan Width": 96,
       "Plans": [
         {
           "Node Type": "Gather",
           "Parent Relationship": "Outer",
           "Parallel Aware": false,
           "Startup Cost": 309061.94,
           "Total Cost": 309062.15,
           "Plan Rows": 2,
           "Plan Width": 96,
           "Workers Planned": 2,
           "Single Copy": false,
           "Plans": [
             {
               "Node Type": "Aggregate",
               "Strategy": "Plain",
               "Partial Mode": "Partial",
               "Parent Relationship": "Outer",
               "Parallel Aware": false,
               "Startup Cost": 308061.94,
               "Total Cost": 308061.95,
               "Plan Rows": 1,
               "Plan Width": 96,
               "Plans": [
                 {
                   "Node Type": "Nested Loop",
                   "Parent Relationship": "Outer",
                   "Parallel Aware": false,
                   "Join Type": "Inner",
                   "Startup Cost": 272761.26,
                   "Total Cost": 308061.94,
                   "Plan Rows": 1,
                   "Plan Width": 41,
                   "Inner Unique": true,
                   "Plans": [
                     {
                       "Node Type": "Nested Loop",
                       "Parent Relationship": "Outer",
                       "Parallel Aware": false,
                       "Join Type": "Inner",
                       "Startup Cost": 272761.11,
                       "Total Cost": 308061.76,
                       "Plan Rows": 1,
                       "Plan Width": 45,
                       "Inner Unique": true,
                       "Plans": [
                         {
                           "Node Type": "Nested Loop",
                           "Parent Relationship": "Outer",
                           "Parallel Aware": false,
                           "Join Type": "Inner",
                           "Startup Cost": 272760.96,
                           "Total Cost": 308061.59,
                           "Plan Rows": 1,
                           "Plan Width": 49,
                           "Inner Unique": true,
                           "Plans": [
                             {
                               "Node Type": "Hash Join",
                               "Parent Relationship": "Outer",
                               "Parallel Aware": false,
                               "Join Type": "Inner",
                               "Startup Cost": 272760.54,
                               "Total Cost": 308061.03,
                               "Plan Rows": 1,
                               "Plan Width": 34,
                               "Inner Unique": false,
                               "Hash Cond": "(t.id = mv74.movie_id)",
                               "Plans": [
                                 {
                                   "Node Type": "Nested Loop",
                                   "Parent Relationship": "Outer",
                                   "Parallel Aware": false,
                                   "Join Type": "Inner",
                                   "Startup Cost": 271715.99,
                                   "Total Cost": 307016.43,
                                   "Plan Rows": 4,
                                   "Plan Width": 50,
                                   "Inner Unique": true,
                                   "Join Filter": "(mi.movie_id = t.id)",
                                   "Plans": [
                                     {
                                       "Node Type": "Hash Join",
                                       "Parent Relationship": "Outer",
                                       "Parallel Aware": true,
                                       "Join Type": "Inner",
                                       "Startup Cost": 271715.56,
                                       "Total Cost": 307007.80,
                                       "Plan Rows": 14,
                                       "Plan Width": 25,
                                       "Inner Unique": false,
                                       "Hash Cond": "(mc.movie_id = mi.movie_id)",
                                       "Plans": [
                                         {
                                           "Node Type": "Seq Scan",
                                           "Parent Relationship": "Outer",
                                           "Parallel Aware": true,
                                           "Relation Name": "movie_companies",
                                           "Alias": "mc",
                                           "Startup Cost": 0.00,
                                           "Total Cost": 35097.06,
                                           "Plan Rows": 52034,
                                           "Plan Width": 12,
                                           "Filter": "(((note)::text !~~ '%(USA)%'::text) AND ((note)::text ~~ '%(200%)%'::text))"
                                         },
                                         {
                                           "Node Type": "Hash",
                                           "Parent Relationship": "Inner",
                                           "Parallel Aware": true,
                                           "Startup Cost": 271714.85,
                                           "Total Cost": 271714.85,
                                           "Plan Rows": 57,
                                           "Plan Width": 13,
                                           "Plans": [
                                             {
                                               "Node Type": "Hash Join",
                                               "Parent Relationship": "Outer",
                                               "Parallel Aware": true,
                                               "Join Type": "Inner",
                                               "Startup Cost": 16509.66,
                                               "Total Cost": 271714.85,
                                               "Plan Rows": 57,
                                               "Plan Width": 13,
                                               "Inner Unique": false,
                                               "Hash Cond": "(mi.movie_id = mi_idx.movie_id)",
                                               "Plans": [
                                                 {
                                                   "Node Type": "Hash Join",
                                                   "Parent Relationship": "Outer",
                                                   "Parallel Aware": false,
                                                   "Join Type": "Inner",
                                                   "Startup Cost": 2.43,
                                                   "Total Cost": 255197.78,
                                                   "Plan Rows": 2558,
                                                   "Plan Width": 4,
                                                   "Inner Unique": true,
                                                   "Hash Cond": "(mi.info_type_id = it1.id)",
                                                   "Plans": [
                                                     {
                                                       "Node Type": "Seq Scan",
                                                       "Parent Relationship": "Outer",
                                                       "Parallel Aware": true,
                                                       "Relation Name": "movie_info",
                                                       "Alias": "mi",
                                                       "Startup Cost": 0.00,
                                                       "Total Cost": 254407.98,
                                                       "Plan Rows": 289110,
                                                       "Plan Width": 8,
                                                       "Filter": "((info)::text = ANY ('{Germany,German,USA,American}'::text[]))"
                                                     },
                                                     {
                                                       "Node Type": "Hash",
                                                       "Parent Relationship": "Inner",
                                                       "Parallel Aware": false,
                                                       "Startup Cost": 2.41,
                                                       "Total Cost": 2.41,
                                                       "Plan Rows": 1,
                                                       "Plan Width": 4,
                                                       "Plans": [
                                                         {
                                                           "Node Type": "Seq Scan",
                                                           "Parent Relationship": "Outer",
                                                           "Parallel Aware": false,
                                                           "Relation Name": "info_type",
                                                           "Alias": "it1",
                                                           "Startup Cost": 0.00,
                                                           "Total Cost": 2.41,
                                                           "Plan Rows": 1,
                                                           "Plan Width": 4,
                                                           "Filter": "((info)::text = 'countries'::text)"
                                                         }
                                                       ]
                                                     }
                                                   ]
                                                 },
                                                 {
                                                   "Node Type": "Hash",
                                                   "Parent Relationship": "Inner",
                                                   "Parallel Aware": true,
                                                   "Startup Cost": 16453.29,
                                                   "Total Cost": 16453.29,
                                                   "Plan Rows": 4316,
                                                   "Plan Width": 9,
                                                   "Plans": [
                                                     {
                                                       "Node Type": "Hash Join",
                                                       "Parent Relationship": "Outer",
                                                       "Parallel Aware": false,
                                                       "Join Type": "Inner",
                                                       "Startup Cost": 2.43,
                                                       "Total Cost": 16453.29,
                                                       "Plan Rows": 4316,
                                                       "Plan Width": 9,
                                                       "Inner Unique": true,
                                                       "Hash Cond": "(mi_idx.info_type_id = it2.id)",
                                                       "Plans": [
                                                         {
                                                           "Node Type": "Seq Scan",
                                                           "Parent Relationship": "Outer",
                                                           "Parallel Aware": true,
                                                           "Relation Name": "movie_info_idx",
                                                           "Alias": "mi_idx",
                                                           "Startup Cost": 0.00,
                                                           "Total Cost": 15122.68,
                                                           "Plan Rows": 487682,
                                                           "Plan Width": 13,
                                                           "Filter": "((info)::text < '7.0'::text)"
                                                         },
                                                         {
                                                           "Node Type": "Hash",
                                                           "Parent Relationship": "Inner",
                                                           "Parallel Aware": false,
                                                           "Startup Cost": 2.41,
                                                           "Total Cost": 2.41,
                                                           "Plan Rows": 1,
                                                           "Plan Width": 4,
                                                           "Plans": [
                                                             {
                                                               "Node Type": "Seq Scan",
                                                               "Parent Relationship": "Outer",
                                                               "Parallel Aware": false,
                                                               "Relation Name": "info_type",
                                                               "Alias": "it2",
                                                               "Startup Cost": 0.00,
                                                               "Total Cost": 2.41,
                                                               "Plan Rows": 1,
                                                               "Plan Width": 4,
                                                               "Filter": "((info)::text = 'rating'::text)"
                                                             }
                                                           ]
                                                         }
                                                       ]
                                                     }
                                                   ]
                                                 }
                                               ]
                                             }
                                           ]
                                         }
                                       ]
                                     },
                                     {
                                       "Node Type": "Index Scan",
                                       "Parent Relationship": "Inner",
                                       "Parallel Aware": false,
                                       "Scan Direction": "Forward",
                                       "Index Name": "title_pkey",
                                       "Relation Name": "title",
                                       "Alias": "t",
                                       "Startup Cost": 0.43,
                                       "Total Cost": 0.60,
                                       "Plan Rows": 1,
                                       "Plan Width": 25,
                                       "Index Cond": "(id = mi_idx.movie_id)",
                                       "Filter": "(production_year > 2008)"
                                     }
                                   ]
                                 },
                                 {
                                   "Node Type": "Hash",
                                   "Parent Relationship": "Inner",
                                   "Parallel Aware": false,
                                   "Startup Cost": 580.91,
                                   "Total Cost": 580.91,
                                   "Plan Rows": 37091,
                                   "Plan Width": 4,
                                   "Plans": [
                                     {
                                       "Node Type": "Seq Scan",
                                       "Parent Relationship": "Outer",
                                       "Parallel Aware": false,
                                       "Relation Name": "mv74",
                                       "Alias": "mv74",
                                       "Startup Cost": 0.00,
                                       "Total Cost": 580.91,
                                       "Plan Rows": 37091,
                                       "Plan Width": 4
                                     }
                                   ]
                                 }
                               ]
                             },
                             {
                               "Node Type": "Index Scan",
                               "Parent Relationship": "Inner",
                               "Parallel Aware": false,
                               "Scan Direction": "Forward",
                               "Index Name": "company_name_pkey",
                               "Relation Name": "company_name",
                               "Alias": "cn",
                               "Startup Cost": 0.42,
                               "Total Cost": 0.56,
                               "Plan Rows": 1,
                               "Plan Width": 23,
                               "Index Cond": "(id = mc.company_id)",
                               "Filter": "((country_code)::text <> '[us]'::text)"
                             }
                           ]
                         },
                         {
                           "Node Type": "Index Only Scan",
                           "Parent Relationship": "Inner",
                           "Parallel Aware": false,
                           "Scan Direction": "Forward",
                           "Index Name": "company_type_pkey",
                           "Relation Name": "company_type",
                           "Alias": "ct",
                           "Startup Cost": 0.15,
                           "Total Cost": 0.17,
                           "Plan Rows": 1,
                           "Plan Width": 4,
                           "Index Cond": "(id = mc.company_type_id)"
                         }
                       ]
                     },
                     {
                       "Node Type": "Index Scan",
                       "Parent Relationship": "Inner",
                       "Parallel Aware": false,
                       "Scan Direction": "Forward",
                       "Index Name": "kind_type_pkey",
                       "Relation Name": "kind_type",
                       "Alias": "kt",
                       "Startup Cost": 0.15,
                       "Total Cost": 0.17,
                       "Plan Rows": 1,
                       "Plan Width": 4,
                       "Index Cond": "(id = t.kind_id)",
                       "Filter": "((kind)::text = ANY ('{movie,episode}'::text[]))"
                     }
                   ]
                 }
               ]
             }
           ]
         }
       ]
     }
   }
 ]
