 [
   {
     "Plan": {
       "Node Type": "Aggregate",
       "Strategy": "Plain",
       "Partial Mode": "Simple",
       "Parallel Aware": false,
       "Startup Cost": 309693.53,
       "Total Cost": 309693.54,
       "Plan Rows": 1,
       "Plan Width": 96,
       "Plans": [
         {
           "Node Type": "Nested Loop",
           "Parent Relationship": "Outer",
           "Parallel Aware": false,
           "Join Type": "Inner",
           "Startup Cost": 294106.07,
           "Total Cost": 309693.52,
           "Plan Rows": 1,
           "Plan Width": 41,
           "Inner Unique": true,
           "Plans": [
             {
               "Node Type": "Nested Loop",
               "Parent Relationship": "Outer",
               "Parallel Aware": false,
               "Join Type": "Inner",
               "Startup Cost": 294105.92,
               "Total Cost": 309693.35,
               "Plan Rows": 1,
               "Plan Width": 45,
               "Inner Unique": true,
               "Join Filter": "(mi.movie_id = t.id)",
               "Plans": [
                 {
                   "Node Type": "Nested Loop",
                   "Parent Relationship": "Outer",
                   "Parallel Aware": false,
                   "Join Type": "Inner",
                   "Startup Cost": 294105.49,
                   "Total Cost": 309692.28,
                   "Plan Rows": 1,
                   "Plan Width": 44,
                   "Inner Unique": true,
                   "Plans": [
                     {
                       "Node Type": "Nested Loop",
                       "Parent Relationship": "Outer",
                       "Parallel Aware": false,
                       "Join Type": "Inner",
                       "Startup Cost": 294105.07,
                       "Total Cost": 309691.71,
                       "Plan Rows": 1,
                       "Plan Width": 29,
                       "Inner Unique": true,
                       "Plans": [
                         {
                           "Node Type": "Nested Loop",
                           "Parent Relationship": "Outer",
                           "Parallel Aware": false,
                           "Join Type": "Inner",
                           "Startup Cost": 294104.92,
                           "Total Cost": 309691.54,
                           "Plan Rows": 1,
                           "Plan Width": 33,
                           "Inner Unique": true,
                           "Plans": [
                             {
                               "Node Type": "Gather",
                               "Parent Relationship": "Outer",
                               "Parallel Aware": false,
                               "Startup Cost": 294104.78,
                               "Total Cost": 309691.36,
                               "Plan Rows": 1,
                               "Plan Width": 37,
                               "Workers Planned": 2,
                               "Single Copy": false,
                               "Plans": [
                                 {
                                   "Node Type": "Hash Join",
                                   "Parent Relationship": "Outer",
                                   "Parallel Aware": true,
                                   "Join Type": "Inner",
                                   "Startup Cost": 293104.78,
                                   "Total Cost": 308691.26,
                                   "Plan Rows": 1,
                                   "Plan Width": 37,
                                   "Inner Unique": false,
                                   "Hash Cond": "(mi_idx.movie_id = mi.movie_id)",
                                   "Plans": [
                                     {
                                       "Node Type": "Seq Scan",
                                       "Parent Relationship": "Outer",
                                       "Parallel Aware": true,
                                       "Relation Name": "movie_info_idx",
                                       "Alias": "mi_idx",
                                       "Startup Cost": 0.00,
                                       "Total Cost": 15122.68,
                                       "Plan Rows": 123677,
                                       "Plan Width": 13,
                                       "Filter": "((info)::text > '6.5'::text)"
                                     },
                                     {
                                       "Node Type": "Hash",
                                       "Parent Relationship": "Inner",
                                       "Parallel Aware": true,
                                       "Startup Cost": 293104.77,
                                       "Total Cost": 293104.77,
                                       "Plan Rows": 1,
                                       "Plan Width": 24,
                                       "Plans": [
                                         {
                                           "Node Type": "Nested Loop",
                                           "Parent Relationship": "Outer",
                                           "Parallel Aware": false,
                                           "Join Type": "Inner",
                                           "Startup Cost": 257812.56,
                                           "Total Cost": 293104.77,
                                           "Plan Rows": 1,
                                           "Plan Width": 24,
                                           "Inner Unique": true,
                                           "Plans": [
                                             {
                                               "Node Type": "Hash Join",
                                               "Parent Relationship": "Outer",
                                               "Parallel Aware": true,
                                               "Join Type": "Inner",
                                               "Startup Cost": 257812.41,
                                               "Total Cost": 293104.60,
                                               "Plan Rows": 1,
                                               "Plan Width": 28,
                                               "Inner Unique": false,
                                               "Hash Cond": "(mc.movie_id = mi.movie_id)",
                                               "Plans": [
                                                 {
                                                   "Node Type": "Seq Scan",
                                                   "Parent Relationship": "Outer",
                                                   "Parallel Aware": true,
                                                   "Relation Name": "movie_companies",
                                                   "Alias": "mc",
                                                   "Startup Cost": 0.00,
                                                   "Total Cost": 35097.06,
                                                   "Plan Rows": 52034,
                                                   "Plan Width": 12,
                                                   "Filter": "(((note)::text !~~ '%(USA)%'::text) AND ((note)::text ~~ '%(200%)%'::text))"
                                                 },
                                                 {
                                                   "Node Type": "Hash",
                                                   "Parent Relationship": "Inner",
                                                   "Parallel Aware": true,
                                                   "Startup Cost": 257812.39,
                                                   "Total Cost": 257812.39,
                                                   "Plan Rows": 1,
                                                   "Plan Width": 16,
                                                   "Plans": [
                                                     {
                                                       "Node Type": "Hash Join",
                                                       "Parent Relationship": "Outer",
                                                       "Parallel Aware": false,
                                                       "Join Type": "Inner",
                                                       "Startup Cost": 3196.82,
                                                       "Total Cost": 257812.39,
                                                       "Plan Rows": 1,
                                                       "Plan Width": 16,
                                                       "Inner Unique": true,
                                                       "Hash Cond": "(mi.info_type_id = it1.id)",
                                                       "Plans": [
                                                         {
                                                           "Node Type": "Hash Join",
                                                           "Parent Relationship": "Outer",
                                                           "Parallel Aware": false,
                                                           "Join Type": "Inner",
                                                           "Startup Cost": 3194.39,
                                                           "Total Cost": 257809.84,
                                                           "Plan Rows": 48,
                                                           "Plan Width": 20,
                                                           "Inner Unique": false,
                                                           "Hash Cond": "(mi.movie_id = mv74.movie_id)",
                                                           "Plans": [
                                                             {
                                                               "Node Type": "Seq Scan",
                                                               "Parent Relationship": "Outer",
                                                               "Parallel Aware": true,
                                                               "Relation Name": "movie_info",
                                                               "Alias": "mi",
                                                               "Startup Cost": 0.00,
                                                               "Total Cost": 254407.98,
                                                               "Plan Rows": 55197,
                                                               "Plan Width": 8,
                                                               "Filter": "((info)::text = ANY ('{Sweden,Germany,Swedish,German}'::text[]))"
                                                             },
                                                             {
                                                               "Node Type": "Hash",
                                                               "Parent Relationship": "Inner",
                                                               "Parallel Aware": false,
                                                               "Startup Cost": 3190.29,
                                                               "Total Cost": 3190.29,
                                                               "Plan Rows": 328,
                                                               "Plan Width": 12,
                                                               "Plans": [
                                                                 {
                                                                   "Node Type": "Hash Join",
                                                                   "Parent Relationship": "Outer",
                                                                   "Parallel Aware": false,
                                                                   "Join Type": "Inner",
                                                                   "Startup Cost": 2467.01,
                                                                   "Total Cost": 3190.29,
                                                                   "Plan Rows": 328,
                                                                   "Plan Width": 12,
                                                                   "Inner Unique": false,
                                                                   "Hash Cond": "(mv74.movie_id = cc.movie_id)",
                                                                   "Plans": [
                                                                     {
                                                                       "Node Type": "Seq Scan",
                                                                       "Parent Relationship": "Outer",
                                                                       "Parallel Aware": false,
                                                                       "Relation Name": "mv74",
                                                                       "Alias": "mv74",
                                                                       "Startup Cost": 0.00,
                                                                       "Total Cost": 580.91,
                                                                       "Plan Rows": 37091,
                                                                       "Plan Width": 4
                                                                     },
                                                                     {
                                                                       "Node Type": "Hash",
                                                                       "Parent Relationship": "Inner",
                                                                       "Parallel Aware": false,
                                                                       "Startup Cost": 2457.50,
                                                                       "Total Cost": 2457.50,
                                                                       "Plan Rows": 761,
                                                                       "Plan Width": 8,
                                                                       "Plans": [
                                                                         {
                                                                           "Node Type": "Hash Join",
                                                                           "Parent Relationship": "Outer",
                                                                           "Parallel Aware": false,
                                                                           "Join Type": "Inner",
                                                                           "Startup Cost": 18.93,
                                                                           "Total Cost": 2457.50,
                                                                           "Plan Rows": 761,
                                                                           "Plan Width": 8,
                                                                           "Inner Unique": true,
                                                                           "Hash Cond": "(cc.subject_id = cct1.id)",
                                                                           "Plans": [
                                                                             {
                                                                               "Node Type": "Seq Scan",
                                                                               "Parent Relationship": "Outer",
                                                                               "Parallel Aware": false,
                                                                               "Relation Name": "complete_cast",
                                                                               "Alias": "cc",
                                                                               "Startup Cost": 0.00,
                                                                               "Total Cost": 2081.86,
                                                                               "Plan Rows": 135086,
                                                                               "Plan Width": 12
                                                                             },
                                                                             {
                                                                               "Node Type": "Hash",
                                                                               "Parent Relationship": "Inner",
                                                                               "Parallel Aware": false,
                                                                               "Startup Cost": 18.88,
                                                                               "Total Cost": 18.88,
                                                                               "Plan Rows": 4,
                                                                               "Plan Width": 4,
                                                                               "Plans": [
                                                                                 {
                                                                                   "Node Type": "Seq Scan",
                                                                                   "Parent Relationship": "Outer",
                                                                                   "Parallel Aware": false,
                                                                                   "Relation Name": "comp_cast_type",
                                                                                   "Alias": "cct1",
                                                                                   "Startup Cost": 0.00,
                                                                                   "Total Cost": 18.88,
                                                                                   "Plan Rows": 4,
                                                                                   "Plan Width": 4,
                                                                                   "Filter": "((kind)::text = 'crew'::text)"
                                                                                 }
                                                                               ]
                                                                             }
                                                                           ]
                                                                         }
                                                                       ]
                                                                     }
                                                                   ]
                                                                 }
                                                               ]
                                                             }
                                                           ]
                                                         },
                                                         {
                                                           "Node Type": "Hash",
                                                           "Parent Relationship": "Inner",
                                                           "Parallel Aware": false,
                                                           "Startup Cost": 2.41,
                                                           "Total Cost": 2.41,
                                                           "Plan Rows": 1,
                                                           "Plan Width": 4,
                                                           "Plans": [
                                                             {
                                                               "Node Type": "Seq Scan",
                                                               "Parent Relationship": "Outer",
                                                               "Parallel Aware": false,
                                                               "Relation Name": "info_type",
                                                               "Alias": "it1",
                                                               "Startup Cost": 0.00,
                                                               "Total Cost": 2.41,
                                                               "Plan Rows": 1,
                                                               "Plan Width": 4,
                                                               "Filter": "((info)::text = 'countries'::text)"
                                                             }
                                                           ]
                                                         }
                                                       ]
                                                     }
                                                   ]
                                                 }
                                               ]
                                             },
                                             {
                                               "Node Type": "Index Only Scan",
                                               "Parent Relationship": "Inner",
                                               "Parallel Aware": false,
                                               "Scan Direction": "Forward",
                                               "Index Name": "company_type_pkey",
                                               "Relation Name": "company_type",
                                               "Alias": "ct",
                                               "Startup Cost": 0.15,
                                               "Total Cost": 0.17,
                                               "Plan Rows": 1,
                                               "Plan Width": 4,
                                               "Index Cond": "(id = mc.company_type_id)"
                                             }
                                           ]
                                         }
                                       ]
                                     }
                                   ]
                                 }
                               ]
                             },
                             {
                               "Node Type": "Index Scan",
                               "Parent Relationship": "Inner",
                               "Parallel Aware": false,
                               "Scan Direction": "Forward",
                               "Index Name": "info_type_pkey",
                               "Relation Name": "info_type",
                               "Alias": "it2",
                               "Startup Cost": 0.14,
                               "Total Cost": 0.16,
                               "Plan Rows": 1,
                               "Plan Width": 4,
                               "Index Cond": "(id = mi_idx.info_type_id)",
                               "Filter": "((info)::text = 'rating'::text)"
                             }
                           ]
                         },
                         {
                           "Node Type": "Index Scan",
                           "Parent Relationship": "Inner",
                           "Parallel Aware": false,
                           "Scan Direction": "Forward",
                           "Index Name": "comp_cast_type_pkey",
                           "Relation Name": "comp_cast_type",
                           "Alias": "cct2",
                           "Startup Cost": 0.15,
                           "Total Cost": 0.17,
                           "Plan Rows": 1,
                           "Plan Width": 4,
                           "Index Cond": "(id = cc.status_id)",
                           "Filter": "((kind)::text <> 'completeverified'::text)"
                         }
                       ]
                     },
                     {
                       "Node Type": "Index Scan",
                       "Parent Relationship": "Inner",
                       "Parallel Aware": false,
                       "Scan Direction": "Forward",
                       "Index Name": "company_name_pkey",
                       "Relation Name": "company_name",
                       "Alias": "cn",
                       "Startup Cost": 0.42,
                       "Total Cost": 0.56,
                       "Plan Rows": 1,
                       "Plan Width": 23,
                       "Index Cond": "(id = mc.company_id)",
                       "Filter": "((country_code)::text <> '[us]'::text)"
                     }
                   ]
                 },
                 {
                   "Node Type": "Index Scan",
                   "Parent Relationship": "Inner",
                   "Parallel Aware": false,
                   "Scan Direction": "Forward",
                   "Index Name": "title_pkey",
                   "Relation Name": "title",
                   "Alias": "t",
                   "Startup Cost": 0.43,
                   "Total Cost": 1.06,
                   "Plan Rows": 1,
                   "Plan Width": 25,
                   "Index Cond": "(id = mi_idx.movie_id)",
                   "Filter": "(production_year > 2005)"
                 }
               ]
             },
             {
               "Node Type": "Index Scan",
               "Parent Relationship": "Inner",
               "Parallel Aware": false,
               "Scan Direction": "Forward",
               "Index Name": "kind_type_pkey",
               "Relation Name": "kind_type",
               "Alias": "kt",
               "Startup Cost": 0.15,
               "Total Cost": 0.17,
               "Plan Rows": 1,
               "Plan Width": 4,
               "Index Cond": "(id = t.kind_id)",
               "Filter": "((kind)::text = ANY ('{movie,episode}'::text[]))"
             }
           ]
         }
       ]
     }
   }
 ]
