 [
   {
     "Plan": {
       "Node Type": "Aggregate",
       "Strategy": "Plain",
       "Partial Mode": "Simple",
       "Parallel Aware": false,
       "Startup Cost": 3641.32,
       "Total Cost": 3641.33,
       "Plan Rows": 1,
       "Plan Width": 32,
       "Plans": [
         {
           "Node Type": "Seq Scan",
           "Parent Relationship": "Outer",
           "Parallel Aware": false,
           "Relation Name": "mv127",
           "Alias": "mv127",
           "Startup Cost": 0.00,
           "Total Cost": 3621.90,
           "Plan Rows": 7769,
           "Plan Width": 21,
           "Filter": "((country_code)::text = '[de]'::text)"
         }
       ]
     }
   }
 ]
