 [
   {
     "Plan": {
       "Node Type": "Aggregate",
       "Strategy": "Plain",
       "Partial Mode": "Finalize",
       "Parallel Aware": false,
       "Startup Cost": 41736.30,
       "Total Cost": 41736.31,
       "Plan Rows": 1,
       "Plan Width": 32,
       "Plans": [
         {
           "Node Type": "Gather",
           "Parent Relationship": "Outer",
           "Parallel Aware": false,
           "Startup Cost": 41736.08,
           "Total Cost": 41736.29,
           "Plan Rows": 2,
           "Plan Width": 32,
           "Workers Planned": 2,
           "Single Copy": false,
           "Plans": [
             {
               "Node Type": "Aggregate",
               "Strategy": "Plain",
               "Partial Mode": "Partial",
               "Parent Relationship": "Outer",
               "Parallel Aware": false,
               "Startup Cost": 40736.08,
               "Total Cost": 40736.09,
               "Plan Rows": 1,
               "Plan Width": 32,
               "Plans": [
                 {
                   "Node Type": "Nested Loop",
                   "Parent Relationship": "Outer",
                   "Parallel Aware": false,
                   "Join Type": "Inner",
                   "Startup Cost": 6044.51,
                   "Total Cost": 40726.59,
                   "Plan Rows": 3795,
                   "Plan Width": 17,
                   "Inner Unique": true,
                   "Plans": [
                     {
                       "Node Type": "Hash Join",
                       "Parent Relationship": "Outer",
                       "Parallel Aware": false,
                       "Join Type": "Inner",
                       "Startup Cost": 6044.08,
                       "Total Cost": 38766.51,
                       "Plan Rows": 3795,
                       "Plan Width": 8,
                       "Inner Unique": false,
                       "Hash Cond": "(mc.movie_id = mv119.movie_id)",
                       "Plans": [
                         {
                           "Node Type": "Hash Join",
                           "Parent Relationship": "Outer",
                           "Parallel Aware": true,
                           "Join Type": "Inner",
                           "Startup Cost": 4794.68,
                           "Total Cost": 37309.84,
                           "Plan Rows": 45152,
                           "Plan Width": 4,
                           "Inner Unique": true,
                           "Hash Cond": "(mc.company_id = cn.id)",
                           "Plans": [
                             {
                               "Node Type": "Seq Scan",
                               "Parent Relationship": "Outer",
                               "Parallel Aware": true,
                               "Relation Name": "movie_companies",
                               "Alias": "mc",
                               "Startup Cost": 0.00,
                               "Total Cost": 29661.37,
                               "Plan Rows": 1087137,
                               "Plan Width": 8
                             },
                             {
                               "Node Type": "Hash",
                               "Parent Relationship": "Inner",
                               "Parallel Aware": true,
                               "Startup Cost": 4722.92,
                               "Total Cost": 4722.92,
                               "Plan Rows": 5741,
                               "Plan Width": 4,
                               "Plans": [
                                 {
                                   "Node Type": "Seq Scan",
                                   "Parent Relationship": "Outer",
                                   "Parallel Aware": true,
                                   "Relation Name": "company_name",
                                   "Alias": "cn",
                                   "Startup Cost": 0.00,
                                   "Total Cost": 4722.92,
                                   "Plan Rows": 5741,
                                   "Plan Width": 4,
                                   "Filter": "((country_code)::text = '[de]'::text)"
                                 }
                               ]
                             }
                           ]
                         },
                         {
                           "Node Type": "Hash",
                           "Parent Relationship": "Inner",
                           "Parallel Aware": false,
                           "Startup Cost": 726.40,
                           "Total Cost": 726.40,
                           "Plan Rows": 41840,
                           "Plan Width": 4,
                           "Plans": [
                             {
                               "Node Type": "Seq Scan",
                               "Parent Relationship": "Outer",
                               "Parallel Aware": false,
                               "Relation Name": "mv119",
                               "Alias": "mv119",
                               "Startup Cost": 0.00,
                               "Total Cost": 726.40,
                               "Plan Rows": 41840,
                               "Plan Width": 4
                             }
                           ]
                         }
                       ]
                     },
                     {
                       "Node Type": "Index Scan",
                       "Parent Relationship": "Inner",
                       "Parallel Aware": false,
                       "Scan Direction": "Forward",
                       "Index Name": "title_pkey",
                       "Relation Name": "title",
                       "Alias": "t",
                       "Startup Cost": 0.43,
                       "Total Cost": 0.52,
                       "Plan Rows": 1,
                       "Plan Width": 21,
                       "Index Cond": "(id = mc.movie_id)"
                     }
                   ]
                 }
               ]
             }
           ]
         }
       ]
     }
   }
 ]
