 [
   {
     "Plan": {
       "Node Type": "Aggregate",
       "Strategy": "Plain",
       "Partial Mode": "Finalize",
       "Parallel Aware": false,
       "Startup Cost": 83400.28,
       "Total Cost": 83400.29,
       "Plan Rows": 1,
       "Plan Width": 32,
       "Plans": [
         {
           "Node Type": "Gather",
           "Parent Relationship": "Outer",
           "Parallel Aware": false,
           "Startup Cost": 83400.07,
           "Total Cost": 83400.28,
           "Plan Rows": 2,
           "Plan Width": 32,
           "Workers Planned": 2,
           "Single Copy": false,
           "Plans": [
             {
               "Node Type": "Aggregate",
               "Strategy": "Plain",
               "Partial Mode": "Partial",
               "Parent Relationship": "Outer",
               "Parallel Aware": false,
               "Startup Cost": 82400.07,
               "Total Cost": 82400.08,
               "Plan Rows": 1,
               "Plan Width": 32,
               "Plans": [
                 {
                   "Node Type": "Merge Join",
                   "Parent Relationship": "Outer",
                   "Parallel Aware": false,
                   "Join Type": "Inner",
                   "Startup Cost": 80444.66,
                   "Total Cost": 82399.66,
                   "Plan Rows": 164,
                   "Plan Width": 23,
                   "Inner Unique": false,
                   "Merge Cond": "(mc.movie_id = mv120.id)",
                   "Plans": [
                     {
                       "Node Type": "Sort",
                       "Parent Relationship": "Outer",
                       "Parallel Aware": false,
                       "Startup Cost": 79463.60,
                       "Total Cost": 80439.76,
                       "Plan Rows": 390463,
                       "Plan Width": 4,
                       "Sort Key": ["mc.movie_id"],
                       "Plans": [
                         {
                           "Node Type": "Hash Join",
                           "Parent Relationship": "Outer",
                           "Parallel Aware": true,
                           "Join Type": "Inner",
                           "Startup Cost": 5343.53,
                           "Total Cost": 37858.69,
                           "Plan Rows": 390463,
                           "Plan Width": 4,
                           "Inner Unique": true,
                           "Hash Cond": "(mc.company_id = cn.id)",
                           "Plans": [
                             {
                               "Node Type": "Seq Scan",
                               "Parent Relationship": "Outer",
                               "Parallel Aware": true,
                               "Relation Name": "movie_companies",
                               "Alias": "mc",
                               "Startup Cost": 0.00,
                               "Total Cost": 29661.37,
                               "Plan Rows": 1087137,
                               "Plan Width": 8
                             },
                             {
                               "Node Type": "Hash",
                               "Parent Relationship": "Inner",
                               "Parallel Aware": true,
                               "Startup Cost": 4722.92,
                               "Total Cost": 4722.92,
                               "Plan Rows": 49649,
                               "Plan Width": 4,
                               "Plans": [
                                 {
                                   "Node Type": "Seq Scan",
                                   "Parent Relationship": "Outer",
                                   "Parallel Aware": true,
                                   "Relation Name": "company_name",
                                   "Alias": "cn",
                                   "Startup Cost": 0.00,
                                   "Total Cost": 4722.92,
                                   "Plan Rows": 49649,
                                   "Plan Width": 4,
                                   "Filter": "((country_code)::text = '[us]'::text)"
                                 }
                               ]
                             }
                           ]
                         }
                       ]
                     },
                     {
                       "Node Type": "Sort",
                       "Parent Relationship": "Inner",
                       "Parallel Aware": false,
                       "Startup Cost": 981.05,
                       "Total Cost": 981.58,
                       "Plan Rows": 209,
                       "Plan Width": 31,
                       "Sort Key": ["mv120.id"],
                       "Plans": [
                         {
                           "Node Type": "Seq Scan",
                           "Parent Relationship": "Outer",
                           "Parallel Aware": false,
                           "Relation Name": "mv120",
                           "Alias": "mv120",
                           "Startup Cost": 0.00,
                           "Total Cost": 973.00,
                           "Plan Rows": 209,
                           "Plan Width": 31,
                           "Filter": "(id = movie_id)"
                         }
                       ]
                     }
                   ]
                 }
               ]
             }
           ]
         }
       ]
     }
   }
 ]
