 [
   {
     "Plan": {
       "Node Type": "Aggregate",
       "Strategy": "Plain",
       "Partial Mode": "Finalize",
       "Parallel Aware": false,
       "Startup Cost": 13285.93,
       "Total Cost": 13285.94,
       "Plan Rows": 1,
       "Plan Width": 96,
       "Plans": [
         {
           "Node Type": "Gather",
           "Parent Relationship": "Outer",
           "Parallel Aware": false,
           "Startup Cost": 13285.70,
           "Total Cost": 13285.91,
           "Plan Rows": 2,
           "Plan Width": 96,
           "Workers Planned": 2,
           "Single Copy": false,
           "Plans": [
             {
               "Node Type": "Aggregate",
               "Strategy": "Plain",
               "Partial Mode": "Partial",
               "Parent Relationship": "Outer",
               "Parallel Aware": false,
               "Startup Cost": 12285.70,
               "Total Cost": 12285.71,
               "Plan Rows": 1,
               "Plan Width": 96,
               "Plans": [
                 {
                   "Node Type": "Nested Loop",
                   "Parent Relationship": "Outer",
                   "Parallel Aware": false,
                   "Join Type": "Inner",
                   "Startup Cost": 3969.87,
                   "Total Cost": 12284.15,
                   "Plan Rows": 207,
                   "Plan Width": 116,
                   "Inner Unique": true,
                   "Plans": [
                     {
                       "Node Type": "Hash Join",
                       "Parent Relationship": "Outer",
                       "Parallel Aware": false,
                       "Join Type": "Inner",
                       "Startup Cost": 3969.44,
                       "Total Cost": 11358.52,
                       "Plan Rows": 207,
                       "Plan Width": 103,
                       "Inner Unique": true,
                       "Hash Cond": "(ml.link_type_id = lt.id)",
                       "Plans": [
                         {
                           "Node Type": "Hash Join",
                           "Parent Relationship": "Outer",
                           "Parallel Aware": false,
                           "Join Type": "Inner",
                           "Startup Cost": 3943.47,
                           "Total Cost": 11332.00,
                           "Plan Rows": 207,
                           "Plan Width": 25,
                           "Inner Unique": false,
                           "Hash Cond": "(t1.id = mv119.movie_id)",
                           "Plans": [
                             {
                               "Node Type": "Merge Join",
                               "Parent Relationship": "Outer",
                               "Parallel Aware": false,
                               "Join Type": "Inner",
                               "Startup Cost": 2694.07,
                               "Total Cost": 10033.66,
                               "Plan Rows": 12499,
                               "Plan Width": 33,
                               "Inner Unique": false,
                               "Merge Cond": "(t1.id = ml.movie_id)",
                               "Plans": [
                                 {
                                   "Node Type": "Index Scan",
                                   "Parent Relationship": "Outer",
                                   "Parallel Aware": true,
                                   "Scan Direction": "Forward",
                                   "Index Name": "title_pkey",
                                   "Relation Name": "title",
                                   "Alias": "t1",
                                   "Startup Cost": 0.43,
                                   "Total Cost": 95598.30,
                                   "Plan Rows": 1053447,
                                   "Plan Width": 21
                                 },
                                 {
                                   "Node Type": "Sort",
                                   "Parent Relationship": "Inner",
                                   "Parallel Aware": false,
                                   "Startup Cost": 2693.63,
                                   "Total Cost": 2768.62,
                                   "Plan Rows": 29997,
                                   "Plan Width": 12,
                                   "Sort Key": ["ml.movie_id"],
                                   "Plans": [
                                     {
                                       "Node Type": "Seq Scan",
                                       "Parent Relationship": "Outer",
                                       "Parallel Aware": false,
                                       "Relation Name": "movie_link",
                                       "Alias": "ml",
                                       "Startup Cost": 0.00,
                                       "Total Cost": 462.97,
                                       "Plan Rows": 29997,
                                       "Plan Width": 12
                                     }
                                   ]
                                 }
                               ]
                             },
                             {
                               "Node Type": "Hash",
                               "Parent Relationship": "Inner",
                               "Parallel Aware": false,
                               "Startup Cost": 726.40,
                               "Total Cost": 726.40,
                               "Plan Rows": 41840,
                               "Plan Width": 4,
                               "Plans": [
                                 {
                                   "Node Type": "Seq Scan",
                                   "Parent Relationship": "Outer",
                                   "Parallel Aware": false,
                                   "Relation Name": "mv119",
                                   "Alias": "mv119",
                                   "Startup Cost": 0.00,
                                   "Total Cost": 726.40,
                                   "Plan Rows": 41840,
                                   "Plan Width": 4
                                 }
                               ]
                             }
                           ]
                         },
                         {
                           "Node Type": "Hash",
                           "Parent Relationship": "Inner",
                           "Parallel Aware": false,
                           "Startup Cost": 17.10,
                           "Total Cost": 17.10,
                           "Plan Rows": 710,
                           "Plan Width": 86,
                           "Plans": [
                             {
                               "Node Type": "Seq Scan",
                               "Parent Relationship": "Outer",
                               "Parallel Aware": false,
                               "Relation Name": "link_type",
                               "Alias": "lt",
                               "Startup Cost": 0.00,
                               "Total Cost": 17.10,
                               "Plan Rows": 710,
                               "Plan Width": 86
                             }
                           ]
                         }
                       ]
                     },
                     {
                       "Node Type": "Index Scan",
                       "Parent Relationship": "Inner",
                       "Parallel Aware": false,
                       "Scan Direction": "Forward",
                       "Index Name": "title_pkey",
                       "Relation Name": "title",
                       "Alias": "t2",
                       "Startup Cost": 0.43,
                       "Total Cost": 4.47,
                       "Plan Rows": 1,
                       "Plan Width": 21,
                       "Index Cond": "(id = ml.linked_movie_id)"
                     }
                   ]
                 }
               ]
             }
           ]
         }
       ]
     }
   }
 ]
