 [
   {
     "Plan": {
       "Node Type": "Aggregate",
       "Strategy": "Plain",
       "Partial Mode": "Finalize",
       "Parallel Aware": false,
       "Startup Cost": 290671.22,
       "Total Cost": 290671.23,
       "Plan Rows": 1,
       "Plan Width": 32,
       "Plans": [
         {
           "Node Type": "Gather",
           "Parent Relationship": "Outer",
           "Parallel Aware": false,
           "Startup Cost": 290671.01,
           "Total Cost": 290671.22,
           "Plan Rows": 2,
           "Plan Width": 32,
           "Workers Planned": 2,
           "Single Copy": false,
           "Plans": [
             {
               "Node Type": "Aggregate",
               "Strategy": "Plain",
               "Partial Mode": "Partial",
               "Parent Relationship": "Outer",
               "Parallel Aware": false,
               "Startup Cost": 289671.01,
               "Total Cost": 289671.02,
               "Plan Rows": 1,
               "Plan Width": 32,
               "Plans": [
                 {
                   "Node Type": "Nested Loop",
                   "Parent Relationship": "Outer",
                   "Parallel Aware": false,
                   "Join Type": "Inner",
                   "Startup Cost": 365.83,
                   "Total Cost": 289670.69,
                   "Plan Rows": 126,
                   "Plan Width": 17,
                   "Inner Unique": true,
                   "Plans": [
                     {
                       "Node Type": "Hash Join",
                       "Parent Relationship": "Outer",
                       "Parallel Aware": false,
                       "Join Type": "Inner",
                       "Startup Cost": 365.40,
                       "Total Cost": 286213.30,
                       "Plan Rows": 2069,
                       "Plan Width": 8,
                       "Inner Unique": false,
                       "Hash Cond": "(mi.movie_id = mv443.movie_id)",
                       "Plans": [
                         {
                           "Node Type": "Seq Scan",
                           "Parent Relationship": "Outer",
                           "Parallel Aware": true,
                           "Relation Name": "movie_info",
                           "Alias": "mi",
                           "Startup Cost": 0.00,
                           "Total Cost": 285212.97,
                           "Plan Rows": 61424,
                           "Plan Width": 4,
                           "Filter": "((info)::text = ANY ('{Sweden,Norway,Germany,Denmark,Swedish,Denish,Norwegian,German}'::text[]))"
                         },
                         {
                           "Node Type": "Hash",
                           "Parent Relationship": "Inner",
                           "Parallel Aware": false,
                           "Startup Cost": 203.51,
                           "Total Cost": 203.51,
                           "Plan Rows": 12951,
                           "Plan Width": 4,
                           "Plans": [
                             {
                               "Node Type": "Seq Scan",
                               "Parent Relationship": "Outer",
                               "Parallel Aware": false,
                               "Relation Name": "mv443",
                               "Alias": "mv443",
                               "Startup Cost": 0.00,
                               "Total Cost": 203.51,
                               "Plan Rows": 12951,
                               "Plan Width": 4
                             }
                           ]
                         }
                       ]
                     },
                     {
                       "Node Type": "Index Scan",
                       "Parent Relationship": "Inner",
                       "Parallel Aware": false,
                       "Scan Direction": "Forward",
                       "Index Name": "title_pkey",
                       "Relation Name": "title",
                       "Alias": "t",
                       "Startup Cost": 0.43,
                       "Total Cost": 1.67,
                       "Plan Rows": 1,
                       "Plan Width": 21,
                       "Index Cond": "(id = mi.movie_id)",
                       "Filter": "(production_year > 2005)"
                     }
                   ]
                 }
               ]
             }
           ]
         }
       ]
     }
   }
 ]
