 [
   {
     "Plan": {
       "Node Type": "Aggregate",
       "Strategy": "Plain",
       "Partial Mode": "Simple",
       "Parallel Aware": false,
       "Startup Cost": 240493.26,
       "Total Cost": 240493.27,
       "Plan Rows": 1,
       "Plan Width": 32,
       "Plans": [
         {
           "Node Type": "Nested Loop",
           "Parent Relationship": "Outer",
           "Parallel Aware": false,
           "Join Type": "Inner",
           "Startup Cost": 1365.83,
           "Total Cost": 240493.25,
           "Plan Rows": 1,
           "Plan Width": 17,
           "Inner Unique": true,
           "Join Filter": "(mi.movie_id = t.id)",
           "Plans": [
             {
               "Node Type": "Hash Join",
               "Parent Relationship": "Outer",
               "Parallel Aware": false,
               "Join Type": "Inner",
               "Startup Cost": 1365.40,
               "Total Cost": 240412.92,
               "Plan Rows": 13,
               "Plan Width": 8,
               "Inner Unique": false,
               "Hash Cond": "(mi.movie_id = mv443.movie_id)",
               "Plans": [
                 {
                   "Node Type": "Gather",
                   "Parent Relationship": "Outer",
                   "Parallel Aware": false,
                   "Startup Cost": 1000.00,
                   "Total Cost": 240043.58,
                   "Plan Rows": 381,
                   "Plan Width": 4,
                   "Workers Planned": 2,
                   "Single Copy": false,
                   "Plans": [
                     {
                       "Node Type": "Seq Scan",
                       "Parent Relationship": "Outer",
                       "Parallel Aware": true,
                       "Relation Name": "movie_info",
                       "Alias": "mi",
                       "Startup Cost": 0.00,
                       "Total Cost": 239005.48,
                       "Plan Rows": 159,
                       "Plan Width": 4,
                       "Filter": "((info)::text = 'Bulgaria'::text)"
                     }
                   ]
                 },
                 {
                   "Node Type": "Hash",
                   "Parent Relationship": "Inner",
                   "Parallel Aware": false,
                   "Startup Cost": 203.51,
                   "Total Cost": 203.51,
                   "Plan Rows": 12951,
                   "Plan Width": 4,
                   "Plans": [
                     {
                       "Node Type": "Seq Scan",
                       "Parent Relationship": "Outer",
                       "Parallel Aware": false,
                       "Relation Name": "mv443",
                       "Alias": "mv443",
                       "Startup Cost": 0.00,
                       "Total Cost": 203.51,
                       "Plan Rows": 12951,
                       "Plan Width": 4
                     }
                   ]
                 }
               ]
             },
             {
               "Node Type": "Index Scan",
               "Parent Relationship": "Inner",
               "Parallel Aware": false,
               "Scan Direction": "Forward",
               "Index Name": "title_pkey",
               "Relation Name": "title",
               "Alias": "t",
               "Startup Cost": 0.43,
               "Total Cost": 6.17,
               "Plan Rows": 1,
               "Plan Width": 21,
               "Index Cond": "(id = mv443.movie_id)",
               "Filter": "(production_year > 2010)"
             }
           ]
         }
       ]
     }
   }
 ]
