 [
   {
     "Plan": {
       "Node Type": "Aggregate",
       "Strategy": "Plain",
       "Partial Mode": "Finalize",
       "Parallel Aware": false,
       "Startup Cost": 312157.66,
       "Total Cost": 312157.67,
       "Plan Rows": 1,
       "Plan Width": 32,
       "Plans": [
         {
           "Node Type": "Gather",
           "Parent Relationship": "Outer",
           "Parallel Aware": false,
           "Startup Cost": 312157.44,
           "Total Cost": 312157.65,
           "Plan Rows": 2,
           "Plan Width": 32,
           "Workers Planned": 2,
           "Single Copy": false,
           "Plans": [
             {
               "Node Type": "Aggregate",
               "Strategy": "Plain",
               "Partial Mode": "Partial",
               "Parent Relationship": "Outer",
               "Parallel Aware": false,
               "Startup Cost": 311157.44,
               "Total Cost": 311157.45,
               "Plan Rows": 1,
               "Plan Width": 32,
               "Plans": [
                 {
                   "Node Type": "Nested Loop",
                   "Parent Relationship": "Outer",
                   "Parallel Aware": false,
                   "Join Type": "Inner",
                   "Startup Cost": 365.83,
                   "Total Cost": 311154.79,
                   "Plan Rows": 1062,
                   "Plan Width": 17,
                   "Inner Unique": true,
                   "Plans": [
                     {
                       "Node Type": "Hash Join",
                       "Parent Relationship": "Outer",
                       "Parallel Aware": false,
                       "Join Type": "Inner",
                       "Startup Cost": 365.40,
                       "Total Cost": 304082.05,
                       "Plan Rows": 10104,
                       "Plan Width": 8,
                       "Inner Unique": false,
                       "Hash Cond": "(mi.movie_id = mv443.movie_id)",
                       "Plans": [
                         {
                           "Node Type": "Seq Scan",
                           "Parent Relationship": "Outer",
                           "Parallel Aware": true,
                           "Relation Name": "movie_info",
                           "Alias": "mi",
                           "Startup Cost": 0.00,
                           "Total Cost": 300615.47,
                           "Plan Rows": 300014,
                           "Plan Width": 4,
                           "Filter": "((info)::text = ANY ('{Sweden,Norway,Germany,Denmark,Swedish,Denish,Norwegian,German,USA,American}'::text[]))"
                         },
                         {
                           "Node Type": "Hash",
                           "Parent Relationship": "Inner",
                           "Parallel Aware": false,
                           "Startup Cost": 203.51,
                           "Total Cost": 203.51,
                           "Plan Rows": 12951,
                           "Plan Width": 4,
                           "Plans": [
                             {
                               "Node Type": "Seq Scan",
                               "Parent Relationship": "Outer",
                               "Parallel Aware": false,
                               "Relation Name": "mv443",
                               "Alias": "mv443",
                               "Startup Cost": 0.00,
                               "Total Cost": 203.51,
                               "Plan Rows": 12951,
                               "Plan Width": 4
                             }
                           ]
                         }
                       ]
                     },
                     {
                       "Node Type": "Index Scan",
                       "Parent Relationship": "Inner",
                       "Parallel Aware": false,
                       "Scan Direction": "Forward",
                       "Index Name": "title_pkey",
                       "Relation Name": "title",
                       "Alias": "t",
                       "Startup Cost": 0.43,
                       "Total Cost": 0.70,
                       "Plan Rows": 1,
                       "Plan Width": 21,
                       "Index Cond": "(id = mi.movie_id)",
                       "Filter": "(production_year > 1990)"
                     }
                   ]
                 }
               ]
             }
           ]
         }
       ]
     }
   }
 ]
