 [
   {
     "Plan": {
       "Node Type": "Aggregate",
       "Strategy": "Plain",
       "Partial Mode": "Simple",
       "Parallel Aware": false,
       "Startup Cost": 16504.30,
       "Total Cost": 16504.31,
       "Plan Rows": 1,
       "Plan Width": 64,
       "Plans": [
         {
           "Node Type": "Gather",
           "Parent Relationship": "Outer",
           "Parallel Aware": false,
           "Startup Cost": 1368.25,
           "Total Cost": 16504.30,
           "Plan Rows": 1,
           "Plan Width": 22,
           "Workers Planned": 2,
           "Single Copy": false,
           "Plans": [
             {
               "Node Type": "Nested Loop",
               "Parent Relationship": "Outer",
               "Parallel Aware": false,
               "Join Type": "Inner",
               "Startup Cost": 368.25,
               "Total Cost": 15504.20,
               "Plan Rows": 1,
               "Plan Width": 22,
               "Inner Unique": true,
               "Join Filter": "(mi_idx.movie_id = t.id)",
               "Plans": [
                 {
                   "Node Type": "Hash Join",
                   "Parent Relationship": "Outer",
                   "Parallel Aware": false,
                   "Join Type": "Inner",
                   "Startup Cost": 367.82,
                   "Total Cost": 15498.02,
                   "Plan Rows": 1,
                   "Plan Width": 13,
                   "Inner Unique": false,
                   "Hash Cond": "(mi_idx.movie_id = mv443.movie_id)",
                   "Plans": [
                     {
                       "Node Type": "Hash Join",
                       "Parent Relationship": "Outer",
                       "Parallel Aware": false,
                       "Join Type": "Inner",
                       "Startup Cost": 2.43,
                       "Total Cost": 15132.37,
                       "Plan Rows": 24,
                       "Plan Width": 9,
                       "Inner Unique": true,
                       "Hash Cond": "(mi_idx.info_type_id = it.id)",
                       "Plans": [
                         {
                           "Node Type": "Seq Scan",
                           "Parent Relationship": "Outer",
                           "Parallel Aware": true,
                           "Relation Name": "movie_info_idx",
                           "Alias": "mi_idx",
                           "Startup Cost": 0.00,
                           "Total Cost": 15122.68,
                           "Plan Rows": 2665,
                           "Plan Width": 13,
                           "Filter": "((info)::text > '9.0'::text)"
                         },
                         {
                           "Node Type": "Hash",
                           "Parent Relationship": "Inner",
                           "Parallel Aware": false,
                           "Startup Cost": 2.41,
                           "Total Cost": 2.41,
                           "Plan Rows": 1,
                           "Plan Width": 4,
                           "Plans": [
                             {
                               "Node Type": "Seq Scan",
                               "Parent Relationship": "Outer",
                               "Parallel Aware": false,
                               "Relation Name": "info_type",
                               "Alias": "it",
                               "Startup Cost": 0.00,
                               "Total Cost": 2.41,
                               "Plan Rows": 1,
                               "Plan Width": 4,
                               "Filter": "((info)::text = 'rating'::text)"
                             }
                           ]
                         }
                       ]
                     },
                     {
                       "Node Type": "Hash",
                       "Parent Relationship": "Inner",
                       "Parallel Aware": false,
                       "Startup Cost": 203.51,
                       "Total Cost": 203.51,
                       "Plan Rows": 12951,
                       "Plan Width": 4,
                       "Plans": [
                         {
                           "Node Type": "Seq Scan",
                           "Parent Relationship": "Outer",
                           "Parallel Aware": false,
                           "Relation Name": "mv443",
                           "Alias": "mv443",
                           "Startup Cost": 0.00,
                           "Total Cost": 203.51,
                           "Plan Rows": 12951,
                           "Plan Width": 4
                         }
                       ]
                     }
                   ]
                 },
                 {
                   "Node Type": "Index Scan",
                   "Parent Relationship": "Inner",
                   "Parallel Aware": false,
                   "Scan Direction": "Forward",
                   "Index Name": "title_pkey",
                   "Relation Name": "title",
                   "Alias": "t",
                   "Startup Cost": 0.43,
                   "Total Cost": 6.17,
                   "Plan Rows": 1,
                   "Plan Width": 21,
                   "Index Cond": "(id = mv443.movie_id)",
                   "Filter": "(production_year > 2010)"
                 }
               ]
             }
           ]
         }
       ]
     }
   }
 ]
