 [
   {
     "Plan": {
       "Node Type": "Aggregate",
       "Strategy": "Plain",
       "Partial Mode": "Simple",
       "Parallel Aware": false,
       "Startup Cost": 29091.01,
       "Total Cost": 29091.02,
       "Plan Rows": 1,
       "Plan Width": 96,
       "Plans": [
         {
           "Node Type": "Gather",
           "Parent Relationship": "Outer",
           "Parallel Aware": false,
           "Startup Cost": 1000.00,
           "Total Cost": 29091.01,
           "Plan Rows": 1,
           "Plan Width": 43,
           "Workers Planned": 2,
           "Single Copy": false,
           "Plans": [
             {
               "Node Type": "Seq Scan",
               "Parent Relationship": "Outer",
               "Parallel Aware": true,
               "Relation Name": "mv475",
               "Alias": "mv475",
               "Startup Cost": 0.00,
               "Total Cost": 28090.91,
               "Plan Rows": 1,
               "Plan Width": 43,
               "Filter": "(((name)::text ~~ '%Downey%Robert%'::text) AND (production_year > 2014))"
             }
           ]
         }
       ]
     }
   }
 ]
