 [
   {
     "Plan": {
       "Node Type": "Aggregate",
       "Strategy": "Plain",
       "Partial Mode": "Simple",
       "Parallel Aware": false,
       "Startup Cost": 35.67,
       "Total Cost": 35.68,
       "Plan Rows": 1,
       "Plan Width": 96,
       "Plans": [
         {
           "Node Type": "Seq Scan",
           "Parent Relationship": "Outer",
           "Parallel Aware": false,
           "Relation Name": "mv471",
           "Alias": "mv471",
           "Startup Cost": 0.00,
           "Total Cost": 35.63,
           "Plan Rows": 6,
           "Plan Width": 58,
           "Filter": "(((name)::text ~~ '%Downey%Robert%'::text) AND (production_year > 2000))"
         }
       ]
     }
   }
 ]
