 [
   {
     "Plan": {
       "Node Type": "Aggregate",
       "Strategy": "Plain",
       "Partial Mode": "Finalize",
       "Parallel Aware": false,
       "Startup Cost": 29907.76,
       "Total Cost": 29907.77,
       "Plan Rows": 1,
       "Plan Width": 96,
       "Plans": [
         {
           "Node Type": "Gather",
           "Parent Relationship": "Outer",
           "Parallel Aware": false,
           "Startup Cost": 29907.53,
           "Total Cost": 29907.74,
           "Plan Rows": 2,
           "Plan Width": 96,
           "Workers Planned": 2,
           "Single Copy": false,
           "Plans": [
             {
               "Node Type": "Aggregate",
               "Strategy": "Plain",
               "Partial Mode": "Partial",
               "Parent Relationship": "Outer",
               "Parallel Aware": false,
               "Startup Cost": 28907.53,
               "Total Cost": 28907.54,
               "Plan Rows": 1,
               "Plan Width": 96,
               "Plans": [
                 {
                   "Node Type": "Seq Scan",
                   "Parent Relationship": "Outer",
                   "Parallel Aware": true,
                   "Relation Name": "mv475",
                   "Alias": "mv475",
                   "Startup Cost": 0.00,
                   "Total Cost": 26461.42,
                   "Plan Rows": 326148,
                   "Plan Width": 43,
                   "Filter": "(production_year > 2000)"
                 }
               ]
             }
           ]
         }
       ]
     }
   }
 ]
